Motion Database Converter

User/Host: mmm @ i61motiondb
Date: 2016-05-31 17:54:16
Input File: Trial_75.c3d (ID #50710, created 2016-05-19 18:58:55)

The HEADs of the git repositories used for conversion are:
  MMMCore: 1d27ecc05fae8cf73cac6754bb4fa9f37155663b (2016-04-05 08:52:13)
  MMMTools: d77f5a301e3e2f4cd16623ff82a11fbc98dc1113 (2016-04-05 09:18:55)
  MMT: 47064aa0136033b76a231380ef3c02c940bbde53 (2016-04-09 16:25:54)
  Simox: 8d9023238ae3fddb74502537a3681c4318147084 (2016-04-01 12:37:43)

Configuration for subject:
  Converter config:
    <ConverterConfig type="NloptConverter"><Model><MarkerMapping><Mapping c3d="LIFD" mmm="MARKER_LIFD" /><Mapping c3d="LKNE" mmm="MARKER_LKNE" /><Mapping c3d="LWPS" mmm="MARKER_LWPS" /><Mapping c3d="RANK" mmm="MARKER_RANK" /><Mapping c3d="T10" mmm="MARKER_T10" /><Mapping c3d="LBHD" mmm="MARKER_LBHD" /><Mapping c3d="LBAK" mmm="MARKER_LBAK" /><Mapping c3d="RBAK" mmm="MARKER_RBAK" /><Mapping c3d="RTIP" mmm="MARKER_RTIP" /><Mapping c3d="RMT1" mmm="MARKER_RMT1" /><Mapping c3d="LTOE" mmm="MARKER_LTOE" /><Mapping c3d="RHTS" mmm="MARKER_RHTS" /><Mapping c3d="RMT5" mmm="MARKER_RMT5" /><Mapping c3d="LTIP" mmm="MARKER_LTIP" /><Mapping c3d="LHTS" mmm="MARKER_LHTS" /><Mapping c3d="RAEL" mmm="MARKER_RAEL" /><Mapping c3d="RKNE" mmm="MARKER_RKNE" /><Mapping c3d="LHPS" mmm="MARKER_LHPS" /><Mapping c3d="LANK" mmm="MARKER_LANK" /><Mapping c3d="LWTS" mmm="MARKER_LWTS" /><Mapping c3d="RIFD" mmm="MARKER_RIFD" /><Mapping c3d="RAOL" mmm="MARKER_RAOL" /><Mapping c3d="CLAV" mmm="MARKER_CLAV" /><Mapping c3d="LASI" mmm="MARKER_LASI" /><Mapping c3d="C7" mmm="MARKER_C7" /><Mapping c3d="LHEE" mmm="MARKER_LHEE" /><Mapping c3d="LTHI" mmm="MARKER_LTHI" /><Mapping c3d="RTHI" mmm="MARKER_RTHI" /><Mapping c3d="RFHD" mmm="MARKER_RFHD" /><Mapping c3d="LUPA" mmm="MARKER_LUPA" /><Mapping c3d="LFHD" mmm="MARKER_LFHD" /><Mapping c3d="RHIP" mmm="MARKER_RHIP" /><Mapping c3d="RWPS" mmm="MARKER_RWPS" /><Mapping c3d="LMT1" mmm="MARKER_LMT1" /><Mapping c3d="L3" mmm="MARKER_L3" /><Mapping c3d="LFRA" mmm="MARKER_LFRA" /><Mapping c3d="LPSI" mmm="MARKER_LPSI" /><Mapping c3d="RPSI" mmm="MARKER_RPSI" /><Mapping c3d="LAOL" mmm="MARKER_LAOL" /><Mapping c3d="RBHD" mmm="MARKER_RBHD" /><Mapping c3d="RUPA" mmm="MARKER_RUPA" /><Mapping c3d="RASI" mmm="MARKER_RASI" /><Mapping c3d="RWTS" mmm="MARKER_RWTS" /><Mapping c3d="LHIP" mmm="MARKER_LHIP" /><Mapping c3d="STRN" mmm="MARKER_STRN" /><Mapping c3d="LAEL" mmm="MARKER_LAEL" /><Mapping c3d="RHPS" mmm="MARKER_RHPS" /><Mapping c3d="RTOE" mmm="MARKER_RTOE" /><Mapping c3d="RHEE" mmm="MARKER_RHEE" /><Mapping c3d="LMT5" mmm="MARKER_LMT5" /></MarkerMapping><JointSet><Joint name="BLNx_joint" /><Joint name="BLNy_joint" /><Joint name="BLNz_joint" /><Joint name="BPx_joint" /><Joint name="BPy_joint" /><Joint name="BPz_joint" /><Joint name="BTx_joint" /><Joint name="BTy_joint" /><Joint name="BTz_joint" /><Joint name="BUNx_joint" /><Joint name="BUNy_joint" /><Joint name="BUNz_joint" /><Joint name="LAx_joint" /><Joint name="LAy_joint" /><Joint name="LAz_joint" /><Joint name="LEx_joint" /><Joint name="LEz_joint" /><Joint name="LHx_joint" /><Joint name="LHy_joint" /><Joint name="LHz_joint" /><Joint name="LKx_joint" /><Joint name="LSx_joint" /><Joint name="LSy_joint" /><Joint name="LSz_joint" /><Joint name="LWx_joint" /><Joint name="LWy_joint" /><Joint name="LFx_joint" /><Joint name="LMrot_joint" /><Joint name="RAx_joint" /><Joint name="RAy_joint" /><Joint name="RAz_joint" /><Joint name="REx_joint" /><Joint name="REz_joint" /><Joint name="RHx_joint" /><Joint name="RHy_joint" /><Joint name="RHz_joint" /><Joint name="RKx_joint" /><Joint name="RSx_joint" /><Joint name="RSy_joint" /><Joint name="RSz_joint" /><Joint name="RWx_joint" /><Joint name="RWy_joint" /><Joint name="RFx_joint" /><Joint name="RMrot_joint" /></JointSet></Model></ConverterConfig>

  Model processor config:
    <ModelProcessorConfig type="Winter"><height>1.84</height><mass>100</mass></ModelProcessorConfig>

  Model files:
    mmm.xml -> 83095bf1f7710e0da2eabc0dc38933fff21a487e
    models/RightFingerJoint43y_joint_visu.wrl -> 4a8b66745234892104dc18c3f12b51653e0d22e2
    models/HeadSegment_joint_visu.wrl -> 98bc33547d6728b266ca30ad9f3f1cd1fc964890
    models/RightFingerJoint23y_joint_visu.wrl -> a0d5f39a5c7aa80b2d6a4eaf255bc2ee431c4c8b
    models/RightFingerJoint13y_joint_visu.wrl -> f6fe45b4978386e46181511649732c2b788efffc
    models/RightEyeSegmentY_joint_visu.wrl -> a5e19b848b6eeb97452f27da05841286c9c8750d
    models/RightFingerJoint33y_joint_visu.wrl -> 408d1d793635a63e5469ef6749032ed29df446cb
    models/RightFingerJoint42y_joint_visu.wrl -> 56054907e89fe8b5298ac919d87afca5ea3112a6
    models/RightFingerJoint40y_joint_visu.wrl -> a6a36d6acd88295f92f5ad6137dad641a10df4b6
    models/RAy_joint_visu.wrl -> ce5872147a6e4132bebc90a3e1e3c1a28a103eb6
    models/LeftFingerJoint33y_joint_visu.wrl -> 365adda3e38105f28e7045c2b0267a52336edf01
    models/BUNsegment_joint_visu.wrl -> 0ac874bfcd0d8c4b0c3b4ec4e56c59ce39aad99d
    models/LeftEyeSegmentY_joint_visu.wrl -> 066736ba165738d120f8d1d103b9c28b19c429bf
    models/RSCsegment_joint_visu.wrl -> 9044f5cc6779532281b74eface97e002798a8e6d
    models/LHsegment_joint_visu.wrl -> 3838c5fdad69c33fed501ae676c8a8a9282d9a05
    models/LeftFingerJoint53y_joint_visu.wrl -> cdd15d99efa93d038d04ced046fe79ae693a10d7
    models/RightFingerJoint21y_joint_visu.wrl -> d19626a13a08387890317675df2c2e7fe9db5eef
    models/RightFingerJoint12y_joint_visu.wrl -> 7097cf96d3597a795575a5abe9256e0143c2ed0f
    models/LeftFingerJoint43y_joint_visu.wrl -> 395c609ed268feb940855099f538c46a54c3a4d8
    models/RightFingerJoint53y_joint_visu.wrl -> 9d95789602901425bad9b4435dea2b4be5431202
    models/LeftFingerJoint42y_joint_visu.wrl -> e487f595b7019c407f92b0f00de5260e64e56c97
    models/LAsegment_joint_visu.wrl -> bb0d5feb0455fbd2c425d138b7f487260f4bf1bc
    models/BTSegment_joint_visu.wrl -> 22abe8deeec243c99e31ec02fa59372e98ac8471
    models/RKsegment_joint_visu.wrl -> 18b381d65e3337bcb0d1ff5928773884a1e17d57
    models/LeftFingerJoint41y_joint_visu.wrl -> 61402f6746307792f4303e574af749b94086a4ec
    models/LSCsegment_joint_visu.wrl -> c32a20b7e31becf394d78b5655efc5565b038b80
    models/LeftFingerJoint11y_joint_visu.wrl -> 0cbfceda8d89deb375f7933c8078af5147ec84b2
    models/RightFingerJoint41y_joint_visu.wrl -> 020541ab865e4e3e9fa2695e0f4eff71b52ad52d
    models/RWy_joint_visu.wrl -> 2b11028aee46fb62e614338be3dd5644c1a824ee
    models/LeftFingerJoint23y_joint_visu.wrl -> 478e70ae519508040adb535da7a7998bba1b8c42
    models/RSsegment_joint_visu.wrl -> 612de2c24f203d5846930907a5df9cef5d9578dd
    models/LeftFingerJoint12y_joint_visu.wrl -> 024079388e0352cf2dd7d6c0c4d45ee34851930c
    models/LWsegment_joint_visu.wrl -> 3c8bc8f30c2fdfc5956ddac1f868ed768806d7fd
    models/RightFingerJoint22y_joint_visu.wrl -> 0b36fec3092c4692c7809ee795740f148ffb0be8
    models/RMrot_joint_visu.wrl -> a56cefc9affb5ca3f87c8ad0a9ef880f3355f2f0
    models/LeftFingerJoint40y_joint_visu.wrl -> ebee55b3729d26fb04a73d5b427025dbf464f288
    models/LeftFingerJoint21y_joint_visu.wrl -> a890d2d55d8afbe701827374715b7e671862cc4f
    models/REsegment_joint_visu.wrl -> d709750461631f850f8441b85f4861ca47df51ae
    models/RHsegment_joint_visu.wrl -> 54fb3a26ddb8f2d419752eb76c4e488efef6b43c
    models/RightFingerJoint52y_joint_visu.wrl -> 44f18db78bed86bf1ddb981a1e678027e51db918
    models/RightFingerJoint50y_joint_visu.wrl -> 13ede518eb635943fcd4564499f4fdb69d27780e
    models/LFx_joint_visu.wrl -> 5d47b342ff68d5d2b2d9c7e22c5cf098909060c6
    models/LKsegment_joint_visu.wrl -> 5780b7d3a585852e8707cb2363bfa8d4d3b461f7
    models/LeftFingerJoint13y_joint_visu.wrl -> 8a00c78adf18bdebd78a513323b5f28f02d117be
    models/RightFingerJoint51y_joint_visu.wrl -> d78052a78ea694e1d35e6b91354db0a64493fbf4
    models/RightFingerJoint11y_joint_visu.wrl -> a05a4116eafe1434c190e03faa62753bcd333105
    models/LeftFingerJoint22y_joint_visu.wrl -> 7fee0851bbbc487512ffb12e46d738fc0837aa0c
    models/LAy_joint_visu.wrl -> de3953d8ffbf479f0eb229748cfdd897a408012e
    models/LEsegment_joint_visu.wrl -> 1bf5a0382df53cb4aef1ebf578e4d535a0cd3d7b
    models/RightFingerJoint31y_joint_visu.wrl -> 4f0efb942b57fffc5b3177798a71bcdbb9b92042
    models/LeftFingerJoint32y_joint_visu.wrl -> 685ae87120ee0d9ba5d764c8ff99385aa9d79a04
    models/RightFingerJoint32y_joint_visu.wrl -> 47d29dfecd9514a3973b021c83bc361364341093
    models/LeftFingerJoint31y_joint_visu.wrl -> d24789234312bf68c77c7830508763d07f9feec0
    models/LMrot_joint_visu.wrl -> 94047f5a29e3373271bba5d61ccbbacf9bfb01af
    models/LWy_joint_visu.wrl -> 33ba8f54774fa65838a8ae38c3d558f06fe00bc0
    models/LeftFingerJoint52y_joint_visu.wrl -> 3f7d688708cf5f55104348d5bc102dcc7b7a0a66
    models/LSsegment_joint_visu.wrl -> f34e7eae1658b3ae618b5bc40ebc1da529c7e0a3
    models/RAsegment_joint_visu.wrl -> bf9735bb8cbd74e01e9087f0ccad4783edc49231
    models/LeftFingerJoint50y_joint_visu.wrl -> c2f6364fe16768bd1382d1b02c327d9dcf43fd03
    models/LeftFingerJoint51y_joint_visu.wrl -> 0c2664365d375a3d9dd190818483e292027433d3
    models/LeftHandSegment_joint_visu.wrl -> 581235ef3290f47c527e74693e4a232056642bcf
    models/BTy_joint_visu.wrl -> 818c33f75e2b278db824d223d8796b1d1ca48213
    models/RWsegment_joint_visu.wrl -> de46619cf74eb2ffe74ab7fdaaf4cd485034b959
    models/RFx_joint_visu.wrl -> 7e0fad07af2c1f6a4bad2e40caa9cdcfafa5d748

Missing subject markers: []

Subject conversion error:
Conversion Error: avg/avg = 33.41, worst avg = 40.81, worst max = 111.85

The per-frame conversion errors are: (avg/max for subject and every object)
  Frame 0: 40.81/106.30
  Frame 1: 40.80/106.19
  Frame 2: 40.73/105.98
  Frame 3: 40.71/106.04
  Frame 4: 40.70/106.09
  Frame 5: 40.60/105.85
  Frame 6: 40.59/105.63
  Frame 7: 40.50/105.68
  Frame 8: 40.48/105.62
  Frame 9: 40.48/105.46
  Frame 10: 40.47/105.36
  Frame 11: 40.44/105.24
  Frame 12: 40.43/105.15
  Frame 13: 40.42/105.13
  Frame 14: 40.39/105.14
  Frame 15: 40.35/105.19
  Frame 16: 40.34/105.09
  Frame 17: 40.34/105.00
  Frame 18: 40.33/105.03
  Frame 19: 40.31/104.95
  Frame 20: 40.30/104.79
  Frame 21: 40.28/104.72
  Frame 22: 40.27/104.63
  Frame 23: 40.25/104.56
  Frame 24: 40.24/104.55
  Frame 25: 40.23/104.48
  Frame 26: 40.22/104.51
  Frame 27: 40.21/104.48
  Frame 28: 40.19/104.52
  Frame 29: 40.18/104.52
  Frame 30: 40.16/104.48
  Frame 31: 40.14/104.44
  Frame 32: 40.12/104.36
  Frame 33: 40.11/104.39
  Frame 34: 40.08/104.48
  Frame 35: 40.05/104.37
  Frame 36: 40.04/104.25
  Frame 37: 40.03/104.18
  Frame 38: 40.02/104.10
  Frame 39: 40.00/104.15
  Frame 40: 39.99/103.99
  Frame 41: 39.98/104.06
  Frame 42: 39.96/104.08
  Frame 43: 39.95/104.07
  Frame 44: 39.94/104.01
  Frame 45: 39.92/104.06
  Frame 46: 39.91/104.01
  Frame 47: 39.90/103.97
  Frame 48: 39.89/104.00
  Frame 49: 39.88/103.94
  Frame 50: 39.86/103.96
  Frame 51: 39.83/104.00
  Frame 52: 39.82/104.07
  Frame 53: 39.79/104.08
  Frame 54: 39.78/104.07
  Frame 55: 39.75/104.11
  Frame 56: 39.69/104.08
  Frame 57: 39.67/104.17
  Frame 58: 39.65/104.29
  Frame 59: 39.61/104.22
  Frame 60: 39.57/104.47
  Frame 61: 39.56/104.63
  Frame 62: 39.52/104.48
  Frame 63: 39.51/104.63
  Frame 64: 39.48/104.68
  Frame 65: 39.46/104.73
  Frame 66: 39.42/104.88
  Frame 67: 39.40/105.03
  Frame 68: 39.38/105.24
  Frame 69: 39.36/105.40
  Frame 70: 39.31/105.48
  Frame 71: 39.30/105.51
  Frame 72: 39.26/105.91
  Frame 73: 39.23/105.81
  Frame 74: 39.19/105.91
  Frame 75: 39.12/105.98
  Frame 76: 39.06/106.36
  Frame 77: 39.02/106.12
  Frame 78: 39.01/105.77
  Frame 79: 38.98/105.87
  Frame 80: 38.91/105.83
  Frame 81: 38.88/105.67
  Frame 82: 38.77/105.82
  Frame 83: 38.72/105.72
  Frame 84: 38.67/105.39
  Frame 85: 38.63/105.32
  Frame 86: 38.53/105.32
  Frame 87: 38.48/105.24
  Frame 88: 38.40/105.26
  Frame 89: 38.36/105.08
  Frame 90: 38.29/104.56
  Frame 91: 38.22/104.84
  Frame 92: 38.12/104.68
  Frame 93: 38.04/104.49
  Frame 94: 37.94/104.42
  Frame 95: 37.86/104.55
  Frame 96: 37.81/104.30
  Frame 97: 37.70/103.98
  Frame 98: 37.61/104.28
  Frame 99: 37.53/104.01
  Frame 100: 37.42/103.83
  Frame 101: 37.24/103.93
  Frame 102: 37.09/103.46
  Frame 103: 36.99/102.82
  Frame 104: 36.90/102.09
  Frame 105: 36.69/103.01
  Frame 106: 36.54/102.99
  Frame 107: 36.40/102.60
  Frame 108: 36.29/102.05
  Frame 109: 36.18/101.55
  Frame 110: 36.06/101.29
  Frame 111: 35.94/101.47
  Frame 112: 35.77/101.01
  Frame 113: 35.70/100.62
  Frame 114: 35.49/100.56
  Frame 115: 35.35/100.49
  Frame 116: 35.25/100.36
  Frame 117: 35.08/100.12
  Frame 118: 34.90/100.17
  Frame 119: 34.71/100.31
  Frame 120: 34.57/99.50
  Frame 121: 34.40/99.13
  Frame 122: 34.23/98.65
  Frame 123: 34.05/98.34
  Frame 124: 33.92/97.86
  Frame 125: 33.72/96.92
  Frame 126: 33.57/96.99
  Frame 127: 33.38/96.74
  Frame 128: 33.18/96.54
  Frame 129: 33.06/96.05
  Frame 130: 32.91/95.84
  Frame 131: 32.65/94.69
  Frame 132: 32.55/94.37
  Frame 133: 32.33/93.70
  Frame 134: 32.13/93.55
  Frame 135: 31.99/93.17
  Frame 136: 31.85/92.57
  Frame 137: 31.69/92.01
  Frame 138: 31.54/91.67
  Frame 139: 31.42/91.17
  Frame 140: 31.23/90.91
  Frame 141: 31.15/90.39
  Frame 142: 31.04/89.98
  Frame 143: 30.96/89.31
  Frame 144: 30.81/89.33
  Frame 145: 30.74/88.72
  Frame 146: 30.63/88.44
  Frame 147: 30.59/88.00
  Frame 148: 30.52/87.54
  Frame 149: 30.42/86.86
  Frame 150: 30.30/86.31
  Frame 151: 30.17/85.40
  Frame 152: 30.02/84.89
  Frame 153: 29.39/81.36
  Frame 154: 29.10/79.88
  Frame 155: 29.06/79.07
  Frame 156: 29.02/78.62
  Frame 157: 29.02/78.21
  Frame 158: 29.05/77.76
  Frame 159: 29.11/77.57
  Frame 160: 29.14/77.47
  Frame 161: 29.20/77.47
  Frame 162: 29.25/77.43
  Frame 163: 29.31/77.38
  Frame 164: 29.34/77.33
  Frame 165: 29.35/77.27
  Frame 166: 29.32/77.29
  Frame 167: 29.32/77.39
  Frame 168: 29.29/77.48
  Frame 169: 29.27/77.54
  Frame 170: 29.27/77.66
  Frame 171: 29.27/77.79
  Frame 172: 29.29/77.84
  Frame 173: 29.28/77.94
  Frame 174: 29.30/78.00
  Frame 175: 29.33/78.09
  Frame 176: 29.35/78.17
  Frame 177: 29.37/78.21
  Frame 178: 29.41/78.31
  Frame 179: 29.45/78.38
  Frame 180: 29.45/78.38
  Frame 181: 29.48/78.39
  Frame 182: 29.52/78.51
  Frame 183: 29.57/78.60
  Frame 184: 29.58/78.66
  Frame 185: 29.59/78.75
  Frame 186: 29.63/78.78
  Frame 187: 29.64/78.79
  Frame 188: 29.67/78.79
  Frame 189: 29.69/78.79
  Frame 190: 29.70/78.84
  Frame 191: 29.72/78.83
  Frame 192: 29.73/78.81
  Frame 193: 29.75/78.80
  Frame 194: 29.77/78.80
  Frame 195: 29.78/78.76
  Frame 196: 29.78/78.73
  Frame 197: 29.79/78.73
  Frame 198: 29.80/78.71
  Frame 199: 29.80/78.70
  Frame 200: 29.81/78.68
  Frame 201: 29.82/78.70
  Frame 202: 29.83/78.69
  Frame 203: 29.85/78.70
  Frame 204: 29.85/78.70
  Frame 205: 29.86/78.68
  Frame 206: 29.86/78.69
  Frame 207: 29.86/78.67
  Frame 208: 29.86/78.65
  Frame 209: 29.86/78.61
  Frame 210: 29.85/78.56
  Frame 211: 29.85/78.51
  Frame 212: 29.83/78.45
  Frame 213: 29.81/78.37
  Frame 214: 29.80/78.28
  Frame 215: 29.79/78.21
  Frame 216: 29.78/78.16
  Frame 217: 29.76/78.06
  Frame 218: 29.75/77.99
  Frame 219: 29.74/77.96
  Frame 220: 29.73/77.90
  Frame 221: 29.71/77.86
  Frame 222: 29.69/77.84
  Frame 223: 29.69/77.79
  Frame 224: 29.68/77.78
  Frame 225: 29.68/77.69
  Frame 226: 29.67/77.69
  Frame 227: 29.67/77.67
  Frame 228: 29.67/77.67
  Frame 229: 29.66/77.70
  Frame 230: 29.66/77.66
  Frame 231: 29.66/77.67
  Frame 232: 29.67/77.69
  Frame 233: 29.67/77.63
  Frame 234: 29.67/77.64
  Frame 235: 29.68/77.72
  Frame 236: 29.68/77.65
  Frame 237: 29.68/77.74
  Frame 238: 29.69/77.80
  Frame 239: 29.69/77.75
  Frame 240: 29.70/77.76
  Frame 241: 29.70/77.82
  Frame 242: 29.70/77.84
  Frame 243: 29.71/77.80
  Frame 244: 29.71/77.86
  Frame 245: 29.70/77.94
  Frame 246: 29.71/77.98
  Frame 247: 29.71/77.98
  Frame 248: 29.72/77.97
  Frame 249: 29.72/77.96
  Frame 250: 29.72/78.00
  Frame 251: 29.72/77.97
  Frame 252: 29.72/77.97
  Frame 253: 29.73/77.92
  Frame 254: 29.72/77.97
  Frame 255: 29.72/77.90
  Frame 256: 29.72/77.87
  Frame 257: 29.72/77.91
  Frame 258: 29.72/77.94
  Frame 259: 29.71/77.97
  Frame 260: 29.70/77.96
  Frame 261: 29.71/77.96
  Frame 262: 29.70/77.95
  Frame 263: 29.70/77.92
  Frame 264: 29.70/77.93
  Frame 265: 29.70/77.96
  Frame 266: 29.70/77.97
  Frame 267: 29.70/77.95
  Frame 268: 29.70/77.94
  Frame 269: 29.70/77.93
  Frame 270: 29.70/77.96
  Frame 271: 29.70/77.94
  Frame 272: 29.70/77.91
  Frame 273: 29.69/77.95
  Frame 274: 29.69/77.99
  Frame 275: 29.69/78.00
  Frame 276: 29.70/77.98
  Frame 277: 29.70/77.92
  Frame 278: 29.69/77.87
  Frame 279: 29.70/77.89
  Frame 280: 29.70/77.85
  Frame 281: 29.71/77.80
  Frame 282: 29.71/77.80
  Frame 283: 29.71/77.78
  Frame 284: 29.71/77.73
  Frame 285: 29.71/77.80
  Frame 286: 29.72/77.72
  Frame 287: 29.70/77.79
  Frame 288: 29.70/77.84
  Frame 289: 29.70/77.81
  Frame 290: 29.71/77.83
  Frame 291: 29.71/77.79
  Frame 292: 29.70/77.81
  Frame 293: 29.71/77.77
  Frame 294: 29.71/77.82
  Frame 295: 29.71/77.77
  Frame 296: 29.72/77.80
  Frame 297: 29.72/77.81
  Frame 298: 29.72/77.82
  Frame 299: 29.72/77.78
  Frame 300: 29.73/77.79
  Frame 301: 29.72/77.74
  Frame 302: 29.72/77.78
  Frame 303: 29.71/77.73
  Frame 304: 29.71/77.67
  Frame 305: 29.69/77.73
  Frame 306: 29.68/77.73
  Frame 307: 29.67/77.65
  Frame 308: 29.67/77.69
  Frame 309: 29.64/77.69
  Frame 310: 29.63/77.63
  Frame 311: 29.63/77.60
  Frame 312: 29.59/77.69
  Frame 313: 29.58/77.62
  Frame 314: 29.55/77.65
  Frame 315: 29.53/77.62
  Frame 316: 29.51/77.61
  Frame 317: 29.49/77.55
  Frame 318: 29.45/77.58
  Frame 319: 29.41/77.55
  Frame 320: 29.34/77.58
  Frame 321: 29.30/77.54
  Frame 322: 29.26/77.51
  Frame 323: 29.19/77.57
  Frame 324: 29.15/77.60
  Frame 325: 29.13/77.50
  Frame 326: 29.06/77.43
  Frame 327: 29.00/77.58
  Frame 328: 28.96/77.66
  Frame 329: 28.89/77.73
  Frame 330: 28.85/77.77
  Frame 331: 28.80/77.87
  Frame 332: 28.72/77.94
  Frame 333: 28.68/77.98
  Frame 334: 28.63/78.06
  Frame 335: 28.59/78.14
  Frame 336: 28.59/78.15
  Frame 337: 28.52/78.21
  Frame 338: 28.50/78.32
  Frame 339: 28.49/78.37
  Frame 340: 28.52/78.36
  Frame 341: 28.56/78.41
  Frame 342: 28.56/78.50
  Frame 343: 28.60/78.62
  Frame 344: 28.65/78.73
  Frame 345: 28.74/78.86
  Frame 346: 28.84/78.90
  Frame 347: 28.90/79.07
  Frame 348: 29.01/79.04
  Frame 349: 29.14/78.97
  Frame 350: 29.27/79.16
  Frame 351: 29.32/79.32
  Frame 352: 29.48/79.40
  Frame 353: 29.65/79.54
  Frame 354: 29.78/79.66
  Frame 355: 29.94/79.77
  Frame 356: 30.08/79.89
  Frame 357: 30.28/80.54
  Frame 358: 30.51/81.36
  Frame 359: 30.68/81.78
  Frame 360: 30.75/82.02
  Frame 361: 30.94/82.19
  Frame 362: 31.11/82.44
  Frame 363: 31.37/83.62
  Frame 364: 31.62/84.55
  Frame 365: 31.78/84.54
  Frame 366: 32.03/85.61
  Frame 367: 32.27/86.39
  Frame 368: 32.33/85.99
  Frame 369: 32.55/86.95
  Frame 370: 32.67/87.07
  Frame 371: 32.81/87.12
  Frame 372: 33.00/87.37
  Frame 373: 33.14/87.37
  Frame 374: 33.30/87.51
  Frame 375: 33.48/87.23
  Frame 376: 33.66/88.14
  Frame 377: 33.84/88.63
  Frame 378: 34.03/89.18
  Frame 379: 34.09/89.12
  Frame 380: 34.28/89.41
  Frame 381: 34.42/89.45
  Frame 382: 34.63/90.32
  Frame 383: 34.77/90.77
  Frame 384: 34.93/91.56
  Frame 385: 35.10/92.25
  Frame 386: 35.20/92.38
  Frame 387: 35.40/92.60
  Frame 388: 35.52/93.06
  Frame 389: 35.63/92.87
  Frame 390: 35.80/93.40
  Frame 391: 35.97/93.82
  Frame 392: 36.08/94.32
  Frame 393: 36.24/94.35
  Frame 394: 36.36/94.35
  Frame 395: 36.47/94.99
  Frame 396: 36.60/95.18
  Frame 397: 36.75/95.92
  Frame 398: 36.79/95.97
  Frame 399: 36.87/95.98
  Frame 400: 36.99/96.02
  Frame 401: 37.06/96.50
  Frame 402: 37.13/97.00
  Frame 403: 37.25/96.93
  Frame 404: 37.30/97.12
  Frame 405: 37.35/97.52
  Frame 406: 37.40/97.70
  Frame 407: 37.43/98.03
  Frame 408: 37.51/98.07
  Frame 409: 37.57/99.14
  Frame 410: 37.56/98.80
  Frame 411: 37.56/98.82
  Frame 412: 37.50/98.62
  Frame 413: 37.52/98.49
  Frame 414: 37.53/98.70
  Frame 415: 37.50/98.76
  Frame 416: 37.45/98.56
  Frame 417: 37.41/98.50
  Frame 418: 37.38/98.33
  Frame 419: 37.33/98.55
  Frame 420: 37.29/98.39
  Frame 421: 37.22/97.86
  Frame 422: 37.21/98.16
  Frame 423: 37.12/97.78
  Frame 424: 37.10/97.37
  Frame 425: 37.08/97.25
  Frame 426: 37.00/97.08
  Frame 427: 36.97/97.07
  Frame 428: 36.93/96.26
  Frame 429: 36.85/95.88
  Frame 430: 36.79/95.05
  Frame 431: 36.71/94.85
  Frame 432: 36.63/94.65
  Frame 433: 36.58/94.49
  Frame 434: 36.50/93.79
  Frame 435: 36.40/93.60
  Frame 436: 36.29/93.22
  Frame 437: 36.26/92.64
  Frame 438: 36.11/92.12
  Frame 439: 36.03/91.46
  Frame 440: 35.90/90.87
  Frame 441: 35.85/90.13
  Frame 442: 35.76/90.24
  Frame 443: 35.71/89.32
  Frame 444: 35.62/88.91
  Frame 445: 35.56/88.59
  Frame 446: 35.51/88.11
  Frame 447: 35.43/87.96
  Frame 448: 35.37/88.27
  Frame 449: 35.32/89.16
  Frame 450: 35.27/89.69
  Frame 451: 35.20/89.29
  Frame 452: 35.14/89.76
  Frame 453: 35.08/89.84
  Frame 454: 35.02/89.82
  Frame 455: 34.96/90.65
  Frame 456: 34.92/91.04
  Frame 457: 34.86/91.36
  Frame 458: 34.78/91.44
  Frame 459: 34.72/91.37
  Frame 460: 34.69/91.42
  Frame 461: 34.69/92.01
  Frame 462: 34.59/91.68
  Frame 463: 34.55/91.84
  Frame 464: 34.52/91.95
  Frame 465: 34.47/92.24
  Frame 466: 34.44/92.44
  Frame 467: 34.40/92.88
  Frame 468: 34.37/93.19
  Frame 469: 34.36/93.20
  Frame 470: 34.32/93.19
  Frame 471: 34.30/93.35
  Frame 472: 34.26/93.34
  Frame 473: 34.23/93.48
  Frame 474: 34.22/93.68
  Frame 475: 34.18/93.41
  Frame 476: 34.15/93.41
  Frame 477: 34.14/93.55
  Frame 478: 34.14/93.60
  Frame 479: 34.11/93.67
  Frame 480: 34.10/93.57
  Frame 481: 34.11/93.56
  Frame 482: 34.09/93.57
  Frame 483: 34.07/93.63
  Frame 484: 34.10/93.68
  Frame 485: 34.13/93.65
  Frame 486: 34.10/93.85
  Frame 487: 34.10/93.96
  Frame 488: 34.10/94.09
  Frame 489: 34.11/94.11
  Frame 490: 34.11/93.99
  Frame 491: 34.12/94.18
  Frame 492: 34.12/94.21
  Frame 493: 34.13/94.24
  Frame 494: 34.16/94.33
  Frame 495: 34.17/94.36
  Frame 496: 34.18/94.10
  Frame 497: 34.24/94.31
  Frame 498: 34.23/94.20
  Frame 499: 34.22/94.39
  Frame 500: 34.24/94.11
  Frame 501: 34.27/94.00
  Frame 502: 34.27/93.80
  Frame 503: 34.28/93.55
  Frame 504: 34.31/93.62
  Frame 505: 34.34/93.50
  Frame 506: 34.38/93.54
  Frame 507: 34.40/93.45
  Frame 508: 34.43/93.46
  Frame 509: 34.43/93.50
  Frame 510: 34.46/93.44
  Frame 511: 34.47/93.27
  Frame 512: 34.48/93.23
  Frame 513: 34.48/93.32
  Frame 514: 34.49/93.39
  Frame 515: 34.48/93.37
  Frame 516: 34.47/93.41
  Frame 517: 34.45/93.54
  Frame 518: 34.44/93.57
  Frame 519: 34.43/93.65
  Frame 520: 34.41/93.74
  Frame 521: 34.38/93.88
  Frame 522: 34.33/94.16
  Frame 523: 34.32/94.13
  Frame 524: 34.30/94.18
  Frame 525: 34.29/94.36
  Frame 526: 34.27/94.50
  Frame 527: 34.26/94.51
  Frame 528: 34.25/94.63
  Frame 529: 34.22/94.82
  Frame 530: 34.20/94.78
  Frame 531: 34.20/94.73
  Frame 532: 34.18/94.76
  Frame 533: 34.18/94.74
  Frame 534: 34.19/94.85
  Frame 535: 34.20/94.88
  Frame 536: 34.21/94.91
  Frame 537: 34.22/94.76
  Frame 538: 34.22/94.82
  Frame 539: 34.21/94.89
  Frame 540: 34.22/94.80
  Frame 541: 34.22/94.83
  Frame 542: 34.24/94.93
  Frame 543: 34.25/94.96
  Frame 544: 34.29/94.97
  Frame 545: 34.32/94.99
  Frame 546: 34.35/94.89
  Frame 547: 34.39/94.80
  Frame 548: 34.42/95.01
  Frame 549: 34.48/94.86
  Frame 550: 34.54/94.96
  Frame 551: 34.60/95.20
  Frame 552: 34.65/95.32
  Frame 553: 34.70/95.21
  Frame 554: 34.74/95.03
  Frame 555: 34.79/94.91
  Frame 556: 34.87/94.95
  Frame 557: 34.94/94.77
  Frame 558: 35.03/94.77
  Frame 559: 35.08/94.99
  Frame 560: 35.16/94.38
  Frame 561: 35.25/94.57
  Frame 562: 35.32/94.71
  Frame 563: 35.37/94.76
  Frame 564: 35.45/95.07
  Frame 565: 35.50/95.28
  Frame 566: 35.57/95.35
  Frame 567: 35.63/94.70
  Frame 568: 35.73/94.51
  Frame 569: 35.84/93.58
  Frame 570: 35.93/93.54
  Frame 571: 36.00/93.70
  Frame 572: 36.06/94.06
  Frame 573: 36.15/93.28
  Frame 574: 36.31/93.03
  Frame 575: 36.40/92.94
  Frame 576: 36.50/91.66
  Frame 577: 36.58/92.01
  Frame 578: 36.67/91.57
  Frame 579: 36.77/91.51
  Frame 580: 36.97/92.41
  Frame 581: 37.18/93.49
  Frame 582: 37.25/93.93
  Frame 583: 37.36/94.22
  Frame 584: 37.53/95.59
  Frame 585: 37.72/96.61
  Frame 586: 37.86/97.14
  Frame 587: 38.00/97.96
  Frame 588: 38.17/98.41
  Frame 589: 38.26/98.70
  Frame 590: 38.40/99.68
  Frame 591: 38.49/100.67
  Frame 592: 38.58/100.58
  Frame 593: 38.68/100.92
  Frame 594: 38.81/101.62
  Frame 595: 38.89/101.73
  Frame 596: 38.98/102.32
  Frame 597: 39.02/102.72
  Frame 598: 39.12/102.74
  Frame 599: 39.11/102.67
  Frame 600: 39.17/102.84
  Frame 601: 39.14/102.51
  Frame 602: 39.16/102.50
  Frame 603: 39.15/102.22
  Frame 604: 39.13/101.99
  Frame 605: 39.11/101.76
  Frame 606: 39.08/101.58
  Frame 607: 39.06/101.54
  Frame 608: 39.04/101.66
  Frame 609: 38.98/101.42
  Frame 610: 38.90/101.37
  Frame 611: 38.89/101.19
  Frame 612: 38.84/101.16
  Frame 613: 38.79/101.33
  Frame 614: 38.70/101.08
  Frame 615: 38.64/101.03
  Frame 616: 38.52/100.55
  Frame 617: 38.42/100.16
  Frame 618: 38.30/99.87
  Frame 619: 38.17/99.63
  Frame 620: 38.05/98.85
  Frame 621: 37.91/98.40
  Frame 622: 37.80/97.83
  Frame 623: 37.66/97.29
  Frame 624: 37.53/96.49
  Frame 625: 37.39/96.24
  Frame 626: 37.29/95.69
  Frame 627: 37.16/94.56
  Frame 628: 36.99/94.18
  Frame 629: 36.85/93.24
  Frame 630: 36.69/92.57
  Frame 631: 36.52/92.03
  Frame 632: 36.43/91.14
  Frame 633: 36.35/90.20
  Frame 634: 36.25/89.23
  Frame 635: 36.09/88.63
  Frame 636: 36.00/88.91
  Frame 637: 35.86/89.48
  Frame 638: 35.74/90.66
  Frame 639: 35.63/90.96
  Frame 640: 35.56/91.55
  Frame 641: 35.48/92.29
  Frame 642: 35.39/92.32
  Frame 643: 35.35/92.84
  Frame 644: 35.24/93.36
  Frame 645: 35.16/93.62
  Frame 646: 35.10/93.44
  Frame 647: 35.00/93.30
  Frame 648: 34.92/93.59
  Frame 649: 34.83/94.21
  Frame 650: 34.75/94.25
  Frame 651: 34.69/94.62
  Frame 652: 34.63/94.48
  Frame 653: 34.59/94.03
  Frame 654: 34.50/94.24
  Frame 655: 34.47/94.48
  Frame 656: 34.42/94.42
  Frame 657: 34.41/94.50
  Frame 658: 34.37/94.14
  Frame 659: 34.32/94.13
  Frame 660: 34.29/94.15
  Frame 661: 34.24/93.92
  Frame 662: 34.20/94.50
  Frame 663: 34.22/94.64
  Frame 664: 34.16/94.10
  Frame 665: 34.14/94.44
  Frame 666: 34.14/94.25
  Frame 667: 34.13/94.25
  Frame 668: 34.10/94.53
  Frame 669: 34.11/94.56
  Frame 670: 34.11/94.73
  Frame 671: 34.10/94.79
  Frame 672: 34.09/94.79
  Frame 673: 34.11/95.07
  Frame 674: 34.08/95.06
  Frame 675: 34.10/95.19
  Frame 676: 34.10/95.01
  Frame 677: 34.11/95.25
  Frame 678: 34.13/95.30
  Frame 679: 34.16/95.62
  Frame 680: 34.17/95.73
  Frame 681: 34.17/95.93
  Frame 682: 34.20/95.98
  Frame 683: 34.23/95.96
  Frame 684: 34.26/96.11
  Frame 685: 34.28/95.94
  Frame 686: 34.29/96.07
  Frame 687: 34.32/95.88
  Frame 688: 34.37/95.85
  Frame 689: 34.38/95.94
  Frame 690: 34.41/96.01
  Frame 691: 34.46/95.80
  Frame 692: 34.47/95.95
  Frame 693: 34.51/95.87
  Frame 694: 34.54/95.95
  Frame 695: 34.58/95.92
  Frame 696: 34.59/95.76
  Frame 697: 34.62/95.79
  Frame 698: 34.64/95.64
  Frame 699: 34.64/95.83
  Frame 700: 34.65/95.71
  Frame 701: 34.67/95.81
  Frame 702: 34.66/95.73
  Frame 703: 34.66/95.70
  Frame 704: 34.65/95.61
  Frame 705: 34.63/95.53
  Frame 706: 34.61/95.49
  Frame 707: 34.60/95.42
  Frame 708: 34.56/95.46
  Frame 709: 34.55/95.48
  Frame 710: 34.51/95.26
  Frame 711: 34.48/95.36
  Frame 712: 34.45/95.35
  Frame 713: 34.43/95.37
  Frame 714: 34.39/95.42
  Frame 715: 34.36/95.51
  Frame 716: 34.33/95.44
  Frame 717: 34.30/95.57
  Frame 718: 34.28/95.78
  Frame 719: 34.27/95.88
  Frame 720: 34.24/95.92
  Frame 721: 34.23/96.18
  Frame 722: 34.20/95.88
  Frame 723: 34.19/96.12
  Frame 724: 34.18/95.82
  Frame 725: 34.16/96.03
  Frame 726: 34.18/96.31
  Frame 727: 34.14/96.28
  Frame 728: 34.17/96.15
  Frame 729: 34.17/96.37
  Frame 730: 34.17/96.47
  Frame 731: 34.16/96.21
  Frame 732: 34.15/96.38
  Frame 733: 34.15/96.74
  Frame 734: 34.16/96.64
  Frame 735: 34.16/96.68
  Frame 736: 34.23/96.48
  Frame 737: 34.24/95.99
  Frame 738: 34.25/95.93
  Frame 739: 34.27/95.74
  Frame 740: 34.29/95.64
  Frame 741: 34.30/95.33
  Frame 742: 34.34/95.10
  Frame 743: 34.38/95.02
  Frame 744: 34.39/94.90
  Frame 745: 34.42/94.75
  Frame 746: 34.45/94.72
  Frame 747: 34.47/94.56
  Frame 748: 34.50/94.73
  Frame 749: 34.54/94.97
  Frame 750: 34.57/94.92
  Frame 751: 34.62/95.10
  Frame 752: 34.68/95.27
  Frame 753: 34.72/95.65
  Frame 754: 34.76/95.72
  Frame 755: 34.81/95.55
  Frame 756: 34.87/95.96
  Frame 757: 34.95/96.24
  Frame 758: 35.03/96.58
  Frame 759: 35.10/96.60
  Frame 760: 35.17/96.84
  Frame 761: 35.23/96.87
  Frame 762: 35.32/96.59
  Frame 763: 35.39/96.76
  Frame 764: 35.45/96.80
  Frame 765: 35.53/96.96
  Frame 766: 35.62/97.40
  Frame 767: 35.66/97.16
  Frame 768: 35.74/96.97
  Frame 769: 35.83/97.20
  Frame 770: 35.92/96.84
  Frame 771: 36.00/97.21
  Frame 772: 36.08/96.53
  Frame 773: 36.15/95.28
  Frame 774: 36.25/95.38
  Frame 775: 36.32/96.28
  Frame 776: 36.43/95.62
  Frame 777: 36.48/95.50
  Frame 778: 36.54/95.47
  Frame 779: 36.65/96.02
  Frame 780: 36.74/96.41
  Frame 781: 36.87/96.56
  Frame 782: 36.93/97.16
  Frame 783: 37.05/97.54
  Frame 784: 37.12/97.84
  Frame 785: 37.15/97.56
  Frame 786: 37.15/98.19
  Frame 787: 37.19/98.32
  Frame 788: 37.23/98.19
  Frame 789: 37.24/98.06
  Frame 790: 37.26/98.03
  Frame 791: 37.20/97.98
  Frame 792: 37.17/97.95
  Frame 793: 37.18/97.71
  Frame 794: 37.13/97.36
  Frame 795: 37.13/97.20
  Frame 796: 37.13/97.33
  Frame 797: 37.09/97.56
  Frame 798: 37.07/97.33
  Frame 799: 37.01/97.12
  Frame 800: 36.94/97.05
  Frame 801: 36.97/97.70
  Frame 802: 36.91/97.84
  Frame 803: 36.90/97.97
  Frame 804: 36.84/97.80
  Frame 805: 36.78/97.21
  Frame 806: 36.71/97.36
  Frame 807: 36.64/97.47
  Frame 808: 36.57/97.08
  Frame 809: 36.56/97.12
  Frame 810: 36.46/96.81
  Frame 811: 36.42/97.01
  Frame 812: 36.34/96.80
  Frame 813: 36.26/96.50
  Frame 814: 36.22/96.23
  Frame 815: 36.15/96.79
  Frame 816: 36.10/96.37
  Frame 817: 35.99/95.98
  Frame 818: 35.88/95.81
  Frame 819: 35.72/95.41
  Frame 820: 35.61/95.18
  Frame 821: 35.53/94.91
  Frame 822: 35.44/94.27
  Frame 823: 35.18/93.64
  Frame 824: 34.95/93.18
  Frame 825: 34.86/92.90
  Frame 826: 34.79/92.93
  Frame 827: 34.69/92.22
  Frame 828: 34.62/91.78
  Frame 829: 34.52/91.36
  Frame 830: 34.38/90.87
  Frame 831: 34.22/90.30
  Frame 832: 34.15/90.01
  Frame 833: 34.05/90.09
  Frame 834: 33.93/89.56
  Frame 835: 33.86/89.38
  Frame 836: 33.69/89.17
  Frame 837: 33.63/89.04
  Frame 838: 33.53/88.40
  Frame 839: 33.38/89.00
  Frame 840: 33.28/88.91
  Frame 841: 33.15/88.41
  Frame 842: 33.02/88.03
  Frame 843: 32.85/88.09
  Frame 844: 32.74/87.78
  Frame 845: 32.61/87.28
  Frame 846: 32.42/87.33
  Frame 847: 32.24/86.87
  Frame 848: 32.11/86.42
  Frame 849: 31.99/86.55
  Frame 850: 31.85/85.69
  Frame 851: 31.70/85.39
  Frame 852: 31.53/84.99
  Frame 853: 31.37/84.90
  Frame 854: 31.26/84.32
  Frame 855: 31.14/83.80
  Frame 856: 31.03/83.47
  Frame 857: 30.92/83.12
  Frame 858: 30.80/82.59
  Frame 859: 30.58/82.12
  Frame 860: 30.29/81.69
  Frame 861: 30.16/81.05
  Frame 862: 30.05/80.72
  Frame 863: 29.98/80.50
  Frame 864: 29.86/80.49
  Frame 865: 29.72/80.50
  Frame 866: 29.61/80.69
  Frame 867: 29.52/80.55
  Frame 868: 29.44/80.50
  Frame 869: 29.36/80.51
  Frame 870: 29.29/80.52
  Frame 871: 29.22/80.37
  Frame 872: 29.14/80.33
  Frame 873: 29.09/80.29
  Frame 874: 29.05/80.25
  Frame 875: 29.00/80.24
  Frame 876: 28.96/80.12
  Frame 877: 28.93/80.04
  Frame 878: 28.89/80.09
  Frame 879: 28.89/80.01
  Frame 880: 28.84/79.89
  Frame 881: 28.85/80.00
  Frame 882: 28.82/79.87
  Frame 883: 28.84/79.75
  Frame 884: 28.88/79.73
  Frame 885: 28.89/79.70
  Frame 886: 28.92/79.62
  Frame 887: 28.96/79.59
  Frame 888: 28.98/79.48
  Frame 889: 29.04/79.47
  Frame 890: 29.10/79.39
  Frame 891: 29.15/79.37
  Frame 892: 29.19/79.21
  Frame 893: 29.21/79.25
  Frame 894: 29.25/79.16
  Frame 895: 29.28/79.14
  Frame 896: 29.32/79.09
  Frame 897: 29.34/79.06
  Frame 898: 29.38/78.99
  Frame 899: 29.41/78.98
  Frame 900: 29.42/78.97
  Frame 901: 29.46/78.94
  Frame 902: 29.50/78.86
  Frame 903: 29.52/78.81
  Frame 904: 29.56/78.80
  Frame 905: 29.58/78.74
  Frame 906: 29.61/78.76
  Frame 907: 29.61/78.87
  Frame 908: 29.62/78.93
  Frame 909: 29.61/79.05
  Frame 910: 29.63/79.03
  Frame 911: 29.62/79.11
  Frame 912: 29.62/79.15
  Frame 913: 29.63/79.13
  Frame 914: 29.64/79.18
  Frame 915: 29.63/79.25
  Frame 916: 29.62/79.32
  Frame 917: 29.62/79.33
  Frame 918: 29.63/79.37
  Frame 919: 29.64/79.37
  Frame 920: 29.65/79.39
  Frame 921: 29.66/79.34
  Frame 922: 29.66/79.32
  Frame 923: 29.66/79.34
  Frame 924: 29.67/79.28
  Frame 925: 29.68/79.27
  Frame 926: 29.67/79.27
  Frame 927: 29.66/79.28
  Frame 928: 29.66/79.28
  Frame 929: 29.65/79.32
  Frame 930: 29.64/79.32
  Frame 931: 29.64/79.33
  Frame 932: 29.64/79.37
  Frame 933: 29.64/79.35
  Frame 934: 29.63/79.38
  Frame 935: 29.64/79.41
  Frame 936: 29.63/79.39
  Frame 937: 29.64/79.40
  Frame 938: 29.64/79.44
  Frame 939: 29.65/79.45
  Frame 940: 29.65/79.39
  Frame 941: 29.64/79.54
  Frame 942: 29.65/79.50
  Frame 943: 29.65/79.50
  Frame 944: 29.65/79.50
  Frame 945: 29.65/79.45
  Frame 946: 29.66/79.50
  Frame 947: 29.67/79.51
  Frame 948: 29.67/79.49
  Frame 949: 29.67/79.49
  Frame 950: 29.68/79.46
  Frame 951: 29.69/79.38
  Frame 952: 29.69/79.39
  Frame 953: 29.70/79.42
  Frame 954: 29.70/79.36
  Frame 955: 29.70/79.41
  Frame 956: 29.71/79.33
  Frame 957: 29.70/79.29
  Frame 958: 29.71/79.24
  Frame 959: 29.71/79.25
  Frame 960: 29.70/79.24
  Frame 961: 29.70/79.21
  Frame 962: 29.71/79.22
  Frame 963: 29.70/79.15
  Frame 964: 29.70/79.21
  Frame 965: 29.70/79.22
  Frame 966: 29.70/79.21
  Frame 967: 29.69/79.20
  Frame 968: 29.69/79.22
  Frame 969: 29.69/79.15
  Frame 970: 29.69/79.16
  Frame 971: 29.68/79.17
  Frame 972: 29.68/79.16
  Frame 973: 29.68/79.12
  Frame 974: 29.68/79.08
  Frame 975: 29.69/79.08
  Frame 976: 29.68/79.04
  Frame 977: 29.69/79.01
  Frame 978: 29.68/78.98
  Frame 979: 29.68/79.00
  Frame 980: 29.68/79.00
  Frame 981: 29.68/78.95
  Frame 982: 29.67/78.94
  Frame 983: 29.67/78.95
  Frame 984: 29.67/78.94
  Frame 985: 29.67/78.93
  Frame 986: 29.66/78.94
  Frame 987: 29.66/78.89
  Frame 988: 29.65/78.89
  Frame 989: 29.65/78.96
  Frame 990: 29.65/78.95
  Frame 991: 29.65/78.96
  Frame 992: 29.64/78.97
  Frame 993: 29.65/78.96
  Frame 994: 29.65/78.91
  Frame 995: 29.66/78.93
  Frame 996: 29.66/78.91
  Frame 997: 29.66/78.92
  Frame 998: 29.66/78.92
  Frame 999: 29.67/78.90
  Frame 1000: 29.67/78.90
  Frame 1001: 29.67/78.87
  Frame 1002: 29.66/78.90
  Frame 1003: 29.66/78.91
  Frame 1004: 29.66/78.89
  Frame 1005: 29.66/78.85
  Frame 1006: 29.65/78.86
  Frame 1007: 29.65/78.84
  Frame 1008: 29.65/78.86
  Frame 1009: 29.65/78.88
  Frame 1010: 29.65/78.83
  Frame 1011: 29.65/78.82
  Frame 1012: 29.65/78.84
  Frame 1013: 29.65/78.85
  Frame 1014: 29.65/78.82
  Frame 1015: 29.65/78.84
  Frame 1016: 29.66/78.79
  Frame 1017: 29.66/78.77
  Frame 1018: 29.65/78.78
  Frame 1019: 29.65/78.76
  Frame 1020: 29.64/78.72
  Frame 1021: 29.64/78.71
  Frame 1022: 29.64/78.73
  Frame 1023: 29.63/78.71
  Frame 1024: 29.62/78.68
  Frame 1025: 29.62/78.69
  Frame 1026: 29.61/78.73
  Frame 1027: 29.60/78.68
  Frame 1028: 29.59/78.71
  Frame 1029: 29.59/78.71
  Frame 1030: 29.59/78.70
  Frame 1031: 29.59/78.71
  Frame 1032: 29.59/78.71
  Frame 1033: 29.60/78.71
  Frame 1034: 29.61/78.70
  Frame 1035: 29.61/78.73
  Frame 1036: 29.62/78.73
  Frame 1037: 29.62/78.72
  Frame 1038: 29.63/78.72
  Frame 1039: 29.63/78.73
  Frame 1040: 29.63/78.74
  Frame 1041: 29.63/78.72
  Frame 1042: 29.63/78.73
  Frame 1043: 29.62/78.72
  Frame 1044: 29.62/78.73
  Frame 1045: 29.62/78.72
  Frame 1046: 29.61/78.70
  Frame 1047: 29.60/78.72
  Frame 1048: 29.59/78.74
  Frame 1049: 29.58/78.74
  Frame 1050: 29.57/78.70
  Frame 1051: 29.56/78.77
  Frame 1052: 29.55/78.76
  Frame 1053: 29.53/78.77
  Frame 1054: 29.51/78.79
  Frame 1055: 29.51/78.80
  Frame 1056: 29.49/78.81
  Frame 1057: 29.48/78.83
  Frame 1058: 29.46/78.77
  Frame 1059: 29.46/78.77
  Frame 1060: 29.45/78.79
  Frame 1061: 29.44/78.77
  Frame 1062: 29.43/78.77
  Frame 1063: 29.42/78.77
  Frame 1064: 29.40/78.75
  Frame 1065: 29.38/78.80
  Frame 1066: 29.37/78.80
  Frame 1067: 29.34/78.87
  Frame 1068: 29.31/78.90
  Frame 1069: 29.30/78.89
  Frame 1070: 29.26/78.93
  Frame 1071: 29.24/78.98
  Frame 1072: 29.21/78.94
  Frame 1073: 29.19/78.93
  Frame 1074: 29.16/78.96
  Frame 1075: 29.13/78.96
  Frame 1076: 29.11/79.01
  Frame 1077: 29.08/79.04
  Frame 1078: 29.05/79.02
  Frame 1079: 29.03/79.06
  Frame 1080: 28.99/79.09
  Frame 1081: 28.97/79.07
  Frame 1082: 28.93/79.10
  Frame 1083: 28.91/79.11
  Frame 1084: 28.89/79.18
  Frame 1085: 28.86/79.18
  Frame 1086: 28.84/79.19
  Frame 1087: 28.83/79.20
  Frame 1088: 28.82/79.18
  Frame 1089: 28.80/79.25
  Frame 1090: 28.78/79.30
  Frame 1091: 28.79/79.29
  Frame 1092: 28.80/79.31
  Frame 1093: 28.78/79.39
  Frame 1094: 28.78/79.48
  Frame 1095: 28.80/79.59
  Frame 1096: 28.82/79.55
  Frame 1097: 28.84/79.61
  Frame 1098: 28.87/79.67
  Frame 1099: 28.91/79.66
  Frame 1100: 28.91/79.69
  Frame 1101: 28.95/79.78
  Frame 1102: 29.00/79.89
  Frame 1103: 29.02/79.86
  Frame 1104: 29.03/79.93
  Frame 1105: 29.06/79.95
  Frame 1106: 29.09/79.95
  Frame 1107: 29.13/79.98
  Frame 1108: 29.15/80.19
  Frame 1109: 29.20/80.21
  Frame 1110: 29.26/80.19
  Frame 1111: 29.34/80.27
  Frame 1112: 29.41/80.44
  Frame 1113: 29.47/80.37
  Frame 1114: 29.55/80.43
  Frame 1115: 29.59/80.34
  Frame 1116: 29.68/80.46
  Frame 1117: 29.79/80.85
  Frame 1118: 29.90/81.21
  Frame 1119: 30.01/81.45
  Frame 1120: 30.14/81.70
  Frame 1121: 30.30/81.97
  Frame 1122: 30.44/82.73
  Frame 1123: 30.61/83.31
  Frame 1124: 30.81/83.73
  Frame 1125: 30.98/84.29
  Frame 1126: 31.14/84.75
  Frame 1127: 31.36/85.23
  Frame 1128: 31.59/86.00
  Frame 1129: 31.75/86.38
  Frame 1130: 32.02/87.42
  Frame 1131: 32.09/87.08
  Frame 1132: 32.34/87.98
  Frame 1133: 32.49/88.37
  Frame 1134: 32.73/88.91
  Frame 1135: 32.88/89.12
  Frame 1136: 33.10/89.82
  Frame 1137: 33.21/89.82
  Frame 1138: 33.39/90.48
  Frame 1139: 33.56/90.78
  Frame 1140: 33.69/90.54
  Frame 1141: 33.82/90.71
  Frame 1142: 33.97/91.18
  Frame 1143: 34.16/91.71
  Frame 1144: 34.27/91.55
  Frame 1145: 34.43/92.08
  Frame 1146: 34.55/92.15
  Frame 1147: 34.71/93.25
  Frame 1148: 34.87/93.57
  Frame 1149: 34.94/93.68
  Frame 1150: 35.02/93.71
  Frame 1151: 35.17/94.10
  Frame 1152: 35.27/94.97
  Frame 1153: 35.35/94.86
  Frame 1154: 35.47/95.61
  Frame 1155: 35.51/95.21
  Frame 1156: 35.59/95.34
  Frame 1157: 35.64/95.34
  Frame 1158: 35.74/95.90
  Frame 1159: 35.81/96.07
  Frame 1160: 35.91/97.56
  Frame 1161: 35.99/97.20
  Frame 1162: 36.07/97.42
  Frame 1163: 36.15/98.18
  Frame 1164: 36.21/98.45
  Frame 1165: 36.23/99.65
  Frame 1166: 36.30/100.43
  Frame 1167: 36.36/100.67
  Frame 1168: 36.37/101.66
  Frame 1169: 36.40/102.12
  Frame 1170: 36.45/102.92
  Frame 1171: 36.45/103.57
  Frame 1172: 36.48/104.17
  Frame 1173: 36.51/104.57
  Frame 1174: 36.52/105.12
  Frame 1175: 36.58/105.29
  Frame 1176: 36.56/105.85
  Frame 1177: 36.58/106.21
  Frame 1178: 36.63/106.48
  Frame 1179: 36.65/106.68
  Frame 1180: 36.62/107.31
  Frame 1181: 36.67/107.42
  Frame 1182: 36.66/107.93
  Frame 1183: 36.66/108.22
  Frame 1184: 36.71/108.67
  Frame 1185: 36.71/108.95
  Frame 1186: 36.72/109.55
  Frame 1187: 36.73/109.85
  Frame 1188: 36.73/110.08
  Frame 1189: 36.75/110.39
  Frame 1190: 36.75/110.75
  Frame 1191: 36.76/111.12
  Frame 1192: 36.75/111.13
  Frame 1193: 36.75/111.27
  Frame 1194: 36.75/111.40
  Frame 1195: 36.75/111.46
  Frame 1196: 36.75/111.31
  Frame 1197: 36.74/111.43
  Frame 1198: 36.73/111.49
  Frame 1199: 36.73/111.48
  Frame 1200: 36.72/111.44
  Frame 1201: 36.71/111.51
  Frame 1202: 36.70/111.53
  Frame 1203: 36.69/111.52
  Frame 1204: 36.68/111.57
  Frame 1205: 36.68/111.51
  Frame 1206: 36.68/111.43
  Frame 1207: 36.68/111.49
  Frame 1208: 36.68/111.58
  Frame 1209: 36.67/111.67
  Frame 1210: 36.67/111.69
  Frame 1211: 36.67/111.80
  Frame 1212: 36.68/111.71
  Frame 1213: 36.68/111.79
  Frame 1214: 36.69/111.84
  Frame 1215: 36.70/111.85
  Frame 1216: 36.70/111.77
  Frame 1217: 36.70/111.85
  Frame 1218: 36.70/111.78
  Frame 1219: 36.69/111.79
  Frame 1220: 36.69/111.85
  Frame 1221: 36.69/111.81
  Frame 1222: 36.68/111.83
  Frame 1223: 36.70/111.77
  Frame 1224: 36.69/111.75
  Frame 1225: 36.69/111.83
  Frame 1226: 36.70/111.78
  Frame 1227: 36.70/111.78
  Frame 1228: 36.72/111.76
  Frame 1229: 36.73/111.77
  Frame 1230: 36.72/111.71
  Frame 1231: 36.73/111.66
  Frame 1232: 36.74/111.52
  Frame 1233: 36.75/111.49
  Frame 1234: 36.76/111.37
  Frame 1235: 36.77/111.36
  Frame 1236: 36.77/111.40
  Frame 1237: 36.77/111.39
  Frame 1238: 36.78/111.32
  Frame 1239: 36.77/111.40
  Frame 1240: 36.78/111.30
  Frame 1241: 36.79/111.35
  Frame 1242: 36.79/111.32
  Frame 1243: 36.78/111.32
  Frame 1244: 36.78/111.32
  Frame 1245: 36.80/111.22

The following line contains the information from above in a machine-readable format and can safely be ignored.
MMT/convert_db:{"subject_conversion_error": [[40.8114, 106.301], [40.7969, 106.187], [40.725, 105.976], [40.71, 106.044], [40.6961, 106.086], [40.5977, 105.847], [40.5941, 105.629], [40.5035, 105.677], [40.4831, 105.622], [40.4804, 105.463], [40.4707, 105.358], [40.4396, 105.236], [40.4285, 105.149], [40.422, 105.133], [40.391, 105.144], [40.3545, 105.185], [40.3418, 105.092], [40.3448, 104.999], [40.3337, 105.025], [40.3063, 104.954], [40.2984, 104.79], [40.2757, 104.715], [40.2677, 104.634], [40.2529, 104.557], [40.2357, 104.551], [40.2271, 104.482], [40.2173, 104.513], [40.2106, 104.483], [40.1916, 104.517], [40.1816, 104.52], [40.1598, 104.48], [40.1445, 104.445], [40.1219, 104.36], [40.1085, 104.391], [40.0795, 104.476], [40.0504, 104.371], [40.0432, 104.253], [40.0271, 104.184], [40.0218, 104.101], [40.0039, 104.149], [39.9933, 103.988], [39.9846, 104.06], [39.9629, 104.076], [39.9504, 104.074], [39.9392, 104.006], [39.9167, 104.059], [39.9111, 104.008], [39.9004, 103.97], [39.8914, 104.004], [39.8782, 103.939], [39.8589, 103.958], [39.8335, 103.995], [39.824, 104.07], [39.7877, 104.085], [39.779, 104.067], [39.7486, 104.113], [39.693, 104.081], [39.6686, 104.169], [39.6485, 104.287], [39.6134, 104.221], [39.5682, 104.471], [39.5592, 104.628], [39.5247, 104.477], [39.505, 104.627], [39.4779, 104.681], [39.4574, 104.726], [39.4216, 104.883], [39.3979, 105.028], [39.3798, 105.242], [39.3611, 105.4], [39.3064, 105.481], [39.2973, 105.514], [39.2619, 105.907], [39.2283, 105.812], [39.1906, 105.911], [39.1215, 105.981], [39.0635, 106.358], [39.0226, 106.116], [39.0084, 105.766], [38.9833, 105.872], [38.905, 105.835], [38.8756, 105.666], [38.7684, 105.819], [38.7192, 105.725], [38.6657, 105.391], [38.6269, 105.32], [38.5258, 105.324], [38.4756, 105.238], [38.4034, 105.259], [38.3579, 105.083], [38.2941, 104.555], [38.2239, 104.836], [38.1243, 104.676], [38.0441, 104.492], [37.9385, 104.422], [37.8596, 104.548], [37.8089, 104.3], [37.6984, 103.976], [37.611, 104.283], [37.529, 104.014], [37.4186, 103.832], [37.2355, 103.934], [37.0924, 103.464], [36.9937, 102.819], [36.8982, 102.086], [36.6944, 103.008], [36.5366, 102.986], [36.4026, 102.597], [36.29, 102.051], [36.1809, 101.553], [36.0643, 101.286], [35.9395, 101.466], [35.775, 101.01], [35.6974, 100.619], [35.4869, 100.558], [35.3464, 100.492], [35.2519, 100.358], [35.0831, 100.116], [34.8995, 100.171], [34.7149, 100.308], [34.5709, 99.497], [34.4016, 99.1347], [34.2284, 98.6509], [34.0497, 98.3447], [33.9246, 97.8577], [33.7187, 96.9205], [33.5737, 96.992], [33.3759, 96.742], [33.1808, 96.5379], [33.0603, 96.0458], [32.9105, 95.8353], [32.6486, 94.6942], [32.5475, 94.3694], [32.3318, 93.7048], [32.1345, 93.5504], [31.9886, 93.1734], [31.8483, 92.5716], [31.691, 92.006], [31.5406, 91.6686], [31.4196, 91.1697], [31.2335, 90.9051], [31.1467, 90.3899], [31.0393, 89.9817], [30.959, 89.3139], [30.8126, 89.3268], [30.7361, 88.7173], [30.6332, 88.4409], [30.5867, 87.9996], [30.5219, 87.5409], [30.4163, 86.8592], [30.2959, 86.3054], [30.1681, 85.4011], [30.0242, 84.8876], [29.3899, 81.3555], [29.1006, 79.882], [29.0643, 79.0666], [29.0168, 78.6179], [29.0182, 78.2115], [29.0517, 77.761], [29.1073, 77.5687], [29.142, 77.4684], [29.1985, 77.4702], [29.2542, 77.4267], [29.3113, 77.3752], [29.3391, 77.3256], [29.3461, 77.2727], [29.3234, 77.2909], [29.3173, 77.3851], [29.2859, 77.484], [29.2658, 77.5351], [29.2678, 77.6561], [29.2651, 77.7874], [29.2875, 77.8415], [29.2839, 77.9356], [29.295, 78.0043], [29.3289, 78.0918], [29.3484, 78.1697], [29.3663, 78.2111], [29.4101, 78.3077], [29.4465, 78.38], [29.4505, 78.3794], [29.4825, 78.3881], [29.5217, 78.5109], [29.5658, 78.6013], [29.5796, 78.6639], [29.5936, 78.7452], [29.6311, 78.7792], [29.6373, 78.7878], [29.6683, 78.7919], [29.6896, 78.7937], [29.701, 78.8402], [29.7198, 78.8328], [29.7322, 78.8054], [29.7478, 78.8028], [29.7667, 78.8004], [29.7832, 78.7556], [29.7824, 78.7318], [29.7889, 78.7343], [29.8034, 78.7089], [29.8037, 78.7036], [29.8126, 78.6813], [29.8151, 78.6994], [29.8289, 78.6908], [29.8452, 78.7042], [29.8451, 78.6966], [29.8552, 78.6848], [29.8611, 78.689], [29.8632, 78.6665], [29.8617, 78.65], [29.8612, 78.6105], [29.8549, 78.5616], [29.8467, 78.5057], [29.8293, 78.4464], [29.8115, 78.3736], [29.8024, 78.2776], [29.787, 78.2126], [29.7775, 78.1629], [29.7554, 78.0641], [29.7489, 77.9947], [29.7359, 77.961], [29.727, 77.8951], [29.7075, 77.8623], [29.6912, 77.8424], [29.6893, 77.7859], [29.6805, 77.7803], [29.6814, 77.6913], [29.6746, 77.6854], [29.6728, 77.6682], [29.6735, 77.6739], [29.6635, 77.6957], [29.6609, 77.6634], [29.6617, 77.6696], [29.668, 77.6883], [29.6681, 77.6318], [29.6716, 77.6443], [29.6804, 77.725], [29.6805, 77.6489], [29.6811, 77.7421], [29.6897, 77.7988], [29.694, 77.7498], [29.7005, 77.7607], [29.7027, 77.8233], [29.7041, 77.8448], [29.7069, 77.8037], [29.7073, 77.8567], [29.7026, 77.9399], [29.7105, 77.9766], [29.7112, 77.9791], [29.7219, 77.9675], [29.7193, 77.9606], [29.7195, 77.997], [29.723, 77.9658], [29.7202, 77.9714], [29.7252, 77.9233], [29.7199, 77.9662], [29.7232, 77.898], [29.7236, 77.8728], [29.7243, 77.9094], [29.717, 77.9377], [29.7105, 77.9675], [29.7049, 77.9638], [29.7051, 77.9561], [29.7044, 77.9529], [29.7012, 77.9154], [29.6983, 77.9294], [29.6962, 77.9635], [29.7017, 77.9686], [29.6988, 77.9454], [29.696, 77.9359], [29.6953, 77.9347], [29.6966, 77.9607], [29.6974, 77.9377], [29.695, 77.9142], [29.6934, 77.9492], [29.6911, 77.9876], [29.6947, 78.0003], [29.6963, 77.9811], [29.6983, 77.9239], [29.692, 77.8692], [29.6964, 77.8915], [29.7004, 77.8474], [29.7066, 77.804], [29.7063, 77.796], [29.7051, 77.7771], [29.7132, 77.7285], [29.7076, 77.8013], [29.7191, 77.717], [29.7047, 77.7901], [29.7034, 77.8413], [29.7012, 77.8131], [29.7061, 77.8276], [29.7091, 77.7891], [29.7013, 77.8102], [29.7103, 77.7667], [29.7118, 77.8228], [29.7121, 77.7697], [29.7204, 77.8026], [29.7191, 77.8099], [29.7245, 77.817], [29.7189, 77.7783], [29.7263, 77.7905], [29.7204, 77.7382], [29.719, 77.7777], [29.7125, 77.733], [29.7054, 77.6693], [29.6923, 77.727], [29.6787, 77.7297], [29.6735, 77.6498], [29.6666, 77.6863], [29.6385, 77.6942], [29.6347, 77.6304], [29.6264, 77.5985], [29.5904, 77.6851], [29.578, 77.6176], [29.5474, 77.6503], [29.5346, 77.6197], [29.513, 77.6142], [29.4889, 77.5544], [29.4512, 77.5768], [29.4054, 77.5544], [29.3449, 77.5846], [29.3009, 77.5412], [29.2632, 77.5118], [29.1921, 77.5726], [29.1516, 77.5999], [29.1259, 77.4977], [29.0641, 77.4312], [29.0043, 77.5772], [28.956, 77.6642], [28.8899, 77.7323], [28.8503, 77.7677], [28.8027, 77.8664], [28.7195, 77.9443], [28.6769, 77.9847], [28.6337, 78.057], [28.5882, 78.137], [28.5934, 78.1462], [28.5206, 78.2051], [28.4963, 78.3174], [28.4903, 78.3733], [28.5151, 78.3636], [28.5629, 78.4134], [28.5567, 78.4985], [28.5983, 78.6237], [28.6481, 78.7321], [28.7449, 78.8571], [28.8448, 78.8992], [28.9026, 79.0729], [29.0091, 79.0418], [29.136, 78.9654], [29.2691, 79.1626], [29.3167, 79.3205], [29.4792, 79.4034], [29.6545, 79.54], [29.7831, 79.6556], [29.9379, 79.7744], [30.076, 79.8852], [30.2817, 80.5388], [30.5087, 81.3624], [30.685, 81.7834], [30.7533, 82.0234], [30.9368, 82.1931], [31.1071, 82.4403], [31.3692, 83.6227], [31.6167, 84.5543], [31.781, 84.5396], [32.0253, 85.6103], [32.2716, 86.394], [32.3335, 85.9928], [32.5504, 86.9506], [32.6731, 87.0749], [32.8082, 87.1193], [33.0047, 87.3658], [33.144, 87.3714], [33.3016, 87.5124], [33.4757, 87.2273], [33.6639, 88.1403], [33.8414, 88.6283], [34.0264, 89.1799], [34.0902, 89.1184], [34.2817, 89.4064], [34.4209, 89.4525], [34.6269, 90.3197], [34.775, 90.7687], [34.9309, 91.5609], [35.0987, 92.2543], [35.2047, 92.3821], [35.3976, 92.5977], [35.5241, 93.0609], [35.6261, 92.87], [35.7991, 93.4021], [35.9653, 93.8217], [36.0839, 94.3222], [36.2356, 94.352], [36.3593, 94.3513], [36.4731, 94.9915], [36.6037, 95.1782], [36.7501, 95.921], [36.7874, 95.9717], [36.872, 95.9781], [36.9894, 96.0211], [37.0632, 96.4985], [37.1316, 97.0049], [37.2545, 96.9289], [37.3008, 97.1186], [37.3524, 97.518], [37.3997, 97.6951], [37.4313, 98.0336], [37.5105, 98.0682], [37.5712, 99.142], [37.5557, 98.8034], [37.5561, 98.8219], [37.5036, 98.6153], [37.5189, 98.4884], [37.5277, 98.6988], [37.4976, 98.7566], [37.4473, 98.559], [37.4099, 98.5003], [37.3809, 98.3273], [37.3297, 98.547], [37.2887, 98.3864], [37.2214, 97.8582], [37.2143, 98.1579], [37.1187, 97.7815], [37.097, 97.3674], [37.0814, 97.252], [36.9957, 97.0806], [36.9686, 97.0697], [36.932, 96.2596], [36.8547, 95.8836], [36.7873, 95.0477], [36.7146, 94.8484], [36.6318, 94.6536], [36.5753, 94.486], [36.4972, 93.7945], [36.4047, 93.6014], [36.2944, 93.2216], [36.2551, 92.6416], [36.1143, 92.1152], [36.0279, 91.4551], [35.9027, 90.8707], [35.8475, 90.1324], [35.76, 90.2434], [35.7097, 89.3167], [35.6168, 88.9088], [35.5617, 88.5894], [35.5101, 88.1147], [35.4339, 87.9554], [35.3662, 88.2671], [35.3219, 89.1603], [35.2687, 89.6866], [35.2004, 89.2871], [35.1418, 89.7576], [35.0828, 89.8363], [35.0153, 89.8181], [34.9585, 90.6452], [34.9187, 91.0359], [34.8628, 91.3631], [34.7809, 91.4407], [34.7221, 91.3681], [34.688, 91.4232], [34.6903, 92.0085], [34.5876, 91.6814], [34.5509, 91.8398], [34.5164, 91.9503], [34.4671, 92.2379], [34.4403, 92.4437], [34.403, 92.8756], [34.3732, 93.1886], [34.362, 93.2023], [34.3178, 93.1876], [34.2997, 93.3464], [34.2612, 93.3357], [34.2251, 93.4753], [34.2181, 93.6785], [34.1755, 93.4136], [34.1502, 93.4064], [34.1399, 93.5546], [34.1371, 93.6047], [34.1114, 93.6672], [34.0964, 93.5741], [34.1116, 93.5614], [34.0865, 93.5674], [34.0691, 93.6338], [34.0972, 93.6826], [34.1284, 93.6457], [34.1037, 93.8464], [34.0975, 93.9619], [34.1013, 94.0897], [34.1125, 94.1084], [34.1116, 93.989], [34.1216, 94.1846], [34.1228, 94.2124], [34.1267, 94.2445], [34.1642, 94.3299], [34.1743, 94.3628], [34.1766, 94.0965], [34.241, 94.308], [34.2265, 94.2017], [34.2193, 94.3891], [34.2351, 94.1087], [34.2741, 93.9959], [34.2654, 93.8034], [34.2829, 93.5522], [34.3124, 93.6245], [34.3425, 93.4954], [34.3844, 93.544], [34.3987, 93.4534], [34.4346, 93.4553], [34.4346, 93.5037], [34.4639, 93.4429], [34.4703, 93.2746], [34.4795, 93.2283], [34.4833, 93.3151], [34.4882, 93.3909], [34.4829, 93.3738], [34.4701, 93.4116], [34.4457, 93.5367], [34.4376, 93.5695], [34.4266, 93.6459], [34.4091, 93.7421], [34.3831, 93.8752], [34.3329, 94.1577], [34.3173, 94.1299], [34.3038, 94.1792], [34.2896, 94.3575], [34.2696, 94.4973], [34.2557, 94.5127], [34.2472, 94.6265], [34.2221, 94.8249], [34.2005, 94.7831], [34.1981, 94.7258], [34.1842, 94.7642], [34.1812, 94.7419], [34.1911, 94.8503], [34.1976, 94.8776], [34.2133, 94.9082], [34.2172, 94.7628], [34.2171, 94.8164], [34.2133, 94.8886], [34.2157, 94.8013], [34.2217, 94.8276], [34.245, 94.9278], [34.2539, 94.9573], [34.288, 94.9728], [34.3246, 94.9899], [34.3507, 94.894], [34.3888, 94.7993], [34.4246, 95.0106], [34.4812, 94.8617], [34.5377, 94.9598], [34.5963, 95.2045], [34.6479, 95.3154], [34.6986, 95.2076], [34.7416, 95.0266], [34.7947, 94.9071], [34.8749, 94.9465], [34.9392, 94.7737], [35.0302, 94.7701], [35.0821, 94.988], [35.1586, 94.3756], [35.2456, 94.572], [35.3244, 94.7056], [35.3743, 94.7646], [35.454, 95.073], [35.5007, 95.2797], [35.5688, 95.3537], [35.6326, 94.6992], [35.7342, 94.507], [35.8377, 93.5788], [35.9338, 93.5393], [36.0033, 93.7024], [36.0597, 94.0579], [36.1472, 93.2799], [36.3091, 93.0332], [36.3972, 92.9374], [36.4994, 91.6608], [36.58, 92.0149], [36.6658, 91.5726], [36.7699, 91.5077], [36.9703, 92.4054], [37.1828, 93.4943], [37.2487, 93.9335], [37.3558, 94.2235], [37.5273, 95.5889], [37.7246, 96.6086], [37.8556, 97.1426], [38.0043, 97.9578], [38.1651, 98.4126], [38.2598, 98.7005], [38.4027, 99.6776], [38.4857, 100.67], [38.5756, 100.582], [38.6813, 100.917], [38.8067, 101.617], [38.8928, 101.727], [38.9766, 102.317], [39.0216, 102.717], [39.1185, 102.741], [39.1102, 102.668], [39.1681, 102.837], [39.1395, 102.512], [39.1562, 102.496], [39.1495, 102.22], [39.1314, 101.99], [39.1104, 101.763], [39.0788, 101.575], [39.0573, 101.544], [39.0411, 101.657], [38.9799, 101.421], [38.8982, 101.367], [38.8853, 101.188], [38.8358, 101.158], [38.7906, 101.331], [38.6964, 101.076], [38.6354, 101.026], [38.5231, 100.553], [38.4202, 100.162], [38.3043, 99.8677], [38.1734, 99.6296], [38.0532, 98.8475], [37.9136, 98.4045], [37.8005, 97.8269], [37.6585, 97.2862], [37.5272, 96.4899], [37.3895, 96.2359], [37.2864, 95.6899], [37.1573, 94.5564], [36.9913, 94.1794], [36.8524, 93.2429], [36.6896, 92.5689], [36.5239, 92.0325], [36.4261, 91.1409], [36.3455, 90.1971], [36.2505, 89.2347], [36.0875, 88.6313], [36.0044, 88.9117], [35.8552, 89.4813], [35.7396, 90.6644], [35.6321, 90.9621], [35.5625, 91.5512], [35.4752, 92.2887], [35.3911, 92.3166], [35.3489, 92.841], [35.2436, 93.3557], [35.1568, 93.6209], [35.0969, 93.435], [35.003, 93.3033], [34.9176, 93.589], [34.8327, 94.2129], [34.7459, 94.2497], [34.6884, 94.6194], [34.6303, 94.4839], [34.59, 94.0313], [34.504, 94.2365], [34.4651, 94.4775], [34.4232, 94.4187], [34.4076, 94.4956], [34.3653, 94.1446], [34.3236, 94.1256], [34.2891, 94.1544], [34.2425, 93.9189], [34.2002, 94.4995], [34.2194, 94.6377], [34.1643, 94.1039], [34.137, 94.4413], [34.1355, 94.2462], [34.1255, 94.252], [34.1021, 94.5286], [34.1138, 94.5573], [34.1114, 94.7297], [34.0972, 94.7875], [34.0949, 94.7941], [34.1069, 95.0728], [34.0825, 95.0604], [34.1013, 95.1944], [34.0977, 95.0057], [34.1111, 95.2465], [34.1304, 95.2998], [34.1574, 95.6248], [34.1727, 95.7279], [34.1708, 95.9333], [34.1951, 95.9782], [34.2287, 95.9609], [34.2564, 96.1123], [34.2754, 95.9379], [34.2884, 96.0697], [34.3183, 95.8773], [34.3739, 95.8484], [34.3761, 95.9435], [34.4121, 96.006], [34.4614, 95.7952], [34.4735, 95.9453], [34.5077, 95.8678], [34.5418, 95.9545], [34.5789, 95.9242], [34.5918, 95.7585], [34.6177, 95.7896], [34.6411, 95.6434], [34.6423, 95.8314], [34.6519, 95.7127], [34.6709, 95.8091], [34.6603, 95.7325], [34.6566, 95.7035], [34.6478, 95.6061], [34.6293, 95.5315], [34.6057, 95.4938], [34.5958, 95.4201], [34.5588, 95.4628], [34.5493, 95.4756], [34.5116, 95.2558], [34.4833, 95.3599], [34.4457, 95.351], [34.4276, 95.3705], [34.3903, 95.4178], [34.3601, 95.514], [34.3289, 95.4379], [34.3048, 95.5712], [34.2838, 95.78], [34.2711, 95.8819], [34.2361, 95.9212], [34.2345, 96.1776], [34.2005, 95.8789], [34.1912, 96.1202], [34.1752, 95.8155], [34.158, 96.0274], [34.1847, 96.3107], [34.1417, 96.2788], [34.1662, 96.1541], [34.1676, 96.3679], [34.1654, 96.4716], [34.1552, 96.2059], [34.1535, 96.3768], [34.1521, 96.7409], [34.1586, 96.6443], [34.163, 96.6819], [34.2267, 96.4797], [34.2352, 95.9905], [34.247, 95.9291], [34.275, 95.7368], [34.2937, 95.6362], [34.3048, 95.327], [34.3351, 95.0988], [34.3774, 95.0237], [34.3898, 94.9001], [34.4231, 94.7473], [34.4487, 94.7229], [34.4675, 94.5628], [34.5039, 94.7348], [34.5354, 94.9668], [34.5741, 94.9225], [34.6156, 95.1048], [34.6771, 95.2689], [34.7152, 95.6506], [34.7554, 95.7235], [34.812, 95.55], [34.866, 95.9628], [34.9495, 96.239], [35.0277, 96.5805], [35.098, 96.6024], [35.1733, 96.8394], [35.2251, 96.8655], [35.3171, 96.5872], [35.3867, 96.7615], [35.452, 96.7962], [35.5312, 96.9562], [35.6233, 97.4017], [35.6575, 97.155], [35.743, 96.9677], [35.8331, 97.2005], [35.9183, 96.8397], [35.9977, 97.2066], [36.0819, 96.5323], [36.1506, 95.2786], [36.2485, 95.3804], [36.3191, 96.2795], [36.4297, 95.6237], [36.4778, 95.4963], [36.5367, 95.4716], [36.6513, 96.0211], [36.7403, 96.4149], [36.872, 96.5571], [36.9314, 97.1648], [37.049, 97.539], [37.1159, 97.8437], [37.1489, 97.5568], [37.1464, 98.1941], [37.1888, 98.3151], [37.2263, 98.1911], [37.2375, 98.0599], [37.2588, 98.0283], [37.1972, 97.9791], [37.166, 97.9452], [37.178, 97.7084], [37.1307, 97.3622], [37.1326, 97.1972], [37.1273, 97.3264], [37.0893, 97.5567], [37.0726, 97.3347], [37.0076, 97.1189], [36.9439, 97.047], [36.9677, 97.7045], [36.9085, 97.8428], [36.8988, 97.9745], [36.8394, 97.8049], [36.7756, 97.208], [36.7119, 97.3616], [36.6374, 97.4734], [36.574, 97.0838], [36.5576, 97.1192], [36.4589, 96.8083], [36.4154, 97.0053], [36.3408, 96.801], [36.2643, 96.4992], [36.2191, 96.2324], [36.1476, 96.7853], [36.1027, 96.3661], [35.9946, 95.9815], [35.8834, 95.8085], [35.7178, 95.414], [35.6123, 95.1848], [35.5298, 94.9135], [35.4372, 94.2749], [35.1847, 93.6418], [34.946, 93.1796], [34.8648, 92.903], [34.792, 92.9346], [34.691, 92.2185], [34.6217, 91.7799], [34.5229, 91.3623], [34.3781, 90.8664], [34.2173, 90.3005], [34.1486, 90.0091], [34.0473, 90.0861], [33.934, 89.5596], [33.862, 89.38], [33.6943, 89.1658], [33.6317, 89.0388], [33.5285, 88.4027], [33.3822, 88.9993], [33.2826, 88.9147], [33.1531, 88.4108], [33.0231, 88.0256], [32.8544, 88.0883], [32.7371, 87.7803], [32.6097, 87.2838], [32.424, 87.3344], [32.2381, 86.8738], [32.111, 86.4222], [31.9918, 86.5502], [31.8525, 85.6931], [31.6975, 85.3919], [31.5302, 84.9872], [31.3687, 84.9019], [31.2612, 84.3178], [31.144, 83.7961], [31.0289, 83.4727], [30.9204, 83.1153], [30.8023, 82.5907], [30.5758, 82.1195], [30.2901, 81.6928], [30.1606, 81.0481], [30.047, 80.7202], [29.9759, 80.5014], [29.8598, 80.4945], [29.721, 80.5005], [29.6063, 80.6924], [29.5155, 80.5472], [29.441, 80.4959], [29.3595, 80.5062], [29.2899, 80.5177], [29.2195, 80.3712], [29.1401, 80.3291], [29.0865, 80.2944], [29.0522, 80.2511], [29.001, 80.2422], [28.9643, 80.1219], [28.9303, 80.04], [28.8878, 80.0918], [28.8869, 80.0072], [28.8387, 79.8947], [28.8476, 80.003], [28.8186, 79.8662], [28.8376, 79.7488], [28.8818, 79.7306], [28.8897, 79.6967], [28.9205, 79.6233], [28.9556, 79.5851], [28.9832, 79.4816], [29.0416, 79.468], [29.0971, 79.3883], [29.154, 79.3683], [29.187, 79.2077], [29.2069, 79.2544], [29.2508, 79.1587], [29.2845, 79.1435], [29.3167, 79.093], [29.3439, 79.0602], [29.3834, 78.99], [29.413, 78.9769], [29.4159, 78.9723], [29.4625, 78.9426], [29.4979, 78.8622], [29.5214, 78.8125], [29.5569, 78.7954], [29.5847, 78.736], [29.6113, 78.7609], [29.6145, 78.8667], [29.625, 78.9271], [29.6134, 79.0523], [29.6326, 79.027], [29.62, 79.1078], [29.6245, 79.1512], [29.6341, 79.1323], [29.6389, 79.1802], [29.6347, 79.2505], [29.6231, 79.3174], [29.6245, 79.3265], [29.6294, 79.3734], [29.6381, 79.3696], [29.6502, 79.3919], [29.6563, 79.3382], [29.6604, 79.3245], [29.6585, 79.3429], [29.6666, 79.2752], [29.6772, 79.2668], [29.6723, 79.2715], [29.6643, 79.2819], [29.6585, 79.2801], [29.6517, 79.3177], [29.6443, 79.3151], [29.6423, 79.3304], [29.6359, 79.3711], [29.6391, 79.3526], [29.6334, 79.3795], [29.6351, 79.4096], [29.6337, 79.3853], [29.6384, 79.4004], [29.6425, 79.4442], [29.647, 79.446], [29.6476, 79.3867], [29.6439, 79.5444], [29.6475, 79.5038], [29.6505, 79.5019], [29.6523, 79.5004], [29.653, 79.4454], [29.6591, 79.4988], [29.6655, 79.5085], [29.6651, 79.4927], [29.6735, 79.4877], [29.6794, 79.4595], [29.6857, 79.3801], [29.6887, 79.3942], [29.697, 79.417], [29.6968, 79.3631], [29.7005, 79.4113], [29.7058, 79.328], [29.704, 79.2874], [29.707, 79.2368], [29.7059, 79.2544], [29.7, 79.2442], [29.7023, 79.209], [29.7051, 79.2156], [29.7021, 79.1507], [29.6967, 79.2081], [29.7, 79.2244], [29.6975, 79.2134], [29.693, 79.2033], [29.6886, 79.2216], [29.6918, 79.1541], [29.6921, 79.1617], [29.6843, 79.1679], [29.6836, 79.1649], [29.685, 79.1198], [29.6846, 79.0782], [29.6883, 79.0793], [29.6841, 79.0447], [29.6854, 79.0071], [29.6797, 78.9845], [29.6834, 78.9978], [29.6781, 78.9992], [29.6801, 78.9539], [29.6738, 78.9447], [29.6741, 78.9526], [29.6702, 78.9418], [29.6678, 78.93], [29.6588, 78.9407], [29.6553, 78.8902], [29.6548, 78.89], [29.6485, 78.9581], [29.6471, 78.9484], [29.6469, 78.9609], [29.6432, 78.9729], [29.6479, 78.9607], [29.6511, 78.9119], [29.656, 78.9275], [29.6586, 78.9131], [29.6618, 78.9196], [29.661, 78.9241], [29.6652, 78.9046], [29.6663, 78.8985], [29.6658, 78.8734], [29.6628, 78.896], [29.6616, 78.9059], [29.6587, 78.887], [29.6595, 78.8521], [29.6547, 78.8643], [29.6534, 78.8404], [29.6497, 78.8593], [29.648, 78.8815], [29.6502, 78.8288], [29.653, 78.8178], [29.6519, 78.8419], [29.6545, 78.847], [29.6537, 78.8188], [29.6516, 78.8363], [29.6563, 78.7857], [29.6555, 78.7667], [29.6526, 78.776], [29.6473, 78.761], [29.6448, 78.7184], [29.6413, 78.7095], [29.6357, 78.7269], [29.6271, 78.7119], [29.6224, 78.6782], [29.6165, 78.6918], [29.6072, 78.726], [29.6007, 78.6766], [29.5942, 78.7122], [29.5948, 78.7122], [29.5934, 78.7028], [29.5938, 78.7057], [29.5928, 78.711], [29.6019, 78.7141], [29.6092, 78.7037], [29.6117, 78.7295], [29.6187, 78.7294], [29.6248, 78.7198], [29.6286, 78.7204], [29.6301, 78.7293], [29.6318, 78.7362], [29.6324, 78.7193], [29.6305, 78.7266], [29.6227, 78.7227], [29.6211, 78.7319], [29.6164, 78.72], [29.608, 78.7027], [29.599, 78.7237], [29.5928, 78.7408], [29.5802, 78.7363], [29.5723, 78.6967], [29.5589, 78.7677], [29.5463, 78.7626], [29.5312, 78.772], [29.5134, 78.7883], [29.506, 78.8001], [29.4933, 78.8089], [29.4786, 78.8286], [29.4645, 78.7663], [29.4645, 78.7695], [29.4457, 78.7921], [29.4371, 78.7722], [29.4254, 78.765], [29.4167, 78.7693], [29.3967, 78.7452], [29.3837, 78.7975], [29.368, 78.7967], [29.3385, 78.8687], [29.3102, 78.9025], [29.2993, 78.8935], [29.2628, 78.9291], [29.2436, 78.9752], [29.212, 78.9362], [29.1887, 78.9309], [29.1563, 78.9601], [29.1265, 78.9641], [29.1052, 79.0116], [29.0782, 79.0396], [29.0519, 79.0217], [29.0286, 79.0596], [28.994, 79.0863], [28.9656, 79.0738], [28.9286, 79.0961], [28.9127, 79.1141], [28.8854, 79.1847], [28.8602, 79.1768], [28.8364, 79.1933], [28.832, 79.1976], [28.8158, 79.1835], [28.7972, 79.2536], [28.7843, 79.3013], [28.7882, 79.2868], [28.7993, 79.3069], [28.7836, 79.3868], [28.7839, 79.476], [28.7968, 79.5914], [28.8213, 79.5546], [28.8352, 79.6054], [28.8736, 79.6725], [28.906, 79.6597], [28.9138, 79.6898], [28.9493, 79.7755], [29.0006, 79.894], [29.017, 79.8604], [29.0277, 79.9276], [29.0571, 79.946], [29.087, 79.9473], [29.1258, 79.979], [29.1462, 80.1909], [29.205, 80.2113], [29.2638, 80.1862], [29.3428, 80.2728], [29.408, 80.4367], [29.471, 80.3716], [29.553, 80.4254], [29.5917, 80.3437], [29.6829, 80.4635], [29.7934, 80.8464], [29.8996, 81.2114], [30.0108, 81.4547], [30.1423, 81.6959], [30.3032, 81.9667], [30.4431, 82.7299], [30.6103, 83.306], [30.8142, 83.729], [30.978, 84.293], [31.1378, 84.7477], [31.3619, 85.23], [31.5867, 86.003], [31.754, 86.3761], [32.0185, 87.4168], [32.0944, 87.0827], [32.3429, 87.9835], [32.4918, 88.3724], [32.7311, 88.9051], [32.8794, 89.1231], [33.0969, 89.8169], [33.2123, 89.8237], [33.3933, 90.4758], [33.5575, 90.7764], [33.6904, 90.5355], [33.8233, 90.7093], [33.9746, 91.184], [34.1556, 91.7056], [34.2681, 91.5528], [34.4348, 92.0807], [34.5516, 92.1517], [34.7135, 93.2473], [34.8667, 93.5701], [34.9417, 93.6812], [35.022, 93.7112], [35.1741, 94.0981], [35.2724, 94.9739], [35.3489, 94.8578], [35.4698, 95.6136], [35.5092, 95.2053], [35.5854, 95.3364], [35.6366, 95.3447], [35.737, 95.9048], [35.8096, 96.0688], [35.9145, 97.5632], [35.995, 97.2049], [36.0747, 97.4192], [36.1519, 98.1818], [36.208, 98.4534], [36.235, 99.6476], [36.301, 100.433], [36.3586, 100.673], [36.3694, 101.656], [36.4012, 102.121], [36.4453, 102.921], [36.4537, 103.573], [36.4837, 104.17], [36.5114, 104.566], [36.5208, 105.118], [36.5805, 105.291], [36.5624, 105.851], [36.5779, 106.211], [36.6268, 106.477], [36.6477, 106.684], [36.6204, 107.309], [36.6665, 107.421], [36.6568, 107.93], [36.6588, 108.216], [36.7057, 108.666], [36.7058, 108.954], [36.7202, 109.549], [36.7322, 109.849], [36.7304, 110.078], [36.752, 110.386], [36.753, 110.754], [36.7605, 111.12], [36.7522, 111.129], [36.7548, 111.27], [36.751, 111.398], [36.7509, 111.462], [36.7469, 111.313], [36.7368, 111.433], [36.7346, 111.493], [36.7252, 111.479], [36.718, 111.44], [36.7061, 111.507], [36.699, 111.535], [36.6886, 111.524], [36.6841, 111.573], [36.6808, 111.511], [36.6815, 111.429], [36.6784, 111.489], [36.6759, 111.576], [36.6665, 111.667], [36.6749, 111.693], [36.6744, 111.796], [36.6821, 111.711], [36.6799, 111.793], [36.6949, 111.843], [36.6963, 111.854], [36.6955, 111.774], [36.6963, 111.85], [36.6961, 111.781], [36.6914, 111.791], [36.6871, 111.846], [36.6858, 111.815], [36.6782, 111.835], [36.695, 111.769], [36.6917, 111.748], [36.6934, 111.825], [36.7007, 111.783], [36.7016, 111.782], [36.7176, 111.764], [36.7322, 111.768], [36.7221, 111.707], [36.7295, 111.659], [36.7382, 111.522], [36.754, 111.491], [36.7576, 111.37], [36.766, 111.357], [36.7708, 111.397], [36.7716, 111.395], [36.7774, 111.321], [36.7748, 111.402], [36.7826, 111.297], [36.7892, 111.348], [36.787, 111.324], [36.782, 111.317], [36.7807, 111.321], [36.7951, 111.22]], "git_repository_heads": {"MMMTools": ["d77f5a301e3e2f4cd16623ff82a11fbc98dc1113", 1459847935], "MMMCore": ["1d27ecc05fae8cf73cac6754bb4fa9f37155663b", 1459846333], "Simox": ["8d9023238ae3fddb74502537a3681c4318147084", 1459514263], "MMT": ["47064aa0136033b76a231380ef3c02c940bbde53", 1460219154]}, "convert_db_version": 5, "object_conversion_settings": {}, "object_conversion_errors": {}, "subject_conversion_settings": {"model_files": [["mmm.xml", "83095bf1f7710e0da2eabc0dc38933fff21a487e"], ["models/RightFingerJoint43y_joint_visu.wrl", "4a8b66745234892104dc18c3f12b51653e0d22e2"], ["models/HeadSegment_joint_visu.wrl", "98bc33547d6728b266ca30ad9f3f1cd1fc964890"], ["models/RightFingerJoint23y_joint_visu.wrl", "a0d5f39a5c7aa80b2d6a4eaf255bc2ee431c4c8b"], ["models/RightFingerJoint13y_joint_visu.wrl", "f6fe45b4978386e46181511649732c2b788efffc"], ["models/RightEyeSegmentY_joint_visu.wrl", "a5e19b848b6eeb97452f27da05841286c9c8750d"], ["models/RightFingerJoint33y_joint_visu.wrl", "408d1d793635a63e5469ef6749032ed29df446cb"], ["models/RightFingerJoint42y_joint_visu.wrl", "56054907e89fe8b5298ac919d87afca5ea3112a6"], ["models/RightFingerJoint40y_joint_visu.wrl", "a6a36d6acd88295f92f5ad6137dad641a10df4b6"], ["models/RAy_joint_visu.wrl", "ce5872147a6e4132bebc90a3e1e3c1a28a103eb6"], ["models/LeftFingerJoint33y_joint_visu.wrl", "365adda3e38105f28e7045c2b0267a52336edf01"], ["models/BUNsegment_joint_visu.wrl", "0ac874bfcd0d8c4b0c3b4ec4e56c59ce39aad99d"], ["models/LeftEyeSegmentY_joint_visu.wrl", "066736ba165738d120f8d1d103b9c28b19c429bf"], ["models/RSCsegment_joint_visu.wrl", "9044f5cc6779532281b74eface97e002798a8e6d"], ["models/LHsegment_joint_visu.wrl", "3838c5fdad69c33fed501ae676c8a8a9282d9a05"], ["models/LeftFingerJoint53y_joint_visu.wrl", "cdd15d99efa93d038d04ced046fe79ae693a10d7"], ["models/RightFingerJoint21y_joint_visu.wrl", "d19626a13a08387890317675df2c2e7fe9db5eef"], ["models/RightFingerJoint12y_joint_visu.wrl", "7097cf96d3597a795575a5abe9256e0143c2ed0f"], ["models/LeftFingerJoint43y_joint_visu.wrl", "395c609ed268feb940855099f538c46a54c3a4d8"], ["models/RightFingerJoint53y_joint_visu.wrl", "9d95789602901425bad9b4435dea2b4be5431202"], ["models/LeftFingerJoint42y_joint_visu.wrl", "e487f595b7019c407f92b0f00de5260e64e56c97"], ["models/LAsegment_joint_visu.wrl", "bb0d5feb0455fbd2c425d138b7f487260f4bf1bc"], ["models/BTSegment_joint_visu.wrl", "22abe8deeec243c99e31ec02fa59372e98ac8471"], ["models/RKsegment_joint_visu.wrl", "18b381d65e3337bcb0d1ff5928773884a1e17d57"], ["models/LeftFingerJoint41y_joint_visu.wrl", "61402f6746307792f4303e574af749b94086a4ec"], ["models/LSCsegment_joint_visu.wrl", "c32a20b7e31becf394d78b5655efc5565b038b80"], ["models/LeftFingerJoint11y_joint_visu.wrl", "0cbfceda8d89deb375f7933c8078af5147ec84b2"], ["models/RightFingerJoint41y_joint_visu.wrl", "020541ab865e4e3e9fa2695e0f4eff71b52ad52d"], ["models/RWy_joint_visu.wrl", "2b11028aee46fb62e614338be3dd5644c1a824ee"], ["models/LeftFingerJoint23y_joint_visu.wrl", "478e70ae519508040adb535da7a7998bba1b8c42"], ["models/RSsegment_joint_visu.wrl", "612de2c24f203d5846930907a5df9cef5d9578dd"], ["models/LeftFingerJoint12y_joint_visu.wrl", "024079388e0352cf2dd7d6c0c4d45ee34851930c"], ["models/LWsegment_joint_visu.wrl", "3c8bc8f30c2fdfc5956ddac1f868ed768806d7fd"], ["models/RightFingerJoint22y_joint_visu.wrl", "0b36fec3092c4692c7809ee795740f148ffb0be8"], ["models/RMrot_joint_visu.wrl", "a56cefc9affb5ca3f87c8ad0a9ef880f3355f2f0"], ["models/LeftFingerJoint40y_joint_visu.wrl", "ebee55b3729d26fb04a73d5b427025dbf464f288"], ["models/LeftFingerJoint21y_joint_visu.wrl", "a890d2d55d8afbe701827374715b7e671862cc4f"], ["models/REsegment_joint_visu.wrl", "d709750461631f850f8441b85f4861ca47df51ae"], ["models/RHsegment_joint_visu.wrl", "54fb3a26ddb8f2d419752eb76c4e488efef6b43c"], ["models/RightFingerJoint52y_joint_visu.wrl", "44f18db78bed86bf1ddb981a1e678027e51db918"], ["models/RightFingerJoint50y_joint_visu.wrl", "13ede518eb635943fcd4564499f4fdb69d27780e"], ["models/LFx_joint_visu.wrl", "5d47b342ff68d5d2b2d9c7e22c5cf098909060c6"], ["models/LKsegment_joint_visu.wrl", "5780b7d3a585852e8707cb2363bfa8d4d3b461f7"], ["models/LeftFingerJoint13y_joint_visu.wrl", "8a00c78adf18bdebd78a513323b5f28f02d117be"], ["models/RightFingerJoint51y_joint_visu.wrl", "d78052a78ea694e1d35e6b91354db0a64493fbf4"], ["models/RightFingerJoint11y_joint_visu.wrl", "a05a4116eafe1434c190e03faa62753bcd333105"], ["models/LeftFingerJoint22y_joint_visu.wrl", "7fee0851bbbc487512ffb12e46d738fc0837aa0c"], ["models/LAy_joint_visu.wrl", "de3953d8ffbf479f0eb229748cfdd897a408012e"], ["models/LEsegment_joint_visu.wrl", "1bf5a0382df53cb4aef1ebf578e4d535a0cd3d7b"], ["models/RightFingerJoint31y_joint_visu.wrl", "4f0efb942b57fffc5b3177798a71bcdbb9b92042"], ["models/LeftFingerJoint32y_joint_visu.wrl", "685ae87120ee0d9ba5d764c8ff99385aa9d79a04"], ["models/RightFingerJoint32y_joint_visu.wrl", "47d29dfecd9514a3973b021c83bc361364341093"], ["models/LeftFingerJoint31y_joint_visu.wrl", "d24789234312bf68c77c7830508763d07f9feec0"], ["models/LMrot_joint_visu.wrl", "94047f5a29e3373271bba5d61ccbbacf9bfb01af"], ["models/LWy_joint_visu.wrl", "33ba8f54774fa65838a8ae38c3d558f06fe00bc0"], ["models/LeftFingerJoint52y_joint_visu.wrl", "3f7d688708cf5f55104348d5bc102dcc7b7a0a66"], ["models/LSsegment_joint_visu.wrl", "f34e7eae1658b3ae618b5bc40ebc1da529c7e0a3"], ["models/RAsegment_joint_visu.wrl", "bf9735bb8cbd74e01e9087f0ccad4783edc49231"], ["models/LeftFingerJoint50y_joint_visu.wrl", "c2f6364fe16768bd1382d1b02c327d9dcf43fd03"], ["models/LeftFingerJoint51y_joint_visu.wrl", "0c2664365d375a3d9dd190818483e292027433d3"], ["models/LeftHandSegment_joint_visu.wrl", "581235ef3290f47c527e74693e4a232056642bcf"], ["models/BTy_joint_visu.wrl", "818c33f75e2b278db824d223d8796b1d1ca48213"], ["models/RWsegment_joint_visu.wrl", "de46619cf74eb2ffe74ab7fdaaf4cd485034b959"], ["models/RFx_joint_visu.wrl", "7e0fad07af2c1f6a4bad2e40caa9cdcfafa5d748"]], "converter_config": "<ConverterConfig type=\"NloptConverter\"><Model><MarkerMapping><Mapping c3d=\"LIFD\" mmm=\"MARKER_LIFD\" /><Mapping c3d=\"LKNE\" mmm=\"MARKER_LKNE\" /><Mapping c3d=\"LWPS\" mmm=\"MARKER_LWPS\" /><Mapping c3d=\"RANK\" mmm=\"MARKER_RANK\" /><Mapping c3d=\"T10\" mmm=\"MARKER_T10\" /><Mapping c3d=\"LBHD\" mmm=\"MARKER_LBHD\" /><Mapping c3d=\"LBAK\" mmm=\"MARKER_LBAK\" /><Mapping c3d=\"RBAK\" mmm=\"MARKER_RBAK\" /><Mapping c3d=\"RTIP\" mmm=\"MARKER_RTIP\" /><Mapping c3d=\"RMT1\" mmm=\"MARKER_RMT1\" /><Mapping c3d=\"LTOE\" mmm=\"MARKER_LTOE\" /><Mapping c3d=\"RHTS\" mmm=\"MARKER_RHTS\" /><Mapping c3d=\"RMT5\" mmm=\"MARKER_RMT5\" /><Mapping c3d=\"LTIP\" mmm=\"MARKER_LTIP\" /><Mapping c3d=\"LHTS\" mmm=\"MARKER_LHTS\" /><Mapping c3d=\"RAEL\" mmm=\"MARKER_RAEL\" /><Mapping c3d=\"RKNE\" mmm=\"MARKER_RKNE\" /><Mapping c3d=\"LHPS\" mmm=\"MARKER_LHPS\" /><Mapping c3d=\"LANK\" mmm=\"MARKER_LANK\" /><Mapping c3d=\"LWTS\" mmm=\"MARKER_LWTS\" /><Mapping c3d=\"RIFD\" mmm=\"MARKER_RIFD\" /><Mapping c3d=\"RAOL\" mmm=\"MARKER_RAOL\" /><Mapping c3d=\"CLAV\" mmm=\"MARKER_CLAV\" /><Mapping c3d=\"LASI\" mmm=\"MARKER_LASI\" /><Mapping c3d=\"C7\" mmm=\"MARKER_C7\" /><Mapping c3d=\"LHEE\" mmm=\"MARKER_LHEE\" /><Mapping c3d=\"LTHI\" mmm=\"MARKER_LTHI\" /><Mapping c3d=\"RTHI\" mmm=\"MARKER_RTHI\" /><Mapping c3d=\"RFHD\" mmm=\"MARKER_RFHD\" /><Mapping c3d=\"LUPA\" mmm=\"MARKER_LUPA\" /><Mapping c3d=\"LFHD\" mmm=\"MARKER_LFHD\" /><Mapping c3d=\"RHIP\" mmm=\"MARKER_RHIP\" /><Mapping c3d=\"RWPS\" mmm=\"MARKER_RWPS\" /><Mapping c3d=\"LMT1\" mmm=\"MARKER_LMT1\" /><Mapping c3d=\"L3\" mmm=\"MARKER_L3\" /><Mapping c3d=\"LFRA\" mmm=\"MARKER_LFRA\" /><Mapping c3d=\"LPSI\" mmm=\"MARKER_LPSI\" /><Mapping c3d=\"RPSI\" mmm=\"MARKER_RPSI\" /><Mapping c3d=\"LAOL\" mmm=\"MARKER_LAOL\" /><Mapping c3d=\"RBHD\" mmm=\"MARKER_RBHD\" /><Mapping c3d=\"RUPA\" mmm=\"MARKER_RUPA\" /><Mapping c3d=\"RASI\" mmm=\"MARKER_RASI\" /><Mapping c3d=\"RWTS\" mmm=\"MARKER_RWTS\" /><Mapping c3d=\"LHIP\" mmm=\"MARKER_LHIP\" /><Mapping c3d=\"STRN\" mmm=\"MARKER_STRN\" /><Mapping c3d=\"LAEL\" mmm=\"MARKER_LAEL\" /><Mapping c3d=\"RHPS\" mmm=\"MARKER_RHPS\" /><Mapping c3d=\"RTOE\" mmm=\"MARKER_RTOE\" /><Mapping c3d=\"RHEE\" mmm=\"MARKER_RHEE\" /><Mapping c3d=\"LMT5\" mmm=\"MARKER_LMT5\" /></MarkerMapping><JointSet><Joint name=\"BLNx_joint\" /><Joint name=\"BLNy_joint\" /><Joint name=\"BLNz_joint\" /><Joint name=\"BPx_joint\" /><Joint name=\"BPy_joint\" /><Joint name=\"BPz_joint\" /><Joint name=\"BTx_joint\" /><Joint name=\"BTy_joint\" /><Joint name=\"BTz_joint\" /><Joint name=\"BUNx_joint\" /><Joint name=\"BUNy_joint\" /><Joint name=\"BUNz_joint\" /><Joint name=\"LAx_joint\" /><Joint name=\"LAy_joint\" /><Joint name=\"LAz_joint\" /><Joint name=\"LEx_joint\" /><Joint name=\"LEz_joint\" /><Joint name=\"LHx_joint\" /><Joint name=\"LHy_joint\" /><Joint name=\"LHz_joint\" /><Joint name=\"LKx_joint\" /><Joint name=\"LSx_joint\" /><Joint name=\"LSy_joint\" /><Joint name=\"LSz_joint\" /><Joint name=\"LWx_joint\" /><Joint name=\"LWy_joint\" /><Joint name=\"LFx_joint\" /><Joint name=\"LMrot_joint\" /><Joint name=\"RAx_joint\" /><Joint name=\"RAy_joint\" /><Joint name=\"RAz_joint\" /><Joint name=\"REx_joint\" /><Joint name=\"REz_joint\" /><Joint name=\"RHx_joint\" /><Joint name=\"RHy_joint\" /><Joint name=\"RHz_joint\" /><Joint name=\"RKx_joint\" /><Joint name=\"RSx_joint\" /><Joint name=\"RSy_joint\" /><Joint name=\"RSz_joint\" /><Joint name=\"RWx_joint\" /><Joint name=\"RWy_joint\" /><Joint name=\"RFx_joint\" /><Joint name=\"RMrot_joint\" /></JointSet></Model></ConverterConfig>", "model_processor_config": "<ModelProcessorConfig type=\"Winter\"><height>1.84</height><mass>100</mass></ModelProcessorConfig>"}, "subject_missing_markers": []}