Motion Database Converter

User/Host: mmm @ i61motiondb
Date: 2016-05-31 17:54:17
Input File: Trial_78.c3d (ID #50713, created 2016-05-19 18:58:55)

The HEADs of the git repositories used for conversion are:
  MMMCore: 1d27ecc05fae8cf73cac6754bb4fa9f37155663b (2016-04-05 08:52:13)
  MMMTools: d77f5a301e3e2f4cd16623ff82a11fbc98dc1113 (2016-04-05 09:18:55)
  MMT: 47064aa0136033b76a231380ef3c02c940bbde53 (2016-04-09 16:25:54)
  Simox: 8d9023238ae3fddb74502537a3681c4318147084 (2016-04-01 12:37:43)

Configuration for subject:
  Converter config:
    <ConverterConfig type="NloptConverter"><Model><MarkerMapping><Mapping c3d="LIFD" mmm="MARKER_LIFD" /><Mapping c3d="LKNE" mmm="MARKER_LKNE" /><Mapping c3d="LWPS" mmm="MARKER_LWPS" /><Mapping c3d="RANK" mmm="MARKER_RANK" /><Mapping c3d="T10" mmm="MARKER_T10" /><Mapping c3d="LBHD" mmm="MARKER_LBHD" /><Mapping c3d="LBAK" mmm="MARKER_LBAK" /><Mapping c3d="RBAK" mmm="MARKER_RBAK" /><Mapping c3d="RTIP" mmm="MARKER_RTIP" /><Mapping c3d="RMT1" mmm="MARKER_RMT1" /><Mapping c3d="LTOE" mmm="MARKER_LTOE" /><Mapping c3d="RHTS" mmm="MARKER_RHTS" /><Mapping c3d="RMT5" mmm="MARKER_RMT5" /><Mapping c3d="LTIP" mmm="MARKER_LTIP" /><Mapping c3d="LHTS" mmm="MARKER_LHTS" /><Mapping c3d="RAEL" mmm="MARKER_RAEL" /><Mapping c3d="RKNE" mmm="MARKER_RKNE" /><Mapping c3d="LHPS" mmm="MARKER_LHPS" /><Mapping c3d="LANK" mmm="MARKER_LANK" /><Mapping c3d="LWTS" mmm="MARKER_LWTS" /><Mapping c3d="RIFD" mmm="MARKER_RIFD" /><Mapping c3d="RAOL" mmm="MARKER_RAOL" /><Mapping c3d="CLAV" mmm="MARKER_CLAV" /><Mapping c3d="LASI" mmm="MARKER_LASI" /><Mapping c3d="C7" mmm="MARKER_C7" /><Mapping c3d="LHEE" mmm="MARKER_LHEE" /><Mapping c3d="LTHI" mmm="MARKER_LTHI" /><Mapping c3d="RTHI" mmm="MARKER_RTHI" /><Mapping c3d="RFHD" mmm="MARKER_RFHD" /><Mapping c3d="LUPA" mmm="MARKER_LUPA" /><Mapping c3d="LFHD" mmm="MARKER_LFHD" /><Mapping c3d="RHIP" mmm="MARKER_RHIP" /><Mapping c3d="RWPS" mmm="MARKER_RWPS" /><Mapping c3d="LMT1" mmm="MARKER_LMT1" /><Mapping c3d="L3" mmm="MARKER_L3" /><Mapping c3d="LFRA" mmm="MARKER_LFRA" /><Mapping c3d="LPSI" mmm="MARKER_LPSI" /><Mapping c3d="RPSI" mmm="MARKER_RPSI" /><Mapping c3d="LAOL" mmm="MARKER_LAOL" /><Mapping c3d="RBHD" mmm="MARKER_RBHD" /><Mapping c3d="RUPA" mmm="MARKER_RUPA" /><Mapping c3d="RASI" mmm="MARKER_RASI" /><Mapping c3d="RWTS" mmm="MARKER_RWTS" /><Mapping c3d="LHIP" mmm="MARKER_LHIP" /><Mapping c3d="STRN" mmm="MARKER_STRN" /><Mapping c3d="LAEL" mmm="MARKER_LAEL" /><Mapping c3d="RHPS" mmm="MARKER_RHPS" /><Mapping c3d="RTOE" mmm="MARKER_RTOE" /><Mapping c3d="RHEE" mmm="MARKER_RHEE" /><Mapping c3d="LMT5" mmm="MARKER_LMT5" /></MarkerMapping><JointSet><Joint name="BLNx_joint" /><Joint name="BLNy_joint" /><Joint name="BLNz_joint" /><Joint name="BPx_joint" /><Joint name="BPy_joint" /><Joint name="BPz_joint" /><Joint name="BTx_joint" /><Joint name="BTy_joint" /><Joint name="BTz_joint" /><Joint name="BUNx_joint" /><Joint name="BUNy_joint" /><Joint name="BUNz_joint" /><Joint name="LAx_joint" /><Joint name="LAy_joint" /><Joint name="LAz_joint" /><Joint name="LEx_joint" /><Joint name="LEz_joint" /><Joint name="LHx_joint" /><Joint name="LHy_joint" /><Joint name="LHz_joint" /><Joint name="LKx_joint" /><Joint name="LSx_joint" /><Joint name="LSy_joint" /><Joint name="LSz_joint" /><Joint name="LWx_joint" /><Joint name="LWy_joint" /><Joint name="LFx_joint" /><Joint name="LMrot_joint" /><Joint name="RAx_joint" /><Joint name="RAy_joint" /><Joint name="RAz_joint" /><Joint name="REx_joint" /><Joint name="REz_joint" /><Joint name="RHx_joint" /><Joint name="RHy_joint" /><Joint name="RHz_joint" /><Joint name="RKx_joint" /><Joint name="RSx_joint" /><Joint name="RSy_joint" /><Joint name="RSz_joint" /><Joint name="RWx_joint" /><Joint name="RWy_joint" /><Joint name="RFx_joint" /><Joint name="RMrot_joint" /></JointSet></Model></ConverterConfig>

  Model processor config:
    <ModelProcessorConfig type="Winter"><height>1.84</height><mass>100</mass></ModelProcessorConfig>

  Model files:
    mmm.xml -> 83095bf1f7710e0da2eabc0dc38933fff21a487e
    models/RightFingerJoint43y_joint_visu.wrl -> 4a8b66745234892104dc18c3f12b51653e0d22e2
    models/HeadSegment_joint_visu.wrl -> 98bc33547d6728b266ca30ad9f3f1cd1fc964890
    models/RightFingerJoint23y_joint_visu.wrl -> a0d5f39a5c7aa80b2d6a4eaf255bc2ee431c4c8b
    models/RightFingerJoint13y_joint_visu.wrl -> f6fe45b4978386e46181511649732c2b788efffc
    models/RightEyeSegmentY_joint_visu.wrl -> a5e19b848b6eeb97452f27da05841286c9c8750d
    models/RightFingerJoint33y_joint_visu.wrl -> 408d1d793635a63e5469ef6749032ed29df446cb
    models/RightFingerJoint42y_joint_visu.wrl -> 56054907e89fe8b5298ac919d87afca5ea3112a6
    models/RightFingerJoint40y_joint_visu.wrl -> a6a36d6acd88295f92f5ad6137dad641a10df4b6
    models/RAy_joint_visu.wrl -> ce5872147a6e4132bebc90a3e1e3c1a28a103eb6
    models/LeftFingerJoint33y_joint_visu.wrl -> 365adda3e38105f28e7045c2b0267a52336edf01
    models/BUNsegment_joint_visu.wrl -> 0ac874bfcd0d8c4b0c3b4ec4e56c59ce39aad99d
    models/LeftEyeSegmentY_joint_visu.wrl -> 066736ba165738d120f8d1d103b9c28b19c429bf
    models/RSCsegment_joint_visu.wrl -> 9044f5cc6779532281b74eface97e002798a8e6d
    models/LHsegment_joint_visu.wrl -> 3838c5fdad69c33fed501ae676c8a8a9282d9a05
    models/LeftFingerJoint53y_joint_visu.wrl -> cdd15d99efa93d038d04ced046fe79ae693a10d7
    models/RightFingerJoint21y_joint_visu.wrl -> d19626a13a08387890317675df2c2e7fe9db5eef
    models/RightFingerJoint12y_joint_visu.wrl -> 7097cf96d3597a795575a5abe9256e0143c2ed0f
    models/LeftFingerJoint43y_joint_visu.wrl -> 395c609ed268feb940855099f538c46a54c3a4d8
    models/RightFingerJoint53y_joint_visu.wrl -> 9d95789602901425bad9b4435dea2b4be5431202
    models/LeftFingerJoint42y_joint_visu.wrl -> e487f595b7019c407f92b0f00de5260e64e56c97
    models/LAsegment_joint_visu.wrl -> bb0d5feb0455fbd2c425d138b7f487260f4bf1bc
    models/BTSegment_joint_visu.wrl -> 22abe8deeec243c99e31ec02fa59372e98ac8471
    models/RKsegment_joint_visu.wrl -> 18b381d65e3337bcb0d1ff5928773884a1e17d57
    models/LeftFingerJoint41y_joint_visu.wrl -> 61402f6746307792f4303e574af749b94086a4ec
    models/LSCsegment_joint_visu.wrl -> c32a20b7e31becf394d78b5655efc5565b038b80
    models/LeftFingerJoint11y_joint_visu.wrl -> 0cbfceda8d89deb375f7933c8078af5147ec84b2
    models/RightFingerJoint41y_joint_visu.wrl -> 020541ab865e4e3e9fa2695e0f4eff71b52ad52d
    models/RWy_joint_visu.wrl -> 2b11028aee46fb62e614338be3dd5644c1a824ee
    models/LeftFingerJoint23y_joint_visu.wrl -> 478e70ae519508040adb535da7a7998bba1b8c42
    models/RSsegment_joint_visu.wrl -> 612de2c24f203d5846930907a5df9cef5d9578dd
    models/LeftFingerJoint12y_joint_visu.wrl -> 024079388e0352cf2dd7d6c0c4d45ee34851930c
    models/LWsegment_joint_visu.wrl -> 3c8bc8f30c2fdfc5956ddac1f868ed768806d7fd
    models/RightFingerJoint22y_joint_visu.wrl -> 0b36fec3092c4692c7809ee795740f148ffb0be8
    models/RMrot_joint_visu.wrl -> a56cefc9affb5ca3f87c8ad0a9ef880f3355f2f0
    models/LeftFingerJoint40y_joint_visu.wrl -> ebee55b3729d26fb04a73d5b427025dbf464f288
    models/LeftFingerJoint21y_joint_visu.wrl -> a890d2d55d8afbe701827374715b7e671862cc4f
    models/REsegment_joint_visu.wrl -> d709750461631f850f8441b85f4861ca47df51ae
    models/RHsegment_joint_visu.wrl -> 54fb3a26ddb8f2d419752eb76c4e488efef6b43c
    models/RightFingerJoint52y_joint_visu.wrl -> 44f18db78bed86bf1ddb981a1e678027e51db918
    models/RightFingerJoint50y_joint_visu.wrl -> 13ede518eb635943fcd4564499f4fdb69d27780e
    models/LFx_joint_visu.wrl -> 5d47b342ff68d5d2b2d9c7e22c5cf098909060c6
    models/LKsegment_joint_visu.wrl -> 5780b7d3a585852e8707cb2363bfa8d4d3b461f7
    models/LeftFingerJoint13y_joint_visu.wrl -> 8a00c78adf18bdebd78a513323b5f28f02d117be
    models/RightFingerJoint51y_joint_visu.wrl -> d78052a78ea694e1d35e6b91354db0a64493fbf4
    models/RightFingerJoint11y_joint_visu.wrl -> a05a4116eafe1434c190e03faa62753bcd333105
    models/LeftFingerJoint22y_joint_visu.wrl -> 7fee0851bbbc487512ffb12e46d738fc0837aa0c
    models/LAy_joint_visu.wrl -> de3953d8ffbf479f0eb229748cfdd897a408012e
    models/LEsegment_joint_visu.wrl -> 1bf5a0382df53cb4aef1ebf578e4d535a0cd3d7b
    models/RightFingerJoint31y_joint_visu.wrl -> 4f0efb942b57fffc5b3177798a71bcdbb9b92042
    models/LeftFingerJoint32y_joint_visu.wrl -> 685ae87120ee0d9ba5d764c8ff99385aa9d79a04
    models/RightFingerJoint32y_joint_visu.wrl -> 47d29dfecd9514a3973b021c83bc361364341093
    models/LeftFingerJoint31y_joint_visu.wrl -> d24789234312bf68c77c7830508763d07f9feec0
    models/LMrot_joint_visu.wrl -> 94047f5a29e3373271bba5d61ccbbacf9bfb01af
    models/LWy_joint_visu.wrl -> 33ba8f54774fa65838a8ae38c3d558f06fe00bc0
    models/LeftFingerJoint52y_joint_visu.wrl -> 3f7d688708cf5f55104348d5bc102dcc7b7a0a66
    models/LSsegment_joint_visu.wrl -> f34e7eae1658b3ae618b5bc40ebc1da529c7e0a3
    models/RAsegment_joint_visu.wrl -> bf9735bb8cbd74e01e9087f0ccad4783edc49231
    models/LeftFingerJoint50y_joint_visu.wrl -> c2f6364fe16768bd1382d1b02c327d9dcf43fd03
    models/LeftFingerJoint51y_joint_visu.wrl -> 0c2664365d375a3d9dd190818483e292027433d3
    models/LeftHandSegment_joint_visu.wrl -> 581235ef3290f47c527e74693e4a232056642bcf
    models/BTy_joint_visu.wrl -> 818c33f75e2b278db824d223d8796b1d1ca48213
    models/RWsegment_joint_visu.wrl -> de46619cf74eb2ffe74ab7fdaaf4cd485034b959
    models/RFx_joint_visu.wrl -> 7e0fad07af2c1f6a4bad2e40caa9cdcfafa5d748

Missing subject markers: []

Subject conversion error:
Conversion Error: avg/avg = 33.92, worst avg = 41.24, worst max = 112.89

The per-frame conversion errors are: (avg/max for subject and every object)
  Frame 0: 41.24/104.50
  Frame 1: 40.94/104.11
  Frame 2: 40.93/103.96
  Frame 3: 40.92/103.99
  Frame 4: 40.94/103.94
  Frame 5: 40.92/103.96
  Frame 6: 40.93/104.04
  Frame 7: 40.90/103.98
  Frame 8: 40.86/104.08
  Frame 9: 40.86/103.95
  Frame 10: 40.82/104.13
  Frame 11: 40.81/104.03
  Frame 12: 40.79/103.95
  Frame 13: 40.77/104.04
  Frame 14: 40.74/103.97
  Frame 15: 40.75/103.86
  Frame 16: 40.74/103.80
  Frame 17: 40.71/103.78
  Frame 18: 40.70/103.65
  Frame 19: 40.68/103.63
  Frame 20: 40.68/103.69
  Frame 21: 40.65/103.71
  Frame 22: 40.64/103.69
  Frame 23: 40.63/103.51
  Frame 24: 40.60/103.52
  Frame 25: 40.60/103.42
  Frame 26: 40.58/103.50
  Frame 27: 40.58/103.40
  Frame 28: 40.57/103.48
  Frame 29: 40.56/103.36
  Frame 30: 40.55/103.40
  Frame 31: 40.56/103.40
  Frame 32: 40.53/103.39
  Frame 33: 40.52/103.49
  Frame 34: 40.51/103.45
  Frame 35: 40.53/103.34
  Frame 36: 40.52/103.41
  Frame 37: 40.51/103.46
  Frame 38: 40.51/103.46
  Frame 39: 40.49/103.52
  Frame 40: 40.49/103.44
  Frame 41: 40.48/103.44
  Frame 42: 40.48/103.39
  Frame 43: 40.48/103.31
  Frame 44: 40.47/103.36
  Frame 45: 40.46/103.34
  Frame 46: 40.45/103.39
  Frame 47: 40.45/103.42
  Frame 48: 40.44/103.44
  Frame 49: 40.43/103.52
  Frame 50: 40.43/103.59
  Frame 51: 40.43/103.56
  Frame 52: 40.43/103.56
  Frame 53: 40.43/103.61
  Frame 54: 40.42/103.58
  Frame 55: 40.40/103.71
  Frame 56: 40.40/103.66
  Frame 57: 40.39/103.68
  Frame 58: 40.39/103.71
  Frame 59: 40.37/103.85
  Frame 60: 40.38/103.97
  Frame 61: 40.36/104.22
  Frame 62: 40.34/104.46
  Frame 63: 40.33/104.57
  Frame 64: 40.33/104.57
  Frame 65: 40.32/104.81
  Frame 66: 40.30/104.85
  Frame 67: 40.28/104.95
  Frame 68: 40.29/105.15
  Frame 69: 40.31/104.98
  Frame 70: 40.30/105.17
  Frame 71: 40.30/105.21
  Frame 72: 40.26/104.90
  Frame 73: 40.25/105.04
  Frame 74: 40.23/105.01
  Frame 75: 40.20/104.94
  Frame 76: 40.16/105.23
  Frame 77: 40.14/105.35
  Frame 78: 40.14/105.41
  Frame 79: 40.10/105.57
  Frame 80: 40.05/105.35
  Frame 81: 40.00/105.34
  Frame 82: 39.98/105.41
  Frame 83: 39.95/105.43
  Frame 84: 39.93/105.61
  Frame 85: 39.94/105.40
  Frame 86: 39.85/105.18
  Frame 87: 39.81/105.02
  Frame 88: 39.74/105.23
  Frame 89: 39.70/105.13
  Frame 90: 39.68/105.31
  Frame 91: 39.63/105.27
  Frame 92: 39.62/105.43
  Frame 93: 39.53/105.42
  Frame 94: 39.48/105.39
  Frame 95: 39.45/105.36
  Frame 96: 39.41/105.28
  Frame 97: 39.37/105.31
  Frame 98: 39.30/105.15
  Frame 99: 39.28/104.95
  Frame 100: 39.20/104.85
  Frame 101: 39.14/104.66
  Frame 102: 39.07/104.46
  Frame 103: 38.99/104.67
  Frame 104: 38.79/104.20
  Frame 105: 38.70/103.54
  Frame 106: 38.64/102.97
  Frame 107: 38.58/103.01
  Frame 108: 38.51/102.23
  Frame 109: 38.39/101.64
  Frame 110: 38.27/101.57
  Frame 111: 38.20/101.12
  Frame 112: 38.07/100.90
  Frame 113: 38.03/100.09
  Frame 114: 37.93/99.63
  Frame 115: 37.77/99.52
  Frame 116: 37.68/98.69
  Frame 117: 37.58/98.05
  Frame 118: 37.45/97.72
  Frame 119: 37.39/97.06
  Frame 120: 37.23/96.25
  Frame 121: 37.09/95.47
  Frame 122: 36.98/94.77
  Frame 123: 36.87/93.95
  Frame 124: 36.75/93.22
  Frame 125: 36.54/91.81
  Frame 126: 36.41/90.98
  Frame 127: 35.99/88.05
  Frame 128: 35.76/86.83
  Frame 129: 35.48/85.88
  Frame 130: 35.21/84.67
  Frame 131: 34.92/83.40
  Frame 132: 34.68/83.09
  Frame 133: 33.69/80.81
  Frame 134: 33.50/80.97
  Frame 135: 33.25/80.95
  Frame 136: 33.05/80.65
  Frame 137: 32.67/81.65
  Frame 138: 32.47/81.23
  Frame 139: 32.18/81.57
  Frame 140: 32.03/81.70
  Frame 141: 31.82/81.55
  Frame 142: 31.62/80.91
  Frame 143: 31.45/80.76
  Frame 144: 31.35/81.35
  Frame 145: 31.20/81.40
  Frame 146: 31.05/81.07
  Frame 147: 30.93/80.85
  Frame 148: 30.81/80.55
  Frame 149: 30.66/80.29
  Frame 150: 30.60/80.06
  Frame 151: 30.48/79.70
  Frame 152: 30.34/79.68
  Frame 153: 30.23/79.50
  Frame 154: 30.14/79.46
  Frame 155: 30.04/79.49
  Frame 156: 29.93/79.44
  Frame 157: 29.84/79.40
  Frame 158: 29.77/79.29
  Frame 159: 29.67/79.30
  Frame 160: 29.59/79.22
  Frame 161: 29.52/79.18
  Frame 162: 29.45/79.22
  Frame 163: 29.39/79.04
  Frame 164: 29.33/79.07
  Frame 165: 29.29/79.06
  Frame 166: 29.26/78.96
  Frame 167: 29.22/78.92
  Frame 168: 29.19/78.89
  Frame 169: 29.17/78.82
  Frame 170: 29.17/78.70
  Frame 171: 29.15/78.67
  Frame 172: 29.14/78.59
  Frame 173: 29.11/78.56
  Frame 174: 29.11/78.54
  Frame 175: 29.10/78.48
  Frame 176: 29.08/78.48
  Frame 177: 29.09/78.42
  Frame 178: 29.09/78.23
  Frame 179: 29.10/78.22
  Frame 180: 29.11/78.23
  Frame 181: 29.09/78.11
  Frame 182: 29.12/78.09
  Frame 183: 29.14/78.12
  Frame 184: 29.15/78.02
  Frame 185: 29.18/78.04
  Frame 186: 29.20/77.99
  Frame 187: 29.22/77.92
  Frame 188: 29.24/77.84
  Frame 189: 29.25/77.86
  Frame 190: 29.31/77.91
  Frame 191: 29.34/77.87
  Frame 192: 29.36/77.95
  Frame 193: 29.39/77.90
  Frame 194: 29.40/77.84
  Frame 195: 29.44/77.89
  Frame 196: 29.47/77.90
  Frame 197: 29.53/77.81
  Frame 198: 29.55/77.85
  Frame 199: 29.56/77.76
  Frame 200: 29.60/77.72
  Frame 201: 29.63/77.73
  Frame 202: 29.67/77.63
  Frame 203: 29.70/77.74
  Frame 204: 29.73/77.68
  Frame 205: 29.76/77.62
  Frame 206: 29.79/77.71
  Frame 207: 29.83/77.69
  Frame 208: 29.86/77.57
  Frame 209: 29.90/77.63
  Frame 210: 29.90/77.64
  Frame 211: 29.93/77.50
  Frame 212: 29.95/77.60
  Frame 213: 29.99/77.64
  Frame 214: 30.00/77.63
  Frame 215: 30.03/77.61
  Frame 216: 30.06/77.62
  Frame 217: 30.07/77.64
  Frame 218: 30.07/77.61
  Frame 219: 30.10/77.61
  Frame 220: 30.12/77.60
  Frame 221: 30.13/77.55
  Frame 222: 30.15/77.68
  Frame 223: 30.16/77.71
  Frame 224: 30.18/77.77
  Frame 225: 30.20/77.80
  Frame 226: 30.19/77.83
  Frame 227: 30.22/77.84
  Frame 228: 30.23/77.90
  Frame 229: 30.24/77.87
  Frame 230: 30.24/77.83
  Frame 231: 30.24/77.94
  Frame 232: 30.25/77.91
  Frame 233: 30.25/77.89
  Frame 234: 30.26/77.85
  Frame 235: 30.25/77.80
  Frame 236: 30.24/77.83
  Frame 237: 30.24/77.83
  Frame 238: 30.22/77.91
  Frame 239: 30.22/77.84
  Frame 240: 30.22/77.81
  Frame 241: 30.21/77.82
  Frame 242: 30.21/77.85
  Frame 243: 30.21/77.81
  Frame 244: 30.20/77.83
  Frame 245: 30.20/77.86
  Frame 246: 30.19/77.89
  Frame 247: 30.19/77.90
  Frame 248: 30.18/77.90
  Frame 249: 30.17/77.93
  Frame 250: 30.18/77.93
  Frame 251: 30.18/77.94
  Frame 252: 30.17/77.95
  Frame 253: 30.18/77.95
  Frame 254: 30.17/77.94
  Frame 255: 30.17/77.94
  Frame 256: 30.17/77.94
  Frame 257: 30.16/77.95
  Frame 258: 30.16/77.96
  Frame 259: 30.16/77.97
  Frame 260: 30.16/77.95
  Frame 261: 30.16/77.93
  Frame 262: 30.15/77.92
  Frame 263: 30.15/77.96
  Frame 264: 30.15/77.93
  Frame 265: 30.15/77.91
  Frame 266: 30.15/77.91
  Frame 267: 30.16/77.91
  Frame 268: 30.16/77.94
  Frame 269: 30.17/77.92
  Frame 270: 30.17/77.91
  Frame 271: 30.17/77.92
  Frame 272: 30.18/78.00
  Frame 273: 30.18/77.94
  Frame 274: 30.19/77.93
  Frame 275: 30.18/77.98
  Frame 276: 30.19/77.97
  Frame 277: 30.20/78.00
  Frame 278: 30.20/77.96
  Frame 279: 30.20/77.99
  Frame 280: 30.20/77.99
  Frame 281: 30.20/78.01
  Frame 282: 30.20/77.99
  Frame 283: 30.20/78.04
  Frame 284: 30.19/78.03
  Frame 285: 30.20/78.05
  Frame 286: 30.20/78.04
  Frame 287: 30.20/78.03
  Frame 288: 30.21/78.03
  Frame 289: 30.20/78.01
  Frame 290: 30.21/78.00
  Frame 291: 30.21/77.99
  Frame 292: 30.22/77.94
  Frame 293: 30.22/77.99
  Frame 294: 30.22/77.95
  Frame 295: 30.22/77.94
  Frame 296: 30.22/77.93
  Frame 297: 30.21/77.91
  Frame 298: 30.21/77.91
  Frame 299: 30.21/77.89
  Frame 300: 30.20/77.87
  Frame 301: 30.21/77.86
  Frame 302: 30.20/77.89
  Frame 303: 30.19/77.84
  Frame 304: 30.19/77.89
  Frame 305: 30.19/77.88
  Frame 306: 30.18/77.91
  Frame 307: 30.19/77.87
  Frame 308: 30.18/77.83
  Frame 309: 30.18/77.85
  Frame 310: 30.18/77.89
  Frame 311: 30.18/77.88
  Frame 312: 30.18/77.94
  Frame 313: 30.18/77.94
  Frame 314: 30.19/77.93
  Frame 315: 30.18/77.98
  Frame 316: 30.20/77.91
  Frame 317: 30.19/77.89
  Frame 318: 30.19/77.94
  Frame 319: 30.19/78.02
  Frame 320: 30.19/78.04
  Frame 321: 30.20/78.03
  Frame 322: 30.20/78.08
  Frame 323: 30.20/77.98
  Frame 324: 30.20/78.02
  Frame 325: 30.20/78.01
  Frame 326: 30.20/78.03
  Frame 327: 30.20/78.04
  Frame 328: 30.19/78.04
  Frame 329: 30.19/78.02
  Frame 330: 30.19/78.01
  Frame 331: 30.19/78.04
  Frame 332: 30.20/78.05
  Frame 333: 30.19/78.06
  Frame 334: 30.18/78.02
  Frame 335: 30.17/78.10
  Frame 336: 30.17/78.08
  Frame 337: 30.16/78.02
  Frame 338: 30.15/77.99
  Frame 339: 30.14/78.01
  Frame 340: 30.12/78.03
  Frame 341: 30.12/78.01
  Frame 342: 30.10/78.07
  Frame 343: 30.09/78.06
  Frame 344: 30.07/78.00
  Frame 345: 30.06/78.03
  Frame 346: 30.04/78.01
  Frame 347: 30.03/77.98
  Frame 348: 30.00/78.09
  Frame 349: 29.98/78.08
  Frame 350: 29.95/78.11
  Frame 351: 29.91/78.07
  Frame 352: 29.86/78.15
  Frame 353: 29.82/78.15
  Frame 354: 29.78/78.24
  Frame 355: 29.73/78.22
  Frame 356: 29.68/78.28
  Frame 357: 29.63/78.37
  Frame 358: 29.61/78.33
  Frame 359: 29.55/78.50
  Frame 360: 29.50/78.51
  Frame 361: 29.47/78.57
  Frame 362: 29.40/78.62
  Frame 363: 29.35/78.66
  Frame 364: 29.28/78.69
  Frame 365: 29.23/78.64
  Frame 366: 29.19/78.63
  Frame 367: 29.14/78.61
  Frame 368: 29.09/78.62
  Frame 369: 29.05/78.67
  Frame 370: 29.01/78.65
  Frame 371: 28.98/78.69
  Frame 372: 28.96/78.76
  Frame 373: 28.93/78.80
  Frame 374: 28.92/78.92
  Frame 375: 28.86/78.94
  Frame 376: 28.89/79.08
  Frame 377: 28.85/79.18
  Frame 378: 28.83/79.11
  Frame 379: 28.88/79.30
  Frame 380: 28.84/79.34
  Frame 381: 28.90/79.33
  Frame 382: 28.93/79.45
  Frame 383: 29.00/79.40
  Frame 384: 29.04/79.31
  Frame 385: 29.17/79.49
  Frame 386: 29.23/79.57
  Frame 387: 29.29/79.60
  Frame 388: 29.39/79.65
  Frame 389: 29.52/79.88
  Frame 390: 29.65/80.32
  Frame 391: 29.82/80.93
  Frame 392: 29.87/80.72
  Frame 393: 29.92/81.07
  Frame 394: 30.10/81.89
  Frame 395: 30.32/82.56
  Frame 396: 30.48/82.82
  Frame 397: 30.52/83.16
  Frame 398: 30.73/83.98
  Frame 399: 30.87/84.57
  Frame 400: 31.10/85.17
  Frame 401: 31.31/86.04
  Frame 402: 31.52/86.12
  Frame 403: 31.76/87.00
  Frame 404: 31.97/87.65
  Frame 405: 32.23/88.12
  Frame 406: 32.42/89.03
  Frame 407: 32.68/89.61
  Frame 408: 32.67/89.04
  Frame 409: 32.93/89.90
  Frame 410: 33.11/90.02
  Frame 411: 33.25/89.77
  Frame 412: 33.47/89.78
  Frame 413: 33.69/90.24
  Frame 414: 33.93/90.49
  Frame 415: 34.19/90.58
  Frame 416: 34.43/91.25
  Frame 417: 34.65/91.99
  Frame 418: 34.90/92.22
  Frame 419: 35.04/92.03
  Frame 420: 35.20/91.51
  Frame 421: 35.40/91.84
  Frame 422: 35.51/91.62
  Frame 423: 35.66/92.22
  Frame 424: 35.73/92.43
  Frame 425: 35.89/92.99
  Frame 426: 35.99/92.93
  Frame 427: 36.12/93.11
  Frame 428: 36.21/93.08
  Frame 429: 36.36/93.90
  Frame 430: 36.48/94.37
  Frame 431: 36.64/95.18
  Frame 432: 36.71/95.23
  Frame 433: 36.84/95.48
  Frame 434: 36.90/95.86
  Frame 435: 37.01/95.75
  Frame 436: 37.08/95.70
  Frame 437: 37.13/95.67
  Frame 438: 37.19/96.06
  Frame 439: 37.29/95.90
  Frame 440: 37.39/96.43
  Frame 441: 37.48/96.96
  Frame 442: 37.58/97.19
  Frame 443: 37.63/97.18
  Frame 444: 37.67/97.21
  Frame 445: 37.70/97.21
  Frame 446: 37.78/98.15
  Frame 447: 37.75/97.94
  Frame 448: 37.71/98.28
  Frame 449: 37.68/97.96
  Frame 450: 37.68/97.97
  Frame 451: 37.67/98.30
  Frame 452: 37.65/98.12
  Frame 453: 37.62/98.27
  Frame 454: 37.63/99.08
  Frame 455: 37.55/98.68
  Frame 456: 37.53/98.53
  Frame 457: 37.53/99.15
  Frame 458: 37.45/98.63
  Frame 459: 37.40/98.01
  Frame 460: 37.38/98.02
  Frame 461: 37.36/97.50
  Frame 462: 37.31/97.46
  Frame 463: 37.28/96.66
  Frame 464: 37.27/96.58
  Frame 465: 37.27/96.89
  Frame 466: 37.25/95.83
  Frame 467: 37.23/95.72
  Frame 468: 37.23/95.67
  Frame 469: 37.19/95.21
  Frame 470: 37.13/94.88
  Frame 471: 37.09/94.82
  Frame 472: 37.04/94.79
  Frame 473: 36.98/94.21
  Frame 474: 36.86/94.33
  Frame 475: 36.80/94.39
  Frame 476: 36.76/94.44
  Frame 477: 36.69/93.85
  Frame 478: 36.62/92.16
  Frame 479: 36.54/91.78
  Frame 480: 36.49/91.45
  Frame 481: 36.44/90.70
  Frame 482: 36.35/90.35
  Frame 483: 36.31/89.58
  Frame 484: 36.22/89.29
  Frame 485: 36.15/88.57
  Frame 486: 36.05/88.18
  Frame 487: 36.05/88.00
  Frame 488: 36.01/87.42
  Frame 489: 35.84/86.94
  Frame 490: 35.82/86.60
  Frame 491: 35.73/87.07
  Frame 492: 35.69/87.52
  Frame 493: 35.62/88.84
  Frame 494: 35.55/88.78
  Frame 495: 35.51/88.76
  Frame 496: 35.42/88.71
  Frame 497: 35.37/89.72
  Frame 498: 35.25/90.46
  Frame 499: 35.18/91.00
  Frame 500: 35.12/91.68
  Frame 501: 35.06/92.05
  Frame 502: 35.01/92.04
  Frame 503: 34.95/92.11
  Frame 504: 34.93/92.40
  Frame 505: 34.85/92.55
  Frame 506: 34.82/92.95
  Frame 507: 34.76/93.13
  Frame 508: 34.75/93.34
  Frame 509: 34.68/93.63
  Frame 510: 34.66/93.76
  Frame 511: 34.60/93.81
  Frame 512: 34.57/93.86
  Frame 513: 34.54/93.85
  Frame 514: 34.52/94.29
  Frame 515: 34.49/94.17
  Frame 516: 34.46/94.19
  Frame 517: 34.44/94.69
  Frame 518: 34.42/94.95
  Frame 519: 34.39/95.19
  Frame 520: 34.37/94.94
  Frame 521: 34.36/95.12
  Frame 522: 34.35/95.15
  Frame 523: 34.34/95.11
  Frame 524: 34.34/95.18
  Frame 525: 34.34/95.10
  Frame 526: 34.33/95.06
  Frame 527: 34.33/94.95
  Frame 528: 34.34/94.85
  Frame 529: 34.31/94.44
  Frame 530: 34.32/94.36
  Frame 531: 34.31/94.18
  Frame 532: 34.30/93.92
  Frame 533: 34.31/93.99
  Frame 534: 34.29/93.90
  Frame 535: 34.29/93.92
  Frame 536: 34.30/93.69
  Frame 537: 34.30/93.88
  Frame 538: 34.29/93.92
  Frame 539: 34.29/94.03
  Frame 540: 34.28/93.87
  Frame 541: 34.29/93.86
  Frame 542: 34.29/93.87
  Frame 543: 34.28/93.87
  Frame 544: 34.31/93.88
  Frame 545: 34.32/93.87
  Frame 546: 34.33/93.69
  Frame 547: 34.34/93.78
  Frame 548: 34.36/93.85
  Frame 549: 34.38/93.69
  Frame 550: 34.39/93.55
  Frame 551: 34.42/93.63
  Frame 552: 34.45/93.47
  Frame 553: 34.47/93.33
  Frame 554: 34.49/93.38
  Frame 555: 34.51/93.30
  Frame 556: 34.52/93.32
  Frame 557: 34.54/93.31
  Frame 558: 34.55/93.25
  Frame 559: 34.56/93.30
  Frame 560: 34.54/93.06
  Frame 561: 34.53/92.95
  Frame 562: 34.52/92.82
  Frame 563: 34.49/92.76
  Frame 564: 34.45/92.66
  Frame 565: 34.42/92.52
  Frame 566: 34.41/92.38
  Frame 567: 34.37/92.33
  Frame 568: 34.37/92.31
  Frame 569: 34.30/92.27
  Frame 570: 34.26/92.36
  Frame 571: 34.25/92.30
  Frame 572: 34.24/92.66
  Frame 573: 34.22/92.88
  Frame 574: 34.21/92.99
  Frame 575: 34.18/93.09
  Frame 576: 34.19/93.19
  Frame 577: 34.18/93.38
  Frame 578: 34.18/93.25
  Frame 579: 34.18/93.59
  Frame 580: 34.18/93.78
  Frame 581: 34.20/94.04
  Frame 582: 34.19/94.15
  Frame 583: 34.19/94.33
  Frame 584: 34.21/94.81
  Frame 585: 34.21/95.27
  Frame 586: 34.22/95.39
  Frame 587: 34.23/95.75
  Frame 588: 34.27/96.01
  Frame 589: 34.29/96.18
  Frame 590: 34.30/96.19
  Frame 591: 34.29/96.26
  Frame 592: 34.34/96.13
  Frame 593: 34.34/96.47
  Frame 594: 34.33/96.66
  Frame 595: 34.34/96.74
  Frame 596: 34.36/96.82
  Frame 597: 34.42/96.62
  Frame 598: 34.49/96.06
  Frame 599: 34.49/96.26
  Frame 600: 34.45/96.54
  Frame 601: 34.54/96.77
  Frame 602: 34.55/96.68
  Frame 603: 34.60/96.93
  Frame 604: 34.62/96.88
  Frame 605: 34.69/97.22
  Frame 606: 34.75/97.09
  Frame 607: 34.79/97.32
  Frame 608: 34.88/97.27
  Frame 609: 34.94/97.11
  Frame 610: 35.01/97.00
  Frame 611: 35.08/96.66
  Frame 612: 35.13/96.67
  Frame 613: 35.22/96.74
  Frame 614: 35.33/97.00
  Frame 615: 35.39/96.86
  Frame 616: 35.46/96.88
  Frame 617: 35.50/96.34
  Frame 618: 35.59/96.22
  Frame 619: 35.66/96.13
  Frame 620: 35.75/96.19
  Frame 621: 35.76/96.18
  Frame 622: 35.87/96.63
  Frame 623: 35.91/96.05
  Frame 624: 35.94/95.68
  Frame 625: 35.99/95.42
  Frame 626: 36.08/96.01
  Frame 627: 36.12/95.66
  Frame 628: 36.23/95.23
  Frame 629: 36.28/95.15
  Frame 630: 36.32/95.84
  Frame 631: 36.40/95.64
  Frame 632: 36.46/95.73
  Frame 633: 36.55/95.75
  Frame 634: 36.67/95.49
  Frame 635: 36.76/95.85
  Frame 636: 36.88/95.18
  Frame 637: 36.94/95.09
  Frame 638: 37.11/93.28
  Frame 639: 37.18/93.94
  Frame 640: 37.36/91.77
  Frame 641: 37.49/91.75
  Frame 642: 37.57/92.63
  Frame 643: 37.58/93.03
  Frame 644: 37.68/93.59
  Frame 645: 37.79/94.03
  Frame 646: 37.89/94.69
  Frame 647: 37.89/95.23
  Frame 648: 38.02/95.68
  Frame 649: 38.09/96.45
  Frame 650: 38.16/98.23
  Frame 651: 38.20/98.04
  Frame 652: 38.25/99.12
  Frame 653: 38.29/98.54
  Frame 654: 38.29/98.76
  Frame 655: 38.25/98.67
  Frame 656: 38.27/99.41
  Frame 657: 38.26/99.17
  Frame 658: 38.28/99.40
  Frame 659: 38.28/99.53
  Frame 660: 38.34/99.89
  Frame 661: 38.31/100.00
  Frame 662: 38.24/99.41
  Frame 663: 38.22/100.72
  Frame 664: 38.20/100.27
  Frame 665: 38.14/99.78
  Frame 666: 38.10/99.86
  Frame 667: 38.06/99.48
  Frame 668: 38.00/99.14
  Frame 669: 37.96/99.12
  Frame 670: 37.90/99.15
  Frame 671: 37.85/99.15
  Frame 672: 37.79/98.87
  Frame 673: 37.75/98.90
  Frame 674: 37.72/98.76
  Frame 675: 37.64/98.58
  Frame 676: 37.59/98.39
  Frame 677: 37.54/98.26
  Frame 678: 37.52/98.42
  Frame 679: 37.47/98.34
  Frame 680: 37.39/98.02
  Frame 681: 37.34/97.80
  Frame 682: 37.26/97.51
  Frame 683: 37.22/97.40
  Frame 684: 37.17/97.45
  Frame 685: 37.15/97.36
  Frame 686: 37.08/97.25
  Frame 687: 37.06/97.14
  Frame 688: 37.01/96.96
  Frame 689: 36.94/96.68
  Frame 690: 36.80/94.86
  Frame 691: 36.79/95.07
  Frame 692: 36.64/93.20
  Frame 693: 36.65/93.74
  Frame 694: 36.51/92.63
  Frame 695: 36.44/91.93
  Frame 696: 36.32/91.24
  Frame 697: 36.25/90.34
  Frame 698: 36.14/89.77
  Frame 699: 36.04/89.08
  Frame 700: 35.95/88.50
  Frame 701: 35.80/87.78
  Frame 702: 35.73/87.21
  Frame 703: 35.71/86.30
  Frame 704: 35.65/85.59
  Frame 705: 35.61/85.59
  Frame 706: 35.50/86.59
  Frame 707: 35.45/87.89
  Frame 708: 35.40/87.17
  Frame 709: 35.35/88.50
  Frame 710: 35.28/88.77
  Frame 711: 35.14/89.24
  Frame 712: 35.10/90.83
  Frame 713: 35.06/90.71
  Frame 714: 34.97/91.12
  Frame 715: 34.92/92.01
  Frame 716: 34.86/91.96
  Frame 717: 34.87/92.38
  Frame 718: 34.78/92.58
  Frame 719: 34.74/92.16
  Frame 720: 34.71/92.74
  Frame 721: 34.66/92.84
  Frame 722: 34.63/93.03
  Frame 723: 34.60/93.12
  Frame 724: 34.58/93.44
  Frame 725: 34.53/93.46
  Frame 726: 34.50/93.76
  Frame 727: 34.48/94.14
  Frame 728: 34.45/94.47
  Frame 729: 34.40/94.68
  Frame 730: 34.38/94.22
  Frame 731: 34.37/94.42
  Frame 732: 34.33/94.93
  Frame 733: 34.31/95.12
  Frame 734: 34.30/95.20
  Frame 735: 34.28/95.37
  Frame 736: 34.26/95.53
  Frame 737: 34.25/95.48
  Frame 738: 34.24/95.84
  Frame 739: 34.25/95.72
  Frame 740: 34.25/95.55
  Frame 741: 34.24/95.76
  Frame 742: 34.24/95.61
  Frame 743: 34.23/95.61
  Frame 744: 34.21/95.97
  Frame 745: 34.23/96.10
  Frame 746: 34.22/96.11
  Frame 747: 34.23/95.94
  Frame 748: 34.23/95.81
  Frame 749: 34.25/96.13
  Frame 750: 34.22/96.08
  Frame 751: 34.23/96.17
  Frame 752: 34.26/96.15
  Frame 753: 34.28/96.18
  Frame 754: 34.29/96.29
  Frame 755: 34.28/96.09
  Frame 756: 34.30/96.11
  Frame 757: 34.32/96.25
  Frame 758: 34.35/95.99
  Frame 759: 34.34/95.82
  Frame 760: 34.36/95.79
  Frame 761: 34.36/95.55
  Frame 762: 34.41/95.34
  Frame 763: 34.44/95.27
  Frame 764: 34.52/95.29
  Frame 765: 34.55/95.13
  Frame 766: 34.58/94.88
  Frame 767: 34.60/94.84
  Frame 768: 34.62/94.24
  Frame 769: 34.69/94.06
  Frame 770: 34.73/93.84
  Frame 771: 34.79/93.44
  Frame 772: 34.84/93.26
  Frame 773: 34.88/93.02
  Frame 774: 34.92/92.90
  Frame 775: 34.95/92.89
  Frame 776: 34.97/92.70
  Frame 777: 34.97/92.70
  Frame 778: 34.96/92.56
  Frame 779: 34.95/92.53
  Frame 780: 34.92/92.48
  Frame 781: 34.88/92.51
  Frame 782: 34.83/92.42
  Frame 783: 34.78/92.47
  Frame 784: 34.73/92.57
  Frame 785: 34.67/92.71
  Frame 786: 34.61/92.82
  Frame 787: 34.56/92.95
  Frame 788: 34.51/93.04
  Frame 789: 34.47/93.27
  Frame 790: 34.44/93.42
  Frame 791: 34.40/93.60
  Frame 792: 34.39/93.71
  Frame 793: 34.38/94.22
  Frame 794: 34.35/94.35
  Frame 795: 34.34/94.62
  Frame 796: 34.30/94.82
  Frame 797: 34.29/94.97
  Frame 798: 34.30/95.65
  Frame 799: 34.29/95.96
  Frame 800: 34.30/96.34
  Frame 801: 34.28/96.60
  Frame 802: 34.26/96.74
  Frame 803: 34.27/96.82
  Frame 804: 34.27/96.83
  Frame 805: 34.25/97.24
  Frame 806: 34.25/97.13
  Frame 807: 34.25/97.18
  Frame 808: 34.25/97.25
  Frame 809: 34.24/97.40
  Frame 810: 34.25/97.19
  Frame 811: 34.28/97.22
  Frame 812: 34.28/97.43
  Frame 813: 34.25/97.22
  Frame 814: 34.28/97.44
  Frame 815: 34.28/97.36
  Frame 816: 34.30/97.46
  Frame 817: 34.32/97.42
  Frame 818: 34.35/97.47
  Frame 819: 34.38/97.29
  Frame 820: 34.40/96.98
  Frame 821: 34.41/97.23
  Frame 822: 34.43/97.24
  Frame 823: 34.50/97.10
  Frame 824: 34.53/97.16
  Frame 825: 34.59/97.07
  Frame 826: 34.61/97.07
  Frame 827: 34.64/97.07
  Frame 828: 34.70/97.10
  Frame 829: 34.74/96.95
  Frame 830: 34.81/97.27
  Frame 831: 34.85/97.12
  Frame 832: 34.94/97.61
  Frame 833: 34.97/97.39
  Frame 834: 35.03/97.45
  Frame 835: 35.08/97.32
  Frame 836: 35.15/97.27
  Frame 837: 35.19/97.31
  Frame 838: 35.26/97.73
  Frame 839: 35.31/97.71
  Frame 840: 35.40/97.48
  Frame 841: 35.49/97.41
  Frame 842: 35.54/96.74
  Frame 843: 35.64/97.22
  Frame 844: 35.68/96.93
  Frame 845: 35.79/96.97
  Frame 846: 35.85/96.87
  Frame 847: 35.95/96.90
  Frame 848: 36.05/96.12
  Frame 849: 36.11/96.85
  Frame 850: 36.17/96.28
  Frame 851: 36.26/95.83
  Frame 852: 36.34/95.79
  Frame 853: 36.38/95.61
  Frame 854: 36.47/95.39
  Frame 855: 36.54/95.54
  Frame 856: 36.59/95.76
  Frame 857: 36.70/95.64
  Frame 858: 36.76/94.95
  Frame 859: 36.83/95.52
  Frame 860: 36.92/96.13
  Frame 861: 37.02/96.56
  Frame 862: 37.12/97.25
  Frame 863: 37.19/97.61
  Frame 864: 37.25/98.32
  Frame 865: 37.33/99.13
  Frame 866: 37.39/99.55
  Frame 867: 37.49/100.10
  Frame 868: 37.59/100.51
  Frame 869: 37.69/100.93
  Frame 870: 37.75/101.57
  Frame 871: 37.87/102.05
  Frame 872: 37.83/102.28
  Frame 873: 37.85/102.80
  Frame 874: 37.96/102.84
  Frame 875: 37.93/102.86
  Frame 876: 37.94/102.77
  Frame 877: 37.90/102.59
  Frame 878: 37.91/102.58
  Frame 879: 37.84/102.37
  Frame 880: 37.75/102.09
  Frame 881: 37.74/101.89
  Frame 882: 37.71/101.56
  Frame 883: 37.68/101.37
  Frame 884: 37.67/100.73
  Frame 885: 37.62/100.51
  Frame 886: 37.54/100.19
  Frame 887: 37.50/100.13
  Frame 888: 37.46/99.95
  Frame 889: 37.38/99.66
  Frame 890: 37.37/99.26
  Frame 891: 37.33/99.10
  Frame 892: 37.26/98.93
  Frame 893: 37.22/98.67
  Frame 894: 37.18/98.37
  Frame 895: 37.16/98.26
  Frame 896: 37.13/97.80
  Frame 897: 37.08/97.43
  Frame 898: 37.03/97.03
  Frame 899: 37.03/96.69
  Frame 900: 37.02/96.41
  Frame 901: 36.96/96.62
  Frame 902: 36.93/96.70
  Frame 903: 36.83/96.47
  Frame 904: 36.79/96.69
  Frame 905: 36.67/96.13
  Frame 906: 36.64/95.26
  Frame 907: 36.54/96.25
  Frame 908: 36.44/95.82
  Frame 909: 36.36/95.47
  Frame 910: 36.28/95.03
  Frame 911: 36.22/94.90
  Frame 912: 36.18/94.78
  Frame 913: 36.08/94.11
  Frame 914: 36.00/93.49
  Frame 915: 35.97/93.08
  Frame 916: 35.81/92.66
  Frame 917: 35.60/92.44
  Frame 918: 35.54/92.18
  Frame 919: 35.47/91.95
  Frame 920: 35.42/91.63
  Frame 921: 35.12/91.01
  Frame 922: 35.06/90.75
  Frame 923: 34.95/89.99
  Frame 924: 34.88/90.12
  Frame 925: 34.60/89.91
  Frame 926: 34.51/89.41
  Frame 927: 34.36/89.18
  Frame 928: 34.29/88.85
  Frame 929: 34.18/88.74
  Frame 930: 34.08/88.31
  Frame 931: 33.94/87.97
  Frame 932: 33.82/87.73
  Frame 933: 33.64/87.54
  Frame 934: 33.50/87.33
  Frame 935: 33.38/87.09
  Frame 936: 33.26/87.13
  Frame 937: 33.11/86.51
  Frame 938: 32.98/86.17
  Frame 939: 32.77/85.79
  Frame 940: 32.66/85.74
  Frame 941: 32.50/85.83
  Frame 942: 32.34/85.32
  Frame 943: 32.16/85.25
  Frame 944: 32.02/84.87
  Frame 945: 31.85/84.37
  Frame 946: 31.72/84.42
  Frame 947: 31.57/83.67
  Frame 948: 31.40/83.39
  Frame 949: 31.24/83.66
  Frame 950: 31.06/83.27
  Frame 951: 30.97/82.49
  Frame 952: 30.87/81.81
  Frame 953: 30.69/81.34
  Frame 954: 30.60/80.93
  Frame 955: 30.43/80.60
  Frame 956: 30.32/80.66
  Frame 957: 30.18/80.49
  Frame 958: 30.09/80.44
  Frame 959: 29.97/80.55
  Frame 960: 29.86/80.40
  Frame 961: 29.77/80.29
  Frame 962: 29.67/80.29
  Frame 963: 29.56/80.39
  Frame 964: 29.48/80.24
  Frame 965: 29.43/80.25
  Frame 966: 29.35/80.26
  Frame 967: 29.30/80.10
  Frame 968: 29.23/80.02
  Frame 969: 29.19/79.97
  Frame 970: 29.10/79.98
  Frame 971: 29.05/79.91
  Frame 972: 28.99/79.91
  Frame 973: 28.94/79.89
  Frame 974: 28.90/79.86
  Frame 975: 28.86/79.89
  Frame 976: 28.84/79.82
  Frame 977: 28.80/79.86
  Frame 978: 28.78/79.79
  Frame 979: 28.76/79.73
  Frame 980: 28.76/79.73
  Frame 981: 28.76/79.72
  Frame 982: 28.75/79.64
  Frame 983: 28.75/79.62
  Frame 984: 28.74/79.59
  Frame 985: 28.74/79.58
  Frame 986: 28.75/79.56
  Frame 987: 28.75/79.47
  Frame 988: 28.75/79.44
  Frame 989: 28.76/79.47
  Frame 990: 28.77/79.41
  Frame 991: 28.77/79.37
  Frame 992: 28.77/79.31
  Frame 993: 28.78/79.32
  Frame 994: 28.78/79.24
  Frame 995: 28.79/79.23
  Frame 996: 28.81/79.17
  Frame 997: 28.84/79.14
  Frame 998: 28.85/79.11
  Frame 999: 28.87/79.16
  Frame 1000: 28.87/79.14
  Frame 1001: 28.91/79.14
  Frame 1002: 28.91/79.18
  Frame 1003: 28.95/79.24
  Frame 1004: 28.95/79.24
  Frame 1005: 28.98/79.23
  Frame 1006: 28.99/79.28
  Frame 1007: 29.02/79.34
  Frame 1008: 29.04/79.33
  Frame 1009: 29.08/79.37
  Frame 1010: 29.09/79.34
  Frame 1011: 29.12/79.33
  Frame 1012: 29.11/79.36
  Frame 1013: 29.15/79.30
  Frame 1014: 29.17/79.28
  Frame 1015: 29.19/79.23
  Frame 1016: 29.19/79.23
  Frame 1017: 29.20/79.18
  Frame 1018: 29.22/79.24
  Frame 1019: 29.25/79.20
  Frame 1020: 29.26/79.13
  Frame 1021: 29.28/79.16
  Frame 1022: 29.30/79.07
  Frame 1023: 29.32/79.14
  Frame 1024: 29.33/79.03
  Frame 1025: 29.35/79.10
  Frame 1026: 29.36/79.10
  Frame 1027: 29.37/79.09
  Frame 1028: 29.39/79.07
  Frame 1029: 29.40/79.13
  Frame 1030: 29.41/79.01
  Frame 1031: 29.42/79.11
  Frame 1032: 29.42/79.05
  Frame 1033: 29.43/79.04
  Frame 1034: 29.43/79.09
  Frame 1035: 29.42/79.07
  Frame 1036: 29.42/79.07
  Frame 1037: 29.41/79.04
  Frame 1038: 29.41/78.98
  Frame 1039: 29.41/78.98
  Frame 1040: 29.41/79.07
  Frame 1041: 29.40/79.06
  Frame 1042: 29.40/79.05
  Frame 1043: 29.41/79.06
  Frame 1044: 29.40/79.03
  Frame 1045: 29.41/79.12
  Frame 1046: 29.40/79.16
  Frame 1047: 29.41/79.17
  Frame 1048: 29.42/79.20
  Frame 1049: 29.43/79.29
  Frame 1050: 29.43/79.31
  Frame 1051: 29.44/79.32
  Frame 1052: 29.46/79.32
  Frame 1053: 29.47/79.36
  Frame 1054: 29.48/79.38
  Frame 1055: 29.49/79.39
  Frame 1056: 29.50/79.43
  Frame 1057: 29.51/79.42
  Frame 1058: 29.51/79.38
  Frame 1059: 29.51/79.42
  Frame 1060: 29.52/79.43
  Frame 1061: 29.52/79.40
  Frame 1062: 29.52/79.37
  Frame 1063: 29.52/79.32
  Frame 1064: 29.52/79.37
  Frame 1065: 29.52/79.33
  Frame 1066: 29.52/79.33
  Frame 1067: 29.51/79.29
  Frame 1068: 29.50/79.27
  Frame 1069: 29.51/79.23
  Frame 1070: 29.50/79.27
  Frame 1071: 29.50/79.21
  Frame 1072: 29.50/79.26
  Frame 1073: 29.50/79.25
  Frame 1074: 29.50/79.22
  Frame 1075: 29.50/79.21
  Frame 1076: 29.50/79.21
  Frame 1077: 29.49/79.24
  Frame 1078: 29.49/79.26
  Frame 1079: 29.50/79.27
  Frame 1080: 29.49/79.29
  Frame 1081: 29.49/79.29
  Frame 1082: 29.49/79.34
  Frame 1083: 29.49/79.35
  Frame 1084: 29.49/79.41
  Frame 1085: 29.49/79.42
  Frame 1086: 29.49/79.45
  Frame 1087: 29.49/79.42
  Frame 1088: 29.50/79.44
  Frame 1089: 29.50/79.46
  Frame 1090: 29.50/79.47
  Frame 1091: 29.51/79.42
  Frame 1092: 29.50/79.42
  Frame 1093: 29.51/79.37
  Frame 1094: 29.50/79.38
  Frame 1095: 29.49/79.34
  Frame 1096: 29.47/79.31
  Frame 1097: 29.46/79.28
  Frame 1098: 29.45/79.13
  Frame 1099: 29.44/79.17
  Frame 1100: 29.41/79.22
  Frame 1101: 29.38/79.23
  Frame 1102: 29.35/79.27
  Frame 1103: 29.34/79.23
  Frame 1104: 29.32/79.29
  Frame 1105: 29.29/79.33
  Frame 1106: 29.24/79.38
  Frame 1107: 29.21/79.43
  Frame 1108: 29.18/79.50
  Frame 1109: 29.14/79.50
  Frame 1110: 29.08/79.53
  Frame 1111: 29.05/79.53
  Frame 1112: 29.02/79.52
  Frame 1113: 28.97/79.56
  Frame 1114: 28.92/79.61
  Frame 1115: 28.89/79.60
  Frame 1116: 28.84/79.74
  Frame 1117: 28.83/79.63
  Frame 1118: 28.81/79.72
  Frame 1119: 28.78/79.81
  Frame 1120: 28.78/79.77
  Frame 1121: 28.78/79.76
  Frame 1122: 28.79/79.89
  Frame 1123: 28.80/79.82
  Frame 1124: 28.82/79.93
  Frame 1125: 28.85/79.84
  Frame 1126: 28.85/80.04
  Frame 1127: 28.87/80.11
  Frame 1128: 28.87/80.15
  Frame 1129: 28.88/80.35
  Frame 1130: 28.90/80.41
  Frame 1131: 28.92/80.46
  Frame 1132: 28.95/80.45
  Frame 1133: 28.99/80.60
  Frame 1134: 29.06/80.68
  Frame 1135: 29.15/80.83
  Frame 1136: 29.24/80.81
  Frame 1137: 29.32/80.92
  Frame 1138: 29.44/81.03
  Frame 1139: 29.53/81.18
  Frame 1140: 29.65/81.31
  Frame 1141: 29.78/81.23
  Frame 1142: 29.92/81.51
  Frame 1143: 30.03/81.62
  Frame 1144: 30.16/82.24
  Frame 1145: 30.32/82.86
  Frame 1146: 30.46/83.50
  Frame 1147: 30.60/84.14
  Frame 1148: 30.78/84.70
  Frame 1149: 30.97/85.67
  Frame 1150: 31.13/86.16
  Frame 1151: 31.33/86.76
  Frame 1152: 31.55/87.61
  Frame 1153: 31.74/88.10
  Frame 1154: 31.97/88.82
  Frame 1155: 32.24/89.70
  Frame 1156: 32.40/90.21
  Frame 1157: 32.61/90.77
  Frame 1158: 32.85/91.38
  Frame 1159: 33.11/92.20
  Frame 1160: 33.30/92.48
  Frame 1161: 33.40/92.66
  Frame 1162: 33.57/93.37
  Frame 1163: 33.70/93.75
  Frame 1164: 33.78/94.01
  Frame 1165: 33.91/94.21
  Frame 1166: 33.95/94.03
  Frame 1167: 34.14/94.61
  Frame 1168: 34.14/94.67
  Frame 1169: 34.24/95.01
  Frame 1170: 34.35/95.32
  Frame 1171: 34.43/95.59
  Frame 1172: 34.44/95.54
  Frame 1173: 34.49/95.15
  Frame 1174: 34.53/95.59
  Frame 1175: 34.54/95.32
  Frame 1176: 34.58/95.12
  Frame 1177: 34.63/95.18
  Frame 1178: 34.64/95.04
  Frame 1179: 34.67/94.89
  Frame 1180: 34.74/95.29
  Frame 1181: 34.78/95.73
  Frame 1182: 34.76/95.29
  Frame 1183: 34.81/95.37
  Frame 1184: 34.85/95.62
  Frame 1185: 34.88/95.45
  Frame 1186: 34.88/95.05
  Frame 1187: 34.92/95.34
  Frame 1188: 35.05/96.12
  Frame 1189: 35.09/96.47
  Frame 1190: 35.15/96.64
  Frame 1191: 35.21/96.66
  Frame 1192: 35.27/96.68
  Frame 1193: 35.29/96.77
  Frame 1194: 35.33/96.83
  Frame 1195: 35.37/97.29
  Frame 1196: 35.42/97.59
  Frame 1197: 35.46/97.63
  Frame 1198: 35.50/97.86
  Frame 1199: 35.53/98.03
  Frame 1200: 35.55/97.93
  Frame 1201: 35.57/97.71
  Frame 1202: 35.58/98.13
  Frame 1203: 35.60/98.37
  Frame 1204: 35.66/98.27
  Frame 1205: 35.64/99.04
  Frame 1206: 35.64/99.81
  Frame 1207: 35.68/99.94
  Frame 1208: 35.69/100.61
  Frame 1209: 35.68/100.85
  Frame 1210: 35.68/101.31
  Frame 1211: 35.67/101.68
  Frame 1212: 35.69/102.22
  Frame 1213: 35.71/102.25
  Frame 1214: 35.68/102.99
  Frame 1215: 35.67/103.29
  Frame 1216: 35.67/103.48
  Frame 1217: 35.67/104.03
  Frame 1218: 35.71/103.52
  Frame 1219: 35.69/104.16
  Frame 1220: 35.72/104.33
  Frame 1221: 35.72/104.36
  Frame 1222: 35.71/104.94
  Frame 1223: 35.59/105.07
  Frame 1224: 35.64/105.24
  Frame 1225: 35.67/105.47
  Frame 1226: 35.70/105.62
  Frame 1227: 35.70/105.91
  Frame 1228: 35.71/106.52
  Frame 1229: 35.76/106.28
  Frame 1230: 35.75/106.94
  Frame 1231: 35.78/107.21
  Frame 1232: 35.80/107.33
  Frame 1233: 35.83/107.30
  Frame 1234: 35.84/107.66
  Frame 1235: 35.85/107.74
  Frame 1236: 35.89/107.97
  Frame 1237: 35.90/108.31
  Frame 1238: 35.92/108.54
  Frame 1239: 35.94/108.87
  Frame 1240: 35.95/109.09
  Frame 1241: 35.98/109.14
  Frame 1242: 35.99/109.66
  Frame 1243: 36.01/109.69
  Frame 1244: 36.03/109.96
  Frame 1245: 36.04/110.17
  Frame 1246: 36.06/110.58
  Frame 1247: 36.08/110.63
  Frame 1248: 36.11/110.73
  Frame 1249: 36.12/111.09
  Frame 1250: 36.14/111.01
  Frame 1251: 36.14/111.28
  Frame 1252: 36.14/111.66
  Frame 1253: 36.16/111.58
  Frame 1254: 36.17/111.59
  Frame 1255: 36.17/111.85
  Frame 1256: 36.18/112.00
  Frame 1257: 36.18/112.16
  Frame 1258: 36.20/112.15
  Frame 1259: 36.20/112.21
  Frame 1260: 36.20/112.39
  Frame 1261: 36.21/112.45
  Frame 1262: 36.21/112.65
  Frame 1263: 36.22/112.67
  Frame 1264: 36.23/112.72
  Frame 1265: 36.24/112.84
  Frame 1266: 36.25/112.89
  Frame 1267: 36.25/112.83
  Frame 1268: 36.25/112.83
  Frame 1269: 36.26/112.80
  Frame 1270: 36.26/112.88
  Frame 1271: 36.26/112.86
  Frame 1272: 36.27/112.78
  Frame 1273: 36.27/112.75
  Frame 1274: 36.27/112.67
  Frame 1275: 36.26/112.75
  Frame 1276: 36.27/112.63
  Frame 1277: 36.27/112.66
  Frame 1278: 36.27/112.57
  Frame 1279: 36.27/112.54
  Frame 1280: 36.27/112.55
  Frame 1281: 36.28/112.46
  Frame 1282: 36.28/112.42
  Frame 1283: 36.28/112.37
  Frame 1284: 36.28/112.26
  Frame 1285: 36.29/112.24
  Frame 1286: 36.29/112.22
  Frame 1287: 36.29/112.27
  Frame 1288: 36.29/112.21
  Frame 1289: 36.30/112.17
  Frame 1290: 36.29/112.20
  Frame 1291: 36.28/112.22
  Frame 1292: 36.29/112.08
  Frame 1293: 36.29/112.06
  Frame 1294: 36.29/111.99
  Frame 1295: 36.29/111.91
  Frame 1296: 36.28/111.90
  Frame 1297: 36.29/111.86
  Frame 1298: 36.29/111.78
  Frame 1299: 36.29/111.82
  Frame 1300: 36.29/111.81
  Frame 1301: 36.30/111.77
  Frame 1302: 36.29/111.81
  Frame 1303: 36.29/111.74
  Frame 1304: 36.28/111.72
  Frame 1305: 36.28/111.71
  Frame 1306: 36.28/111.70
  Frame 1307: 36.28/111.72
  Frame 1308: 36.28/111.66
  Frame 1309: 36.28/111.69
  Frame 1310: 36.28/111.69
  Frame 1311: 36.27/111.67
  Frame 1312: 36.28/111.59
  Frame 1313: 36.28/111.59
  Frame 1314: 36.28/111.56
  Frame 1315: 36.28/111.50
  Frame 1316: 36.29/111.45
  Frame 1317: 36.30/111.42
  Frame 1318: 36.30/111.34
  Frame 1319: 36.30/111.34
  Frame 1320: 36.30/111.31
  Frame 1321: 36.30/111.31
  Frame 1322: 36.30/111.35
  Frame 1323: 36.30/111.35
  Frame 1324: 36.29/111.33
  Frame 1325: 36.29/111.30
  Frame 1326: 36.28/111.30
  Frame 1327: 36.28/111.29
  Frame 1328: 36.28/111.24
  Frame 1329: 36.29/111.21
  Frame 1330: 36.28/111.20
  Frame 1331: 36.29/111.24
  Frame 1332: 36.29/111.21
  Frame 1333: 36.29/111.20
  Frame 1334: 36.30/111.25
  Frame 1335: 36.30/111.21
  Frame 1336: 36.31/111.21
  Frame 1337: 36.32/111.19
  Frame 1338: 36.33/111.19
  Frame 1339: 36.33/111.21
  Frame 1340: 36.34/111.16
  Frame 1341: 36.35/111.04
  Frame 1342: 36.35/111.09
  Frame 1343: 36.37/110.97
  Frame 1344: 36.37/110.87
  Frame 1345: 36.38/110.84
  Frame 1346: 36.39/110.74
  Frame 1347: 36.39/110.74
  Frame 1348: 36.39/110.70
  Frame 1349: 36.39/110.72
  Frame 1350: 36.39/110.73

The following line contains the information from above in a machine-readable format and can safely be ignored.
MMT/convert_db:{"subject_conversion_error": [[41.2434, 104.504], [40.9361, 104.105], [40.9314, 103.958], [40.9166, 103.993], [40.9395, 103.941], [40.921, 103.956], [40.9251, 104.037], [40.8969, 103.978], [40.8588, 104.078], [40.8554, 103.95], [40.8211, 104.126], [40.8102, 104.026], [40.7856, 103.954], [40.7686, 104.038], [40.7432, 103.965], [40.7457, 103.857], [40.7356, 103.804], [40.7088, 103.784], [40.6952, 103.652], [40.6808, 103.629], [40.677, 103.694], [40.6535, 103.707], [40.6398, 103.693], [40.6331, 103.511], [40.6044, 103.518], [40.603, 103.417], [40.5777, 103.499], [40.5796, 103.399], [40.5715, 103.482], [40.5602, 103.36], [40.5477, 103.397], [40.5554, 103.401], [40.5345, 103.388], [40.5224, 103.489], [40.5144, 103.446], [40.5272, 103.338], [40.5161, 103.41], [40.5064, 103.464], [40.5074, 103.459], [40.4943, 103.515], [40.4879, 103.436], [40.4754, 103.445], [40.4814, 103.391], [40.48, 103.315], [40.4675, 103.358], [40.4583, 103.342], [40.4547, 103.39], [40.4513, 103.419], [40.4413, 103.444], [40.4348, 103.524], [40.4293, 103.593], [40.43, 103.555], [40.4298, 103.556], [40.4285, 103.607], [40.4206, 103.575], [40.4038, 103.714], [40.4048, 103.663], [40.3939, 103.681], [40.3887, 103.708], [40.3743, 103.853], [40.3769, 103.974], [40.3633, 104.223], [40.3393, 104.464], [40.3319, 104.569], [40.3323, 104.57], [40.3249, 104.807], [40.3004, 104.85], [40.2792, 104.955], [40.2875, 105.147], [40.3069, 104.977], [40.3015, 105.174], [40.3034, 105.209], [40.26, 104.904], [40.2466, 105.044], [40.2254, 105.014], [40.1967, 104.937], [40.1582, 105.227], [40.1405, 105.351], [40.1433, 105.407], [40.0969, 105.568], [40.0507, 105.349], [40.0046, 105.343], [39.9794, 105.414], [39.9462, 105.426], [39.9285, 105.606], [39.9405, 105.401], [39.8451, 105.182], [39.8109, 105.016], [39.7398, 105.232], [39.7047, 105.134], [39.6778, 105.312], [39.6324, 105.272], [39.6214, 105.427], [39.5344, 105.425], [39.4817, 105.395], [39.4497, 105.358], [39.4064, 105.278], [39.3724, 105.314], [39.3018, 105.153], [39.2759, 104.954], [39.1985, 104.853], [39.1435, 104.663], [39.0655, 104.462], [38.989, 104.671], [38.7916, 104.199], [38.6961, 103.541], [38.6365, 102.97], [38.5778, 103.012], [38.5083, 102.226], [38.389, 101.638], [38.2746, 101.573], [38.1969, 101.12], [38.0729, 100.899], [38.0296, 100.091], [37.928, 99.6265], [37.7731, 99.5217], [37.6849, 98.6889], [37.5758, 98.0472], [37.4549, 97.7225], [37.3949, 97.0643], [37.2299, 96.2469], [37.0907, 95.4744], [36.9754, 94.7716], [36.8699, 93.9522], [36.7476, 93.2233], [36.5439, 91.8142], [36.4067, 90.9838], [35.9921, 88.0532], [35.7569, 86.8253], [35.4801, 85.8824], [35.2096, 84.6737], [34.9187, 83.402], [34.6757, 83.0949], [33.686, 80.8096], [33.4958, 80.9671], [33.2498, 80.9549], [33.0487, 80.6536], [32.6685, 81.6513], [32.4695, 81.2321], [32.1847, 81.5729], [32.0293, 81.7027], [31.8161, 81.5516], [31.6242, 80.9055], [31.4476, 80.7557], [31.3541, 81.3496], [31.2019, 81.4024], [31.0474, 81.069], [30.9256, 80.8468], [30.8083, 80.5479], [30.6594, 80.2869], [30.5991, 80.0552], [30.479, 79.7018], [30.3414, 79.6835], [30.2297, 79.5017], [30.1421, 79.4644], [30.0392, 79.4866], [29.9274, 79.4392], [29.8397, 79.3981], [29.767, 79.2938], [29.672, 79.299], [29.5938, 79.2249], [29.5191, 79.1847], [29.4463, 79.2163], [29.3937, 79.0428], [29.3262, 79.0679], [29.2915, 79.0638], [29.257, 78.9638], [29.2167, 78.921], [29.191, 78.8948], [29.1697, 78.8151], [29.1662, 78.7036], [29.1501, 78.6692], [29.1406, 78.5936], [29.114, 78.5605], [29.1101, 78.5428], [29.0972, 78.4761], [29.083, 78.4813], [29.0939, 78.4197], [29.0916, 78.23], [29.0957, 78.2235], [29.1099, 78.2261], [29.0948, 78.1062], [29.1231, 78.0874], [29.1357, 78.1183], [29.1513, 78.0157], [29.1763, 78.0401], [29.1999, 77.9878], [29.2205, 77.924], [29.2366, 77.8408], [29.245, 77.8611], [29.3119, 77.9077], [29.338, 77.8717], [29.3599, 77.9499], [29.387, 77.8995], [29.4024, 77.8415], [29.4428, 77.8903], [29.4728, 77.8983], [29.5252, 77.8113], [29.5521, 77.8486], [29.5612, 77.7573], [29.6044, 77.7171], [29.6309, 77.7257], [29.6676, 77.6295], [29.7049, 77.7401], [29.7328, 77.6752], [29.7622, 77.6205], [29.7912, 77.7148], [29.8297, 77.6946], [29.8641, 77.57], [29.9011, 77.6339], [29.8992, 77.6424], [29.9271, 77.5029], [29.9529, 77.6002], [29.9864, 77.6396], [30.0044, 77.6311], [30.0278, 77.6142], [30.0577, 77.6182], [30.0672, 77.6419], [30.0708, 77.6101], [30.0966, 77.6145], [30.1177, 77.6011], [30.1329, 77.5479], [30.1517, 77.6826], [30.1633, 77.7098], [30.1771, 77.7734], [30.1954, 77.7959], [30.1894, 77.8329], [30.2164, 77.8407], [30.2259, 77.8993], [30.2378, 77.8682], [30.2409, 77.8345], [30.2392, 77.9391], [30.2488, 77.9052], [30.2517, 77.8859], [30.2552, 77.8487], [30.2458, 77.8029], [30.2392, 77.8325], [30.2403, 77.8343], [30.2246, 77.9142], [30.2245, 77.8366], [30.2175, 77.8119], [30.2097, 77.8163], [30.2062, 77.8542], [30.2059, 77.8123], [30.2029, 77.8328], [30.1955, 77.864], [30.1902, 77.8875], [30.1873, 77.8997], [30.1846, 77.8978], [30.1736, 77.9252], [30.176, 77.9332], [30.177, 77.9416], [30.1734, 77.9479], [30.1757, 77.9464], [30.1747, 77.9384], [30.1679, 77.9387], [30.1665, 77.9366], [30.1619, 77.9481], [30.1563, 77.9588], [30.1578, 77.9684], [30.1556, 77.9524], [30.1556, 77.9267], [30.1514, 77.9234], [30.151, 77.959], [30.1523, 77.9292], [30.1525, 77.9149], [30.1527, 77.9053], [30.1562, 77.9057], [30.1584, 77.9411], [30.1691, 77.9212], [30.1708, 77.9068], [30.1724, 77.923], [30.1773, 78.003], [30.182, 77.9449], [30.1876, 77.9326], [30.1844, 77.9773], [30.1882, 77.9729], [30.1951, 77.9968], [30.2025, 77.9557], [30.1954, 77.9895], [30.1994, 77.9864], [30.1991, 78.0132], [30.1989, 77.9887], [30.201, 78.0407], [30.1916, 78.0276], [30.1963, 78.054], [30.2004, 78.0444], [30.2012, 78.0279], [30.206, 78.0345], [30.2028, 78.0107], [30.2056, 77.9983], [30.2139, 77.992], [30.2161, 77.9428], [30.2163, 77.9938], [30.2173, 77.9532], [30.2196, 77.9361], [30.2157, 77.9283], [30.2137, 77.9087], [30.213, 77.9126], [30.2086, 77.8861], [30.2031, 77.873], [30.2053, 77.856], [30.1964, 77.8895], [30.1946, 77.8418], [30.1881, 77.8864], [30.1861, 77.8761], [30.1836, 77.9101], [30.1879, 77.8706], [30.1838, 77.8327], [30.184, 77.8531], [30.1803, 77.8883], [30.1811, 77.8788], [30.1812, 77.9378], [30.1846, 77.9371], [30.1888, 77.9297], [30.1847, 77.9808], [30.1954, 77.9137], [30.1944, 77.8879], [30.1903, 77.9413], [30.1892, 78.0244], [30.1914, 78.0382], [30.1956, 78.0253], [30.1957, 78.0786], [30.1967, 77.9812], [30.1986, 78.0213], [30.2023, 78.0065], [30.2012, 78.0261], [30.1964, 78.0377], [30.1924, 78.0373], [30.1934, 78.0167], [30.1891, 78.0091], [30.1921, 78.0374], [30.1992, 78.0452], [30.1872, 78.0592], [30.1796, 78.016], [30.1666, 78.0981], [30.1659, 78.0836], [30.157, 78.021], [30.1453, 77.9854], [30.1354, 78.0141], [30.1188, 78.0311], [30.1169, 78.0147], [30.0953, 78.0712], [30.085, 78.0632], [30.0703, 77.9986], [30.0619, 78.0335], [30.0439, 78.0114], [30.0293, 77.9847], [29.9981, 78.088], [29.9798, 78.0834], [29.9472, 78.1106], [29.9078, 78.0725], [29.8614, 78.1451], [29.8188, 78.1524], [29.779, 78.2446], [29.7331, 78.221], [29.6829, 78.2841], [29.6314, 78.3747], [29.6117, 78.3257], [29.5475, 78.5028], [29.5008, 78.5121], [29.4663, 78.5734], [29.4036, 78.6164], [29.3484, 78.6552], [29.2839, 78.6913], [29.2326, 78.6448], [29.1925, 78.6287], [29.1391, 78.6056], [29.0863, 78.6206], [29.0548, 78.6705], [29.0108, 78.6534], [28.9845, 78.6934], [28.9565, 78.7627], [28.9337, 78.795], [28.9182, 78.9169], [28.865, 78.9387], [28.8886, 79.075], [28.8544, 79.1843], [28.8315, 79.1127], [28.8773, 79.3022], [28.8415, 79.3431], [28.8952, 79.3333], [28.9324, 79.452], [29.0026, 79.3973], [29.041, 79.314], [29.1653, 79.4926], [29.2289, 79.5691], [29.2877, 79.6], [29.3948, 79.653], [29.5189, 79.8795], [29.6509, 80.3198], [29.82, 80.9302], [29.8682, 80.7215], [29.9222, 81.0716], [30.0972, 81.8882], [30.3211, 82.5618], [30.477, 82.823], [30.5194, 83.1644], [30.7321, 83.979], [30.8739, 84.5661], [31.0958, 85.1736], [31.3116, 86.0439], [31.5244, 86.1225], [31.7637, 87.0015], [31.97, 87.6523], [32.2329, 88.1181], [32.4227, 89.0263], [32.6752, 89.6089], [32.67, 89.0432], [32.9302, 89.9048], [33.1111, 90.0203], [33.25, 89.7693], [33.4652, 89.781], [33.6886, 90.2384], [33.9305, 90.4893], [34.191, 90.5776], [34.428, 91.2502], [34.6488, 91.9928], [34.9013, 92.2226], [35.0441, 92.0303], [35.2031, 91.5089], [35.3998, 91.8352], [35.5111, 91.6201], [35.6557, 92.2193], [35.7332, 92.4314], [35.8882, 92.9868], [35.9891, 92.9285], [36.1208, 93.1081], [36.2059, 93.0806], [36.358, 93.9027], [36.4783, 94.368], [36.6371, 95.1796], [36.7103, 95.2313], [36.8371, 95.4791], [36.9046, 95.858], [37.0089, 95.7525], [37.0816, 95.7041], [37.1257, 95.6666], [37.1947, 96.0643], [37.2888, 95.8994], [37.3909, 96.4277], [37.48, 96.9585], [37.5754, 97.1944], [37.6315, 97.1842], [37.671, 97.209], [37.6979, 97.2068], [37.7808, 98.1474], [37.7528, 97.9427], [37.712, 98.2777], [37.6778, 97.9604], [37.6838, 97.9718], [37.6658, 98.3001], [37.6538, 98.1172], [37.617, 98.2688], [37.6279, 99.0826], [37.5518, 98.683], [37.531, 98.5282], [37.5329, 99.1462], [37.4473, 98.6346], [37.3993, 98.0114], [37.3756, 98.0247], [37.3589, 97.4967], [37.3051, 97.4623], [37.2821, 96.6596], [37.2661, 96.5757], [37.2689, 96.8921], [37.2524, 95.8261], [37.2315, 95.7243], [37.234, 95.6706], [37.1936, 95.209], [37.1298, 94.8842], [37.0885, 94.8218], [37.037, 94.7923], [36.98, 94.2115], [36.8599, 94.3259], [36.7989, 94.3946], [36.762, 94.4361], [36.6942, 93.8492], [36.6204, 92.1564], [36.5425, 91.7789], [36.4899, 91.4481], [36.4353, 90.7012], [36.3519, 90.3511], [36.3137, 89.5845], [36.2231, 89.2897], [36.1455, 88.5707], [36.0465, 88.1762], [36.0491, 87.9996], [36.0075, 87.419], [35.8375, 86.9369], [35.8201, 86.5974], [35.7256, 87.0682], [35.6902, 87.5161], [35.6237, 88.842], [35.5469, 88.7832], [35.5077, 88.7647], [35.4161, 88.7139], [35.3698, 89.7195], [35.248, 90.4582], [35.1823, 90.9991], [35.1241, 91.6768], [35.0592, 92.0469], [35.0066, 92.0431], [34.9539, 92.1134], [34.9326, 92.3995], [34.8529, 92.5508], [34.8186, 92.9508], [34.763, 93.1302], [34.7463, 93.3408], [34.6801, 93.6264], [34.663, 93.7612], [34.6045, 93.8088], [34.5676, 93.8647], [34.5372, 93.8455], [34.5213, 94.2888], [34.4896, 94.1684], [34.4607, 94.1852], [34.4376, 94.6853], [34.4173, 94.9541], [34.3856, 95.1944], [34.3694, 94.9435], [34.3571, 95.1154], [34.3483, 95.147], [34.3411, 95.105], [34.3421, 95.1786], [34.3367, 95.0996], [34.334, 95.0554], [34.3302, 94.9523], [34.335, 94.8457], [34.3136, 94.4422], [34.3244, 94.3633], [34.3099, 94.1844], [34.3022, 93.9193], [34.3135, 93.9854], [34.2928, 93.9012], [34.293, 93.9187], [34.3012, 93.6894], [34.3046, 93.8813], [34.2912, 93.9161], [34.2914, 94.0282], [34.2795, 93.8676], [34.2917, 93.8612], [34.2866, 93.8733], [34.2828, 93.873], [34.307, 93.8817], [34.3221, 93.8657], [34.3322, 93.6912], [34.3375, 93.7776], [34.3559, 93.8468], [34.3831, 93.6942], [34.3938, 93.55], [34.418, 93.6335], [34.4486, 93.4667], [34.4713, 93.3265], [34.4892, 93.3838], [34.511, 93.3047], [34.5154, 93.3179], [34.536, 93.3125], [34.5482, 93.255], [34.5578, 93.296], [34.5443, 93.064], [34.5338, 92.9526], [34.5165, 92.817], [34.4866, 92.7586], [34.4489, 92.6579], [34.4243, 92.5152], [34.4109, 92.3843], [34.3683, 92.3297], [34.365, 92.3056], [34.3048, 92.2721], [34.2633, 92.3643], [34.246, 92.3033], [34.2372, 92.6566], [34.2245, 92.8766], [34.2079, 92.9927], [34.1842, 93.0939], [34.1869, 93.188], [34.1777, 93.3771], [34.1841, 93.2517], [34.1773, 93.5935], [34.183, 93.7795], [34.1959, 94.0376], [34.1913, 94.1508], [34.1922, 94.3345], [34.2123, 94.8128], [34.2108, 95.2659], [34.2199, 95.3892], [34.2273, 95.7502], [34.2739, 96.0114], [34.29, 96.1762], [34.303, 96.1897], [34.2871, 96.2556], [34.3379, 96.1285], [34.3371, 96.4738], [34.333, 96.6583], [34.3441, 96.7427], [34.3605, 96.8183], [34.4174, 96.6168], [34.4882, 96.0553], [34.4853, 96.2611], [34.4533, 96.5368], [34.5367, 96.7746], [34.5468, 96.6795], [34.597, 96.929], [34.619, 96.8828], [34.6858, 97.2236], [34.75, 97.0925], [34.7892, 97.3232], [34.8775, 97.2748], [34.9395, 97.1059], [35.014, 97.0], [35.0822, 96.6557], [35.1336, 96.6711], [35.2213, 96.7366], [35.3318, 96.9966], [35.3852, 96.8585], [35.4618, 96.8836], [35.504, 96.3409], [35.5868, 96.2178], [35.6614, 96.131], [35.7486, 96.194], [35.7629, 96.1821], [35.8683, 96.6295], [35.9112, 96.0464], [35.9378, 95.6811], [35.9874, 95.4161], [36.0825, 96.0106], [36.1245, 95.6574], [36.2341, 95.2279], [36.2839, 95.1509], [36.3156, 95.8415], [36.4027, 95.6419], [36.4633, 95.7348], [36.5528, 95.7495], [36.6738, 95.4936], [36.7633, 95.8549], [36.8813, 95.1832], [36.9359, 95.0888], [37.1097, 93.2765], [37.1843, 93.9399], [37.3618, 91.768], [37.4913, 91.7468], [37.567, 92.6337], [37.5831, 93.0315], [37.6829, 93.5904], [37.7866, 94.0347], [37.8859, 94.6867], [37.888, 95.2303], [38.0193, 95.6787], [38.0933, 96.4498], [38.1607, 98.2302], [38.205, 98.0422], [38.2467, 99.124], [38.2885, 98.5395], [38.2914, 98.7607], [38.2524, 98.6677], [38.2688, 99.4093], [38.2603, 99.1736], [38.2766, 99.3966], [38.2814, 99.525], [38.3358, 99.8908], [38.3095, 100.003], [38.2431, 99.4126], [38.2232, 100.716], [38.1961, 100.27], [38.1417, 99.7782], [38.099, 99.8601], [38.0569, 99.476], [38.0009, 99.1359], [37.9562, 99.1217], [37.8956, 99.1535], [37.8473, 99.1482], [37.7897, 98.8693], [37.7549, 98.9006], [37.7154, 98.7633], [37.6432, 98.5758], [37.5883, 98.3911], [37.5433, 98.2639], [37.5245, 98.421], [37.4676, 98.3405], [37.3886, 98.0244], [37.3402, 97.8009], [37.2589, 97.5116], [37.2169, 97.4026], [37.1742, 97.4457], [37.1528, 97.3558], [37.0848, 97.2477], [37.0557, 97.1439], [37.0105, 96.9648], [36.9356, 96.6814], [36.804, 94.8611], [36.7945, 95.0722], [36.6424, 93.2013], [36.6507, 93.7426], [36.5145, 92.6345], [36.4433, 91.9322], [36.3235, 91.2369], [36.2515, 90.3421], [36.1431, 89.7747], [36.0387, 89.0796], [35.9489, 88.498], [35.8007, 87.7815], [35.7346, 87.2129], [35.7051, 86.3025], [35.6466, 85.5906], [35.6054, 85.5936], [35.5023, 86.5872], [35.4483, 87.8948], [35.3979, 87.1665], [35.3462, 88.504], [35.2768, 88.7712], [35.137, 89.2433], [35.1038, 90.8285], [35.0585, 90.7119], [34.9698, 91.1181], [34.9195, 92.0141], [34.8646, 91.9636], [34.8697, 92.3762], [34.7839, 92.5783], [34.7412, 92.156], [34.7103, 92.744], [34.6631, 92.8435], [34.6303, 93.0293], [34.5975, 93.1244], [34.5775, 93.4428], [34.5263, 93.4631], [34.4956, 93.7646], [34.4799, 94.138], [34.4476, 94.4651], [34.4046, 94.6776], [34.3834, 94.2222], [34.3655, 94.422], [34.3339, 94.9261], [34.3145, 95.1208], [34.3039, 95.2043], [34.282, 95.3666], [34.2609, 95.5322], [34.2508, 95.477], [34.2392, 95.8397], [34.2457, 95.7249], [34.2467, 95.5513], [34.2406, 95.7557], [34.2377, 95.6059], [34.2269, 95.6056], [34.2147, 95.9694], [34.2255, 96.0971], [34.2235, 96.1066], [34.2324, 95.9425], [34.2283, 95.8133], [34.2494, 96.1334], [34.2193, 96.076], [34.2333, 96.1737], [34.263, 96.147], [34.2803, 96.1826], [34.2916, 96.2888], [34.2825, 96.0863], [34.3047, 96.1121], [34.3162, 96.2523], [34.3476, 95.9912], [34.3449, 95.8212], [34.3644, 95.792], [34.3599, 95.5498], [34.4067, 95.3438], [34.441, 95.2672], [34.5195, 95.2917], [34.5537, 95.1253], [34.5795, 94.8791], [34.5957, 94.839], [34.6221, 94.2368], [34.6903, 94.0584], [34.7284, 93.8444], [34.7922, 93.4448], [34.8376, 93.2568], [34.8825, 93.0248], [34.9166, 92.9018], [34.9543, 92.8905], [34.973, 92.6951], [34.9681, 92.6952], [34.9618, 92.5563], [34.9484, 92.5334], [34.9195, 92.4779], [34.8832, 92.5128], [34.8306, 92.4217], [34.7792, 92.4714], [34.7331, 92.5664], [34.6712, 92.7092], [34.6085, 92.8208], [34.5611, 92.9491], [34.5114, 93.0404], [34.4698, 93.2706], [34.4413, 93.4152], [34.3979, 93.6024], [34.3928, 93.707], [34.3847, 94.2216], [34.3457, 94.3521], [34.3439, 94.6189], [34.3011, 94.8183], [34.2943, 94.9736], [34.2982, 95.6531], [34.2888, 95.9623], [34.3035, 96.3373], [34.2795, 96.5992], [34.261, 96.7352], [34.2658, 96.8178], [34.2714, 96.8343], [34.2501, 97.2379], [34.2466, 97.1333], [34.2492, 97.1752], [34.2502, 97.2489], [34.244, 97.3961], [34.2545, 97.1852], [34.2824, 97.2237], [34.2754, 97.4253], [34.2542, 97.216], [34.2752, 97.4388], [34.2839, 97.3579], [34.3007, 97.4649], [34.3172, 97.4151], [34.3521, 97.4673], [34.3823, 97.2885], [34.3982, 96.9778], [34.4095, 97.2267], [34.4301, 97.2357], [34.4959, 97.0976], [34.5321, 97.1629], [34.586, 97.0736], [34.6128, 97.0677], [34.6379, 97.0702], [34.6961, 97.1], [34.7361, 96.9461], [34.8062, 97.2712], [34.8511, 97.1194], [34.9415, 97.6091], [34.9665, 97.3931], [35.0259, 97.4545], [35.077, 97.3202], [35.1537, 97.2729], [35.1948, 97.3145], [35.2621, 97.7264], [35.3119, 97.7053], [35.3958, 97.4806], [35.4913, 97.4076], [35.542, 96.7391], [35.638, 97.2234], [35.6827, 96.9306], [35.786, 96.9749], [35.8519, 96.8704], [35.9472, 96.8975], [36.047, 96.1223], [36.1094, 96.846], [36.1743, 96.2814], [36.26, 95.833], [36.3421, 95.7874], [36.3809, 95.6102], [36.4704, 95.3877], [36.5383, 95.5394], [36.5888, 95.7632], [36.699, 95.6371], [36.7593, 94.9536], [36.8342, 95.5172], [36.9223, 96.126], [37.0195, 96.5636], [37.1162, 97.2533], [37.1901, 97.6117], [37.2471, 98.3172], [37.3324, 99.1318], [37.3935, 99.5481], [37.4922, 100.096], [37.5913, 100.507], [37.6898, 100.933], [37.7507, 101.566], [37.8684, 102.045], [37.8256, 102.277], [37.852, 102.796], [37.9623, 102.844], [37.9282, 102.855], [37.9369, 102.77], [37.8999, 102.587], [37.9096, 102.576], [37.8382, 102.372], [37.7544, 102.087], [37.7414, 101.886], [37.7112, 101.562], [37.6812, 101.37], [37.6704, 100.734], [37.6231, 100.513], [37.5443, 100.195], [37.5019, 100.13], [37.4614, 99.9467], [37.3754, 99.6559], [37.3705, 99.2644], [37.3278, 99.103], [37.2572, 98.9314], [37.2213, 98.6707], [37.1812, 98.3681], [37.1591, 98.2638], [37.1304, 97.7988], [37.0776, 97.4306], [37.0284, 97.0306], [37.0264, 96.6894], [37.0199, 96.4099], [36.96, 96.6208], [36.9281, 96.6971], [36.8345, 96.4665], [36.7857, 96.6915], [36.6743, 96.1281], [36.6422, 95.2635], [36.5374, 96.245], [36.4395, 95.8225], [36.3585, 95.4736], [36.2794, 95.0281], [36.218, 94.8952], [36.1751, 94.778], [36.0779, 94.1052], [35.9965, 93.4877], [35.9695, 93.0809], [35.8132, 92.6562], [35.5964, 92.4422], [35.5368, 92.1755], [35.4715, 91.9547], [35.4178, 91.6329], [35.1169, 91.0066], [35.0627, 90.7538], [34.9519, 89.9852], [34.8763, 90.1244], [34.598, 89.9098], [34.5075, 89.4104], [34.3628, 89.176], [34.2876, 88.8502], [34.1751, 88.7396], [34.0808, 88.3101], [33.9366, 87.9688], [33.8177, 87.7309], [33.6378, 87.5355], [33.5049, 87.3256], [33.3782, 87.0869], [33.2565, 87.1285], [33.1075, 86.5109], [32.9794, 86.1719], [32.77, 85.786], [32.6631, 85.7364], [32.5005, 85.8286], [32.3402, 85.3161], [32.1562, 85.2523], [32.0162, 84.8709], [31.85, 84.3718], [31.7189, 84.4238], [31.5714, 83.6667], [31.3998, 83.3928], [31.2351, 83.6565], [31.0627, 83.272], [30.9655, 82.4912], [30.8737, 81.8092], [30.6927, 81.3415], [30.604, 80.9348], [30.4285, 80.5964], [30.3183, 80.6643], [30.185, 80.4896], [30.0927, 80.4363], [29.9686, 80.5481], [29.8555, 80.4], [29.772, 80.2929], [29.6705, 80.287], [29.5643, 80.3919], [29.4828, 80.2374], [29.4308, 80.2492], [29.3531, 80.2609], [29.2992, 80.0999], [29.2305, 80.0179], [29.1902, 79.9718], [29.1009, 79.9758], [29.0456, 79.9141], [28.9872, 79.9064], [28.9389, 79.889], [28.899, 79.859], [28.8643, 79.8855], [28.8391, 79.8154], [28.796, 79.8578], [28.7823, 79.7886], [28.7618, 79.7323], [28.7579, 79.7302], [28.7564, 79.7206], [28.7534, 79.6438], [28.754, 79.6152], [28.7374, 79.5854], [28.7408, 79.5787], [28.752, 79.5602], [28.746, 79.4666], [28.7529, 79.4438], [28.7606, 79.466], [28.7703, 79.4052], [28.7746, 79.3692], [28.7657, 79.3054], [28.7834, 79.3243], [28.7779, 79.2424], [28.7896, 79.2319], [28.8141, 79.1703], [28.839, 79.1433], [28.8543, 79.1112], [28.8679, 79.1649], [28.8703, 79.1415], [28.9073, 79.1448], [28.9135, 79.1839], [28.9479, 79.2447], [28.9461, 79.2359], [28.9833, 79.2338], [28.9948, 79.285], [29.018, 79.3409], [29.0413, 79.3305], [29.0789, 79.3673], [29.0938, 79.3396], [29.1194, 79.331], [29.1106, 79.3619], [29.1466, 79.3033], [29.1651, 79.2826], [29.1875, 79.2345], [29.1915, 79.2297], [29.2013, 79.179], [29.2237, 79.2376], [29.2486, 79.2003], [29.2629, 79.1322], [29.2785, 79.1556], [29.3042, 79.0714], [29.3212, 79.1391], [29.3334, 79.0326], [29.3534, 79.1039], [29.3579, 79.0976], [29.3749, 79.0937], [29.3939, 79.0731], [29.4042, 79.1276], [29.4069, 79.014], [29.4184, 79.1092], [29.4237, 79.0517], [29.4292, 79.0422], [29.4264, 79.095], [29.4174, 79.0732], [29.4182, 79.0721], [29.4137, 79.044], [29.4105, 78.9772], [29.4107, 78.9843], [29.4073, 79.0678], [29.404, 79.0644], [29.4011, 79.0462], [29.4057, 79.0556], [29.4027, 79.0277], [29.4099, 79.1229], [29.4032, 79.161], [29.4125, 79.1731], [29.4169, 79.2044], [29.4284, 79.2924], [29.4278, 79.3109], [29.4448, 79.3164], [29.4606, 79.3159], [29.4677, 79.3607], [29.4782, 79.3839], [29.4876, 79.3871], [29.4974, 79.4344], [29.5055, 79.4197], [29.5139, 79.3837], [29.514, 79.4183], [29.522, 79.4279], [29.5232, 79.3965], [29.5243, 79.3678], [29.5248, 79.3239], [29.5239, 79.3727], [29.5188, 79.3324], [29.5169, 79.3285], [29.511, 79.2904], [29.5032, 79.2714], [29.5063, 79.2297], [29.5039, 79.2749], [29.5015, 79.2091], [29.5006, 79.2641], [29.5004, 79.2458], [29.5008, 79.2173], [29.4958, 79.2089], [29.4955, 79.2074], [29.4942, 79.2399], [29.4921, 79.2562], [29.4951, 79.2689], [29.4874, 79.29], [29.4898, 79.2935], [29.4885, 79.3391], [29.4894, 79.3469], [29.4904, 79.4071], [29.4881, 79.4244], [29.4895, 79.4522], [29.4935, 79.4157], [29.4978, 79.4391], [29.4975, 79.4643], [29.5002, 79.4665], [29.5067, 79.4172], [29.5031, 79.4246], [29.5086, 79.3661], [29.5035, 79.3799], [29.4892, 79.3362], [29.4726, 79.3064], [29.462, 79.283], [29.448, 79.1253], [29.4369, 79.1713], [29.4088, 79.2235], [29.3838, 79.2273], [29.3475, 79.2699], [29.3376, 79.2341], [29.3151, 79.2897], [29.2896, 79.335], [29.241, 79.3813], [29.206, 79.4345], [29.1772, 79.5001], [29.1417, 79.4986], [29.0829, 79.532], [29.0536, 79.5272], [29.0173, 79.5209], [28.9653, 79.5633], [28.9201, 79.6101], [28.8886, 79.6026], [28.8374, 79.7431], [28.8264, 79.6293], [28.8142, 79.7194], [28.7839, 79.8057], [28.7849, 79.7653], [28.7825, 79.7587], [28.7903, 79.8881], [28.7997, 79.8172], [28.8232, 79.9286], [28.8535, 79.8398], [28.8503, 80.0358], [28.8677, 80.1096], [28.8741, 80.1534], [28.8839, 80.3472], [28.9042, 80.4052], [28.9197, 80.4614], [28.9503, 80.4542], [28.99, 80.5953], [29.0596, 80.677], [29.1459, 80.8257], [29.2352, 80.8063], [29.3221, 80.9234], [29.4371, 81.0261], [29.5277, 81.1796], [29.6492, 81.3117], [29.7777, 81.2259], [29.9164, 81.5114], [30.0255, 81.6191], [30.1614, 82.2448], [30.3197, 82.8606], [30.461, 83.5017], [30.6044, 84.1388], [30.783, 84.702], [30.9656, 85.6714], [31.1281, 86.1551], [31.3304, 86.7596], [31.5473, 87.6057], [31.7353, 88.1005], [31.9734, 88.8195], [32.2371, 89.6963], [32.4015, 90.2117], [32.6129, 90.7669], [32.8528, 91.3754], [33.1122, 92.1978], [33.2966, 92.4784], [33.3983, 92.6642], [33.5721, 93.3703], [33.6998, 93.7549], [33.7791, 94.0123], [33.9106, 94.2103], [33.9526, 94.0302], [34.138, 94.6123], [34.143, 94.6689], [34.2402, 95.0147], [34.3494, 95.3194], [34.4337, 95.5851], [34.4442, 95.5409], [34.4887, 95.1479], [34.5325, 95.5945], [34.5418, 95.319], [34.5811, 95.1181], [34.6273, 95.1771], [34.6421, 95.0406], [34.6704, 94.8923], [34.7409, 95.2884], [34.7818, 95.7332], [34.7632, 95.2923], [34.808, 95.3656], [34.8457, 95.6191], [34.8829, 95.4498], [34.8799, 95.0543], [34.9186, 95.3406], [35.0498, 96.1175], [35.0903, 96.4728], [35.1454, 96.6437], [35.2132, 96.6601], [35.2665, 96.6816], [35.2875, 96.7726], [35.3349, 96.8316], [35.3704, 97.2929], [35.4166, 97.5902], [35.4589, 97.6326], [35.4998, 97.8561], [35.5319, 98.025], [35.5549, 97.9269], [35.5698, 97.7103], [35.5789, 98.1264], [35.604, 98.3728], [35.6565, 98.2706], [35.6442, 99.0361], [35.6438, 99.8062], [35.6807, 99.9355], [35.6893, 100.615], [35.6818, 100.853], [35.6798, 101.314], [35.6698, 101.682], [35.694, 102.222], [35.7061, 102.25], [35.6786, 102.991], [35.6734, 103.294], [35.6738, 103.48], [35.6707, 104.034], [35.7065, 103.518], [35.6941, 104.155], [35.7218, 104.325], [35.7212, 104.357], [35.7103, 104.938], [35.5893, 105.071], [35.6415, 105.244], [35.6741, 105.471], [35.6971, 105.617], [35.7025, 105.914], [35.7085, 106.521], [35.7604, 106.275], [35.7459, 106.944], [35.777, 107.212], [35.7964, 107.332], [35.8285, 107.3], [35.8368, 107.661], [35.8537, 107.737], [35.8864, 107.971], [35.8975, 108.313], [35.9227, 108.538], [35.9365, 108.868], [35.952, 109.087], [35.9759, 109.139], [35.9939, 109.658], [36.0082, 109.69], [36.0277, 109.959], [36.0431, 110.173], [36.0642, 110.583], [36.0798, 110.633], [36.1129, 110.734], [36.1243, 111.086], [36.1419, 111.006], [36.1356, 111.277], [36.1363, 111.661], [36.1579, 111.58], [36.1707, 111.591], [36.1748, 111.854], [36.1752, 112.002], [36.1782, 112.164], [36.1952, 112.148], [36.1955, 112.208], [36.1994, 112.393], [36.2131, 112.447], [36.2145, 112.647], [36.2244, 112.666], [36.2266, 112.721], [36.2402, 112.836], [36.2462, 112.888], [36.2504, 112.828], [36.2547, 112.833], [36.2638, 112.797], [36.2551, 112.878], [36.2625, 112.859], [36.2683, 112.78], [36.2711, 112.748], [36.2685, 112.673], [36.2632, 112.753], [36.268, 112.633], [36.2694, 112.657], [36.2715, 112.574], [36.2744, 112.536], [36.2733, 112.548], [36.278, 112.457], [36.2811, 112.417], [36.2819, 112.368], [36.2768, 112.262], [36.2854, 112.243], [36.2877, 112.222], [36.2887, 112.269], [36.2876, 112.213], [36.296, 112.172], [36.2873, 112.202], [36.2834, 112.222], [36.2877, 112.08], [36.2883, 112.059], [36.2875, 111.99], [36.2927, 111.908], [36.2836, 111.896], [36.2881, 111.864], [36.2892, 111.783], [36.2906, 111.821], [36.2914, 111.812], [36.2965, 111.773], [36.2912, 111.815], [36.2927, 111.738], [36.2838, 111.725], [36.2833, 111.709], [36.28, 111.7], [36.279, 111.72], [36.2828, 111.656], [36.2771, 111.685], [36.2761, 111.695], [36.2722, 111.669], [36.2752, 111.588], [36.2785, 111.593], [36.2815, 111.559], [36.2849, 111.495], [36.2893, 111.446], [36.295, 111.419], [36.2976, 111.344], [36.2995, 111.34], [36.2982, 111.315], [36.2995, 111.315], [36.3034, 111.348], [36.3023, 111.347], [36.2945, 111.329], [36.2917, 111.299], [36.2849, 111.296], [36.2806, 111.294], [36.2806, 111.238], [36.2865, 111.214], [36.2846, 111.204], [36.2864, 111.237], [36.2895, 111.209], [36.2929, 111.201], [36.3038, 111.246], [36.3044, 111.208], [36.3093, 111.211], [36.3185, 111.192], [36.3286, 111.193], [36.3341, 111.206], [36.3403, 111.162], [36.3512, 111.042], [36.3549, 111.087], [36.3656, 110.969], [36.3736, 110.872], [36.3835, 110.84], [36.3859, 110.738], [36.3893, 110.739], [36.3948, 110.704], [36.3914, 110.715], [36.389, 110.728]], "git_repository_heads": {"MMMTools": ["d77f5a301e3e2f4cd16623ff82a11fbc98dc1113", 1459847935], "MMMCore": ["1d27ecc05fae8cf73cac6754bb4fa9f37155663b", 1459846333], "Simox": ["8d9023238ae3fddb74502537a3681c4318147084", 1459514263], "MMT": ["47064aa0136033b76a231380ef3c02c940bbde53", 1460219154]}, "convert_db_version": 5, "object_conversion_settings": {}, "object_conversion_errors": {}, "subject_conversion_settings": {"model_files": [["mmm.xml", "83095bf1f7710e0da2eabc0dc38933fff21a487e"], ["models/RightFingerJoint43y_joint_visu.wrl", "4a8b66745234892104dc18c3f12b51653e0d22e2"], ["models/HeadSegment_joint_visu.wrl", "98bc33547d6728b266ca30ad9f3f1cd1fc964890"], ["models/RightFingerJoint23y_joint_visu.wrl", "a0d5f39a5c7aa80b2d6a4eaf255bc2ee431c4c8b"], ["models/RightFingerJoint13y_joint_visu.wrl", "f6fe45b4978386e46181511649732c2b788efffc"], ["models/RightEyeSegmentY_joint_visu.wrl", "a5e19b848b6eeb97452f27da05841286c9c8750d"], ["models/RightFingerJoint33y_joint_visu.wrl", "408d1d793635a63e5469ef6749032ed29df446cb"], ["models/RightFingerJoint42y_joint_visu.wrl", "56054907e89fe8b5298ac919d87afca5ea3112a6"], ["models/RightFingerJoint40y_joint_visu.wrl", "a6a36d6acd88295f92f5ad6137dad641a10df4b6"], ["models/RAy_joint_visu.wrl", "ce5872147a6e4132bebc90a3e1e3c1a28a103eb6"], ["models/LeftFingerJoint33y_joint_visu.wrl", "365adda3e38105f28e7045c2b0267a52336edf01"], ["models/BUNsegment_joint_visu.wrl", "0ac874bfcd0d8c4b0c3b4ec4e56c59ce39aad99d"], ["models/LeftEyeSegmentY_joint_visu.wrl", "066736ba165738d120f8d1d103b9c28b19c429bf"], ["models/RSCsegment_joint_visu.wrl", "9044f5cc6779532281b74eface97e002798a8e6d"], ["models/LHsegment_joint_visu.wrl", "3838c5fdad69c33fed501ae676c8a8a9282d9a05"], ["models/LeftFingerJoint53y_joint_visu.wrl", "cdd15d99efa93d038d04ced046fe79ae693a10d7"], ["models/RightFingerJoint21y_joint_visu.wrl", "d19626a13a08387890317675df2c2e7fe9db5eef"], ["models/RightFingerJoint12y_joint_visu.wrl", "7097cf96d3597a795575a5abe9256e0143c2ed0f"], ["models/LeftFingerJoint43y_joint_visu.wrl", "395c609ed268feb940855099f538c46a54c3a4d8"], ["models/RightFingerJoint53y_joint_visu.wrl", "9d95789602901425bad9b4435dea2b4be5431202"], ["models/LeftFingerJoint42y_joint_visu.wrl", "e487f595b7019c407f92b0f00de5260e64e56c97"], ["models/LAsegment_joint_visu.wrl", "bb0d5feb0455fbd2c425d138b7f487260f4bf1bc"], ["models/BTSegment_joint_visu.wrl", "22abe8deeec243c99e31ec02fa59372e98ac8471"], ["models/RKsegment_joint_visu.wrl", "18b381d65e3337bcb0d1ff5928773884a1e17d57"], ["models/LeftFingerJoint41y_joint_visu.wrl", "61402f6746307792f4303e574af749b94086a4ec"], ["models/LSCsegment_joint_visu.wrl", "c32a20b7e31becf394d78b5655efc5565b038b80"], ["models/LeftFingerJoint11y_joint_visu.wrl", "0cbfceda8d89deb375f7933c8078af5147ec84b2"], ["models/RightFingerJoint41y_joint_visu.wrl", "020541ab865e4e3e9fa2695e0f4eff71b52ad52d"], ["models/RWy_joint_visu.wrl", "2b11028aee46fb62e614338be3dd5644c1a824ee"], ["models/LeftFingerJoint23y_joint_visu.wrl", "478e70ae519508040adb535da7a7998bba1b8c42"], ["models/RSsegment_joint_visu.wrl", "612de2c24f203d5846930907a5df9cef5d9578dd"], ["models/LeftFingerJoint12y_joint_visu.wrl", "024079388e0352cf2dd7d6c0c4d45ee34851930c"], ["models/LWsegment_joint_visu.wrl", "3c8bc8f30c2fdfc5956ddac1f868ed768806d7fd"], ["models/RightFingerJoint22y_joint_visu.wrl", "0b36fec3092c4692c7809ee795740f148ffb0be8"], ["models/RMrot_joint_visu.wrl", "a56cefc9affb5ca3f87c8ad0a9ef880f3355f2f0"], ["models/LeftFingerJoint40y_joint_visu.wrl", "ebee55b3729d26fb04a73d5b427025dbf464f288"], ["models/LeftFingerJoint21y_joint_visu.wrl", "a890d2d55d8afbe701827374715b7e671862cc4f"], ["models/REsegment_joint_visu.wrl", "d709750461631f850f8441b85f4861ca47df51ae"], ["models/RHsegment_joint_visu.wrl", "54fb3a26ddb8f2d419752eb76c4e488efef6b43c"], ["models/RightFingerJoint52y_joint_visu.wrl", "44f18db78bed86bf1ddb981a1e678027e51db918"], ["models/RightFingerJoint50y_joint_visu.wrl", "13ede518eb635943fcd4564499f4fdb69d27780e"], ["models/LFx_joint_visu.wrl", "5d47b342ff68d5d2b2d9c7e22c5cf098909060c6"], ["models/LKsegment_joint_visu.wrl", "5780b7d3a585852e8707cb2363bfa8d4d3b461f7"], ["models/LeftFingerJoint13y_joint_visu.wrl", "8a00c78adf18bdebd78a513323b5f28f02d117be"], ["models/RightFingerJoint51y_joint_visu.wrl", "d78052a78ea694e1d35e6b91354db0a64493fbf4"], ["models/RightFingerJoint11y_joint_visu.wrl", "a05a4116eafe1434c190e03faa62753bcd333105"], ["models/LeftFingerJoint22y_joint_visu.wrl", "7fee0851bbbc487512ffb12e46d738fc0837aa0c"], ["models/LAy_joint_visu.wrl", "de3953d8ffbf479f0eb229748cfdd897a408012e"], ["models/LEsegment_joint_visu.wrl", "1bf5a0382df53cb4aef1ebf578e4d535a0cd3d7b"], ["models/RightFingerJoint31y_joint_visu.wrl", "4f0efb942b57fffc5b3177798a71bcdbb9b92042"], ["models/LeftFingerJoint32y_joint_visu.wrl", "685ae87120ee0d9ba5d764c8ff99385aa9d79a04"], ["models/RightFingerJoint32y_joint_visu.wrl", "47d29dfecd9514a3973b021c83bc361364341093"], ["models/LeftFingerJoint31y_joint_visu.wrl", "d24789234312bf68c77c7830508763d07f9feec0"], ["models/LMrot_joint_visu.wrl", "94047f5a29e3373271bba5d61ccbbacf9bfb01af"], ["models/LWy_joint_visu.wrl", "33ba8f54774fa65838a8ae38c3d558f06fe00bc0"], ["models/LeftFingerJoint52y_joint_visu.wrl", "3f7d688708cf5f55104348d5bc102dcc7b7a0a66"], ["models/LSsegment_joint_visu.wrl", "f34e7eae1658b3ae618b5bc40ebc1da529c7e0a3"], ["models/RAsegment_joint_visu.wrl", "bf9735bb8cbd74e01e9087f0ccad4783edc49231"], ["models/LeftFingerJoint50y_joint_visu.wrl", "c2f6364fe16768bd1382d1b02c327d9dcf43fd03"], ["models/LeftFingerJoint51y_joint_visu.wrl", "0c2664365d375a3d9dd190818483e292027433d3"], ["models/LeftHandSegment_joint_visu.wrl", "581235ef3290f47c527e74693e4a232056642bcf"], ["models/BTy_joint_visu.wrl", "818c33f75e2b278db824d223d8796b1d1ca48213"], ["models/RWsegment_joint_visu.wrl", "de46619cf74eb2ffe74ab7fdaaf4cd485034b959"], ["models/RFx_joint_visu.wrl", "7e0fad07af2c1f6a4bad2e40caa9cdcfafa5d748"]], "converter_config": "<ConverterConfig type=\"NloptConverter\"><Model><MarkerMapping><Mapping c3d=\"LIFD\" mmm=\"MARKER_LIFD\" /><Mapping c3d=\"LKNE\" mmm=\"MARKER_LKNE\" /><Mapping c3d=\"LWPS\" mmm=\"MARKER_LWPS\" /><Mapping c3d=\"RANK\" mmm=\"MARKER_RANK\" /><Mapping c3d=\"T10\" mmm=\"MARKER_T10\" /><Mapping c3d=\"LBHD\" mmm=\"MARKER_LBHD\" /><Mapping c3d=\"LBAK\" mmm=\"MARKER_LBAK\" /><Mapping c3d=\"RBAK\" mmm=\"MARKER_RBAK\" /><Mapping c3d=\"RTIP\" mmm=\"MARKER_RTIP\" /><Mapping c3d=\"RMT1\" mmm=\"MARKER_RMT1\" /><Mapping c3d=\"LTOE\" mmm=\"MARKER_LTOE\" /><Mapping c3d=\"RHTS\" mmm=\"MARKER_RHTS\" /><Mapping c3d=\"RMT5\" mmm=\"MARKER_RMT5\" /><Mapping c3d=\"LTIP\" mmm=\"MARKER_LTIP\" /><Mapping c3d=\"LHTS\" mmm=\"MARKER_LHTS\" /><Mapping c3d=\"RAEL\" mmm=\"MARKER_RAEL\" /><Mapping c3d=\"RKNE\" mmm=\"MARKER_RKNE\" /><Mapping c3d=\"LHPS\" mmm=\"MARKER_LHPS\" /><Mapping c3d=\"LANK\" mmm=\"MARKER_LANK\" /><Mapping c3d=\"LWTS\" mmm=\"MARKER_LWTS\" /><Mapping c3d=\"RIFD\" mmm=\"MARKER_RIFD\" /><Mapping c3d=\"RAOL\" mmm=\"MARKER_RAOL\" /><Mapping c3d=\"CLAV\" mmm=\"MARKER_CLAV\" /><Mapping c3d=\"LASI\" mmm=\"MARKER_LASI\" /><Mapping c3d=\"C7\" mmm=\"MARKER_C7\" /><Mapping c3d=\"LHEE\" mmm=\"MARKER_LHEE\" /><Mapping c3d=\"LTHI\" mmm=\"MARKER_LTHI\" /><Mapping c3d=\"RTHI\" mmm=\"MARKER_RTHI\" /><Mapping c3d=\"RFHD\" mmm=\"MARKER_RFHD\" /><Mapping c3d=\"LUPA\" mmm=\"MARKER_LUPA\" /><Mapping c3d=\"LFHD\" mmm=\"MARKER_LFHD\" /><Mapping c3d=\"RHIP\" mmm=\"MARKER_RHIP\" /><Mapping c3d=\"RWPS\" mmm=\"MARKER_RWPS\" /><Mapping c3d=\"LMT1\" mmm=\"MARKER_LMT1\" /><Mapping c3d=\"L3\" mmm=\"MARKER_L3\" /><Mapping c3d=\"LFRA\" mmm=\"MARKER_LFRA\" /><Mapping c3d=\"LPSI\" mmm=\"MARKER_LPSI\" /><Mapping c3d=\"RPSI\" mmm=\"MARKER_RPSI\" /><Mapping c3d=\"LAOL\" mmm=\"MARKER_LAOL\" /><Mapping c3d=\"RBHD\" mmm=\"MARKER_RBHD\" /><Mapping c3d=\"RUPA\" mmm=\"MARKER_RUPA\" /><Mapping c3d=\"RASI\" mmm=\"MARKER_RASI\" /><Mapping c3d=\"RWTS\" mmm=\"MARKER_RWTS\" /><Mapping c3d=\"LHIP\" mmm=\"MARKER_LHIP\" /><Mapping c3d=\"STRN\" mmm=\"MARKER_STRN\" /><Mapping c3d=\"LAEL\" mmm=\"MARKER_LAEL\" /><Mapping c3d=\"RHPS\" mmm=\"MARKER_RHPS\" /><Mapping c3d=\"RTOE\" mmm=\"MARKER_RTOE\" /><Mapping c3d=\"RHEE\" mmm=\"MARKER_RHEE\" /><Mapping c3d=\"LMT5\" mmm=\"MARKER_LMT5\" /></MarkerMapping><JointSet><Joint name=\"BLNx_joint\" /><Joint name=\"BLNy_joint\" /><Joint name=\"BLNz_joint\" /><Joint name=\"BPx_joint\" /><Joint name=\"BPy_joint\" /><Joint name=\"BPz_joint\" /><Joint name=\"BTx_joint\" /><Joint name=\"BTy_joint\" /><Joint name=\"BTz_joint\" /><Joint name=\"BUNx_joint\" /><Joint name=\"BUNy_joint\" /><Joint name=\"BUNz_joint\" /><Joint name=\"LAx_joint\" /><Joint name=\"LAy_joint\" /><Joint name=\"LAz_joint\" /><Joint name=\"LEx_joint\" /><Joint name=\"LEz_joint\" /><Joint name=\"LHx_joint\" /><Joint name=\"LHy_joint\" /><Joint name=\"LHz_joint\" /><Joint name=\"LKx_joint\" /><Joint name=\"LSx_joint\" /><Joint name=\"LSy_joint\" /><Joint name=\"LSz_joint\" /><Joint name=\"LWx_joint\" /><Joint name=\"LWy_joint\" /><Joint name=\"LFx_joint\" /><Joint name=\"LMrot_joint\" /><Joint name=\"RAx_joint\" /><Joint name=\"RAy_joint\" /><Joint name=\"RAz_joint\" /><Joint name=\"REx_joint\" /><Joint name=\"REz_joint\" /><Joint name=\"RHx_joint\" /><Joint name=\"RHy_joint\" /><Joint name=\"RHz_joint\" /><Joint name=\"RKx_joint\" /><Joint name=\"RSx_joint\" /><Joint name=\"RSy_joint\" /><Joint name=\"RSz_joint\" /><Joint name=\"RWx_joint\" /><Joint name=\"RWy_joint\" /><Joint name=\"RFx_joint\" /><Joint name=\"RMrot_joint\" /></JointSet></Model></ConverterConfig>", "model_processor_config": "<ModelProcessorConfig type=\"Winter\"><height>1.84</height><mass>100</mass></ModelProcessorConfig>"}, "subject_missing_markers": []}