Motion Database Converter

User/Host: mmm @ i61motiondb
Date: 2016-05-31 17:54:17
Input File: Trial_79.c3d (ID #50714, created 2016-05-19 18:58:55)

The HEADs of the git repositories used for conversion are:
  MMMCore: 1d27ecc05fae8cf73cac6754bb4fa9f37155663b (2016-04-05 08:52:13)
  MMMTools: d77f5a301e3e2f4cd16623ff82a11fbc98dc1113 (2016-04-05 09:18:55)
  MMT: 47064aa0136033b76a231380ef3c02c940bbde53 (2016-04-09 16:25:54)
  Simox: 8d9023238ae3fddb74502537a3681c4318147084 (2016-04-01 12:37:43)

Configuration for subject:
  Converter config:
    <ConverterConfig type="NloptConverter"><Model><MarkerMapping><Mapping c3d="LIFD" mmm="MARKER_LIFD" /><Mapping c3d="LKNE" mmm="MARKER_LKNE" /><Mapping c3d="LWPS" mmm="MARKER_LWPS" /><Mapping c3d="RANK" mmm="MARKER_RANK" /><Mapping c3d="T10" mmm="MARKER_T10" /><Mapping c3d="LBHD" mmm="MARKER_LBHD" /><Mapping c3d="LBAK" mmm="MARKER_LBAK" /><Mapping c3d="RBAK" mmm="MARKER_RBAK" /><Mapping c3d="RTIP" mmm="MARKER_RTIP" /><Mapping c3d="RMT1" mmm="MARKER_RMT1" /><Mapping c3d="LTOE" mmm="MARKER_LTOE" /><Mapping c3d="RHTS" mmm="MARKER_RHTS" /><Mapping c3d="RMT5" mmm="MARKER_RMT5" /><Mapping c3d="LTIP" mmm="MARKER_LTIP" /><Mapping c3d="LHTS" mmm="MARKER_LHTS" /><Mapping c3d="RAEL" mmm="MARKER_RAEL" /><Mapping c3d="RKNE" mmm="MARKER_RKNE" /><Mapping c3d="LHPS" mmm="MARKER_LHPS" /><Mapping c3d="LANK" mmm="MARKER_LANK" /><Mapping c3d="LWTS" mmm="MARKER_LWTS" /><Mapping c3d="RIFD" mmm="MARKER_RIFD" /><Mapping c3d="RAOL" mmm="MARKER_RAOL" /><Mapping c3d="CLAV" mmm="MARKER_CLAV" /><Mapping c3d="LASI" mmm="MARKER_LASI" /><Mapping c3d="C7" mmm="MARKER_C7" /><Mapping c3d="LHEE" mmm="MARKER_LHEE" /><Mapping c3d="LTHI" mmm="MARKER_LTHI" /><Mapping c3d="RTHI" mmm="MARKER_RTHI" /><Mapping c3d="RFHD" mmm="MARKER_RFHD" /><Mapping c3d="LUPA" mmm="MARKER_LUPA" /><Mapping c3d="LFHD" mmm="MARKER_LFHD" /><Mapping c3d="RHIP" mmm="MARKER_RHIP" /><Mapping c3d="RWPS" mmm="MARKER_RWPS" /><Mapping c3d="LMT1" mmm="MARKER_LMT1" /><Mapping c3d="L3" mmm="MARKER_L3" /><Mapping c3d="LFRA" mmm="MARKER_LFRA" /><Mapping c3d="LPSI" mmm="MARKER_LPSI" /><Mapping c3d="RPSI" mmm="MARKER_RPSI" /><Mapping c3d="LAOL" mmm="MARKER_LAOL" /><Mapping c3d="RBHD" mmm="MARKER_RBHD" /><Mapping c3d="RUPA" mmm="MARKER_RUPA" /><Mapping c3d="RASI" mmm="MARKER_RASI" /><Mapping c3d="RWTS" mmm="MARKER_RWTS" /><Mapping c3d="LHIP" mmm="MARKER_LHIP" /><Mapping c3d="STRN" mmm="MARKER_STRN" /><Mapping c3d="LAEL" mmm="MARKER_LAEL" /><Mapping c3d="RHPS" mmm="MARKER_RHPS" /><Mapping c3d="RTOE" mmm="MARKER_RTOE" /><Mapping c3d="RHEE" mmm="MARKER_RHEE" /><Mapping c3d="LMT5" mmm="MARKER_LMT5" /></MarkerMapping><JointSet><Joint name="BLNx_joint" /><Joint name="BLNy_joint" /><Joint name="BLNz_joint" /><Joint name="BPx_joint" /><Joint name="BPy_joint" /><Joint name="BPz_joint" /><Joint name="BTx_joint" /><Joint name="BTy_joint" /><Joint name="BTz_joint" /><Joint name="BUNx_joint" /><Joint name="BUNy_joint" /><Joint name="BUNz_joint" /><Joint name="LAx_joint" /><Joint name="LAy_joint" /><Joint name="LAz_joint" /><Joint name="LEx_joint" /><Joint name="LEz_joint" /><Joint name="LHx_joint" /><Joint name="LHy_joint" /><Joint name="LHz_joint" /><Joint name="LKx_joint" /><Joint name="LSx_joint" /><Joint name="LSy_joint" /><Joint name="LSz_joint" /><Joint name="LWx_joint" /><Joint name="LWy_joint" /><Joint name="LFx_joint" /><Joint name="LMrot_joint" /><Joint name="RAx_joint" /><Joint name="RAy_joint" /><Joint name="RAz_joint" /><Joint name="REx_joint" /><Joint name="REz_joint" /><Joint name="RHx_joint" /><Joint name="RHy_joint" /><Joint name="RHz_joint" /><Joint name="RKx_joint" /><Joint name="RSx_joint" /><Joint name="RSy_joint" /><Joint name="RSz_joint" /><Joint name="RWx_joint" /><Joint name="RWy_joint" /><Joint name="RFx_joint" /><Joint name="RMrot_joint" /></JointSet></Model></ConverterConfig>

  Model processor config:
    <ModelProcessorConfig type="Winter"><height>1.84</height><mass>100</mass></ModelProcessorConfig>

  Model files:
    mmm.xml -> 83095bf1f7710e0da2eabc0dc38933fff21a487e
    models/RightFingerJoint43y_joint_visu.wrl -> 4a8b66745234892104dc18c3f12b51653e0d22e2
    models/HeadSegment_joint_visu.wrl -> 98bc33547d6728b266ca30ad9f3f1cd1fc964890
    models/RightFingerJoint23y_joint_visu.wrl -> a0d5f39a5c7aa80b2d6a4eaf255bc2ee431c4c8b
    models/RightFingerJoint13y_joint_visu.wrl -> f6fe45b4978386e46181511649732c2b788efffc
    models/RightEyeSegmentY_joint_visu.wrl -> a5e19b848b6eeb97452f27da05841286c9c8750d
    models/RightFingerJoint33y_joint_visu.wrl -> 408d1d793635a63e5469ef6749032ed29df446cb
    models/RightFingerJoint42y_joint_visu.wrl -> 56054907e89fe8b5298ac919d87afca5ea3112a6
    models/RightFingerJoint40y_joint_visu.wrl -> a6a36d6acd88295f92f5ad6137dad641a10df4b6
    models/RAy_joint_visu.wrl -> ce5872147a6e4132bebc90a3e1e3c1a28a103eb6
    models/LeftFingerJoint33y_joint_visu.wrl -> 365adda3e38105f28e7045c2b0267a52336edf01
    models/BUNsegment_joint_visu.wrl -> 0ac874bfcd0d8c4b0c3b4ec4e56c59ce39aad99d
    models/LeftEyeSegmentY_joint_visu.wrl -> 066736ba165738d120f8d1d103b9c28b19c429bf
    models/RSCsegment_joint_visu.wrl -> 9044f5cc6779532281b74eface97e002798a8e6d
    models/LHsegment_joint_visu.wrl -> 3838c5fdad69c33fed501ae676c8a8a9282d9a05
    models/LeftFingerJoint53y_joint_visu.wrl -> cdd15d99efa93d038d04ced046fe79ae693a10d7
    models/RightFingerJoint21y_joint_visu.wrl -> d19626a13a08387890317675df2c2e7fe9db5eef
    models/RightFingerJoint12y_joint_visu.wrl -> 7097cf96d3597a795575a5abe9256e0143c2ed0f
    models/LeftFingerJoint43y_joint_visu.wrl -> 395c609ed268feb940855099f538c46a54c3a4d8
    models/RightFingerJoint53y_joint_visu.wrl -> 9d95789602901425bad9b4435dea2b4be5431202
    models/LeftFingerJoint42y_joint_visu.wrl -> e487f595b7019c407f92b0f00de5260e64e56c97
    models/LAsegment_joint_visu.wrl -> bb0d5feb0455fbd2c425d138b7f487260f4bf1bc
    models/BTSegment_joint_visu.wrl -> 22abe8deeec243c99e31ec02fa59372e98ac8471
    models/RKsegment_joint_visu.wrl -> 18b381d65e3337bcb0d1ff5928773884a1e17d57
    models/LeftFingerJoint41y_joint_visu.wrl -> 61402f6746307792f4303e574af749b94086a4ec
    models/LSCsegment_joint_visu.wrl -> c32a20b7e31becf394d78b5655efc5565b038b80
    models/LeftFingerJoint11y_joint_visu.wrl -> 0cbfceda8d89deb375f7933c8078af5147ec84b2
    models/RightFingerJoint41y_joint_visu.wrl -> 020541ab865e4e3e9fa2695e0f4eff71b52ad52d
    models/RWy_joint_visu.wrl -> 2b11028aee46fb62e614338be3dd5644c1a824ee
    models/LeftFingerJoint23y_joint_visu.wrl -> 478e70ae519508040adb535da7a7998bba1b8c42
    models/RSsegment_joint_visu.wrl -> 612de2c24f203d5846930907a5df9cef5d9578dd
    models/LeftFingerJoint12y_joint_visu.wrl -> 024079388e0352cf2dd7d6c0c4d45ee34851930c
    models/LWsegment_joint_visu.wrl -> 3c8bc8f30c2fdfc5956ddac1f868ed768806d7fd
    models/RightFingerJoint22y_joint_visu.wrl -> 0b36fec3092c4692c7809ee795740f148ffb0be8
    models/RMrot_joint_visu.wrl -> a56cefc9affb5ca3f87c8ad0a9ef880f3355f2f0
    models/LeftFingerJoint40y_joint_visu.wrl -> ebee55b3729d26fb04a73d5b427025dbf464f288
    models/LeftFingerJoint21y_joint_visu.wrl -> a890d2d55d8afbe701827374715b7e671862cc4f
    models/REsegment_joint_visu.wrl -> d709750461631f850f8441b85f4861ca47df51ae
    models/RHsegment_joint_visu.wrl -> 54fb3a26ddb8f2d419752eb76c4e488efef6b43c
    models/RightFingerJoint52y_joint_visu.wrl -> 44f18db78bed86bf1ddb981a1e678027e51db918
    models/RightFingerJoint50y_joint_visu.wrl -> 13ede518eb635943fcd4564499f4fdb69d27780e
    models/LFx_joint_visu.wrl -> 5d47b342ff68d5d2b2d9c7e22c5cf098909060c6
    models/LKsegment_joint_visu.wrl -> 5780b7d3a585852e8707cb2363bfa8d4d3b461f7
    models/LeftFingerJoint13y_joint_visu.wrl -> 8a00c78adf18bdebd78a513323b5f28f02d117be
    models/RightFingerJoint51y_joint_visu.wrl -> d78052a78ea694e1d35e6b91354db0a64493fbf4
    models/RightFingerJoint11y_joint_visu.wrl -> a05a4116eafe1434c190e03faa62753bcd333105
    models/LeftFingerJoint22y_joint_visu.wrl -> 7fee0851bbbc487512ffb12e46d738fc0837aa0c
    models/LAy_joint_visu.wrl -> de3953d8ffbf479f0eb229748cfdd897a408012e
    models/LEsegment_joint_visu.wrl -> 1bf5a0382df53cb4aef1ebf578e4d535a0cd3d7b
    models/RightFingerJoint31y_joint_visu.wrl -> 4f0efb942b57fffc5b3177798a71bcdbb9b92042
    models/LeftFingerJoint32y_joint_visu.wrl -> 685ae87120ee0d9ba5d764c8ff99385aa9d79a04
    models/RightFingerJoint32y_joint_visu.wrl -> 47d29dfecd9514a3973b021c83bc361364341093
    models/LeftFingerJoint31y_joint_visu.wrl -> d24789234312bf68c77c7830508763d07f9feec0
    models/LMrot_joint_visu.wrl -> 94047f5a29e3373271bba5d61ccbbacf9bfb01af
    models/LWy_joint_visu.wrl -> 33ba8f54774fa65838a8ae38c3d558f06fe00bc0
    models/LeftFingerJoint52y_joint_visu.wrl -> 3f7d688708cf5f55104348d5bc102dcc7b7a0a66
    models/LSsegment_joint_visu.wrl -> f34e7eae1658b3ae618b5bc40ebc1da529c7e0a3
    models/RAsegment_joint_visu.wrl -> bf9735bb8cbd74e01e9087f0ccad4783edc49231
    models/LeftFingerJoint50y_joint_visu.wrl -> c2f6364fe16768bd1382d1b02c327d9dcf43fd03
    models/LeftFingerJoint51y_joint_visu.wrl -> 0c2664365d375a3d9dd190818483e292027433d3
    models/LeftHandSegment_joint_visu.wrl -> 581235ef3290f47c527e74693e4a232056642bcf
    models/BTy_joint_visu.wrl -> 818c33f75e2b278db824d223d8796b1d1ca48213
    models/RWsegment_joint_visu.wrl -> de46619cf74eb2ffe74ab7fdaaf4cd485034b959
    models/RFx_joint_visu.wrl -> 7e0fad07af2c1f6a4bad2e40caa9cdcfafa5d748

Missing subject markers: []

Subject conversion error:
Conversion Error: avg/avg = 33.62, worst avg = 40.41, worst max = 111.64

The per-frame conversion errors are: (avg/max for subject and every object)
  Frame 0: 40.41/106.35
  Frame 1: 40.41/106.06
  Frame 2: 40.38/105.94
  Frame 3: 40.38/105.69
  Frame 4: 40.35/105.70
  Frame 5: 40.34/105.52
  Frame 6: 40.30/105.34
  Frame 7: 40.30/105.32
  Frame 8: 40.27/105.29
  Frame 9: 40.26/105.31
  Frame 10: 40.25/105.32
  Frame 11: 40.25/105.29
  Frame 12: 40.22/105.27
  Frame 13: 40.22/105.26
  Frame 14: 40.22/105.25
  Frame 15: 40.21/105.17
  Frame 16: 40.19/105.22
  Frame 17: 40.17/105.10
  Frame 18: 40.15/104.97
  Frame 19: 40.13/104.90
  Frame 20: 40.09/104.89
  Frame 21: 40.09/104.86
  Frame 22: 40.07/104.78
  Frame 23: 40.07/104.78
  Frame 24: 40.06/104.74
  Frame 25: 40.05/104.72
  Frame 26: 40.04/104.76
  Frame 27: 40.04/104.64
  Frame 28: 40.03/104.68
  Frame 29: 40.03/104.65
  Frame 30: 40.02/104.66
  Frame 31: 40.02/104.70
  Frame 32: 40.00/104.66
  Frame 33: 40.00/104.70
  Frame 34: 40.00/104.63
  Frame 35: 40.00/104.67
  Frame 36: 39.98/104.77
  Frame 37: 39.98/104.78
  Frame 38: 39.98/104.72
  Frame 39: 39.98/104.70
  Frame 40: 39.97/104.74
  Frame 41: 39.96/104.73
  Frame 42: 39.97/104.71
  Frame 43: 39.94/104.72
  Frame 44: 39.94/104.77
  Frame 45: 39.93/104.82
  Frame 46: 39.92/104.81
  Frame 47: 39.91/104.85
  Frame 48: 39.90/104.86
  Frame 49: 39.90/104.79
  Frame 50: 39.90/104.76
  Frame 51: 39.89/104.84
  Frame 52: 39.89/104.83
  Frame 53: 39.89/104.81
  Frame 54: 39.89/104.83
  Frame 55: 39.88/104.80
  Frame 56: 39.86/104.96
  Frame 57: 39.87/105.00
  Frame 58: 39.87/105.02
  Frame 59: 39.87/105.08
  Frame 60: 39.88/105.19
  Frame 61: 39.88/105.31
  Frame 62: 39.88/105.43
  Frame 63: 39.89/105.42
  Frame 64: 39.89/105.54
  Frame 65: 39.90/105.62
  Frame 66: 39.91/105.83
  Frame 67: 39.91/105.86
  Frame 68: 39.93/105.95
  Frame 69: 39.94/105.98
  Frame 70: 39.94/106.14
  Frame 71: 39.94/106.19
  Frame 72: 39.94/106.19
  Frame 73: 39.93/106.50
  Frame 74: 39.93/106.73
  Frame 75: 39.92/106.74
  Frame 76: 39.92/106.92
  Frame 77: 39.90/107.10
  Frame 78: 39.87/107.33
  Frame 79: 39.86/107.47
  Frame 80: 39.84/107.57
  Frame 81: 39.83/107.59
  Frame 82: 39.82/107.56
  Frame 83: 39.80/107.74
  Frame 84: 39.79/107.97
  Frame 85: 39.77/108.12
  Frame 86: 39.75/108.22
  Frame 87: 39.74/108.47
  Frame 88: 39.70/108.62
  Frame 89: 39.66/109.05
  Frame 90: 39.62/108.79
  Frame 91: 39.61/108.70
  Frame 92: 39.57/108.55
  Frame 93: 39.52/108.71
  Frame 94: 39.48/108.38
  Frame 95: 39.45/108.43
  Frame 96: 39.39/108.76
  Frame 97: 39.40/109.19
  Frame 98: 39.39/109.34
  Frame 99: 39.34/108.82
  Frame 100: 39.29/109.16
  Frame 101: 39.24/108.93
  Frame 102: 39.20/109.46
  Frame 103: 39.17/109.48
  Frame 104: 39.17/109.32
  Frame 105: 39.16/109.11
  Frame 106: 39.09/109.19
  Frame 107: 39.06/109.20
  Frame 108: 39.01/109.65
  Frame 109: 38.96/109.55
  Frame 110: 38.93/109.01
  Frame 111: 38.87/109.02
  Frame 112: 38.83/108.61
  Frame 113: 38.78/108.21
  Frame 114: 38.71/108.47
  Frame 115: 38.66/108.20
  Frame 116: 38.63/107.89
  Frame 117: 38.54/107.44
  Frame 118: 38.51/107.27
  Frame 119: 38.35/107.18
  Frame 120: 38.23/105.94
  Frame 121: 38.12/106.31
  Frame 122: 37.99/106.16
  Frame 123: 37.91/105.13
  Frame 124: 37.82/104.46
  Frame 125: 37.69/103.86
  Frame 126: 37.61/102.98
  Frame 127: 37.47/103.15
  Frame 128: 37.39/102.02
  Frame 129: 37.29/101.40
  Frame 130: 37.17/100.34
  Frame 131: 37.04/99.33
  Frame 132: 36.92/98.50
  Frame 133: 36.77/98.16
  Frame 134: 36.67/97.35
  Frame 135: 36.45/95.94
  Frame 136: 36.28/94.81
  Frame 137: 36.15/94.58
  Frame 138: 35.85/93.15
  Frame 139: 35.67/92.46
  Frame 140: 35.47/91.65
  Frame 141: 35.30/90.81
  Frame 142: 35.12/89.88
  Frame 143: 34.94/89.13
  Frame 144: 34.73/89.01
  Frame 145: 34.58/88.38
  Frame 146: 34.39/88.19
  Frame 147: 34.17/87.72
  Frame 148: 34.02/87.33
  Frame 149: 33.80/87.10
  Frame 150: 33.65/86.73
  Frame 151: 33.44/86.12
  Frame 152: 33.24/85.88
  Frame 153: 33.13/85.41
  Frame 154: 32.92/84.94
  Frame 155: 32.71/84.35
  Frame 156: 32.55/83.83
  Frame 157: 32.41/83.78
  Frame 158: 32.19/83.57
  Frame 159: 32.01/82.62
  Frame 160: 31.68/81.29
  Frame 161: 31.39/81.06
  Frame 162: 31.01/80.97
  Frame 163: 30.85/80.81
  Frame 164: 30.63/80.97
  Frame 165: 30.42/80.82
  Frame 166: 30.24/80.62
  Frame 167: 30.11/80.65
  Frame 168: 29.98/80.59
  Frame 169: 29.83/80.60
  Frame 170: 29.74/80.46
  Frame 171: 29.66/80.48
  Frame 172: 29.60/80.31
  Frame 173: 29.54/80.26
  Frame 174: 29.49/80.20
  Frame 175: 29.44/80.13
  Frame 176: 29.39/79.97
  Frame 177: 29.33/80.01
  Frame 178: 29.29/79.89
  Frame 179: 29.27/79.72
  Frame 180: 29.24/79.79
  Frame 181: 29.22/79.94
  Frame 182: 29.21/79.70
  Frame 183: 29.16/79.84
  Frame 184: 29.16/79.69
  Frame 185: 29.16/79.73
  Frame 186: 29.16/79.80
  Frame 187: 29.19/79.75
  Frame 188: 29.19/79.68
  Frame 189: 29.21/79.65
  Frame 190: 29.20/79.48
  Frame 191: 29.22/79.36
  Frame 192: 29.23/79.41
  Frame 193: 29.23/79.46
  Frame 194: 29.28/79.30
  Frame 195: 29.29/79.29
  Frame 196: 29.33/79.24
  Frame 197: 29.34/79.21
  Frame 198: 29.37/79.13
  Frame 199: 29.40/79.15
  Frame 200: 29.45/79.21
  Frame 201: 29.48/79.20
  Frame 202: 29.50/79.20
  Frame 203: 29.53/79.22
  Frame 204: 29.57/79.20
  Frame 205: 29.61/79.29
  Frame 206: 29.63/79.25
  Frame 207: 29.68/79.21
  Frame 208: 29.70/79.22
  Frame 209: 29.73/79.23
  Frame 210: 29.73/79.09
  Frame 211: 29.75/79.13
  Frame 212: 29.80/79.06
  Frame 213: 29.83/78.98
  Frame 214: 29.85/79.05
  Frame 215: 29.89/79.00
  Frame 216: 29.92/78.98
  Frame 217: 29.95/78.92
  Frame 218: 29.97/78.91
  Frame 219: 29.99/78.89
  Frame 220: 30.00/78.95
  Frame 221: 30.02/78.84
  Frame 222: 30.04/78.85
  Frame 223: 30.07/78.82
  Frame 224: 30.08/78.78
  Frame 225: 30.11/78.81
  Frame 226: 30.12/78.80
  Frame 227: 30.13/78.79
  Frame 228: 30.14/78.85
  Frame 229: 30.16/78.83
  Frame 230: 30.16/78.92
  Frame 231: 30.16/78.89
  Frame 232: 30.17/78.89
  Frame 233: 30.17/79.00
  Frame 234: 30.16/79.00
  Frame 235: 30.18/79.01
  Frame 236: 30.18/79.03
  Frame 237: 30.18/79.11
  Frame 238: 30.18/79.13
  Frame 239: 30.18/79.11
  Frame 240: 30.20/79.15
  Frame 241: 30.20/79.28
  Frame 242: 30.20/79.33
  Frame 243: 30.20/79.40
  Frame 244: 30.20/79.36
  Frame 245: 30.20/79.44
  Frame 246: 30.21/79.47
  Frame 247: 30.21/79.45
  Frame 248: 30.22/79.56
  Frame 249: 30.21/79.61
  Frame 250: 30.21/79.64
  Frame 251: 30.22/79.66
  Frame 252: 30.22/79.70
  Frame 253: 30.21/79.74
  Frame 254: 30.22/79.70
  Frame 255: 30.22/79.74
  Frame 256: 30.21/79.75
  Frame 257: 30.21/79.79
  Frame 258: 30.21/79.79
  Frame 259: 30.21/79.75
  Frame 260: 30.21/79.74
  Frame 261: 30.21/79.71
  Frame 262: 30.21/79.74
  Frame 263: 30.21/79.73
  Frame 264: 30.21/79.66
  Frame 265: 30.21/79.61
  Frame 266: 30.20/79.67
  Frame 267: 30.20/79.64
  Frame 268: 30.20/79.59
  Frame 269: 30.20/79.58
  Frame 270: 30.21/79.52
  Frame 271: 30.21/79.51
  Frame 272: 30.20/79.53
  Frame 273: 30.20/79.62
  Frame 274: 30.21/79.54
  Frame 275: 30.21/79.52
  Frame 276: 30.22/79.48
  Frame 277: 30.21/79.49
  Frame 278: 30.22/79.48
  Frame 279: 30.22/79.46
  Frame 280: 30.22/79.40
  Frame 281: 30.23/79.36
  Frame 282: 30.23/79.37
  Frame 283: 30.22/79.35
  Frame 284: 30.22/79.40
  Frame 285: 30.22/79.40
  Frame 286: 30.22/79.39
  Frame 287: 30.22/79.36
  Frame 288: 30.22/79.43
  Frame 289: 30.21/79.41
  Frame 290: 30.21/79.41
  Frame 291: 30.21/79.40
  Frame 292: 30.21/79.38
  Frame 293: 30.21/79.35
  Frame 294: 30.21/79.35
  Frame 295: 30.21/79.30
  Frame 296: 30.21/79.32
  Frame 297: 30.21/79.32
  Frame 298: 30.21/79.29
  Frame 299: 30.21/79.32
  Frame 300: 30.21/79.33
  Frame 301: 30.21/79.30
  Frame 302: 30.21/79.29
  Frame 303: 30.21/79.39
  Frame 304: 30.20/79.39
  Frame 305: 30.20/79.42
  Frame 306: 30.19/79.42
  Frame 307: 30.19/79.42
  Frame 308: 30.19/79.38
  Frame 309: 30.19/79.41
  Frame 310: 30.18/79.40
  Frame 311: 30.18/79.37
  Frame 312: 30.17/79.36
  Frame 313: 30.17/79.37
  Frame 314: 30.17/79.34
  Frame 315: 30.17/79.37
  Frame 316: 30.17/79.36
  Frame 317: 30.17/79.31
  Frame 318: 30.16/79.36
  Frame 319: 30.17/79.31
  Frame 320: 30.17/79.32
  Frame 321: 30.17/79.33
  Frame 322: 30.16/79.34
  Frame 323: 30.17/79.31
  Frame 324: 30.17/79.31
  Frame 325: 30.16/79.37
  Frame 326: 30.17/79.33
  Frame 327: 30.17/79.35
  Frame 328: 30.16/79.38
  Frame 329: 30.16/79.34
  Frame 330: 30.15/79.32
  Frame 331: 30.14/79.36
  Frame 332: 30.13/79.37
  Frame 333: 30.12/79.35
  Frame 334: 30.11/79.34
  Frame 335: 30.10/79.36
  Frame 336: 30.09/79.31
  Frame 337: 30.08/79.28
  Frame 338: 30.07/79.25
  Frame 339: 30.07/79.27
  Frame 340: 30.05/79.27
  Frame 341: 30.04/79.24
  Frame 342: 30.04/79.24
  Frame 343: 30.03/79.27
  Frame 344: 30.01/79.26
  Frame 345: 30.01/79.27
  Frame 346: 30.00/79.25
  Frame 347: 29.99/79.26
  Frame 348: 29.98/79.28
  Frame 349: 29.96/79.32
  Frame 350: 29.95/79.26
  Frame 351: 29.93/79.24
  Frame 352: 29.91/79.22
  Frame 353: 29.88/79.19
  Frame 354: 29.86/79.32
  Frame 355: 29.84/79.14
  Frame 356: 29.81/79.27
  Frame 357: 29.77/79.23
  Frame 358: 29.71/79.27
  Frame 359: 29.69/79.26
  Frame 360: 29.63/79.32
  Frame 361: 29.58/79.44
  Frame 362: 29.52/79.42
  Frame 363: 29.49/79.39
  Frame 364: 29.43/79.45
  Frame 365: 29.38/79.43
  Frame 366: 29.34/79.46
  Frame 367: 29.32/79.29
  Frame 368: 29.27/79.26
  Frame 369: 29.24/79.13
  Frame 370: 29.20/79.25
  Frame 371: 29.22/79.25
  Frame 372: 29.20/79.18
  Frame 373: 29.17/79.16
  Frame 374: 29.17/79.17
  Frame 375: 29.11/79.20
  Frame 376: 29.11/79.22
  Frame 377: 29.10/79.19
  Frame 378: 29.09/79.18
  Frame 379: 29.02/79.33
  Frame 380: 28.98/79.34
  Frame 381: 28.98/79.35
  Frame 382: 28.96/79.29
  Frame 383: 28.94/79.47
  Frame 384: 28.94/79.55
  Frame 385: 28.93/79.46
  Frame 386: 28.94/79.61
  Frame 387: 28.97/79.62
  Frame 388: 28.96/79.64
  Frame 389: 29.01/79.75
  Frame 390: 29.04/79.83
  Frame 391: 29.08/79.93
  Frame 392: 29.13/79.98
  Frame 393: 29.14/80.08
  Frame 394: 29.18/80.04
  Frame 395: 29.26/80.09
  Frame 396: 29.31/80.16
  Frame 397: 29.40/80.05
  Frame 398: 29.50/80.11
  Frame 399: 29.61/80.09
  Frame 400: 29.68/80.22
  Frame 401: 29.80/80.22
  Frame 402: 29.92/80.80
  Frame 403: 29.99/81.14
  Frame 404: 30.07/81.26
  Frame 405: 30.21/82.24
  Frame 406: 30.34/82.68
  Frame 407: 30.51/83.17
  Frame 408: 30.63/83.51
  Frame 409: 30.78/84.15
  Frame 410: 30.94/84.82
  Frame 411: 31.08/85.05
  Frame 412: 31.20/85.46
  Frame 413: 31.38/85.83
  Frame 414: 31.55/86.47
  Frame 415: 31.66/87.27
  Frame 416: 31.84/88.03
  Frame 417: 31.99/88.73
  Frame 418: 32.02/88.30
  Frame 419: 32.21/88.57
  Frame 420: 32.21/88.32
  Frame 421: 32.32/88.50
  Frame 422: 32.47/88.80
  Frame 423: 32.59/89.70
  Frame 424: 32.71/90.42
  Frame 425: 32.78/90.39
  Frame 426: 32.82/90.05
  Frame 427: 32.92/90.70
  Frame 428: 33.01/90.70
  Frame 429: 33.12/90.93
  Frame 430: 33.21/91.09
  Frame 431: 33.20/91.09
  Frame 432: 33.31/91.09
  Frame 433: 33.39/91.29
  Frame 434: 33.46/91.50
  Frame 435: 33.55/91.49
  Frame 436: 33.63/91.60
  Frame 437: 33.69/92.46
  Frame 438: 33.77/92.41
  Frame 439: 33.83/92.73
  Frame 440: 33.90/92.79
  Frame 441: 34.01/92.86
  Frame 442: 34.09/93.03
  Frame 443: 34.18/92.97
  Frame 444: 34.24/93.20
  Frame 445: 34.36/93.28
  Frame 446: 34.47/93.20
  Frame 447: 34.62/93.58
  Frame 448: 34.75/93.58
  Frame 449: 34.84/93.29
  Frame 450: 34.94/93.07
  Frame 451: 35.08/93.96
  Frame 452: 35.15/93.75
  Frame 453: 35.18/93.75
  Frame 454: 35.29/93.95
  Frame 455: 35.33/94.04
  Frame 456: 35.39/94.18
  Frame 457: 35.49/94.40
  Frame 458: 35.56/94.78
  Frame 459: 35.65/95.07
  Frame 460: 35.72/94.98
  Frame 461: 35.76/94.62
  Frame 462: 35.85/94.51
  Frame 463: 35.93/94.76
  Frame 464: 36.02/94.72
  Frame 465: 36.12/94.56
  Frame 466: 36.23/94.65
  Frame 467: 36.25/94.66
  Frame 468: 36.27/94.37
  Frame 469: 36.28/94.04
  Frame 470: 36.34/94.16
  Frame 471: 36.26/93.86
  Frame 472: 36.24/93.69
  Frame 473: 36.22/93.60
  Frame 474: 36.22/93.43
  Frame 475: 36.18/93.51
  Frame 476: 36.21/93.61
  Frame 477: 36.20/93.80
  Frame 478: 36.15/93.25
  Frame 479: 36.11/92.58
  Frame 480: 36.15/92.80
  Frame 481: 36.20/93.28
  Frame 482: 36.12/91.83
  Frame 483: 36.12/91.93
  Frame 484: 36.07/91.81
  Frame 485: 35.94/90.48
  Frame 486: 35.88/88.91
  Frame 487: 35.89/89.35
  Frame 488: 35.81/89.16
  Frame 489: 35.78/88.49
  Frame 490: 35.72/87.11
  Frame 491: 35.66/87.18
  Frame 492: 35.62/85.48
  Frame 493: 35.52/85.35
  Frame 494: 35.46/83.43
  Frame 495: 35.41/83.58
  Frame 496: 35.31/82.64
  Frame 497: 35.30/82.35
  Frame 498: 35.22/83.84
  Frame 499: 35.10/85.31
  Frame 500: 35.09/86.39
  Frame 501: 35.03/86.16
  Frame 502: 35.01/85.81
  Frame 503: 35.01/87.26
  Frame 504: 34.90/87.85
  Frame 505: 34.88/87.88
  Frame 506: 34.80/88.34
  Frame 507: 34.75/88.28
  Frame 508: 34.70/88.98
  Frame 509: 34.66/89.60
  Frame 510: 34.58/89.69
  Frame 511: 34.53/90.62
  Frame 512: 34.48/90.51
  Frame 513: 34.47/90.85
  Frame 514: 34.46/91.18
  Frame 515: 34.42/90.97
  Frame 516: 34.38/91.33
  Frame 517: 34.35/91.41
  Frame 518: 34.33/91.57
  Frame 519: 34.34/92.27
  Frame 520: 34.32/92.40
  Frame 521: 34.30/92.43
  Frame 522: 34.27/92.79
  Frame 523: 34.27/93.00
  Frame 524: 34.23/92.93
  Frame 525: 34.22/92.96
  Frame 526: 34.20/93.17
  Frame 527: 34.19/93.33
  Frame 528: 34.19/93.51
  Frame 529: 34.18/93.45
  Frame 530: 34.16/93.64
  Frame 531: 34.15/93.66
  Frame 532: 34.15/93.41
  Frame 533: 34.17/93.26
  Frame 534: 34.15/93.28
  Frame 535: 34.16/93.34
  Frame 536: 34.16/93.49
  Frame 537: 34.16/93.58
  Frame 538: 34.18/93.59
  Frame 539: 34.18/93.52
  Frame 540: 34.19/93.44
  Frame 541: 34.22/93.64
  Frame 542: 34.24/93.54
  Frame 543: 34.27/93.54
  Frame 544: 34.27/93.42
  Frame 545: 34.32/93.31
  Frame 546: 34.34/93.27
  Frame 547: 34.35/93.17
  Frame 548: 34.44/93.10
  Frame 549: 34.42/93.00
  Frame 550: 34.43/92.92
  Frame 551: 34.44/92.86
  Frame 552: 34.42/92.83
  Frame 553: 34.44/92.67
  Frame 554: 34.47/92.67
  Frame 555: 34.50/92.70
  Frame 556: 34.52/92.62
  Frame 557: 34.53/92.31
  Frame 558: 34.55/92.29
  Frame 559: 34.57/92.26
  Frame 560: 34.59/92.35
  Frame 561: 34.58/92.33
  Frame 562: 34.60/92.30
  Frame 563: 34.60/92.26
  Frame 564: 34.60/92.35
  Frame 565: 34.60/92.36
  Frame 566: 34.59/92.37
  Frame 567: 34.58/92.41
  Frame 568: 34.57/92.43
  Frame 569: 34.54/92.50
  Frame 570: 34.51/92.49
  Frame 571: 34.49/92.49
  Frame 572: 34.47/92.47
  Frame 573: 34.45/92.63
  Frame 574: 34.42/92.65
  Frame 575: 34.39/92.76
  Frame 576: 34.36/92.93
  Frame 577: 34.30/93.03
  Frame 578: 34.29/92.98
  Frame 579: 34.26/93.20
  Frame 580: 34.23/93.35
  Frame 581: 34.20/93.61
  Frame 582: 34.20/93.72
  Frame 583: 34.21/93.75
  Frame 584: 34.19/94.11
  Frame 585: 34.16/94.20
  Frame 586: 34.21/94.31
  Frame 587: 34.16/94.23
  Frame 588: 34.16/94.39
  Frame 589: 34.20/94.64
  Frame 590: 34.19/94.57
  Frame 591: 34.18/94.46
  Frame 592: 34.19/94.43
  Frame 593: 34.20/95.02
  Frame 594: 34.21/94.92
  Frame 595: 34.24/94.83
  Frame 596: 34.27/94.73
  Frame 597: 34.29/94.73
  Frame 598: 34.31/94.65
  Frame 599: 34.34/94.77
  Frame 600: 34.36/94.78
  Frame 601: 34.40/94.85
  Frame 602: 34.43/94.73
  Frame 603: 34.44/94.66
  Frame 604: 34.49/94.64
  Frame 605: 34.53/94.73
  Frame 606: 34.57/94.69
  Frame 607: 34.61/94.92
  Frame 608: 34.65/94.80
  Frame 609: 34.71/94.62
  Frame 610: 34.77/94.63
  Frame 611: 34.83/94.63
  Frame 612: 34.90/94.57
  Frame 613: 34.97/94.39
  Frame 614: 35.03/94.31
  Frame 615: 35.11/94.12
  Frame 616: 35.20/93.98
  Frame 617: 35.26/93.86
  Frame 618: 35.34/93.72
  Frame 619: 35.43/93.59
  Frame 620: 35.51/93.17
  Frame 621: 35.64/93.09
  Frame 622: 35.76/92.73
  Frame 623: 35.84/92.30
  Frame 624: 35.91/92.13
  Frame 625: 36.00/91.95
  Frame 626: 36.06/91.81
  Frame 627: 36.15/91.42
  Frame 628: 36.24/91.27
  Frame 629: 36.40/90.53
  Frame 630: 36.50/90.31
  Frame 631: 36.62/90.02
  Frame 632: 36.72/89.34
  Frame 633: 36.83/88.97
  Frame 634: 36.94/89.89
  Frame 635: 37.08/90.59
  Frame 636: 37.16/91.24
  Frame 637: 37.26/91.87
  Frame 638: 37.38/92.51
  Frame 639: 37.47/93.31
  Frame 640: 37.58/94.06
  Frame 641: 37.69/94.68
  Frame 642: 37.73/94.39
  Frame 643: 37.88/95.26
  Frame 644: 38.03/95.89
  Frame 645: 38.06/96.31
  Frame 646: 38.18/97.14
  Frame 647: 38.28/96.88
  Frame 648: 38.44/98.25
  Frame 649: 38.60/99.24
  Frame 650: 38.58/99.54
  Frame 651: 38.55/99.35
  Frame 652: 38.63/99.86
  Frame 653: 38.58/99.28
  Frame 654: 38.70/99.83
  Frame 655: 38.62/99.54
  Frame 656: 38.56/100.39
  Frame 657: 38.44/99.48
  Frame 658: 38.43/98.88
  Frame 659: 38.40/98.89
  Frame 660: 38.28/98.10
  Frame 661: 38.21/97.47
  Frame 662: 38.19/97.43
  Frame 663: 38.13/97.22
  Frame 664: 38.00/96.72
  Frame 665: 37.94/96.42
  Frame 666: 37.86/96.10
  Frame 667: 37.83/95.97
  Frame 668: 37.77/95.82
  Frame 669: 37.74/95.78
  Frame 670: 37.69/95.65
  Frame 671: 37.64/95.49
  Frame 672: 37.58/95.38
  Frame 673: 37.54/95.60
  Frame 674: 37.50/95.62
  Frame 675: 37.44/95.60
  Frame 676: 37.43/95.72
  Frame 677: 37.36/95.69
  Frame 678: 37.27/95.58
  Frame 679: 37.21/95.11
  Frame 680: 37.14/95.01
  Frame 681: 37.06/94.64
  Frame 682: 36.99/94.45
  Frame 683: 36.94/94.14
  Frame 684: 36.99/94.44
  Frame 685: 36.96/94.61
  Frame 686: 36.96/94.39
  Frame 687: 37.01/93.92
  Frame 688: 37.00/94.15
  Frame 689: 36.95/94.03
  Frame 690: 36.99/94.10
  Frame 691: 37.06/94.33
  Frame 692: 37.12/94.71
  Frame 693: 37.22/95.33
  Frame 694: 37.32/95.80
  Frame 695: 37.42/96.15
  Frame 696: 37.12/95.80
  Frame 697: 36.51/92.01
  Frame 698: 36.33/90.33
  Frame 699: 36.25/89.35
  Frame 700: 36.00/87.54
  Frame 701: 35.84/86.07
  Frame 702: 35.77/85.24
  Frame 703: 35.62/84.29
  Frame 704: 35.49/83.60
  Frame 705: 35.38/83.67
  Frame 706: 35.28/83.23
  Frame 707: 35.17/84.20
  Frame 708: 35.11/85.08
  Frame 709: 35.05/85.13
  Frame 710: 35.00/86.16
  Frame 711: 34.90/86.16
  Frame 712: 34.85/86.88
  Frame 713: 34.81/86.95
  Frame 714: 34.70/87.88
  Frame 715: 34.69/87.67
  Frame 716: 34.63/87.46
  Frame 717: 34.56/87.81
  Frame 718: 34.55/88.20
  Frame 719: 34.50/88.12
  Frame 720: 34.47/88.26
  Frame 721: 34.42/88.66
  Frame 722: 34.37/89.75
  Frame 723: 34.35/89.93
  Frame 724: 34.32/89.84
  Frame 725: 34.33/90.06
  Frame 726: 34.26/90.51
  Frame 727: 34.24/90.77
  Frame 728: 34.23/91.10
  Frame 729: 34.20/91.38
  Frame 730: 34.18/91.86
  Frame 731: 34.16/92.28
  Frame 732: 34.18/92.00
  Frame 733: 34.18/92.13
  Frame 734: 34.16/92.75
  Frame 735: 34.16/92.89
  Frame 736: 34.18/92.75
  Frame 737: 34.18/93.23
  Frame 738: 34.21/93.02
  Frame 739: 34.20/93.26
  Frame 740: 34.21/93.40
  Frame 741: 34.22/93.85
  Frame 742: 34.26/93.92
  Frame 743: 34.26/93.73
  Frame 744: 34.27/93.74
  Frame 745: 34.29/93.71
  Frame 746: 34.31/93.43
  Frame 747: 34.31/93.57
  Frame 748: 34.33/93.44
  Frame 749: 34.37/93.50
  Frame 750: 34.37/93.42
  Frame 751: 34.38/93.03
  Frame 752: 34.43/93.18
  Frame 753: 34.43/93.07
  Frame 754: 34.45/92.94
  Frame 755: 34.48/92.75
  Frame 756: 34.50/92.78
  Frame 757: 34.53/92.65
  Frame 758: 34.54/92.54
  Frame 759: 34.55/92.25
  Frame 760: 34.60/91.85
  Frame 761: 34.61/92.10
  Frame 762: 34.65/92.03
  Frame 763: 34.67/92.05
  Frame 764: 34.69/92.04
  Frame 765: 34.71/91.90
  Frame 766: 34.73/91.81
  Frame 767: 34.76/91.72
  Frame 768: 34.76/91.47
  Frame 769: 34.78/91.11
  Frame 770: 34.80/91.06
  Frame 771: 34.80/91.03
  Frame 772: 34.80/90.73
  Frame 773: 34.79/90.30
  Frame 774: 34.78/90.28
  Frame 775: 34.79/90.37
  Frame 776: 34.78/90.53
  Frame 777: 34.79/90.50
  Frame 778: 34.77/90.63
  Frame 779: 34.76/90.65
  Frame 780: 34.74/90.80
  Frame 781: 34.72/90.84
  Frame 782: 34.70/90.98
  Frame 783: 34.67/91.00
  Frame 784: 34.65/90.97
  Frame 785: 34.62/90.91
  Frame 786: 34.60/90.93
  Frame 787: 34.57/90.88
  Frame 788: 34.56/90.82
  Frame 789: 34.54/90.67
  Frame 790: 34.51/90.30
  Frame 791: 34.49/90.17
  Frame 792: 34.48/90.09
  Frame 793: 34.47/89.74
  Frame 794: 34.46/89.50
  Frame 795: 34.45/89.78
  Frame 796: 34.46/89.91
  Frame 797: 34.40/90.15
  Frame 798: 34.42/90.21
  Frame 799: 34.40/90.24
  Frame 800: 34.36/90.54
  Frame 801: 34.36/91.02
  Frame 802: 34.33/91.39
  Frame 803: 34.31/91.82
  Frame 804: 34.32/92.10
  Frame 805: 34.27/92.27
  Frame 806: 34.27/92.77
  Frame 807: 34.27/92.96
  Frame 808: 34.24/93.16
  Frame 809: 34.28/93.46
  Frame 810: 34.21/93.76
  Frame 811: 34.26/94.09
  Frame 812: 34.24/94.13
  Frame 813: 34.21/94.34
  Frame 814: 34.19/94.30
  Frame 815: 34.21/94.38
  Frame 816: 34.20/94.41
  Frame 817: 34.22/94.24
  Frame 818: 34.21/94.54
  Frame 819: 34.22/94.52
  Frame 820: 34.21/94.50
  Frame 821: 34.22/94.32
  Frame 822: 34.23/94.28
  Frame 823: 34.25/93.94
  Frame 824: 34.25/94.09
  Frame 825: 34.25/93.36
  Frame 826: 34.26/93.44
  Frame 827: 34.26/93.69
  Frame 828: 34.27/93.11
  Frame 829: 34.30/93.20
  Frame 830: 34.33/92.84
  Frame 831: 34.34/92.85
  Frame 832: 34.39/92.81
  Frame 833: 34.39/93.18
  Frame 834: 34.41/93.13
  Frame 835: 34.46/93.13
  Frame 836: 34.50/93.03
  Frame 837: 34.53/92.91
  Frame 838: 34.56/92.85
  Frame 839: 34.60/92.95
  Frame 840: 34.64/92.82
  Frame 841: 34.68/92.93
  Frame 842: 34.73/92.90
  Frame 843: 34.77/92.95
  Frame 844: 34.82/92.90
  Frame 845: 34.86/92.66
  Frame 846: 34.94/92.79
  Frame 847: 34.99/92.48
  Frame 848: 35.05/91.99
  Frame 849: 35.13/91.94
  Frame 850: 35.19/91.34
  Frame 851: 35.28/90.93
  Frame 852: 35.37/90.67
  Frame 853: 35.45/90.24
  Frame 854: 35.52/89.69
  Frame 855: 35.63/89.26
  Frame 856: 35.74/88.95
  Frame 857: 35.85/88.61
  Frame 858: 35.96/89.01
  Frame 859: 36.06/89.96
  Frame 860: 36.15/90.65
  Frame 861: 36.26/91.36
  Frame 862: 36.39/92.00
  Frame 863: 36.54/92.80
  Frame 864: 36.61/92.72
  Frame 865: 36.73/94.16
  Frame 866: 36.87/94.47
  Frame 867: 36.99/95.38
  Frame 868: 37.09/95.84
  Frame 869: 37.13/96.74
  Frame 870: 37.20/97.56
  Frame 871: 37.29/97.59
  Frame 872: 37.34/98.17
  Frame 873: 37.42/98.79
  Frame 874: 37.51/99.16
  Frame 875: 37.59/99.35
  Frame 876: 37.62/99.34
  Frame 877: 37.66/99.65
  Frame 878: 37.66/99.64
  Frame 879: 37.66/100.78
  Frame 880: 37.70/100.53
  Frame 881: 37.68/100.15
  Frame 882: 37.66/100.12
  Frame 883: 37.59/99.86
  Frame 884: 37.54/99.63
  Frame 885: 37.51/99.60
  Frame 886: 37.51/99.50
  Frame 887: 37.45/99.10
  Frame 888: 37.43/98.89
  Frame 889: 37.38/98.51
  Frame 890: 37.20/98.09
  Frame 891: 37.15/97.71
  Frame 892: 37.12/97.58
  Frame 893: 37.11/97.39
  Frame 894: 37.07/97.16
  Frame 895: 37.04/97.17
  Frame 896: 37.00/97.03
  Frame 897: 36.98/96.88
  Frame 898: 36.95/96.87
  Frame 899: 36.89/96.67
  Frame 900: 36.84/96.77
  Frame 901: 36.80/96.71
  Frame 902: 36.76/96.57
  Frame 903: 36.73/96.64
  Frame 904: 36.71/96.45
  Frame 905: 36.68/96.52
  Frame 906: 36.64/96.66
  Frame 907: 36.64/96.58
  Frame 908: 36.63/96.31
  Frame 909: 36.63/96.06
  Frame 910: 36.61/95.85
  Frame 911: 36.60/95.71
  Frame 912: 36.59/95.62
  Frame 913: 36.59/95.03
  Frame 914: 36.58/94.65
  Frame 915: 36.53/94.59
  Frame 916: 36.51/94.31
  Frame 917: 36.49/94.40
  Frame 918: 36.45/94.30
  Frame 919: 36.40/94.33
  Frame 920: 36.34/93.99
  Frame 921: 36.29/93.80
  Frame 922: 36.24/93.61
  Frame 923: 36.22/93.64
  Frame 924: 36.17/93.60
  Frame 925: 36.13/93.53
  Frame 926: 36.12/93.81
  Frame 927: 36.07/93.90
  Frame 928: 36.02/94.08
  Frame 929: 35.96/94.18
  Frame 930: 35.91/94.22
  Frame 931: 35.86/94.18
  Frame 932: 35.82/94.27
  Frame 933: 35.73/94.51
  Frame 934: 35.64/94.50
  Frame 935: 35.58/94.55
  Frame 936: 35.50/94.71
  Frame 937: 35.42/94.64
  Frame 938: 35.33/94.39
  Frame 939: 35.26/94.34
  Frame 940: 35.17/94.27
  Frame 941: 35.10/94.08
  Frame 942: 35.07/93.96
  Frame 943: 34.95/94.10
  Frame 944: 34.87/94.07
  Frame 945: 34.81/93.86
  Frame 946: 34.67/93.66
  Frame 947: 34.58/93.69
  Frame 948: 34.51/93.74
  Frame 949: 34.43/93.92
  Frame 950: 34.37/93.81
  Frame 951: 34.28/93.98
  Frame 952: 34.21/93.65
  Frame 953: 34.14/93.63
  Frame 954: 34.06/93.51
  Frame 955: 33.98/93.35
  Frame 956: 33.91/93.14
  Frame 957: 33.83/92.96
  Frame 958: 33.75/92.75
  Frame 959: 33.70/92.61
  Frame 960: 33.64/92.27
  Frame 961: 33.56/92.26
  Frame 962: 33.49/91.94
  Frame 963: 33.42/91.80
  Frame 964: 33.36/91.50
  Frame 965: 33.31/91.23
  Frame 966: 33.26/91.09
  Frame 967: 33.21/90.83
  Frame 968: 33.12/90.55
  Frame 969: 33.05/90.22
  Frame 970: 32.98/89.87
  Frame 971: 32.88/89.90
  Frame 972: 32.80/89.84
  Frame 973: 32.71/89.62
  Frame 974: 32.61/89.30
  Frame 975: 32.49/89.33
  Frame 976: 32.44/89.20
  Frame 977: 32.32/88.72
  Frame 978: 32.20/88.59
  Frame 979: 32.17/88.72
  Frame 980: 32.05/88.01
  Frame 981: 31.96/87.71
  Frame 982: 31.89/87.31
  Frame 983: 31.81/87.20
  Frame 984: 31.74/86.90
  Frame 985: 31.68/86.67
  Frame 986: 31.57/86.93
  Frame 987: 31.44/86.77
  Frame 988: 31.40/86.57
  Frame 989: 31.33/86.32
  Frame 990: 31.23/86.03
  Frame 991: 31.12/85.90
  Frame 992: 31.09/85.61
  Frame 993: 31.02/85.58
  Frame 994: 30.96/85.42
  Frame 995: 30.86/85.13
  Frame 996: 30.79/84.74
  Frame 997: 30.73/84.61
  Frame 998: 30.67/84.62
  Frame 999: 30.61/84.32
  Frame 1000: 30.50/84.19
  Frame 1001: 30.44/83.94
  Frame 1002: 30.33/83.87
  Frame 1003: 30.28/83.60
  Frame 1004: 30.21/83.42
  Frame 1005: 30.17/83.00
  Frame 1006: 30.11/82.95
  Frame 1007: 30.05/82.53
  Frame 1008: 30.00/82.53
  Frame 1009: 29.93/82.31
  Frame 1010: 29.85/82.07
  Frame 1011: 29.76/81.89
  Frame 1012: 29.74/81.71
  Frame 1013: 29.69/81.35
  Frame 1014: 29.63/80.74
  Frame 1015: 29.55/80.40
  Frame 1016: 29.51/80.24
  Frame 1017: 29.45/79.97
  Frame 1018: 29.40/79.93
  Frame 1019: 29.34/79.84
  Frame 1020: 29.31/79.84
  Frame 1021: 29.25/79.81
  Frame 1022: 29.17/79.80
  Frame 1023: 29.13/79.71
  Frame 1024: 29.03/79.70
  Frame 1025: 28.97/79.61
  Frame 1026: 28.94/79.60
  Frame 1027: 28.87/79.54
  Frame 1028: 28.86/79.39
  Frame 1029: 28.84/79.47
  Frame 1030: 28.81/79.37
  Frame 1031: 28.82/79.25
  Frame 1032: 28.80/79.27
  Frame 1033: 28.85/79.30
  Frame 1034: 28.88/79.25
  Frame 1035: 28.87/79.33
  Frame 1036: 28.88/79.26
  Frame 1037: 28.90/79.25
  Frame 1038: 28.93/79.29
  Frame 1039: 28.97/79.34
  Frame 1040: 28.97/79.31
  Frame 1041: 28.98/79.29
  Frame 1042: 29.02/79.19
  Frame 1043: 29.05/79.27
  Frame 1044: 29.06/79.23
  Frame 1045: 29.08/79.20
  Frame 1046: 29.10/79.18
  Frame 1047: 29.13/79.20
  Frame 1048: 29.17/79.09
  Frame 1049: 29.19/79.07
  Frame 1050: 29.23/79.05
  Frame 1051: 29.26/79.00
  Frame 1052: 29.28/78.93
  Frame 1053: 29.30/78.97
  Frame 1054: 29.32/79.02
  Frame 1055: 29.34/79.00
  Frame 1056: 29.35/78.99
  Frame 1057: 29.37/79.02
  Frame 1058: 29.39/79.07
  Frame 1059: 29.41/79.00
  Frame 1060: 29.43/79.05
  Frame 1061: 29.45/79.07
  Frame 1062: 29.47/79.10
  Frame 1063: 29.49/79.12
  Frame 1064: 29.53/79.13
  Frame 1065: 29.53/79.08
  Frame 1066: 29.54/79.09
  Frame 1067: 29.55/79.12
  Frame 1068: 29.57/79.12
  Frame 1069: 29.59/79.14
  Frame 1070: 29.60/79.11
  Frame 1071: 29.62/79.06
  Frame 1072: 29.63/79.08
  Frame 1073: 29.62/79.12
  Frame 1074: 29.64/79.13
  Frame 1075: 29.66/79.14
  Frame 1076: 29.66/79.20
  Frame 1077: 29.66/79.22
  Frame 1078: 29.66/79.21
  Frame 1079: 29.67/79.21
  Frame 1080: 29.67/79.21
  Frame 1081: 29.67/79.23
  Frame 1082: 29.67/79.21
  Frame 1083: 29.66/79.27
  Frame 1084: 29.66/79.21
  Frame 1085: 29.66/79.20
  Frame 1086: 29.65/79.21
  Frame 1087: 29.66/79.28
  Frame 1088: 29.66/79.25
  Frame 1089: 29.68/79.21
  Frame 1090: 29.68/79.25
  Frame 1091: 29.70/79.23
  Frame 1092: 29.71/79.14
  Frame 1093: 29.72/79.18
  Frame 1094: 29.72/79.18
  Frame 1095: 29.74/79.09
  Frame 1096: 29.75/79.09
  Frame 1097: 29.76/79.07
  Frame 1098: 29.76/79.06
  Frame 1099: 29.77/79.05
  Frame 1100: 29.77/79.04
  Frame 1101: 29.79/78.99
  Frame 1102: 29.79/78.96
  Frame 1103: 29.80/78.94
  Frame 1104: 29.80/78.90
  Frame 1105: 29.81/78.89
  Frame 1106: 29.81/78.86
  Frame 1107: 29.82/78.83
  Frame 1108: 29.83/78.81
  Frame 1109: 29.83/78.78
  Frame 1110: 29.83/78.78
  Frame 1111: 29.83/78.79
  Frame 1112: 29.82/78.79
  Frame 1113: 29.82/78.78
  Frame 1114: 29.82/78.76
  Frame 1115: 29.80/78.82
  Frame 1116: 29.80/78.84
  Frame 1117: 29.79/78.81
  Frame 1118: 29.79/78.82
  Frame 1119: 29.78/78.84
  Frame 1120: 29.78/78.83
  Frame 1121: 29.78/78.83
  Frame 1122: 29.78/78.84
  Frame 1123: 29.78/78.84
  Frame 1124: 29.78/78.91
  Frame 1125: 29.78/78.90
  Frame 1126: 29.77/78.90
  Frame 1127: 29.77/78.86
  Frame 1128: 29.77/78.89
  Frame 1129: 29.77/78.88
  Frame 1130: 29.75/78.94
  Frame 1131: 29.75/78.92
  Frame 1132: 29.75/78.91
  Frame 1133: 29.76/78.88
  Frame 1134: 29.76/78.90
  Frame 1135: 29.76/78.88
  Frame 1136: 29.76/78.88
  Frame 1137: 29.76/78.90
  Frame 1138: 29.77/78.91
  Frame 1139: 29.77/78.91
  Frame 1140: 29.77/78.90
  Frame 1141: 29.77/78.90
  Frame 1142: 29.78/78.87
  Frame 1143: 29.78/78.91
  Frame 1144: 29.78/78.89
  Frame 1145: 29.79/78.87
  Frame 1146: 29.79/78.84
  Frame 1147: 29.79/78.88
  Frame 1148: 29.79/78.87
  Frame 1149: 29.79/78.88
  Frame 1150: 29.79/78.89
  Frame 1151: 29.79/78.91
  Frame 1152: 29.79/78.89
  Frame 1153: 29.79/78.89
  Frame 1154: 29.79/78.94
  Frame 1155: 29.78/78.91
  Frame 1156: 29.79/78.89
  Frame 1157: 29.79/78.94
  Frame 1158: 29.79/78.92
  Frame 1159: 29.79/78.92
  Frame 1160: 29.80/78.90
  Frame 1161: 29.80/78.90
  Frame 1162: 29.80/78.91
  Frame 1163: 29.81/78.87
  Frame 1164: 29.81/78.85
  Frame 1165: 29.81/78.86
  Frame 1166: 29.81/78.84
  Frame 1167: 29.81/78.85
  Frame 1168: 29.81/78.81
  Frame 1169: 29.81/78.77
  Frame 1170: 29.81/78.74
  Frame 1171: 29.81/78.75
  Frame 1172: 29.80/78.73
  Frame 1173: 29.81/78.74
  Frame 1174: 29.81/78.74
  Frame 1175: 29.81/78.73
  Frame 1176: 29.81/78.73
  Frame 1177: 29.82/78.73
  Frame 1178: 29.82/78.76
  Frame 1179: 29.82/78.77
  Frame 1180: 29.82/78.78
  Frame 1181: 29.83/78.74
  Frame 1182: 29.82/78.76
  Frame 1183: 29.82/78.80
  Frame 1184: 29.82/78.79
  Frame 1185: 29.82/78.77
  Frame 1186: 29.82/78.78
  Frame 1187: 29.82/78.80
  Frame 1188: 29.82/78.80
  Frame 1189: 29.82/78.77
  Frame 1190: 29.82/78.76
  Frame 1191: 29.82/78.77
  Frame 1192: 29.82/78.76
  Frame 1193: 29.82/78.78
  Frame 1194: 29.82/78.76
  Frame 1195: 29.82/78.75
  Frame 1196: 29.82/78.74
  Frame 1197: 29.82/78.74
  Frame 1198: 29.82/78.76
  Frame 1199: 29.82/78.75
  Frame 1200: 29.82/78.73
  Frame 1201: 29.82/78.76
  Frame 1202: 29.82/78.76
  Frame 1203: 29.82/78.75
  Frame 1204: 29.82/78.77
  Frame 1205: 29.82/78.75
  Frame 1206: 29.82/78.78
  Frame 1207: 29.82/78.77
  Frame 1208: 29.82/78.77
  Frame 1209: 29.83/78.76
  Frame 1210: 29.82/78.79
  Frame 1211: 29.82/78.79
  Frame 1212: 29.82/78.78
  Frame 1213: 29.82/78.82
  Frame 1214: 29.82/78.79
  Frame 1215: 29.83/78.81
  Frame 1216: 29.83/78.81
  Frame 1217: 29.83/78.85
  Frame 1218: 29.83/78.84
  Frame 1219: 29.83/78.87
  Frame 1220: 29.84/78.84
  Frame 1221: 29.84/78.86
  Frame 1222: 29.84/78.85
  Frame 1223: 29.85/78.84
  Frame 1224: 29.85/78.84
  Frame 1225: 29.85/78.84
  Frame 1226: 29.85/78.86
  Frame 1227: 29.84/78.85
  Frame 1228: 29.85/78.85
  Frame 1229: 29.84/78.84
  Frame 1230: 29.84/78.85
  Frame 1231: 29.83/78.86
  Frame 1232: 29.83/78.87
  Frame 1233: 29.82/78.83
  Frame 1234: 29.82/78.82
  Frame 1235: 29.81/78.87
  Frame 1236: 29.81/78.86
  Frame 1237: 29.81/78.85
  Frame 1238: 29.81/78.86
  Frame 1239: 29.81/78.89
  Frame 1240: 29.81/78.91
  Frame 1241: 29.81/78.92
  Frame 1242: 29.82/78.85
  Frame 1243: 29.82/78.85
  Frame 1244: 29.82/78.84
  Frame 1245: 29.83/78.83
  Frame 1246: 29.83/78.83
  Frame 1247: 29.84/78.80
  Frame 1248: 29.84/78.82
  Frame 1249: 29.84/78.82
  Frame 1250: 29.84/78.76
  Frame 1251: 29.83/78.76
  Frame 1252: 29.82/78.73
  Frame 1253: 29.80/78.81
  Frame 1254: 29.78/78.84
  Frame 1255: 29.76/78.86
  Frame 1256: 29.72/78.87
  Frame 1257: 29.69/78.86
  Frame 1258: 29.65/78.86
  Frame 1259: 29.61/78.91
  Frame 1260: 29.56/78.93
  Frame 1261: 29.51/78.97
  Frame 1262: 29.46/79.02
  Frame 1263: 29.41/79.05
  Frame 1264: 29.34/79.09
  Frame 1265: 29.32/79.05
  Frame 1266: 29.28/79.05
  Frame 1267: 29.22/79.10
  Frame 1268: 29.20/79.11
  Frame 1269: 29.16/79.14
  Frame 1270: 29.15/79.15
  Frame 1271: 29.13/79.07
  Frame 1272: 29.09/79.24
  Frame 1273: 29.08/79.21
  Frame 1274: 29.04/79.28
  Frame 1275: 29.03/79.15
  Frame 1276: 29.00/79.21
  Frame 1277: 28.99/79.27
  Frame 1278: 28.97/79.33
  Frame 1279: 28.94/79.42
  Frame 1280: 28.96/79.62
  Frame 1281: 28.96/79.63
  Frame 1282: 28.95/79.77
  Frame 1283: 28.96/79.77
  Frame 1284: 28.97/79.79
  Frame 1285: 29.00/79.92
  Frame 1286: 29.01/80.05
  Frame 1287: 29.05/79.90
  Frame 1288: 29.09/80.00
  Frame 1289: 29.13/80.18
  Frame 1290: 29.20/80.24
  Frame 1291: 29.28/80.31
  Frame 1292: 29.36/80.30
  Frame 1293: 29.44/80.31
  Frame 1294: 29.53/80.46
  Frame 1295: 29.63/80.50
  Frame 1296: 29.74/80.46
  Frame 1297: 29.84/80.53
  Frame 1298: 29.96/80.61
  Frame 1299: 30.05/80.93
  Frame 1300: 30.18/81.24
  Frame 1301: 30.23/81.77
  Frame 1302: 30.37/82.12
  Frame 1303: 30.52/82.36
  Frame 1304: 30.69/83.12
  Frame 1305: 30.81/83.89
  Frame 1306: 30.93/83.92
  Frame 1307: 31.08/84.88
  Frame 1308: 31.23/84.90
  Frame 1309: 31.39/85.15
  Frame 1310: 31.55/85.39
  Frame 1311: 31.74/86.09
  Frame 1312: 31.93/86.49
  Frame 1313: 32.04/86.58
  Frame 1314: 32.22/87.24
  Frame 1315: 32.38/87.97
  Frame 1316: 32.54/88.58
  Frame 1317: 32.67/88.88
  Frame 1318: 32.70/88.53
  Frame 1319: 32.84/89.04
  Frame 1320: 32.93/88.81
  Frame 1321: 33.01/88.61
  Frame 1322: 33.12/89.25
  Frame 1323: 33.23/89.74
  Frame 1324: 33.30/89.77
  Frame 1325: 33.42/90.19
  Frame 1326: 33.53/90.81
  Frame 1327: 33.66/91.15
  Frame 1328: 33.76/90.93
  Frame 1329: 33.87/91.32
  Frame 1330: 33.98/91.81
  Frame 1331: 34.09/92.19
  Frame 1332: 34.20/92.53
  Frame 1333: 34.30/93.03
  Frame 1334: 34.39/93.07
  Frame 1335: 34.51/93.78
  Frame 1336: 34.63/93.78
  Frame 1337: 34.71/94.45
  Frame 1338: 34.83/94.66
  Frame 1339: 34.90/94.45
  Frame 1340: 35.05/95.16
  Frame 1341: 35.09/95.29
  Frame 1342: 35.20/95.53
  Frame 1343: 35.29/95.78
  Frame 1344: 35.39/96.04
  Frame 1345: 35.47/95.84
  Frame 1346: 35.55/96.33
  Frame 1347: 35.56/96.00
  Frame 1348: 35.61/96.94
  Frame 1349: 35.65/96.74
  Frame 1350: 35.73/97.02
  Frame 1351: 35.76/96.98
  Frame 1352: 35.79/96.94
  Frame 1353: 35.78/97.68
  Frame 1354: 35.82/98.24
  Frame 1355: 35.89/98.55
  Frame 1356: 35.87/98.70
  Frame 1357: 35.89/99.24
  Frame 1358: 35.90/100.19
  Frame 1359: 35.92/100.25
  Frame 1360: 35.95/100.83
  Frame 1361: 35.97/100.91
  Frame 1362: 35.98/101.42
  Frame 1363: 36.00/101.82
  Frame 1364: 36.03/102.23
  Frame 1365: 36.02/102.70
  Frame 1366: 36.06/102.97
  Frame 1367: 36.08/103.20
  Frame 1368: 36.11/103.73
  Frame 1369: 36.15/103.93
  Frame 1370: 36.17/104.02
  Frame 1371: 36.18/104.78
  Frame 1372: 36.19/105.37
  Frame 1373: 36.20/105.85
  Frame 1374: 36.20/106.14
  Frame 1375: 36.20/106.52
  Frame 1376: 36.20/106.95
  Frame 1377: 36.20/107.42
  Frame 1378: 36.21/107.84
  Frame 1379: 36.22/108.14
  Frame 1380: 36.23/108.26
  Frame 1381: 36.22/108.52
  Frame 1382: 36.20/109.15
  Frame 1383: 36.16/108.82
  Frame 1384: 36.12/109.05
  Frame 1385: 36.14/109.08
  Frame 1386: 36.07/109.17
  Frame 1387: 35.96/108.92
  Frame 1388: 35.96/109.29
  Frame 1389: 35.96/109.31
  Frame 1390: 35.94/109.24
  Frame 1391: 35.94/109.28
  Frame 1392: 35.92/109.23
  Frame 1393: 35.92/109.38
  Frame 1394: 35.94/109.32
  Frame 1395: 35.94/109.40
  Frame 1396: 35.94/109.62
  Frame 1397: 35.94/109.81
  Frame 1398: 35.95/109.88
  Frame 1399: 35.96/110.04
  Frame 1400: 35.96/110.28
  Frame 1401: 35.97/110.24
  Frame 1402: 35.97/110.19
  Frame 1403: 35.98/110.30
  Frame 1404: 35.98/110.44
  Frame 1405: 35.98/110.58
  Frame 1406: 35.98/110.67
  Frame 1407: 36.00/110.72
  Frame 1408: 36.00/110.84
  Frame 1409: 36.01/110.97
  Frame 1410: 36.02/111.04
  Frame 1411: 36.02/111.12
  Frame 1412: 36.02/111.13
  Frame 1413: 36.03/111.26
  Frame 1414: 36.05/111.29
  Frame 1415: 36.06/111.39
  Frame 1416: 36.06/111.42
  Frame 1417: 36.07/111.44
  Frame 1418: 36.08/111.46
  Frame 1419: 36.09/111.51
  Frame 1420: 36.10/111.52
  Frame 1421: 36.10/111.41
  Frame 1422: 36.10/111.59
  Frame 1423: 36.12/111.57
  Frame 1424: 36.13/111.57
  Frame 1425: 36.13/111.61
  Frame 1426: 36.14/111.52
  Frame 1427: 36.15/111.54
  Frame 1428: 36.16/111.52
  Frame 1429: 36.17/111.55
  Frame 1430: 36.17/111.50
  Frame 1431: 36.18/111.57
  Frame 1432: 36.18/111.59
  Frame 1433: 36.20/111.50
  Frame 1434: 36.20/111.58
  Frame 1435: 36.21/111.51
  Frame 1436: 36.21/111.51
  Frame 1437: 36.22/111.51
  Frame 1438: 36.22/111.55
  Frame 1439: 36.23/111.41
  Frame 1440: 36.24/111.43
  Frame 1441: 36.24/111.47
  Frame 1442: 36.24/111.50
  Frame 1443: 36.25/111.49
  Frame 1444: 36.26/111.47
  Frame 1445: 36.26/111.39
  Frame 1446: 36.26/111.45
  Frame 1447: 36.26/111.47
  Frame 1448: 36.26/111.44
  Frame 1449: 36.26/111.44
  Frame 1450: 36.26/111.42
  Frame 1451: 36.26/111.44
  Frame 1452: 36.26/111.43
  Frame 1453: 36.26/111.43
  Frame 1454: 36.25/111.46
  Frame 1455: 36.26/111.50
  Frame 1456: 36.25/111.47
  Frame 1457: 36.26/111.44
  Frame 1458: 36.25/111.46
  Frame 1459: 36.25/111.45
  Frame 1460: 36.25/111.44
  Frame 1461: 36.25/111.44
  Frame 1462: 36.25/111.41
  Frame 1463: 36.25/111.40
  Frame 1464: 36.25/111.44
  Frame 1465: 36.25/111.46
  Frame 1466: 36.25/111.44
  Frame 1467: 36.24/111.39
  Frame 1468: 36.24/111.42
  Frame 1469: 36.24/111.39
  Frame 1470: 36.24/111.39
  Frame 1471: 36.23/111.38
  Frame 1472: 36.23/111.40
  Frame 1473: 36.23/111.38
  Frame 1474: 36.22/111.36
  Frame 1475: 36.22/111.37
  Frame 1476: 36.22/111.36
  Frame 1477: 36.22/111.35
  Frame 1478: 36.22/111.32
  Frame 1479: 36.22/111.30
  Frame 1480: 36.22/111.28
  Frame 1481: 36.21/111.34
  Frame 1482: 36.21/111.33
  Frame 1483: 36.21/111.35
  Frame 1484: 36.21/111.33
  Frame 1485: 36.22/111.31
  Frame 1486: 36.22/111.32
  Frame 1487: 36.22/111.29
  Frame 1488: 36.22/111.26
  Frame 1489: 36.22/111.29
  Frame 1490: 36.22/111.32
  Frame 1491: 36.22/111.33
  Frame 1492: 36.23/111.30
  Frame 1493: 36.23/111.28
  Frame 1494: 36.24/111.28
  Frame 1495: 36.23/111.33
  Frame 1496: 36.23/111.32
  Frame 1497: 36.23/111.31
  Frame 1498: 36.23/111.37
  Frame 1499: 36.23/111.39
  Frame 1500: 36.23/111.44
  Frame 1501: 36.22/111.45
  Frame 1502: 36.22/111.49
  Frame 1503: 36.21/111.48
  Frame 1504: 36.21/111.56
  Frame 1505: 36.21/111.61
  Frame 1506: 36.21/111.61
  Frame 1507: 36.21/111.60
  Frame 1508: 36.22/111.60
  Frame 1509: 36.22/111.62
  Frame 1510: 36.22/111.64
  Frame 1511: 36.23/111.58
  Frame 1512: 36.23/111.57
  Frame 1513: 36.24/111.60
  Frame 1514: 36.24/111.61
  Frame 1515: 36.24/111.56
  Frame 1516: 36.24/111.58
  Frame 1517: 36.23/111.59
  Frame 1518: 36.24/111.57
  Frame 1519: 36.24/111.58
  Frame 1520: 36.24/111.55
  Frame 1521: 36.25/111.54
  Frame 1522: 36.25/111.52
  Frame 1523: 36.26/111.51
  Frame 1524: 36.26/111.50
  Frame 1525: 36.26/111.53
  Frame 1526: 36.27/111.48
  Frame 1527: 36.27/111.50
  Frame 1528: 36.27/111.53
  Frame 1529: 36.27/111.55
  Frame 1530: 36.27/111.54
  Frame 1531: 36.27/111.54
  Frame 1532: 36.26/111.52
  Frame 1533: 36.26/111.51
  Frame 1534: 36.26/111.47
  Frame 1535: 36.26/111.47
  Frame 1536: 36.25/111.50
  Frame 1537: 36.25/111.47
  Frame 1538: 36.25/111.44
  Frame 1539: 36.24/111.44
  Frame 1540: 36.24/111.44
  Frame 1541: 36.24/111.45
  Frame 1542: 36.24/111.43
  Frame 1543: 36.24/111.45
  Frame 1544: 36.24/111.46

The following line contains the information from above in a machine-readable format and can safely be ignored.
MMT/convert_db:{"subject_conversion_error": [[40.4124, 106.349], [40.4091, 106.065], [40.3813, 105.939], [40.3789, 105.687], [40.3492, 105.696], [40.3431, 105.518], [40.2963, 105.336], [40.2976, 105.317], [40.2711, 105.287], [40.2627, 105.305], [40.2452, 105.321], [40.2462, 105.291], [40.2218, 105.273], [40.2159, 105.263], [40.2241, 105.254], [40.2143, 105.169], [40.1892, 105.224], [40.1704, 105.096], [40.1514, 104.965], [40.1259, 104.897], [40.0919, 104.892], [40.0874, 104.855], [40.0746, 104.784], [40.0697, 104.776], [40.0585, 104.744], [40.0465, 104.719], [40.0383, 104.758], [40.0432, 104.642], [40.0293, 104.681], [40.0349, 104.654], [40.0209, 104.659], [40.0168, 104.697], [40.0003, 104.66], [39.9977, 104.698], [40.0021, 104.632], [40.0003, 104.67], [39.9817, 104.774], [39.9797, 104.78], [39.9811, 104.717], [39.9754, 104.705], [39.9699, 104.74], [39.9581, 104.729], [39.9679, 104.709], [39.9353, 104.716], [39.9379, 104.774], [39.9298, 104.82], [39.9236, 104.811], [39.9131, 104.849], [39.9017, 104.859], [39.8962, 104.792], [39.9033, 104.756], [39.8925, 104.836], [39.8934, 104.834], [39.8924, 104.807], [39.89, 104.83], [39.8797, 104.802], [39.8628, 104.964], [39.8651, 105.003], [39.8676, 105.02], [39.8714, 105.08], [39.8758, 105.185], [39.8766, 105.313], [39.8805, 105.429], [39.8864, 105.42], [39.8894, 105.542], [39.9029, 105.617], [39.9147, 105.825], [39.9125, 105.862], [39.9293, 105.949], [39.9359, 105.983], [39.9383, 106.145], [39.9396, 106.191], [39.9395, 106.195], [39.9276, 106.5], [39.9278, 106.728], [39.9249, 106.736], [39.9221, 106.924], [39.9009, 107.099], [39.871, 107.325], [39.8599, 107.47], [39.8431, 107.569], [39.83, 107.595], [39.8175, 107.56], [39.8003, 107.741], [39.7934, 107.973], [39.769, 108.124], [39.7519, 108.222], [39.74, 108.466], [39.7021, 108.624], [39.6643, 109.054], [39.6225, 108.79], [39.6091, 108.703], [39.5683, 108.546], [39.5248, 108.706], [39.4848, 108.381], [39.4472, 108.432], [39.3931, 108.76], [39.3952, 109.19], [39.3853, 109.344], [39.3357, 108.821], [39.2938, 109.161], [39.2429, 108.93], [39.201, 109.458], [39.1728, 109.476], [39.1741, 109.319], [39.165, 109.113], [39.0942, 109.188], [39.0561, 109.204], [39.0134, 109.653], [38.9616, 109.545], [38.9266, 109.013], [38.8658, 109.019], [38.8275, 108.609], [38.779, 108.211], [38.7052, 108.467], [38.6579, 108.203], [38.6299, 107.886], [38.5432, 107.444], [38.5067, 107.271], [38.3497, 107.182], [38.2272, 105.939], [38.1223, 106.31], [37.9864, 106.164], [37.9111, 105.127], [37.8234, 104.464], [37.6909, 103.865], [37.6068, 102.983], [37.4746, 103.148], [37.3941, 102.022], [37.2922, 101.399], [37.1708, 100.338], [37.0372, 99.3289], [36.9151, 98.4986], [36.7735, 98.1557], [36.6734, 97.348], [36.4496, 95.9408], [36.2796, 94.8124], [36.148, 94.5847], [35.85, 93.1546], [35.669, 92.4632], [35.4732, 91.6507], [35.303, 90.8145], [35.121, 89.8761], [34.9355, 89.1333], [34.7296, 89.0142], [34.5756, 88.3806], [34.3905, 88.1896], [34.174, 87.719], [34.0171, 87.3332], [33.805, 87.101], [33.6488, 86.7323], [33.441, 86.1244], [33.2385, 85.8802], [33.1319, 85.4123], [32.9197, 84.9361], [32.7094, 84.352], [32.5514, 83.8318], [32.4108, 83.7785], [32.1888, 83.5679], [32.0074, 82.616], [31.681, 81.2924], [31.3938, 81.0637], [31.0109, 80.9735], [30.8464, 80.8142], [30.632, 80.9703], [30.4184, 80.8163], [30.241, 80.6161], [30.1129, 80.6517], [29.9813, 80.5879], [29.8286, 80.5982], [29.7419, 80.4638], [29.6585, 80.4789], [29.5998, 80.3136], [29.5406, 80.2617], [29.4879, 80.1958], [29.4377, 80.1329], [29.3939, 79.9667], [29.3334, 80.0074], [29.2863, 79.8872], [29.275, 79.7158], [29.2396, 79.7908], [29.2193, 79.9352], [29.2078, 79.6999], [29.1582, 79.8366], [29.155, 79.6929], [29.1554, 79.7278], [29.1564, 79.7997], [29.1924, 79.7501], [29.1871, 79.6832], [29.215, 79.6457], [29.1959, 79.4767], [29.223, 79.3629], [29.2283, 79.4085], [29.2298, 79.4588], [29.2795, 79.2986], [29.291, 79.2941], [29.3255, 79.2358], [29.3439, 79.2076], [29.3737, 79.1259], [29.4027, 79.1548], [29.4504, 79.2092], [29.4755, 79.1975], [29.5036, 79.1951], [29.5284, 79.2177], [29.5673, 79.1997], [29.6062, 79.2919], [29.6339, 79.2519], [29.6793, 79.2088], [29.6961, 79.2154], [29.7285, 79.2315], [29.7329, 79.0858], [29.748, 79.1333], [29.7966, 79.0588], [29.8285, 78.9843], [29.8481, 79.0507], [29.8875, 79.0032], [29.9228, 78.9784], [29.9454, 78.9223], [29.968, 78.9057], [29.9859, 78.8946], [29.9975, 78.9508], [30.0207, 78.8448], [30.044, 78.8542], [30.0688, 78.8161], [30.0834, 78.7825], [30.1055, 78.8073], [30.1168, 78.7953], [30.1326, 78.7906], [30.1419, 78.8498], [30.1574, 78.8257], [30.1604, 78.9221], [30.1645, 78.8886], [30.1708, 78.8937], [30.1718, 79.0049], [30.1611, 79.0008], [30.1778, 79.0136], [30.1766, 79.0276], [30.1775, 79.1109], [30.1835, 79.1332], [30.1844, 79.1061], [30.1954, 79.1485], [30.2039, 79.2823], [30.1985, 79.3278], [30.2012, 79.4012], [30.2002, 79.3644], [30.2043, 79.4382], [30.2128, 79.473], [30.2131, 79.4476], [30.2151, 79.5648], [30.2131, 79.6071], [30.2111, 79.6447], [30.2184, 79.6631], [30.2156, 79.699], [30.2136, 79.7403], [30.2189, 79.7019], [30.2155, 79.7421], [30.2115, 79.7497], [30.2087, 79.7876], [30.2114, 79.7853], [30.2099, 79.7453], [30.2124, 79.7373], [30.2086, 79.7141], [30.2062, 79.7435], [30.2077, 79.73], [30.2058, 79.6602], [30.2055, 79.6098], [30.202, 79.6654], [30.2008, 79.6395], [30.2015, 79.5925], [30.2033, 79.5805], [30.2065, 79.5224], [30.2073, 79.5092], [30.2036, 79.526], [30.2048, 79.6243], [30.2135, 79.5393], [30.2123, 79.5179], [30.2165, 79.4845], [30.2139, 79.4857], [30.2155, 79.4765], [30.2189, 79.4623], [30.2229, 79.4034], [30.2266, 79.3566], [30.2273, 79.369], [30.2223, 79.3467], [30.2243, 79.4031], [30.2194, 79.3978], [30.2162, 79.3861], [30.2195, 79.3628], [30.2157, 79.4326], [30.2145, 79.4123], [30.2092, 79.4057], [30.2097, 79.3969], [30.2098, 79.38], [30.2107, 79.3487], [30.206, 79.3516], [30.2081, 79.3012], [30.208, 79.3237], [30.2073, 79.3168], [30.2072, 79.2924], [30.2076, 79.3197], [30.2074, 79.3265], [30.2125, 79.2972], [30.2126, 79.2899], [30.2057, 79.3921], [30.2041, 79.3922], [30.1964, 79.4195], [30.1938, 79.4226], [30.1944, 79.4192], [30.1905, 79.3846], [30.1861, 79.4101], [30.1824, 79.3972], [30.1765, 79.3703], [30.1701, 79.3612], [30.1669, 79.3719], [30.1723, 79.3382], [30.1699, 79.3687], [30.1682, 79.3557], [30.1661, 79.3095], [30.1629, 79.3557], [30.17, 79.3065], [30.1689, 79.3153], [30.166, 79.3254], [30.1643, 79.3433], [30.1688, 79.3126], [30.1716, 79.3066], [30.1649, 79.3686], [30.1719, 79.3339], [30.1666, 79.3468], [30.1635, 79.3756], [30.1589, 79.3391], [30.1547, 79.3243], [30.1379, 79.3559], [30.129, 79.3739], [30.1229, 79.3532], [30.1124, 79.3372], [30.0982, 79.3607], [30.092, 79.3107], [30.0806, 79.2794], [30.0701, 79.25], [30.0663, 79.2695], [30.0537, 79.2696], [30.0442, 79.2367], [30.036, 79.244], [30.0288, 79.2711], [30.0126, 79.2624], [30.0092, 79.2655], [30.0039, 79.2461], [29.9923, 79.2578], [29.9838, 79.2803], [29.9623, 79.3157], [29.9502, 79.2649], [29.9281, 79.2356], [29.905, 79.2236], [29.8824, 79.1907], [29.864, 79.3192], [29.8377, 79.145], [29.8112, 79.2667], [29.772, 79.2257], [29.7134, 79.2665], [29.6889, 79.264], [29.6283, 79.3185], [29.5844, 79.4372], [29.5235, 79.4247], [29.4946, 79.3892], [29.4333, 79.4477], [29.3789, 79.428], [29.3417, 79.4588], [29.3177, 79.286], [29.273, 79.2602], [29.2373, 79.1292], [29.2024, 79.2542], [29.2195, 79.2493], [29.1979, 79.1824], [29.1733, 79.1609], [29.1671, 79.1689], [29.1103, 79.1951], [29.1131, 79.2165], [29.1043, 79.1856], [29.0939, 79.178], [29.0223, 79.3251], [28.9833, 79.3367], [28.9838, 79.3487], [28.9636, 79.294], [28.94, 79.4739], [28.9407, 79.5505], [28.9339, 79.4612], [28.9429, 79.6095], [28.9671, 79.6229], [28.9615, 79.6439], [29.0065, 79.7451], [29.0426, 79.8292], [29.0751, 79.9317], [29.1262, 79.9821], [29.1416, 80.079], [29.176, 80.0402], [29.262, 80.0903], [29.3104, 80.1616], [29.4022, 80.0467], [29.4959, 80.1113], [29.607, 80.0885], [29.6813, 80.2201], [29.7997, 80.2227], [29.919, 80.7966], [29.9913, 81.143], [30.0687, 81.2573], [30.2136, 82.2425], [30.3357, 82.6765], [30.5108, 83.1674], [30.6346, 83.5104], [30.7815, 84.1467], [30.9379, 84.8211], [31.0805, 85.0547], [31.1984, 85.4609], [31.379, 85.8269], [31.5453, 86.4655], [31.6628, 87.2683], [31.8355, 88.0345], [31.9898, 88.7261], [32.0174, 88.3018], [32.2081, 88.5703], [32.2096, 88.3176], [32.324, 88.4986], [32.4713, 88.8018], [32.5886, 89.6977], [32.7139, 90.4229], [32.78, 90.3885], [32.8202, 90.0521], [32.9185, 90.7026], [33.0148, 90.7001], [33.1214, 90.9308], [33.2094, 91.0906], [33.2027, 91.0886], [33.3084, 91.0948], [33.3871, 91.2861], [33.4567, 91.4962], [33.5455, 91.4907], [33.6347, 91.5993], [33.6912, 92.4611], [33.7718, 92.4104], [33.829, 92.7266], [33.9037, 92.7879], [34.0053, 92.8617], [34.088, 93.0268], [34.1761, 92.9736], [34.2394, 93.1956], [34.3612, 93.2768], [34.4694, 93.2024], [34.6159, 93.5826], [34.7505, 93.5844], [34.8425, 93.286], [34.9416, 93.0699], [35.0826, 93.9562], [35.1495, 93.7463], [35.1761, 93.7479], [35.2937, 93.9512], [35.3318, 94.0372], [35.3902, 94.1774], [35.489, 94.4003], [35.5643, 94.7783], [35.6491, 95.071], [35.7214, 94.9849], [35.7615, 94.6207], [35.8509, 94.51], [35.9308, 94.7607], [36.0224, 94.7154], [36.1212, 94.559], [36.2335, 94.6492], [36.2488, 94.6601], [36.2749, 94.3681], [36.2783, 94.0364], [36.3352, 94.1618], [36.258, 93.8588], [36.2374, 93.6938], [36.2236, 93.5994], [36.2203, 93.4298], [36.1812, 93.5056], [36.2056, 93.6054], [36.1976, 93.7974], [36.1467, 93.2533], [36.1123, 92.5836], [36.1497, 92.7981], [36.2046, 93.2765], [36.1151, 91.8271], [36.1194, 91.9274], [36.0653, 91.8133], [35.9398, 90.4797], [35.8836, 88.9067], [35.8858, 89.3459], [35.8089, 89.1594], [35.7833, 88.4864], [35.7179, 87.1072], [35.657, 87.1762], [35.6196, 85.4771], [35.5243, 85.3466], [35.4563, 83.4344], [35.4067, 83.577], [35.3079, 82.6374], [35.3044, 82.3456], [35.2155, 83.8417], [35.1023, 85.3105], [35.0854, 86.3874], [35.029, 86.1643], [35.0073, 85.8126], [35.0069, 87.2589], [34.8985, 87.853], [34.8781, 87.8848], [34.8023, 88.3351], [34.7525, 88.2825], [34.7022, 88.9759], [34.6593, 89.6049], [34.5822, 89.6859], [34.5329, 90.6225], [34.4802, 90.5076], [34.466, 90.8475], [34.459, 91.1814], [34.4153, 90.9686], [34.3752, 91.3331], [34.3549, 91.4108], [34.3265, 91.5691], [34.3399, 92.2684], [34.3182, 92.3968], [34.2962, 92.43], [34.2732, 92.7881], [34.2704, 92.9999], [34.2349, 92.9251], [34.2177, 92.956], [34.2002, 93.1747], [34.1944, 93.3303], [34.187, 93.513], [34.1791, 93.4466], [34.1581, 93.6365], [34.1537, 93.6626], [34.1517, 93.4114], [34.1655, 93.2645], [34.1517, 93.277], [34.1624, 93.3404], [34.1617, 93.486], [34.1594, 93.5776], [34.1778, 93.5878], [34.1819, 93.5199], [34.1929, 93.4442], [34.2216, 93.6357], [34.2356, 93.5369], [34.2664, 93.544], [34.27, 93.4217], [34.3206, 93.3054], [34.3357, 93.2716], [34.3506, 93.1707], [34.4408, 93.0996], [34.4155, 92.9955], [34.4289, 92.9194], [34.439, 92.8601], [34.4186, 92.8275], [34.4449, 92.6731], [34.4692, 92.6679], [34.5003, 92.7046], [34.5178, 92.623], [34.5298, 92.3105], [34.5498, 92.2855], [34.5685, 92.2619], [34.5883, 92.346], [34.583, 92.3272], [34.6001, 92.3029], [34.6004, 92.2554], [34.5986, 92.3495], [34.5955, 92.3585], [34.5912, 92.3732], [34.5808, 92.4124], [34.5665, 92.4255], [34.5384, 92.5023], [34.5128, 92.4906], [34.4928, 92.4905], [34.4697, 92.4685], [34.4483, 92.6265], [34.4243, 92.6491], [34.3875, 92.764], [34.3641, 92.9322], [34.3004, 93.0316], [34.2908, 92.9765], [34.2585, 93.1996], [34.2285, 93.3452], [34.2045, 93.6137], [34.2006, 93.7215], [34.2076, 93.7483], [34.19, 94.1105], [34.1635, 94.2011], [34.2097, 94.3126], [34.1628, 94.2348], [34.1572, 94.3902], [34.1982, 94.6406], [34.1857, 94.5742], [34.1828, 94.4613], [34.1872, 94.4303], [34.1969, 95.0249], [34.214, 94.9194], [34.2431, 94.8264], [34.27, 94.7347], [34.2935, 94.7293], [34.3103, 94.6516], [34.3388, 94.7735], [34.3588, 94.7755], [34.3959, 94.8476], [34.431, 94.7292], [34.4446, 94.6592], [34.4868, 94.6352], [34.5253, 94.7296], [34.5705, 94.6909], [34.6075, 94.919], [34.6485, 94.8018], [34.7116, 94.6206], [34.7708, 94.632], [34.8343, 94.6335], [34.8984, 94.5674], [34.9666, 94.3918], [35.0261, 94.3142], [35.1101, 94.1203], [35.2031, 93.9833], [35.2634, 93.857], [35.342, 93.7216], [35.4348, 93.5853], [35.511, 93.174], [35.6432, 93.087], [35.7626, 92.7349], [35.8408, 92.3047], [35.9103, 92.1321], [36.0049, 91.9509], [36.0636, 91.8131], [36.1463, 91.4186], [36.2441, 91.2739], [36.4008, 90.528], [36.4996, 90.3072], [36.6176, 90.0153], [36.7153, 89.3434], [36.8338, 88.9714], [36.9444, 89.8948], [37.0774, 90.5886], [37.1612, 91.2445], [37.2609, 91.869], [37.3849, 92.5138], [37.4687, 93.3072], [37.5779, 94.0648], [37.6933, 94.6756], [37.7276, 94.3862], [37.8759, 95.2618], [38.035, 95.8946], [38.0568, 96.3084], [38.1812, 97.1423], [38.2845, 96.8826], [38.4427, 98.2477], [38.5955, 99.2406], [38.5818, 99.5364], [38.5478, 99.3549], [38.6292, 99.8595], [38.5803, 99.2833], [38.7028, 99.8318], [38.6178, 99.5405], [38.5624, 100.385], [38.4418, 99.4794], [38.4311, 98.8796], [38.3967, 98.885], [38.2792, 98.1012], [38.2092, 97.4739], [38.1853, 97.4285], [38.1269, 97.2184], [38.0003, 96.7242], [37.9406, 96.4226], [37.8618, 96.1026], [37.8251, 95.965], [37.7657, 95.8167], [37.7363, 95.7758], [37.694, 95.6526], [37.6375, 95.4875], [37.5771, 95.3789], [37.5355, 95.6011], [37.5026, 95.6208], [37.4407, 95.6016], [37.4254, 95.7194], [37.3563, 95.6881], [37.2712, 95.583], [37.2139, 95.1065], [37.1383, 95.0146], [37.0628, 94.6375], [36.9857, 94.4545], [36.9424, 94.1362], [36.9864, 94.4433], [36.9564, 94.6081], [36.9584, 94.3926], [37.0126, 93.9185], [36.9963, 94.1452], [36.9468, 94.0289], [36.9856, 94.0985], [37.0605, 94.3329], [37.1165, 94.7093], [37.2196, 95.3267], [37.322, 95.8021], [37.418, 96.1535], [37.1171, 95.7974], [36.5146, 92.008], [36.3332, 90.3293], [36.2456, 89.3471], [35.9957, 87.5366], [35.8352, 86.0701], [35.769, 85.244], [35.6155, 84.2915], [35.489, 83.6004], [35.3813, 83.6686], [35.2821, 83.2256], [35.1743, 84.2034], [35.1083, 85.0765], [35.0537, 85.1251], [35.0009, 86.1584], [34.9047, 86.1608], [34.8479, 86.8834], [34.8077, 86.951], [34.7044, 87.8752], [34.6886, 87.674], [34.6282, 87.4557], [34.5608, 87.8125], [34.5547, 88.2016], [34.4979, 88.1152], [34.4653, 88.259], [34.4169, 88.661], [34.3682, 89.7519], [34.3474, 89.9298], [34.3246, 89.8425], [34.326, 90.062], [34.2564, 90.5106], [34.2396, 90.7706], [34.2308, 91.0999], [34.2006, 91.3818], [34.1845, 91.8627], [34.1633, 92.2774], [34.1803, 91.9986], [34.1772, 92.1339], [34.1581, 92.7497], [34.16, 92.8897], [34.1814, 92.7493], [34.1793, 93.2263], [34.2055, 93.0208], [34.2016, 93.2585], [34.213, 93.3981], [34.2212, 93.8515], [34.2642, 93.9224], [34.2647, 93.7334], [34.2699, 93.7418], [34.2854, 93.7116], [34.3128, 93.4326], [34.3129, 93.5724], [34.3276, 93.4379], [34.3656, 93.4952], [34.3723, 93.4165], [34.3779, 93.0347], [34.4252, 93.1813], [34.4313, 93.0682], [34.4494, 92.9448], [34.4808, 92.749], [34.5035, 92.78], [34.5324, 92.6461], [34.5432, 92.5447], [34.546, 92.2457], [34.6012, 91.8472], [34.6058, 92.1029], [34.6507, 92.0308], [34.6715, 92.045], [34.6927, 92.0422], [34.7061, 91.8986], [34.7349, 91.808], [34.7619, 91.725], [34.7611, 91.4712], [34.7776, 91.1099], [34.8012, 91.0578], [34.7973, 91.025], [34.7958, 90.7304], [34.7907, 90.3013], [34.7828, 90.2828], [34.7922, 90.3703], [34.7753, 90.5256], [34.7869, 90.4967], [34.7734, 90.6339], [34.7605, 90.6513], [34.7377, 90.7993], [34.7236, 90.8443], [34.7006, 90.9804], [34.6705, 91.0014], [34.6451, 90.967], [34.6214, 90.9098], [34.597, 90.9338], [34.5698, 90.876], [34.556, 90.8203], [34.5352, 90.6655], [34.513, 90.304], [34.4943, 90.1658], [34.4767, 90.091], [34.4691, 89.7406], [34.4593, 89.4955], [34.4474, 89.7768], [34.4646, 89.9136], [34.402, 90.1483], [34.4205, 90.2063], [34.4038, 90.2352], [34.3576, 90.5449], [34.3583, 91.0194], [34.3323, 91.3879], [34.3108, 91.8206], [34.3182, 92.0991], [34.2691, 92.2678], [34.2681, 92.7694], [34.2718, 92.9603], [34.2443, 93.1583], [34.2794, 93.4609], [34.2112, 93.7563], [34.2575, 94.0898], [34.2399, 94.1256], [34.2126, 94.3394], [34.1879, 94.2986], [34.2102, 94.3754], [34.2029, 94.4149], [34.2233, 94.2418], [34.2101, 94.5432], [34.2235, 94.5211], [34.2125, 94.5049], [34.2194, 94.3177], [34.2276, 94.281], [34.2547, 93.9409], [34.2491, 94.0866], [34.2451, 93.3634], [34.2609, 93.4388], [34.259, 93.6921], [34.2654, 93.1103], [34.2967, 93.2018], [34.3302, 92.8402], [34.3417, 92.8494], [34.389, 92.8122], [34.3929, 93.1812], [34.4145, 93.1301], [34.4562, 93.1293], [34.5041, 93.0295], [34.5274, 92.9121], [34.5577, 92.8515], [34.6028, 92.9543], [34.6405, 92.8204], [34.6767, 92.9265], [34.7284, 92.9042], [34.7737, 92.953], [34.8224, 92.8976], [34.8636, 92.6555], [34.9413, 92.7915], [34.9905, 92.4829], [35.0469, 91.9853], [35.1284, 91.9433], [35.1914, 91.3358], [35.28, 90.9271], [35.3744, 90.665], [35.4488, 90.2411], [35.5242, 89.6864], [35.6302, 89.2579], [35.7417, 88.9523], [35.8474, 88.6115], [35.9633, 89.0089], [36.056, 89.9584], [36.1519, 90.6517], [36.2586, 91.3564], [36.393, 91.9972], [36.5364, 92.7977], [36.6133, 92.7247], [36.7327, 94.1587], [36.8653, 94.468], [36.9908, 95.3777], [37.0898, 95.8362], [37.1297, 96.7423], [37.2006, 97.5638], [37.2874, 97.5866], [37.3409, 98.1733], [37.4225, 98.7872], [37.5119, 99.1608], [37.5893, 99.3508], [37.6176, 99.3359], [37.6595, 99.6486], [37.6568, 99.637], [37.6562, 100.784], [37.6996, 100.53], [37.6843, 100.15], [37.6578, 100.124], [37.5931, 99.8621], [37.536, 99.6259], [37.5132, 99.5981], [37.5082, 99.5036], [37.4488, 99.0976], [37.4307, 98.8873], [37.3797, 98.5105], [37.2008, 98.0891], [37.1522, 97.7126], [37.1215, 97.5832], [37.108, 97.3907], [37.0744, 97.1551], [37.0352, 97.1694], [37.0012, 97.0293], [36.979, 96.8803], [36.9461, 96.8674], [36.892, 96.6689], [36.8357, 96.7675], [36.8027, 96.7124], [36.755, 96.5744], [36.7341, 96.638], [36.7137, 96.4452], [36.6793, 96.5208], [36.6407, 96.6559], [36.6376, 96.576], [36.6259, 96.3079], [36.6276, 96.0554], [36.6104, 95.8525], [36.6037, 95.7108], [36.5873, 95.6153], [36.5864, 95.033], [36.5772, 94.6547], [36.5323, 94.586], [36.5081, 94.3094], [36.488, 94.3965], [36.4454, 94.2991], [36.4025, 94.3304], [36.3435, 93.989], [36.2881, 93.7971], [36.2387, 93.6115], [36.218, 93.6429], [36.1679, 93.5978], [36.1338, 93.526], [36.1164, 93.8135], [36.0741, 93.8951], [36.0179, 94.0842], [35.9565, 94.1785], [35.9074, 94.2178], [35.8614, 94.1798], [35.8232, 94.2654], [35.7348, 94.5105], [35.6428, 94.5026], [35.5763, 94.5517], [35.4995, 94.7061], [35.4191, 94.6387], [35.3343, 94.3898], [35.2644, 94.3364], [35.1667, 94.2691], [35.1028, 94.0818], [35.0685, 93.9587], [34.9501, 94.0989], [34.874, 94.072], [34.8088, 93.861], [34.6746, 93.656], [34.5784, 93.6947], [34.5118, 93.7424], [34.4324, 93.9178], [34.3662, 93.8111], [34.2797, 93.9761], [34.2131, 93.6453], [34.139, 93.6327], [34.0613, 93.5075], [33.9751, 93.3478], [33.9126, 93.1361], [33.8345, 92.9605], [33.7494, 92.7497], [33.6961, 92.6056], [33.6384, 92.2673], [33.556, 92.2575], [33.4865, 91.9427], [33.4152, 91.7957], [33.3632, 91.4988], [33.3078, 91.2336], [33.255, 91.0946], [33.2086, 90.8288], [33.1151, 90.5493], [33.0544, 90.2155], [32.9807, 89.8691], [32.8804, 89.9044], [32.7989, 89.8355], [32.711, 89.6211], [32.6084, 89.299], [32.4909, 89.3255], [32.4399, 89.2017], [32.3179, 88.7173], [32.2038, 88.59], [32.1658, 88.7171], [32.0528, 88.0077], [31.9647, 87.7096], [31.8876, 87.3081], [31.8126, 87.1973], [31.7439, 86.8958], [31.6842, 86.6673], [31.5686, 86.9338], [31.4367, 86.7741], [31.3957, 86.5744], [31.3272, 86.3172], [31.2347, 86.0292], [31.1203, 85.8984], [31.0902, 85.6104], [31.0227, 85.5817], [30.9574, 85.4243], [30.8596, 85.1278], [30.7949, 84.7356], [30.7297, 84.6125], [30.6679, 84.6228], [30.6102, 84.3186], [30.5035, 84.1898], [30.4376, 83.9414], [30.3285, 83.8726], [30.2765, 83.5989], [30.2066, 83.4212], [30.1664, 82.9962], [30.1095, 82.9502], [30.0473, 82.534], [29.9994, 82.5338], [29.9312, 82.3111], [29.8508, 82.072], [29.762, 81.8872], [29.7396, 81.7082], [29.6912, 81.3462], [29.632, 80.7424], [29.5545, 80.3968], [29.5076, 80.2385], [29.4482, 79.971], [29.4047, 79.9333], [29.3436, 79.844], [29.3139, 79.8436], [29.2507, 79.8071], [29.1708, 79.7957], [29.1308, 79.7083], [29.0308, 79.7041], [28.9676, 79.6137], [28.9408, 79.5975], [28.8689, 79.5444], [28.855, 79.3945], [28.8385, 79.4686], [28.8083, 79.3729], [28.8197, 79.2517], [28.8038, 79.2731], [28.8458, 79.3045], [28.8771, 79.2547], [28.8667, 79.3346], [28.8758, 79.2624], [28.8986, 79.254], [28.9314, 79.2876], [28.9701, 79.3381], [28.9726, 79.305], [28.9814, 79.2912], [29.0193, 79.1881], [29.0466, 79.2656], [29.0616, 79.2342], [29.0832, 79.2026], [29.0969, 79.1811], [29.133, 79.2035], [29.17, 79.0863], [29.1856, 79.0721], [29.2284, 79.0549], [29.2647, 79.002], [29.2816, 78.934], [29.3025, 78.9735], [29.3195, 79.0164], [29.3376, 79.0037], [29.3475, 78.9906], [29.3714, 79.0213], [29.3919, 79.0703], [29.4123, 79.0037], [29.4328, 79.0548], [29.4533, 79.0689], [29.4681, 79.101], [29.4926, 79.1157], [29.5262, 79.1339], [29.5293, 79.0763], [29.5446, 79.0943], [29.546, 79.1153], [29.5663, 79.12], [29.5945, 79.1406], [29.603, 79.1117], [29.6171, 79.0609], [29.6271, 79.0791], [29.6211, 79.1157], [29.6409, 79.1307], [29.6559, 79.1427], [29.6609, 79.1997], [29.6634, 79.2235], [29.6596, 79.2139], [29.6672, 79.21], [29.6695, 79.207], [29.6701, 79.2323], [29.6695, 79.2136], [29.6645, 79.2732], [29.6625, 79.2141], [29.6603, 79.1954], [29.6548, 79.2138], [29.6564, 79.2752], [29.665, 79.2477], [29.6752, 79.2132], [29.6811, 79.2522], [29.6974, 79.2258], [29.7106, 79.1432], [29.7179, 79.1779], [29.7229, 79.1814], [29.7373, 79.0866], [29.7454, 79.0902], [29.7593, 79.0714], [29.7641, 79.0604], [29.7664, 79.0465], [29.7728, 79.0439], [29.7861, 78.9874], [29.7919, 78.9553], [29.7951, 78.9366], [29.8023, 78.9005], [29.8079, 78.8895], [29.8101, 78.8567], [29.8165, 78.8343], [29.8271, 78.8115], [29.8275, 78.7802], [29.8277, 78.7784], [29.8251, 78.794], [29.8232, 78.7887], [29.8168, 78.7786], [29.8155, 78.7615], [29.8041, 78.8184], [29.797, 78.8428], [29.7933, 78.8064], [29.7863, 78.8181], [29.7814, 78.8392], [29.7845, 78.8271], [29.7799, 78.835], [29.7786, 78.8448], [29.7798, 78.8415], [29.7753, 78.9143], [29.7759, 78.8972], [29.7736, 78.9035], [29.7701, 78.8576], [29.7661, 78.8926], [29.7675, 78.8823], [29.7481, 78.9433], [29.755, 78.9229], [29.7515, 78.9086], [29.758, 78.8822], [29.7557, 78.8973], [29.7606, 78.8754], [29.7599, 78.883], [29.7605, 78.9029], [29.7662, 78.9055], [29.7691, 78.9058], [29.7714, 78.9049], [29.7737, 78.8986], [29.7815, 78.8716], [29.7787, 78.9059], [29.7832, 78.8877], [29.7893, 78.8658], [29.7941, 78.8423], [29.7903, 78.8798], [29.793, 78.8689], [29.7909, 78.8786], [29.791, 78.8944], [29.7888, 78.905], [29.7888, 78.888], [29.7879, 78.8852], [29.785, 78.9387], [29.7845, 78.905], [29.7861, 78.8911], [29.7878, 78.9359], [29.7907, 78.9231], [29.7932, 78.9183], [29.7952, 78.9016], [29.8034, 78.8996], [29.8023, 78.9058], [29.8104, 78.8668], [29.812, 78.8483], [29.8124, 78.8564], [29.8126, 78.8391], [29.8126, 78.8544], [29.8117, 78.8061], [29.8116, 78.7695], [29.8093, 78.7397], [29.8052, 78.7501], [29.8049, 78.7328], [29.8063, 78.7396], [29.8097, 78.7413], [29.8084, 78.7336], [29.814, 78.7265], [29.8161, 78.7284], [29.8169, 78.7576], [29.823, 78.7712], [29.8236, 78.7819], [29.8263, 78.7441], [29.8247, 78.7625], [29.8235, 78.8029], [29.8246, 78.7867], [29.8249, 78.7721], [29.8221, 78.7813], [29.8221, 78.7963], [29.8224, 78.8001], [29.8231, 78.7703], [29.8229, 78.7623], [29.8242, 78.7664], [29.825, 78.7579], [29.8229, 78.7785], [29.824, 78.7562], [29.8234, 78.7462], [29.8214, 78.7391], [29.8209, 78.741], [29.8209, 78.7648], [29.8218, 78.7501], [29.8198, 78.7349], [29.8189, 78.7554], [29.8219, 78.7613], [29.8226, 78.7545], [29.8205, 78.7733], [29.8247, 78.7535], [29.8209, 78.782], [29.8209, 78.7706], [29.8241, 78.7685], [29.8263, 78.7646], [29.8243, 78.7921], [29.8226, 78.7868], [29.8236, 78.7795], [29.8236, 78.8177], [29.825, 78.7923], [29.8282, 78.8055], [29.8274, 78.8118], [29.8303, 78.8491], [29.8327, 78.837], [29.8337, 78.866], [29.8359, 78.8438], [29.8401, 78.8574], [29.845, 78.8495], [29.8485, 78.8421], [29.848, 78.8423], [29.8512, 78.8418], [29.8491, 78.8595], [29.8444, 78.8479], [29.846, 78.8474], [29.8397, 78.8446], [29.8354, 78.8548], [29.8311, 78.8617], [29.8258, 78.8699], [29.8193, 78.8284], [29.818, 78.8173], [29.8138, 78.8682], [29.8076, 78.8627], [29.8088, 78.8519], [29.8082, 78.8553], [29.81, 78.8867], [29.8068, 78.9084], [29.8088, 78.9165], [29.8158, 78.852], [29.8165, 78.8525], [29.8195, 78.8352], [29.8261, 78.8325], [29.8314, 78.8321], [29.8404, 78.8042], [29.8351, 78.8168], [29.8379, 78.8187], [29.8364, 78.763], [29.8304, 78.7581], [29.816, 78.728], [29.799, 78.8093], [29.7832, 78.8382], [29.7569, 78.8584], [29.721, 78.8692], [29.6861, 78.8627], [29.6507, 78.86], [29.6064, 78.9148], [29.5594, 78.9257], [29.5087, 78.9652], [29.4556, 79.0195], [29.4107, 79.0531], [29.3427, 79.0853], [29.321, 79.051], [29.2776, 79.0496], [29.2196, 79.0965], [29.198, 79.1128], [29.1604, 79.1369], [29.1495, 79.1548], [29.1257, 79.0723], [29.0908, 79.2405], [29.0763, 79.213], [29.0379, 79.2762], [29.0261, 79.1503], [29.0028, 79.2146], [28.9889, 79.2669], [28.9663, 79.3296], [28.9436, 79.4156], [28.9554, 79.6169], [28.9592, 79.6257], [28.9489, 79.7664], [28.956, 79.7692], [28.9726, 79.791], [28.9979, 79.9173], [29.0096, 80.0492], [29.0538, 79.9042], [29.0934, 79.9975], [29.1293, 80.1831], [29.1988, 80.2363], [29.2798, 80.3107], [29.3614, 80.3029], [29.4367, 80.3112], [29.5299, 80.4585], [29.6345, 80.5036], [29.7353, 80.4556], [29.8422, 80.5343], [29.9627, 80.6141], [30.0469, 80.9312], [30.1799, 81.2357], [30.2323, 81.7739], [30.3717, 82.1177], [30.5202, 82.3593], [30.6852, 83.1209], [30.8128, 83.8887], [30.9326, 83.9231], [31.0817, 84.883], [31.2326, 84.9043], [31.3904, 85.152], [31.5522, 85.3865], [31.7413, 86.0869], [31.9289, 86.4896], [32.0427, 86.5845], [32.2233, 87.2395], [32.3753, 87.97], [32.5351, 88.5752], [32.6672, 88.8817], [32.6967, 88.5299], [32.8352, 89.0444], [32.9276, 88.81], [33.0123, 88.6083], [33.1175, 89.2477], [33.2281, 89.7391], [33.3022, 89.7707], [33.4232, 90.1912], [33.5333, 90.8136], [33.6606, 91.1493], [33.7595, 90.9286], [33.8672, 91.3207], [33.9827, 91.8143], [34.0923, 92.1927], [34.1951, 92.5288], [34.2958, 93.0258], [34.3946, 93.0748], [34.5119, 93.7754], [34.6273, 93.7832], [34.7137, 94.4456], [34.8292, 94.6602], [34.8993, 94.4464], [35.0536, 95.1647], [35.0922, 95.2908], [35.1954, 95.5275], [35.2938, 95.7844], [35.3852, 96.0354], [35.4664, 95.8406], [35.5493, 96.3285], [35.5601, 96.0001], [35.6051, 96.9441], [35.6479, 96.7397], [35.7289, 97.0217], [35.7632, 96.9786], [35.7862, 96.9397], [35.7783, 97.6783], [35.8242, 98.2408], [35.8886, 98.5506], [35.8693, 98.6975], [35.8906, 99.2442], [35.8983, 100.195], [35.9226, 100.253], [35.9548, 100.83], [35.968, 100.906], [35.9788, 101.425], [36.002, 101.821], [36.0328, 102.227], [36.0157, 102.697], [36.063, 102.975], [36.0818, 103.203], [36.1126, 103.731], [36.1494, 103.931], [36.1729, 104.021], [36.1831, 104.785], [36.1895, 105.367], [36.1988, 105.852], [36.1984, 106.136], [36.2045, 106.519], [36.2042, 106.95], [36.2026, 107.425], [36.2112, 107.837], [36.2184, 108.144], [36.2269, 108.259], [36.2218, 108.523], [36.2017, 109.153], [36.1633, 108.824], [36.1221, 109.048], [36.138, 109.078], [36.0704, 109.168], [35.9596, 108.916], [35.9576, 109.29], [35.9557, 109.314], [35.9389, 109.238], [35.9416, 109.275], [35.9233, 109.23], [35.9169, 109.377], [35.9373, 109.322], [35.9441, 109.4], [35.9383, 109.62], [35.9437, 109.805], [35.9532, 109.882], [35.9556, 110.043], [35.9578, 110.283], [35.9715, 110.241], [35.9672, 110.185], [35.9765, 110.301], [35.9788, 110.441], [35.9756, 110.579], [35.9835, 110.668], [35.9978, 110.722], [36.0042, 110.838], [36.0116, 110.97], [36.0168, 111.038], [36.0223, 111.116], [36.0212, 111.129], [36.0311, 111.258], [36.0491, 111.291], [36.0557, 111.391], [36.0595, 111.422], [36.0733, 111.436], [36.0841, 111.461], [36.0916, 111.514], [36.0981, 111.524], [36.1011, 111.406], [36.1046, 111.586], [36.1195, 111.574], [36.1311, 111.572], [36.1333, 111.612], [36.1353, 111.523], [36.1495, 111.543], [36.159, 111.519], [36.1652, 111.553], [36.1735, 111.497], [36.1819, 111.574], [36.1834, 111.589], [36.1952, 111.502], [36.198, 111.576], [36.2115, 111.51], [36.2086, 111.51], [36.2198, 111.511], [36.2183, 111.553], [36.231, 111.409], [36.2371, 111.429], [36.2352, 111.469], [36.2419, 111.495], [36.2489, 111.489], [36.2553, 111.469], [36.2573, 111.39], [36.2581, 111.448], [36.2584, 111.472], [36.2591, 111.443], [36.2608, 111.438], [36.2647, 111.425], [36.2557, 111.443], [36.2558, 111.429], [36.2575, 111.427], [36.2533, 111.463], [36.2606, 111.502], [36.2527, 111.475], [36.2565, 111.445], [36.2519, 111.458], [36.2544, 111.448], [36.2546, 111.445], [36.2534, 111.439], [36.2531, 111.41], [36.2532, 111.403], [36.2486, 111.441], [36.2451, 111.459], [36.2458, 111.442], [36.245, 111.394], [36.243, 111.425], [36.2369, 111.392], [36.2386, 111.393], [36.2346, 111.382], [36.2323, 111.396], [36.2277, 111.384], [36.2214, 111.361], [36.2219, 111.368], [36.222, 111.36], [36.218, 111.353], [36.2172, 111.317], [36.2172, 111.299], [36.2174, 111.282], [36.2131, 111.345], [36.2129, 111.334], [36.2144, 111.346], [36.2137, 111.335], [36.2158, 111.314], [36.2173, 111.316], [36.2187, 111.291], [36.219, 111.264], [36.2211, 111.287], [36.2217, 111.318], [36.2237, 111.327], [36.2312, 111.295], [36.2335, 111.283], [36.236, 111.284], [36.232, 111.332], [36.2302, 111.321], [36.2336, 111.314], [36.2303, 111.37], [36.2279, 111.391], [36.2287, 111.439], [36.2247, 111.448], [36.2181, 111.49], [36.2147, 111.476], [36.212, 111.556], [36.2061, 111.613], [36.2099, 111.613], [36.2121, 111.604], [36.2162, 111.6], [36.2188, 111.625], [36.2228, 111.64], [36.2286, 111.581], [36.2291, 111.566], [36.2359, 111.603], [36.2355, 111.61], [36.2381, 111.558], [36.2352, 111.578], [36.2341, 111.589], [36.2392, 111.569], [36.2436, 111.576], [36.2437, 111.55], [36.2461, 111.541], [36.252, 111.517], [36.2567, 111.508], [36.2599, 111.505], [36.2637, 111.525], [36.269, 111.476], [36.2702, 111.498], [36.2677, 111.532], [36.2674, 111.547], [36.2673, 111.544], [36.2668, 111.538], [36.2636, 111.522], [36.2605, 111.51], [36.2586, 111.471], [36.2563, 111.475], [36.2498, 111.499], [36.251, 111.471], [36.2456, 111.443], [36.2422, 111.442], [36.2391, 111.439], [36.2367, 111.452], [36.2376, 111.43], [36.2378, 111.447], [36.2353, 111.458]], "git_repository_heads": {"MMMTools": ["d77f5a301e3e2f4cd16623ff82a11fbc98dc1113", 1459847935], "MMMCore": ["1d27ecc05fae8cf73cac6754bb4fa9f37155663b", 1459846333], "Simox": ["8d9023238ae3fddb74502537a3681c4318147084", 1459514263], "MMT": ["47064aa0136033b76a231380ef3c02c940bbde53", 1460219154]}, "convert_db_version": 5, "object_conversion_settings": {}, "object_conversion_errors": {}, "subject_conversion_settings": {"model_files": [["mmm.xml", "83095bf1f7710e0da2eabc0dc38933fff21a487e"], ["models/RightFingerJoint43y_joint_visu.wrl", "4a8b66745234892104dc18c3f12b51653e0d22e2"], ["models/HeadSegment_joint_visu.wrl", "98bc33547d6728b266ca30ad9f3f1cd1fc964890"], ["models/RightFingerJoint23y_joint_visu.wrl", "a0d5f39a5c7aa80b2d6a4eaf255bc2ee431c4c8b"], ["models/RightFingerJoint13y_joint_visu.wrl", "f6fe45b4978386e46181511649732c2b788efffc"], ["models/RightEyeSegmentY_joint_visu.wrl", "a5e19b848b6eeb97452f27da05841286c9c8750d"], ["models/RightFingerJoint33y_joint_visu.wrl", "408d1d793635a63e5469ef6749032ed29df446cb"], ["models/RightFingerJoint42y_joint_visu.wrl", "56054907e89fe8b5298ac919d87afca5ea3112a6"], ["models/RightFingerJoint40y_joint_visu.wrl", "a6a36d6acd88295f92f5ad6137dad641a10df4b6"], ["models/RAy_joint_visu.wrl", "ce5872147a6e4132bebc90a3e1e3c1a28a103eb6"], ["models/LeftFingerJoint33y_joint_visu.wrl", "365adda3e38105f28e7045c2b0267a52336edf01"], ["models/BUNsegment_joint_visu.wrl", "0ac874bfcd0d8c4b0c3b4ec4e56c59ce39aad99d"], ["models/LeftEyeSegmentY_joint_visu.wrl", "066736ba165738d120f8d1d103b9c28b19c429bf"], ["models/RSCsegment_joint_visu.wrl", "9044f5cc6779532281b74eface97e002798a8e6d"], ["models/LHsegment_joint_visu.wrl", "3838c5fdad69c33fed501ae676c8a8a9282d9a05"], ["models/LeftFingerJoint53y_joint_visu.wrl", "cdd15d99efa93d038d04ced046fe79ae693a10d7"], ["models/RightFingerJoint21y_joint_visu.wrl", "d19626a13a08387890317675df2c2e7fe9db5eef"], ["models/RightFingerJoint12y_joint_visu.wrl", "7097cf96d3597a795575a5abe9256e0143c2ed0f"], ["models/LeftFingerJoint43y_joint_visu.wrl", "395c609ed268feb940855099f538c46a54c3a4d8"], ["models/RightFingerJoint53y_joint_visu.wrl", "9d95789602901425bad9b4435dea2b4be5431202"], ["models/LeftFingerJoint42y_joint_visu.wrl", "e487f595b7019c407f92b0f00de5260e64e56c97"], ["models/LAsegment_joint_visu.wrl", "bb0d5feb0455fbd2c425d138b7f487260f4bf1bc"], ["models/BTSegment_joint_visu.wrl", "22abe8deeec243c99e31ec02fa59372e98ac8471"], ["models/RKsegment_joint_visu.wrl", "18b381d65e3337bcb0d1ff5928773884a1e17d57"], ["models/LeftFingerJoint41y_joint_visu.wrl", "61402f6746307792f4303e574af749b94086a4ec"], ["models/LSCsegment_joint_visu.wrl", "c32a20b7e31becf394d78b5655efc5565b038b80"], ["models/LeftFingerJoint11y_joint_visu.wrl", "0cbfceda8d89deb375f7933c8078af5147ec84b2"], ["models/RightFingerJoint41y_joint_visu.wrl", "020541ab865e4e3e9fa2695e0f4eff71b52ad52d"], ["models/RWy_joint_visu.wrl", "2b11028aee46fb62e614338be3dd5644c1a824ee"], ["models/LeftFingerJoint23y_joint_visu.wrl", "478e70ae519508040adb535da7a7998bba1b8c42"], ["models/RSsegment_joint_visu.wrl", "612de2c24f203d5846930907a5df9cef5d9578dd"], ["models/LeftFingerJoint12y_joint_visu.wrl", "024079388e0352cf2dd7d6c0c4d45ee34851930c"], ["models/LWsegment_joint_visu.wrl", "3c8bc8f30c2fdfc5956ddac1f868ed768806d7fd"], ["models/RightFingerJoint22y_joint_visu.wrl", "0b36fec3092c4692c7809ee795740f148ffb0be8"], ["models/RMrot_joint_visu.wrl", "a56cefc9affb5ca3f87c8ad0a9ef880f3355f2f0"], ["models/LeftFingerJoint40y_joint_visu.wrl", "ebee55b3729d26fb04a73d5b427025dbf464f288"], ["models/LeftFingerJoint21y_joint_visu.wrl", "a890d2d55d8afbe701827374715b7e671862cc4f"], ["models/REsegment_joint_visu.wrl", "d709750461631f850f8441b85f4861ca47df51ae"], ["models/RHsegment_joint_visu.wrl", "54fb3a26ddb8f2d419752eb76c4e488efef6b43c"], ["models/RightFingerJoint52y_joint_visu.wrl", "44f18db78bed86bf1ddb981a1e678027e51db918"], ["models/RightFingerJoint50y_joint_visu.wrl", "13ede518eb635943fcd4564499f4fdb69d27780e"], ["models/LFx_joint_visu.wrl", "5d47b342ff68d5d2b2d9c7e22c5cf098909060c6"], ["models/LKsegment_joint_visu.wrl", "5780b7d3a585852e8707cb2363bfa8d4d3b461f7"], ["models/LeftFingerJoint13y_joint_visu.wrl", "8a00c78adf18bdebd78a513323b5f28f02d117be"], ["models/RightFingerJoint51y_joint_visu.wrl", "d78052a78ea694e1d35e6b91354db0a64493fbf4"], ["models/RightFingerJoint11y_joint_visu.wrl", "a05a4116eafe1434c190e03faa62753bcd333105"], ["models/LeftFingerJoint22y_joint_visu.wrl", "7fee0851bbbc487512ffb12e46d738fc0837aa0c"], ["models/LAy_joint_visu.wrl", "de3953d8ffbf479f0eb229748cfdd897a408012e"], ["models/LEsegment_joint_visu.wrl", "1bf5a0382df53cb4aef1ebf578e4d535a0cd3d7b"], ["models/RightFingerJoint31y_joint_visu.wrl", "4f0efb942b57fffc5b3177798a71bcdbb9b92042"], ["models/LeftFingerJoint32y_joint_visu.wrl", "685ae87120ee0d9ba5d764c8ff99385aa9d79a04"], ["models/RightFingerJoint32y_joint_visu.wrl", "47d29dfecd9514a3973b021c83bc361364341093"], ["models/LeftFingerJoint31y_joint_visu.wrl", "d24789234312bf68c77c7830508763d07f9feec0"], ["models/LMrot_joint_visu.wrl", "94047f5a29e3373271bba5d61ccbbacf9bfb01af"], ["models/LWy_joint_visu.wrl", "33ba8f54774fa65838a8ae38c3d558f06fe00bc0"], ["models/LeftFingerJoint52y_joint_visu.wrl", "3f7d688708cf5f55104348d5bc102dcc7b7a0a66"], ["models/LSsegment_joint_visu.wrl", "f34e7eae1658b3ae618b5bc40ebc1da529c7e0a3"], ["models/RAsegment_joint_visu.wrl", "bf9735bb8cbd74e01e9087f0ccad4783edc49231"], ["models/LeftFingerJoint50y_joint_visu.wrl", "c2f6364fe16768bd1382d1b02c327d9dcf43fd03"], ["models/LeftFingerJoint51y_joint_visu.wrl", "0c2664365d375a3d9dd190818483e292027433d3"], ["models/LeftHandSegment_joint_visu.wrl", "581235ef3290f47c527e74693e4a232056642bcf"], ["models/BTy_joint_visu.wrl", "818c33f75e2b278db824d223d8796b1d1ca48213"], ["models/RWsegment_joint_visu.wrl", "de46619cf74eb2ffe74ab7fdaaf4cd485034b959"], ["models/RFx_joint_visu.wrl", "7e0fad07af2c1f6a4bad2e40caa9cdcfafa5d748"]], "converter_config": "<ConverterConfig type=\"NloptConverter\"><Model><MarkerMapping><Mapping c3d=\"LIFD\" mmm=\"MARKER_LIFD\" /><Mapping c3d=\"LKNE\" mmm=\"MARKER_LKNE\" /><Mapping c3d=\"LWPS\" mmm=\"MARKER_LWPS\" /><Mapping c3d=\"RANK\" mmm=\"MARKER_RANK\" /><Mapping c3d=\"T10\" mmm=\"MARKER_T10\" /><Mapping c3d=\"LBHD\" mmm=\"MARKER_LBHD\" /><Mapping c3d=\"LBAK\" mmm=\"MARKER_LBAK\" /><Mapping c3d=\"RBAK\" mmm=\"MARKER_RBAK\" /><Mapping c3d=\"RTIP\" mmm=\"MARKER_RTIP\" /><Mapping c3d=\"RMT1\" mmm=\"MARKER_RMT1\" /><Mapping c3d=\"LTOE\" mmm=\"MARKER_LTOE\" /><Mapping c3d=\"RHTS\" mmm=\"MARKER_RHTS\" /><Mapping c3d=\"RMT5\" mmm=\"MARKER_RMT5\" /><Mapping c3d=\"LTIP\" mmm=\"MARKER_LTIP\" /><Mapping c3d=\"LHTS\" mmm=\"MARKER_LHTS\" /><Mapping c3d=\"RAEL\" mmm=\"MARKER_RAEL\" /><Mapping c3d=\"RKNE\" mmm=\"MARKER_RKNE\" /><Mapping c3d=\"LHPS\" mmm=\"MARKER_LHPS\" /><Mapping c3d=\"LANK\" mmm=\"MARKER_LANK\" /><Mapping c3d=\"LWTS\" mmm=\"MARKER_LWTS\" /><Mapping c3d=\"RIFD\" mmm=\"MARKER_RIFD\" /><Mapping c3d=\"RAOL\" mmm=\"MARKER_RAOL\" /><Mapping c3d=\"CLAV\" mmm=\"MARKER_CLAV\" /><Mapping c3d=\"LASI\" mmm=\"MARKER_LASI\" /><Mapping c3d=\"C7\" mmm=\"MARKER_C7\" /><Mapping c3d=\"LHEE\" mmm=\"MARKER_LHEE\" /><Mapping c3d=\"LTHI\" mmm=\"MARKER_LTHI\" /><Mapping c3d=\"RTHI\" mmm=\"MARKER_RTHI\" /><Mapping c3d=\"RFHD\" mmm=\"MARKER_RFHD\" /><Mapping c3d=\"LUPA\" mmm=\"MARKER_LUPA\" /><Mapping c3d=\"LFHD\" mmm=\"MARKER_LFHD\" /><Mapping c3d=\"RHIP\" mmm=\"MARKER_RHIP\" /><Mapping c3d=\"RWPS\" mmm=\"MARKER_RWPS\" /><Mapping c3d=\"LMT1\" mmm=\"MARKER_LMT1\" /><Mapping c3d=\"L3\" mmm=\"MARKER_L3\" /><Mapping c3d=\"LFRA\" mmm=\"MARKER_LFRA\" /><Mapping c3d=\"LPSI\" mmm=\"MARKER_LPSI\" /><Mapping c3d=\"RPSI\" mmm=\"MARKER_RPSI\" /><Mapping c3d=\"LAOL\" mmm=\"MARKER_LAOL\" /><Mapping c3d=\"RBHD\" mmm=\"MARKER_RBHD\" /><Mapping c3d=\"RUPA\" mmm=\"MARKER_RUPA\" /><Mapping c3d=\"RASI\" mmm=\"MARKER_RASI\" /><Mapping c3d=\"RWTS\" mmm=\"MARKER_RWTS\" /><Mapping c3d=\"LHIP\" mmm=\"MARKER_LHIP\" /><Mapping c3d=\"STRN\" mmm=\"MARKER_STRN\" /><Mapping c3d=\"LAEL\" mmm=\"MARKER_LAEL\" /><Mapping c3d=\"RHPS\" mmm=\"MARKER_RHPS\" /><Mapping c3d=\"RTOE\" mmm=\"MARKER_RTOE\" /><Mapping c3d=\"RHEE\" mmm=\"MARKER_RHEE\" /><Mapping c3d=\"LMT5\" mmm=\"MARKER_LMT5\" /></MarkerMapping><JointSet><Joint name=\"BLNx_joint\" /><Joint name=\"BLNy_joint\" /><Joint name=\"BLNz_joint\" /><Joint name=\"BPx_joint\" /><Joint name=\"BPy_joint\" /><Joint name=\"BPz_joint\" /><Joint name=\"BTx_joint\" /><Joint name=\"BTy_joint\" /><Joint name=\"BTz_joint\" /><Joint name=\"BUNx_joint\" /><Joint name=\"BUNy_joint\" /><Joint name=\"BUNz_joint\" /><Joint name=\"LAx_joint\" /><Joint name=\"LAy_joint\" /><Joint name=\"LAz_joint\" /><Joint name=\"LEx_joint\" /><Joint name=\"LEz_joint\" /><Joint name=\"LHx_joint\" /><Joint name=\"LHy_joint\" /><Joint name=\"LHz_joint\" /><Joint name=\"LKx_joint\" /><Joint name=\"LSx_joint\" /><Joint name=\"LSy_joint\" /><Joint name=\"LSz_joint\" /><Joint name=\"LWx_joint\" /><Joint name=\"LWy_joint\" /><Joint name=\"LFx_joint\" /><Joint name=\"LMrot_joint\" /><Joint name=\"RAx_joint\" /><Joint name=\"RAy_joint\" /><Joint name=\"RAz_joint\" /><Joint name=\"REx_joint\" /><Joint name=\"REz_joint\" /><Joint name=\"RHx_joint\" /><Joint name=\"RHy_joint\" /><Joint name=\"RHz_joint\" /><Joint name=\"RKx_joint\" /><Joint name=\"RSx_joint\" /><Joint name=\"RSy_joint\" /><Joint name=\"RSz_joint\" /><Joint name=\"RWx_joint\" /><Joint name=\"RWy_joint\" /><Joint name=\"RFx_joint\" /><Joint name=\"RMrot_joint\" /></JointSet></Model></ConverterConfig>", "model_processor_config": "<ModelProcessorConfig type=\"Winter\"><height>1.84</height><mass>100</mass></ModelProcessorConfig>"}, "subject_missing_markers": []}