Motion Database Converter

User/Host: mmm @ i61motiondb
Date: 2016-05-31 17:54:17
Input File: Trial_77.c3d (ID #50712, created 2016-05-19 18:58:55)

The HEADs of the git repositories used for conversion are:
  MMMCore: 1d27ecc05fae8cf73cac6754bb4fa9f37155663b (2016-04-05 08:52:13)
  MMMTools: d77f5a301e3e2f4cd16623ff82a11fbc98dc1113 (2016-04-05 09:18:55)
  MMT: 47064aa0136033b76a231380ef3c02c940bbde53 (2016-04-09 16:25:54)
  Simox: 8d9023238ae3fddb74502537a3681c4318147084 (2016-04-01 12:37:43)

Configuration for subject:
  Converter config:
    <ConverterConfig type="NloptConverter"><Model><MarkerMapping><Mapping c3d="LIFD" mmm="MARKER_LIFD" /><Mapping c3d="LKNE" mmm="MARKER_LKNE" /><Mapping c3d="LWPS" mmm="MARKER_LWPS" /><Mapping c3d="RANK" mmm="MARKER_RANK" /><Mapping c3d="T10" mmm="MARKER_T10" /><Mapping c3d="LBHD" mmm="MARKER_LBHD" /><Mapping c3d="LBAK" mmm="MARKER_LBAK" /><Mapping c3d="RBAK" mmm="MARKER_RBAK" /><Mapping c3d="RTIP" mmm="MARKER_RTIP" /><Mapping c3d="RMT1" mmm="MARKER_RMT1" /><Mapping c3d="LTOE" mmm="MARKER_LTOE" /><Mapping c3d="RHTS" mmm="MARKER_RHTS" /><Mapping c3d="RMT5" mmm="MARKER_RMT5" /><Mapping c3d="LTIP" mmm="MARKER_LTIP" /><Mapping c3d="LHTS" mmm="MARKER_LHTS" /><Mapping c3d="RAEL" mmm="MARKER_RAEL" /><Mapping c3d="RKNE" mmm="MARKER_RKNE" /><Mapping c3d="LHPS" mmm="MARKER_LHPS" /><Mapping c3d="LANK" mmm="MARKER_LANK" /><Mapping c3d="LWTS" mmm="MARKER_LWTS" /><Mapping c3d="RIFD" mmm="MARKER_RIFD" /><Mapping c3d="RAOL" mmm="MARKER_RAOL" /><Mapping c3d="CLAV" mmm="MARKER_CLAV" /><Mapping c3d="LASI" mmm="MARKER_LASI" /><Mapping c3d="C7" mmm="MARKER_C7" /><Mapping c3d="LHEE" mmm="MARKER_LHEE" /><Mapping c3d="LTHI" mmm="MARKER_LTHI" /><Mapping c3d="RTHI" mmm="MARKER_RTHI" /><Mapping c3d="RFHD" mmm="MARKER_RFHD" /><Mapping c3d="LUPA" mmm="MARKER_LUPA" /><Mapping c3d="LFHD" mmm="MARKER_LFHD" /><Mapping c3d="RHIP" mmm="MARKER_RHIP" /><Mapping c3d="RWPS" mmm="MARKER_RWPS" /><Mapping c3d="LMT1" mmm="MARKER_LMT1" /><Mapping c3d="L3" mmm="MARKER_L3" /><Mapping c3d="LFRA" mmm="MARKER_LFRA" /><Mapping c3d="LPSI" mmm="MARKER_LPSI" /><Mapping c3d="RPSI" mmm="MARKER_RPSI" /><Mapping c3d="LAOL" mmm="MARKER_LAOL" /><Mapping c3d="RBHD" mmm="MARKER_RBHD" /><Mapping c3d="RUPA" mmm="MARKER_RUPA" /><Mapping c3d="RASI" mmm="MARKER_RASI" /><Mapping c3d="RWTS" mmm="MARKER_RWTS" /><Mapping c3d="LHIP" mmm="MARKER_LHIP" /><Mapping c3d="STRN" mmm="MARKER_STRN" /><Mapping c3d="LAEL" mmm="MARKER_LAEL" /><Mapping c3d="RHPS" mmm="MARKER_RHPS" /><Mapping c3d="RTOE" mmm="MARKER_RTOE" /><Mapping c3d="RHEE" mmm="MARKER_RHEE" /><Mapping c3d="LMT5" mmm="MARKER_LMT5" /></MarkerMapping><JointSet><Joint name="BLNx_joint" /><Joint name="BLNy_joint" /><Joint name="BLNz_joint" /><Joint name="BPx_joint" /><Joint name="BPy_joint" /><Joint name="BPz_joint" /><Joint name="BTx_joint" /><Joint name="BTy_joint" /><Joint name="BTz_joint" /><Joint name="BUNx_joint" /><Joint name="BUNy_joint" /><Joint name="BUNz_joint" /><Joint name="LAx_joint" /><Joint name="LAy_joint" /><Joint name="LAz_joint" /><Joint name="LEx_joint" /><Joint name="LEz_joint" /><Joint name="LHx_joint" /><Joint name="LHy_joint" /><Joint name="LHz_joint" /><Joint name="LKx_joint" /><Joint name="LSx_joint" /><Joint name="LSy_joint" /><Joint name="LSz_joint" /><Joint name="LWx_joint" /><Joint name="LWy_joint" /><Joint name="LFx_joint" /><Joint name="LMrot_joint" /><Joint name="RAx_joint" /><Joint name="RAy_joint" /><Joint name="RAz_joint" /><Joint name="REx_joint" /><Joint name="REz_joint" /><Joint name="RHx_joint" /><Joint name="RHy_joint" /><Joint name="RHz_joint" /><Joint name="RKx_joint" /><Joint name="RSx_joint" /><Joint name="RSy_joint" /><Joint name="RSz_joint" /><Joint name="RWx_joint" /><Joint name="RWy_joint" /><Joint name="RFx_joint" /><Joint name="RMrot_joint" /></JointSet></Model></ConverterConfig>

  Model processor config:
    <ModelProcessorConfig type="Winter"><height>1.84</height><mass>100</mass></ModelProcessorConfig>

  Model files:
    mmm.xml -> 83095bf1f7710e0da2eabc0dc38933fff21a487e
    models/RightFingerJoint43y_joint_visu.wrl -> 4a8b66745234892104dc18c3f12b51653e0d22e2
    models/HeadSegment_joint_visu.wrl -> 98bc33547d6728b266ca30ad9f3f1cd1fc964890
    models/RightFingerJoint23y_joint_visu.wrl -> a0d5f39a5c7aa80b2d6a4eaf255bc2ee431c4c8b
    models/RightFingerJoint13y_joint_visu.wrl -> f6fe45b4978386e46181511649732c2b788efffc
    models/RightEyeSegmentY_joint_visu.wrl -> a5e19b848b6eeb97452f27da05841286c9c8750d
    models/RightFingerJoint33y_joint_visu.wrl -> 408d1d793635a63e5469ef6749032ed29df446cb
    models/RightFingerJoint42y_joint_visu.wrl -> 56054907e89fe8b5298ac919d87afca5ea3112a6
    models/RightFingerJoint40y_joint_visu.wrl -> a6a36d6acd88295f92f5ad6137dad641a10df4b6
    models/RAy_joint_visu.wrl -> ce5872147a6e4132bebc90a3e1e3c1a28a103eb6
    models/LeftFingerJoint33y_joint_visu.wrl -> 365adda3e38105f28e7045c2b0267a52336edf01
    models/BUNsegment_joint_visu.wrl -> 0ac874bfcd0d8c4b0c3b4ec4e56c59ce39aad99d
    models/LeftEyeSegmentY_joint_visu.wrl -> 066736ba165738d120f8d1d103b9c28b19c429bf
    models/RSCsegment_joint_visu.wrl -> 9044f5cc6779532281b74eface97e002798a8e6d
    models/LHsegment_joint_visu.wrl -> 3838c5fdad69c33fed501ae676c8a8a9282d9a05
    models/LeftFingerJoint53y_joint_visu.wrl -> cdd15d99efa93d038d04ced046fe79ae693a10d7
    models/RightFingerJoint21y_joint_visu.wrl -> d19626a13a08387890317675df2c2e7fe9db5eef
    models/RightFingerJoint12y_joint_visu.wrl -> 7097cf96d3597a795575a5abe9256e0143c2ed0f
    models/LeftFingerJoint43y_joint_visu.wrl -> 395c609ed268feb940855099f538c46a54c3a4d8
    models/RightFingerJoint53y_joint_visu.wrl -> 9d95789602901425bad9b4435dea2b4be5431202
    models/LeftFingerJoint42y_joint_visu.wrl -> e487f595b7019c407f92b0f00de5260e64e56c97
    models/LAsegment_joint_visu.wrl -> bb0d5feb0455fbd2c425d138b7f487260f4bf1bc
    models/BTSegment_joint_visu.wrl -> 22abe8deeec243c99e31ec02fa59372e98ac8471
    models/RKsegment_joint_visu.wrl -> 18b381d65e3337bcb0d1ff5928773884a1e17d57
    models/LeftFingerJoint41y_joint_visu.wrl -> 61402f6746307792f4303e574af749b94086a4ec
    models/LSCsegment_joint_visu.wrl -> c32a20b7e31becf394d78b5655efc5565b038b80
    models/LeftFingerJoint11y_joint_visu.wrl -> 0cbfceda8d89deb375f7933c8078af5147ec84b2
    models/RightFingerJoint41y_joint_visu.wrl -> 020541ab865e4e3e9fa2695e0f4eff71b52ad52d
    models/RWy_joint_visu.wrl -> 2b11028aee46fb62e614338be3dd5644c1a824ee
    models/LeftFingerJoint23y_joint_visu.wrl -> 478e70ae519508040adb535da7a7998bba1b8c42
    models/RSsegment_joint_visu.wrl -> 612de2c24f203d5846930907a5df9cef5d9578dd
    models/LeftFingerJoint12y_joint_visu.wrl -> 024079388e0352cf2dd7d6c0c4d45ee34851930c
    models/LWsegment_joint_visu.wrl -> 3c8bc8f30c2fdfc5956ddac1f868ed768806d7fd
    models/RightFingerJoint22y_joint_visu.wrl -> 0b36fec3092c4692c7809ee795740f148ffb0be8
    models/RMrot_joint_visu.wrl -> a56cefc9affb5ca3f87c8ad0a9ef880f3355f2f0
    models/LeftFingerJoint40y_joint_visu.wrl -> ebee55b3729d26fb04a73d5b427025dbf464f288
    models/LeftFingerJoint21y_joint_visu.wrl -> a890d2d55d8afbe701827374715b7e671862cc4f
    models/REsegment_joint_visu.wrl -> d709750461631f850f8441b85f4861ca47df51ae
    models/RHsegment_joint_visu.wrl -> 54fb3a26ddb8f2d419752eb76c4e488efef6b43c
    models/RightFingerJoint52y_joint_visu.wrl -> 44f18db78bed86bf1ddb981a1e678027e51db918
    models/RightFingerJoint50y_joint_visu.wrl -> 13ede518eb635943fcd4564499f4fdb69d27780e
    models/LFx_joint_visu.wrl -> 5d47b342ff68d5d2b2d9c7e22c5cf098909060c6
    models/LKsegment_joint_visu.wrl -> 5780b7d3a585852e8707cb2363bfa8d4d3b461f7
    models/LeftFingerJoint13y_joint_visu.wrl -> 8a00c78adf18bdebd78a513323b5f28f02d117be
    models/RightFingerJoint51y_joint_visu.wrl -> d78052a78ea694e1d35e6b91354db0a64493fbf4
    models/RightFingerJoint11y_joint_visu.wrl -> a05a4116eafe1434c190e03faa62753bcd333105
    models/LeftFingerJoint22y_joint_visu.wrl -> 7fee0851bbbc487512ffb12e46d738fc0837aa0c
    models/LAy_joint_visu.wrl -> de3953d8ffbf479f0eb229748cfdd897a408012e
    models/LEsegment_joint_visu.wrl -> 1bf5a0382df53cb4aef1ebf578e4d535a0cd3d7b
    models/RightFingerJoint31y_joint_visu.wrl -> 4f0efb942b57fffc5b3177798a71bcdbb9b92042
    models/LeftFingerJoint32y_joint_visu.wrl -> 685ae87120ee0d9ba5d764c8ff99385aa9d79a04
    models/RightFingerJoint32y_joint_visu.wrl -> 47d29dfecd9514a3973b021c83bc361364341093
    models/LeftFingerJoint31y_joint_visu.wrl -> d24789234312bf68c77c7830508763d07f9feec0
    models/LMrot_joint_visu.wrl -> 94047f5a29e3373271bba5d61ccbbacf9bfb01af
    models/LWy_joint_visu.wrl -> 33ba8f54774fa65838a8ae38c3d558f06fe00bc0
    models/LeftFingerJoint52y_joint_visu.wrl -> 3f7d688708cf5f55104348d5bc102dcc7b7a0a66
    models/LSsegment_joint_visu.wrl -> f34e7eae1658b3ae618b5bc40ebc1da529c7e0a3
    models/RAsegment_joint_visu.wrl -> bf9735bb8cbd74e01e9087f0ccad4783edc49231
    models/LeftFingerJoint50y_joint_visu.wrl -> c2f6364fe16768bd1382d1b02c327d9dcf43fd03
    models/LeftFingerJoint51y_joint_visu.wrl -> 0c2664365d375a3d9dd190818483e292027433d3
    models/LeftHandSegment_joint_visu.wrl -> 581235ef3290f47c527e74693e4a232056642bcf
    models/BTy_joint_visu.wrl -> 818c33f75e2b278db824d223d8796b1d1ca48213
    models/RWsegment_joint_visu.wrl -> de46619cf74eb2ffe74ab7fdaaf4cd485034b959
    models/RFx_joint_visu.wrl -> 7e0fad07af2c1f6a4bad2e40caa9cdcfafa5d748

Missing subject markers: []

Subject conversion error:
Conversion Error: avg/avg = 34.01, worst avg = 40.45, worst max = 108.25

The per-frame conversion errors are: (avg/max for subject and every object)
  Frame 0: 40.44/105.70
  Frame 1: 40.45/105.53
  Frame 2: 40.43/105.35
  Frame 3: 40.39/105.30
  Frame 4: 40.33/104.91
  Frame 5: 40.32/104.81
  Frame 6: 40.30/104.83
  Frame 7: 40.27/104.81
  Frame 8: 40.24/104.71
  Frame 9: 40.21/104.66
  Frame 10: 40.18/104.58
  Frame 11: 40.17/104.51
  Frame 12: 40.16/104.43
  Frame 13: 40.16/104.29
  Frame 14: 40.15/104.20
  Frame 15: 40.13/104.35
  Frame 16: 40.11/104.24
  Frame 17: 40.11/104.24
  Frame 18: 40.09/104.32
  Frame 19: 40.07/104.27
  Frame 20: 40.07/104.23
  Frame 21: 40.06/104.17
  Frame 22: 40.06/104.17
  Frame 23: 40.04/104.20
  Frame 24: 40.04/104.26
  Frame 25: 40.02/104.22
  Frame 26: 40.01/104.16
  Frame 27: 39.99/104.14
  Frame 28: 39.99/104.03
  Frame 29: 39.98/104.04
  Frame 30: 39.97/104.04
  Frame 31: 39.97/104.07
  Frame 32: 39.96/104.06
  Frame 33: 39.96/104.01
  Frame 34: 39.95/103.96
  Frame 35: 39.94/103.88
  Frame 36: 39.93/103.84
  Frame 37: 39.92/103.84
  Frame 38: 39.92/103.84
  Frame 39: 39.91/103.81
  Frame 40: 39.89/103.89
  Frame 41: 39.87/103.86
  Frame 42: 39.87/103.83
  Frame 43: 39.86/103.83
  Frame 44: 39.86/103.79
  Frame 45: 39.85/103.80
  Frame 46: 39.83/103.85
  Frame 47: 39.83/103.82
  Frame 48: 39.82/103.85
  Frame 49: 39.82/103.79
  Frame 50: 39.81/103.77
  Frame 51: 39.79/103.86
  Frame 52: 39.79/103.84
  Frame 53: 39.78/103.89
  Frame 54: 39.78/103.88
  Frame 55: 39.78/103.86
  Frame 56: 39.77/103.81
  Frame 57: 39.76/103.75
  Frame 58: 39.76/103.79
  Frame 59: 39.75/103.83
  Frame 60: 39.74/103.83
  Frame 61: 39.73/103.85
  Frame 62: 39.73/103.78
  Frame 63: 39.72/103.82
  Frame 64: 39.73/103.79
  Frame 65: 39.72/103.74
  Frame 66: 39.72/103.71
  Frame 67: 39.72/103.69
  Frame 68: 39.71/103.77
  Frame 69: 39.72/103.76
  Frame 70: 39.71/103.73
  Frame 71: 39.71/103.70
  Frame 72: 39.71/103.69
  Frame 73: 39.71/103.69
  Frame 74: 39.71/103.66
  Frame 75: 39.71/103.60
  Frame 76: 39.70/103.57
  Frame 77: 39.70/103.56
  Frame 78: 39.69/103.55
  Frame 79: 39.69/103.45
  Frame 80: 39.68/103.44
  Frame 81: 39.68/103.44
  Frame 82: 39.66/103.49
  Frame 83: 39.66/103.51
  Frame 84: 39.65/103.48
  Frame 85: 39.65/103.52
  Frame 86: 39.63/103.59
  Frame 87: 39.62/103.66
  Frame 88: 39.63/103.60
  Frame 89: 39.62/103.62
  Frame 90: 39.62/103.67
  Frame 91: 39.62/103.73
  Frame 92: 39.62/103.73
  Frame 93: 39.62/103.74
  Frame 94: 39.61/103.72
  Frame 95: 39.61/103.70
  Frame 96: 39.60/103.68
  Frame 97: 39.60/103.70
  Frame 98: 39.59/103.72
  Frame 99: 39.58/103.79
  Frame 100: 39.58/103.83
  Frame 101: 39.57/103.83
  Frame 102: 39.57/103.78
  Frame 103: 39.57/103.84
  Frame 104: 39.57/103.86
  Frame 105: 39.55/103.89
  Frame 106: 39.55/103.93
  Frame 107: 39.56/103.91
  Frame 108: 39.55/103.96
  Frame 109: 39.54/104.03
  Frame 110: 39.55/104.02
  Frame 111: 39.55/104.05
  Frame 112: 39.55/104.02
  Frame 113: 39.55/104.08
  Frame 114: 39.54/104.27
  Frame 115: 39.55/104.22
  Frame 116: 39.54/104.39
  Frame 117: 39.53/104.52
  Frame 118: 39.54/104.57
  Frame 119: 39.53/104.68
  Frame 120: 39.53/104.77
  Frame 121: 39.51/104.91
  Frame 122: 39.49/104.95
  Frame 123: 39.49/104.92
  Frame 124: 39.49/104.95
  Frame 125: 39.49/105.04
  Frame 126: 39.48/105.06
  Frame 127: 39.47/104.99
  Frame 128: 39.47/105.02
  Frame 129: 39.46/105.15
  Frame 130: 39.46/105.30
  Frame 131: 39.45/105.30
  Frame 132: 39.44/105.35
  Frame 133: 39.43/105.34
  Frame 134: 39.43/105.33
  Frame 135: 39.42/105.31
  Frame 136: 39.41/105.34
  Frame 137: 39.40/105.38
  Frame 138: 39.37/105.26
  Frame 139: 39.36/105.29
  Frame 140: 39.35/105.27
  Frame 141: 39.31/105.07
  Frame 142: 39.30/105.24
  Frame 143: 39.28/105.06
  Frame 144: 39.27/105.21
  Frame 145: 39.25/105.05
  Frame 146: 39.21/105.08
  Frame 147: 39.20/104.75
  Frame 148: 39.20/105.10
  Frame 149: 39.18/105.13
  Frame 150: 39.14/105.20
  Frame 151: 39.09/105.43
  Frame 152: 39.08/105.37
  Frame 153: 39.06/105.44
  Frame 154: 39.07/105.40
  Frame 155: 39.04/105.37
  Frame 156: 38.96/106.08
  Frame 157: 38.89/105.24
  Frame 158: 38.83/104.82
  Frame 159: 38.81/104.75
  Frame 160: 38.78/104.86
  Frame 161: 38.75/104.56
  Frame 162: 38.68/104.65
  Frame 163: 38.63/104.77
  Frame 164: 38.56/104.82
  Frame 165: 38.51/104.64
  Frame 166: 38.46/104.79
  Frame 167: 38.36/104.85
  Frame 168: 38.29/105.11
  Frame 169: 38.30/104.63
  Frame 170: 38.24/104.64
  Frame 171: 38.07/105.37
  Frame 172: 37.98/105.50
  Frame 173: 37.88/105.70
  Frame 174: 37.84/105.23
  Frame 175: 37.77/104.76
  Frame 176: 37.69/104.88
  Frame 177: 37.70/104.52
  Frame 178: 37.59/104.81
  Frame 179: 37.48/104.90
  Frame 180: 37.39/104.43
  Frame 181: 37.33/104.09
  Frame 182: 37.23/103.99
  Frame 183: 37.07/104.33
  Frame 184: 36.99/104.12
  Frame 185: 36.84/103.77
  Frame 186: 36.87/102.74
  Frame 187: 36.70/103.03
  Frame 188: 36.56/102.84
  Frame 189: 36.36/102.70
  Frame 190: 36.22/102.46
  Frame 191: 36.06/102.25
  Frame 192: 35.94/101.38
  Frame 193: 35.75/101.39
  Frame 194: 35.57/100.43
  Frame 195: 35.35/100.39
  Frame 196: 35.11/99.64
  Frame 197: 34.89/99.91
  Frame 198: 34.69/99.59
  Frame 199: 34.47/99.09
  Frame 200: 34.22/99.13
  Frame 201: 34.04/98.65
  Frame 202: 33.86/98.03
  Frame 203: 33.65/97.94
  Frame 204: 33.47/97.46
  Frame 205: 33.33/97.30
  Frame 206: 33.18/96.52
  Frame 207: 33.05/96.24
  Frame 208: 32.87/95.63
  Frame 209: 32.69/94.95
  Frame 210: 32.53/94.41
  Frame 211: 32.40/93.87
  Frame 212: 32.26/93.07
  Frame 213: 32.11/92.63
  Frame 214: 31.97/91.63
  Frame 215: 31.85/91.42
  Frame 216: 31.72/90.98
  Frame 217: 31.57/90.38
  Frame 218: 31.43/90.05
  Frame 219: 31.33/89.49
  Frame 220: 31.21/88.98
  Frame 221: 31.19/88.35
  Frame 222: 31.04/88.38
  Frame 223: 31.05/88.24
  Frame 224: 31.02/87.66
  Frame 225: 30.93/86.66
  Frame 226: 30.87/85.76
  Frame 227: 30.89/84.58
  Frame 228: 30.89/84.09
  Frame 229: 30.98/83.28
  Frame 230: 30.93/82.81
  Frame 231: 30.81/82.65
  Frame 232: 30.82/82.25
  Frame 233: 30.83/82.03
  Frame 234: 30.91/81.64
  Frame 235: 30.97/81.30
  Frame 236: 31.04/80.95
  Frame 237: 31.12/80.77
  Frame 238: 31.19/82.05
  Frame 239: 31.26/83.34
  Frame 240: 31.35/84.57
  Frame 241: 31.44/85.49
  Frame 242: 31.51/84.95
  Frame 243: 31.58/86.05
  Frame 244: 31.64/87.15
  Frame 245: 31.72/87.89
  Frame 246: 31.78/88.83
  Frame 247: 31.86/89.55
  Frame 248: 31.92/89.34
  Frame 249: 31.99/89.61
  Frame 250: 32.05/89.66
  Frame 251: 32.08/90.33
  Frame 252: 32.15/90.90
  Frame 253: 32.20/91.41
  Frame 254: 32.29/91.58
  Frame 255: 32.32/92.11
  Frame 256: 32.37/92.33
  Frame 257: 32.41/92.27
  Frame 258: 32.45/92.33
  Frame 259: 32.50/92.78
  Frame 260: 32.57/92.89
  Frame 261: 32.63/92.95
  Frame 262: 32.67/92.98
  Frame 263: 32.23/84.91
  Frame 264: 31.44/78.15
  Frame 265: 31.42/78.06
  Frame 266: 31.35/77.92
  Frame 267: 31.31/77.73
  Frame 268: 31.29/77.57
  Frame 269: 31.30/77.55
  Frame 270: 31.27/77.52
  Frame 271: 31.26/77.48
  Frame 272: 31.23/77.46
  Frame 273: 31.19/77.35
  Frame 274: 31.15/77.23
  Frame 275: 31.11/77.16
  Frame 276: 31.07/77.16
  Frame 277: 31.04/77.16
  Frame 278: 31.01/77.13
  Frame 279: 30.98/77.16
  Frame 280: 30.96/77.27
  Frame 281: 30.91/77.26
  Frame 282: 30.89/77.27
  Frame 283: 30.83/77.40
  Frame 284: 30.80/77.51
  Frame 285: 30.77/77.62
  Frame 286: 30.79/77.63
  Frame 287: 30.71/77.53
  Frame 288: 30.67/77.76
  Frame 289: 30.65/77.86
  Frame 290: 30.64/77.93
  Frame 291: 30.47/77.96
  Frame 292: 30.24/78.03
  Frame 293: 30.01/77.98
  Frame 294: 29.85/78.02
  Frame 295: 29.87/77.82
  Frame 296: 29.79/77.84
  Frame 297: 29.80/77.82
  Frame 298: 29.80/77.67
  Frame 299: 29.80/77.74
  Frame 300: 29.80/77.72
  Frame 301: 29.80/77.82
  Frame 302: 29.80/77.80
  Frame 303: 29.80/77.84
  Frame 304: 29.81/77.86
  Frame 305: 29.82/77.90
  Frame 306: 29.81/78.02
  Frame 307: 29.82/78.09
  Frame 308: 29.82/78.21
  Frame 309: 29.82/78.27
  Frame 310: 29.83/78.28
  Frame 311: 29.83/78.36
  Frame 312: 29.83/78.42
  Frame 313: 29.83/78.50
  Frame 314: 29.83/78.56
  Frame 315: 29.83/78.63
  Frame 316: 29.84/78.58
  Frame 317: 29.84/78.59
  Frame 318: 29.84/78.58
  Frame 319: 29.83/78.55
  Frame 320: 29.82/78.60
  Frame 321: 29.82/78.56
  Frame 322: 29.82/78.50
  Frame 323: 29.81/78.54
  Frame 324: 29.81/78.53
  Frame 325: 29.81/78.49
  Frame 326: 29.80/78.51
  Frame 327: 29.80/78.46
  Frame 328: 29.80/78.44
  Frame 329: 29.79/78.48
  Frame 330: 29.79/78.43
  Frame 331: 29.79/78.39
  Frame 332: 29.78/78.44
  Frame 333: 29.78/78.39
  Frame 334: 29.78/78.38
  Frame 335: 29.78/78.37
  Frame 336: 29.78/78.36
  Frame 337: 29.78/78.37
  Frame 338: 29.78/78.34
  Frame 339: 29.78/78.34
  Frame 340: 29.78/78.34
  Frame 341: 29.78/78.38
  Frame 342: 29.78/78.36
  Frame 343: 29.78/78.30
  Frame 344: 29.78/78.29
  Frame 345: 29.78/78.27
  Frame 346: 29.78/78.28
  Frame 347: 29.78/78.30
  Frame 348: 29.79/78.26
  Frame 349: 29.79/78.29
  Frame 350: 29.79/78.25
  Frame 351: 29.79/78.23
  Frame 352: 29.79/78.23
  Frame 353: 29.79/78.28
  Frame 354: 29.80/78.22
  Frame 355: 29.79/78.29
  Frame 356: 29.79/78.23
  Frame 357: 29.78/78.25
  Frame 358: 29.77/78.23
  Frame 359: 29.77/78.15
  Frame 360: 29.76/78.15
  Frame 361: 29.76/78.16
  Frame 362: 29.74/78.21
  Frame 363: 29.73/78.19
  Frame 364: 29.73/78.04
  Frame 365: 29.72/78.06
  Frame 366: 29.73/78.10
  Frame 367: 29.74/78.11
  Frame 368: 29.74/77.99
  Frame 369: 29.73/77.98
  Frame 370: 29.72/78.03
  Frame 371: 29.70/77.96
  Frame 372: 29.70/77.98
  Frame 373: 29.66/77.97
  Frame 374: 29.64/78.00
  Frame 375: 29.60/78.01
  Frame 376: 29.55/77.97
  Frame 377: 29.52/77.96
  Frame 378: 29.49/77.93
  Frame 379: 29.45/77.88
  Frame 380: 29.42/77.79
  Frame 381: 29.38/77.77
  Frame 382: 29.36/77.74
  Frame 383: 29.34/77.79
  Frame 384: 29.31/77.79
  Frame 385: 29.28/77.76
  Frame 386: 29.28/77.87
  Frame 387: 29.28/77.99
  Frame 388: 29.27/77.89
  Frame 389: 29.24/77.96
  Frame 390: 29.22/77.92
  Frame 391: 29.19/77.95
  Frame 392: 29.14/77.98
  Frame 393: 29.09/78.00
  Frame 394: 29.04/78.03
  Frame 395: 28.97/78.06
  Frame 396: 28.91/78.06
  Frame 397: 28.84/78.12
  Frame 398: 28.78/78.26
  Frame 399: 28.69/78.19
  Frame 400: 28.69/77.99
  Frame 401: 28.64/78.01
  Frame 402: 28.63/78.04
  Frame 403: 28.65/78.26
  Frame 404: 28.67/78.38
  Frame 405: 28.64/78.30
  Frame 406: 28.71/78.39
  Frame 407: 28.74/78.58
  Frame 408: 28.83/78.68
  Frame 409: 28.88/78.70
  Frame 410: 28.91/78.90
  Frame 411: 28.96/78.88
  Frame 412: 29.06/79.07
  Frame 413: 29.13/79.11
  Frame 414: 29.20/79.24
  Frame 415: 29.31/79.16
  Frame 416: 29.42/79.17
  Frame 417: 29.50/79.39
  Frame 418: 29.58/79.89
  Frame 419: 29.73/80.53
  Frame 420: 29.87/81.14
  Frame 421: 30.05/81.22
  Frame 422: 30.17/82.18
  Frame 423: 30.33/83.06
  Frame 424: 30.50/83.88
  Frame 425: 30.70/84.59
  Frame 426: 30.79/85.26
  Frame 427: 30.96/85.72
  Frame 428: 31.13/86.08
  Frame 429: 31.30/86.72
  Frame 430: 31.49/87.56
  Frame 431: 31.68/88.04
  Frame 432: 31.83/88.29
  Frame 433: 32.03/88.86
  Frame 434: 32.23/89.11
  Frame 435: 32.45/89.98
  Frame 436: 32.65/90.37
  Frame 437: 32.84/90.97
  Frame 438: 33.04/91.77
  Frame 439: 33.24/92.14
  Frame 440: 33.38/92.45
  Frame 441: 33.57/92.90
  Frame 442: 33.69/92.77
  Frame 443: 33.86/93.19
  Frame 444: 34.04/93.39
  Frame 445: 34.25/93.97
  Frame 446: 34.41/94.44
  Frame 447: 34.62/94.93
  Frame 448: 34.78/95.57
  Frame 449: 34.96/96.26
  Frame 450: 35.13/96.71
  Frame 451: 35.31/96.92
  Frame 452: 35.48/97.08
  Frame 453: 35.64/97.49
  Frame 454: 35.79/97.77
  Frame 455: 35.94/98.19
  Frame 456: 36.06/97.92
  Frame 457: 36.18/98.27
  Frame 458: 36.28/98.31
  Frame 459: 36.39/98.56
  Frame 460: 36.48/98.83
  Frame 461: 36.54/98.97
  Frame 462: 36.57/99.12
  Frame 463: 36.59/98.99
  Frame 464: 36.61/99.55
  Frame 465: 36.64/99.85
  Frame 466: 36.63/99.76
  Frame 467: 36.60/99.76
  Frame 468: 36.60/99.73
  Frame 469: 36.61/99.71
  Frame 470: 36.62/99.52
  Frame 471: 36.59/99.34
  Frame 472: 36.58/99.15
  Frame 473: 36.56/98.73
  Frame 474: 36.58/99.02
  Frame 475: 36.55/98.65
  Frame 476: 36.54/98.56
  Frame 477: 36.54/98.58
  Frame 478: 36.59/98.57
  Frame 479: 36.63/98.48
  Frame 480: 36.56/98.14
  Frame 481: 36.61/98.02
  Frame 482: 36.65/97.76
  Frame 483: 36.65/97.64
  Frame 484: 36.64/97.24
  Frame 485: 36.63/96.96
  Frame 486: 36.64/96.94
  Frame 487: 36.59/96.68
  Frame 488: 36.59/96.51
  Frame 489: 36.57/97.04
  Frame 490: 36.53/96.95
  Frame 491: 36.52/96.80
  Frame 492: 36.51/96.70
  Frame 493: 36.48/96.84
  Frame 494: 36.55/96.66
  Frame 495: 36.62/97.34
  Frame 496: 36.67/97.58
  Frame 497: 36.64/96.84
  Frame 498: 36.66/97.19
  Frame 499: 36.70/97.33
  Frame 500: 36.74/97.07
  Frame 501: 36.64/97.09
  Frame 502: 36.66/97.05
  Frame 503: 36.50/96.14
  Frame 504: 36.49/96.35
  Frame 505: 36.34/95.10
  Frame 506: 36.27/94.13
  Frame 507: 36.26/93.62
  Frame 508: 36.10/92.83
  Frame 509: 36.09/92.49
  Frame 510: 36.04/92.23
  Frame 511: 35.90/91.69
  Frame 512: 35.80/90.82
  Frame 513: 35.79/90.85
  Frame 514: 35.68/90.54
  Frame 515: 35.66/89.97
  Frame 516: 35.58/89.61
  Frame 517: 35.55/89.33
  Frame 518: 35.51/89.00
  Frame 519: 35.46/88.35
  Frame 520: 35.38/87.90
  Frame 521: 35.32/87.46
  Frame 522: 35.32/87.59
  Frame 523: 35.24/88.42
  Frame 524: 35.16/88.42
  Frame 525: 35.13/89.10
  Frame 526: 35.07/89.25
  Frame 527: 35.04/89.60
  Frame 528: 34.99/90.15
  Frame 529: 34.98/89.79
  Frame 530: 34.96/90.50
  Frame 531: 34.93/90.59
  Frame 532: 34.90/90.91
  Frame 533: 34.87/90.91
  Frame 534: 34.85/91.58
  Frame 535: 34.81/92.28
  Frame 536: 34.78/92.52
  Frame 537: 34.75/92.64
  Frame 538: 34.70/92.79
  Frame 539: 34.67/92.88
  Frame 540: 34.65/93.16
  Frame 541: 34.61/93.28
  Frame 542: 34.57/93.36
  Frame 543: 34.54/93.22
  Frame 544: 34.53/93.63
  Frame 545: 34.48/93.58
  Frame 546: 34.47/94.07
  Frame 547: 34.42/93.86
  Frame 548: 34.40/93.92
  Frame 549: 34.39/93.90
  Frame 550: 34.36/93.84
  Frame 551: 34.34/93.96
  Frame 552: 34.34/94.16
  Frame 553: 34.33/94.04
  Frame 554: 34.30/93.99
  Frame 555: 34.31/93.97
  Frame 556: 34.30/94.23
  Frame 557: 34.28/94.28
  Frame 558: 34.29/94.37
  Frame 559: 34.29/94.55
  Frame 560: 34.28/94.48
  Frame 561: 34.32/94.75
  Frame 562: 34.32/94.81
  Frame 563: 34.31/95.02
  Frame 564: 34.32/95.02
  Frame 565: 34.33/94.60
  Frame 566: 34.34/94.63
  Frame 567: 34.37/94.88
  Frame 568: 34.36/94.94
  Frame 569: 34.34/94.90
  Frame 570: 34.34/94.86
  Frame 571: 34.34/94.79
  Frame 572: 34.39/94.77
  Frame 573: 34.36/94.49
  Frame 574: 34.41/94.56
  Frame 575: 34.39/94.62
  Frame 576: 34.41/94.49
  Frame 577: 34.43/94.55
  Frame 578: 34.44/94.62
  Frame 579: 34.51/94.38
  Frame 580: 34.51/94.33
  Frame 581: 34.53/94.32
  Frame 582: 34.55/94.35
  Frame 583: 34.58/94.27
  Frame 584: 34.59/94.23
  Frame 585: 34.62/94.33
  Frame 586: 34.63/94.25
  Frame 587: 34.64/94.26
  Frame 588: 34.64/94.30
  Frame 589: 34.65/94.26
  Frame 590: 34.63/94.22
  Frame 591: 34.62/94.18
  Frame 592: 34.59/94.19
  Frame 593: 34.58/94.15
  Frame 594: 34.55/94.17
  Frame 595: 34.52/94.16
  Frame 596: 34.49/94.27
  Frame 597: 34.45/94.29
  Frame 598: 34.42/94.37
  Frame 599: 34.40/94.57
  Frame 600: 34.36/94.66
  Frame 601: 34.33/94.70
  Frame 602: 34.31/94.88
  Frame 603: 34.30/95.12
  Frame 604: 34.30/95.53
  Frame 605: 34.28/95.56
  Frame 606: 34.27/95.93
  Frame 607: 34.28/96.00
  Frame 608: 34.27/96.22
  Frame 609: 34.28/96.25
  Frame 610: 34.28/96.46
  Frame 611: 34.29/96.25
  Frame 612: 34.29/96.35
  Frame 613: 34.29/96.36
  Frame 614: 34.30/96.29
  Frame 615: 34.31/96.20
  Frame 616: 34.32/96.07
  Frame 617: 34.34/96.12
  Frame 618: 34.36/96.07
  Frame 619: 34.36/96.28
  Frame 620: 34.35/96.27
  Frame 621: 34.37/95.79
  Frame 622: 34.38/96.08
  Frame 623: 34.39/95.63
  Frame 624: 34.40/95.75
  Frame 625: 34.45/96.00
  Frame 626: 34.46/96.15
  Frame 627: 34.52/96.28
  Frame 628: 34.56/96.05
  Frame 629: 34.59/96.14
  Frame 630: 34.65/96.18
  Frame 631: 34.74/95.71
  Frame 632: 34.76/96.31
  Frame 633: 34.87/95.90
  Frame 634: 34.93/95.66
  Frame 635: 34.99/95.94
  Frame 636: 35.05/95.90
  Frame 637: 35.14/95.76
  Frame 638: 35.19/95.97
  Frame 639: 35.30/96.12
  Frame 640: 35.39/96.45
  Frame 641: 35.47/96.66
  Frame 642: 35.50/96.57
  Frame 643: 35.59/96.51
  Frame 644: 35.68/96.60
  Frame 645: 35.74/96.62
  Frame 646: 35.80/96.37
  Frame 647: 35.87/96.85
  Frame 648: 35.93/96.47
  Frame 649: 36.01/96.62
  Frame 650: 36.11/96.23
  Frame 651: 36.18/96.01
  Frame 652: 36.26/95.79
  Frame 653: 36.38/95.28
  Frame 654: 36.50/95.36
  Frame 655: 36.59/95.28
  Frame 656: 36.67/94.57
  Frame 657: 36.76/94.48
  Frame 658: 36.87/94.52
  Frame 659: 37.02/94.09
  Frame 660: 37.14/93.78
  Frame 661: 37.30/93.50
  Frame 662: 37.45/93.60
  Frame 663: 37.56/94.08
  Frame 664: 37.71/95.10
  Frame 665: 37.89/95.81
  Frame 666: 38.00/96.80
  Frame 667: 38.13/97.88
  Frame 668: 38.33/98.88
  Frame 669: 38.52/99.83
  Frame 670: 38.71/100.73
  Frame 671: 38.91/101.33
  Frame 672: 38.95/102.34
  Frame 673: 39.13/103.06
  Frame 674: 39.25/104.16
  Frame 675: 39.26/104.82
  Frame 676: 39.34/105.86
  Frame 677: 39.44/106.56
  Frame 678: 39.48/107.08
  Frame 679: 39.54/106.92
  Frame 680: 39.64/107.14
  Frame 681: 39.68/107.42
  Frame 682: 39.63/107.78
  Frame 683: 39.57/108.09
  Frame 684: 39.56/108.09
  Frame 685: 39.56/108.00
  Frame 686: 39.54/107.84
  Frame 687: 39.49/107.72
  Frame 688: 39.48/107.61
  Frame 689: 39.43/107.29
  Frame 690: 39.36/107.05
  Frame 691: 39.29/107.25
  Frame 692: 39.24/107.39
  Frame 693: 39.18/107.25
  Frame 694: 39.14/107.22
  Frame 695: 39.09/107.07
  Frame 696: 39.03/107.21
  Frame 697: 39.00/106.94
  Frame 698: 38.96/106.89
  Frame 699: 38.91/106.91
  Frame 700: 38.87/106.79
  Frame 701: 38.81/106.62
  Frame 702: 38.75/106.61
  Frame 703: 38.69/106.72
  Frame 704: 38.61/106.40
  Frame 705: 38.54/106.30
  Frame 706: 38.47/105.99
  Frame 707: 38.41/106.05
  Frame 708: 38.31/105.66
  Frame 709: 38.28/105.47
  Frame 710: 38.21/105.22
  Frame 711: 38.17/104.82
  Frame 712: 38.17/104.11
  Frame 713: 38.14/103.90
  Frame 714: 38.05/103.03
  Frame 715: 37.99/102.36
  Frame 716: 37.95/101.61
  Frame 717: 37.83/100.93
  Frame 718: 37.66/100.20
  Frame 719: 37.57/99.34
  Frame 720: 37.45/98.74
  Frame 721: 37.33/98.47
  Frame 722: 37.16/96.75
  Frame 723: 36.96/96.18
  Frame 724: 36.81/95.61
  Frame 725: 36.70/95.20
  Frame 726: 36.63/94.13
  Frame 727: 36.53/93.18
  Frame 728: 36.35/92.52
  Frame 729: 36.31/91.90
  Frame 730: 36.19/91.28
  Frame 731: 36.07/90.51
  Frame 732: 35.98/91.05
  Frame 733: 35.94/91.51
  Frame 734: 35.81/92.17
  Frame 735: 35.73/92.75
  Frame 736: 35.63/92.92
  Frame 737: 35.54/93.31
  Frame 738: 35.44/93.86
  Frame 739: 35.41/93.50
  Frame 740: 35.29/93.96
  Frame 741: 35.24/93.86
  Frame 742: 35.19/94.25
  Frame 743: 35.13/94.54
  Frame 744: 35.05/94.05
  Frame 745: 34.99/94.52
  Frame 746: 34.92/94.74
  Frame 747: 34.88/94.53
  Frame 748: 34.81/95.09
  Frame 749: 34.76/95.30
  Frame 750: 34.69/95.40
  Frame 751: 34.66/95.63
  Frame 752: 34.61/95.90
  Frame 753: 34.56/95.59
  Frame 754: 34.52/95.82
  Frame 755: 34.50/96.22
  Frame 756: 34.47/96.11
  Frame 757: 34.47/96.48
  Frame 758: 34.45/97.01
  Frame 759: 34.45/96.82
  Frame 760: 34.42/96.79
  Frame 761: 34.41/97.02
  Frame 762: 34.39/97.13
  Frame 763: 34.38/97.33
  Frame 764: 34.36/97.04
  Frame 765: 34.35/96.81
  Frame 766: 34.33/97.05
  Frame 767: 34.36/97.31
  Frame 768: 34.34/97.40
  Frame 769: 34.31/97.54
  Frame 770: 34.31/97.48
  Frame 771: 34.30/97.58
  Frame 772: 34.30/97.62
  Frame 773: 34.32/97.70
  Frame 774: 34.32/97.72
  Frame 775: 34.32/97.88
  Frame 776: 34.34/97.80
  Frame 777: 34.34/97.99
  Frame 778: 34.33/97.79
  Frame 779: 34.34/97.88
  Frame 780: 34.33/97.93
  Frame 781: 34.32/97.74
  Frame 782: 34.35/97.74
  Frame 783: 34.35/97.29
  Frame 784: 34.38/97.59
  Frame 785: 34.39/97.37
  Frame 786: 34.42/97.18
  Frame 787: 34.41/97.08
  Frame 788: 34.45/96.96
  Frame 789: 34.48/96.88
  Frame 790: 34.51/96.86
  Frame 791: 34.52/97.14
  Frame 792: 34.52/96.65
  Frame 793: 34.54/96.67
  Frame 794: 34.53/96.39
  Frame 795: 34.53/96.24
  Frame 796: 34.52/96.08
  Frame 797: 34.55/96.24
  Frame 798: 34.63/96.25
  Frame 799: 34.77/96.22
  Frame 800: 34.99/96.12
  Frame 801: 35.26/95.94
  Frame 802: 35.52/95.83
  Frame 803: 35.76/95.76
  Frame 804: 35.95/95.88
  Frame 805: 36.04/95.85
  Frame 806: 36.02/95.96
  Frame 807: 35.92/96.07
  Frame 808: 35.73/96.02
  Frame 809: 35.49/95.96
  Frame 810: 35.20/96.10
  Frame 811: 34.95/96.20
  Frame 812: 34.76/96.12
  Frame 813: 34.62/96.07
  Frame 814: 34.55/96.04
  Frame 815: 34.52/96.22
  Frame 816: 34.50/96.08
  Frame 817: 34.49/96.25
  Frame 818: 34.48/96.19
  Frame 819: 34.45/96.27
  Frame 820: 34.43/96.30
  Frame 821: 34.36/96.32
  Frame 822: 34.33/96.36
  Frame 823: 34.30/96.40
  Frame 824: 34.30/96.95
  Frame 825: 34.29/97.30
  Frame 826: 34.25/97.33
  Frame 827: 34.23/97.29
  Frame 828: 34.21/97.54
  Frame 829: 34.21/97.45
  Frame 830: 34.22/97.61
  Frame 831: 34.20/97.64
  Frame 832: 34.20/97.63
  Frame 833: 34.21/97.98
  Frame 834: 34.19/97.94
  Frame 835: 34.19/98.09
  Frame 836: 34.21/97.98
  Frame 837: 34.22/97.90
  Frame 838: 34.23/98.03
  Frame 839: 34.22/98.33
  Frame 840: 34.24/98.33
  Frame 841: 34.24/98.49
  Frame 842: 34.24/98.69
  Frame 843: 34.26/98.83
  Frame 844: 34.28/98.97
  Frame 845: 34.30/99.10
  Frame 846: 34.31/98.86
  Frame 847: 34.32/98.75
  Frame 848: 34.36/98.64
  Frame 849: 34.36/98.68
  Frame 850: 34.38/98.51
  Frame 851: 34.43/98.33
  Frame 852: 34.46/98.22
  Frame 853: 34.45/98.34
  Frame 854: 34.51/98.24
  Frame 855: 34.53/98.64
  Frame 856: 34.56/98.20
  Frame 857: 34.61/98.10
  Frame 858: 34.65/97.97
  Frame 859: 34.70/97.53
  Frame 860: 34.78/97.60
  Frame 861: 34.81/97.52
  Frame 862: 34.88/97.51
  Frame 863: 34.94/97.17
  Frame 864: 35.00/97.92
  Frame 865: 35.08/98.71
  Frame 866: 35.13/98.65
  Frame 867: 35.20/98.01
  Frame 868: 35.28/97.58
  Frame 869: 35.35/97.25
  Frame 870: 35.40/97.55
  Frame 871: 35.51/97.27
  Frame 872: 35.57/97.28
  Frame 873: 35.62/97.26
  Frame 874: 35.71/96.95
  Frame 875: 35.76/96.92
  Frame 876: 35.84/97.60
  Frame 877: 35.91/97.64
  Frame 878: 36.01/96.57
  Frame 879: 36.11/95.77
  Frame 880: 36.21/95.14
  Frame 881: 36.25/95.17
  Frame 882: 36.38/94.61
  Frame 883: 36.42/94.81
  Frame 884: 36.48/93.57
  Frame 885: 36.53/93.46
  Frame 886: 36.58/93.29
  Frame 887: 36.60/93.48
  Frame 888: 36.67/94.38
  Frame 889: 36.70/94.82
  Frame 890: 36.76/95.06
  Frame 891: 36.78/95.67
  Frame 892: 36.84/96.42
  Frame 893: 36.83/96.41
  Frame 894: 36.86/96.64
  Frame 895: 36.87/97.51
  Frame 896: 36.97/98.00
  Frame 897: 37.07/98.63
  Frame 898: 37.10/99.23
  Frame 899: 37.11/99.96
  Frame 900: 37.16/100.53
  Frame 901: 37.16/101.02
  Frame 902: 37.28/101.14
  Frame 903: 37.28/101.46
  Frame 904: 37.31/101.13
  Frame 905: 37.37/101.54
  Frame 906: 37.45/101.75
  Frame 907: 37.52/101.38
  Frame 908: 37.39/101.29
  Frame 909: 37.34/101.22
  Frame 910: 37.38/100.91
  Frame 911: 37.31/100.74
  Frame 912: 37.26/100.56
  Frame 913: 37.22/99.90
  Frame 914: 37.16/99.74
  Frame 915: 37.10/99.37
  Frame 916: 37.10/98.96
  Frame 917: 37.02/98.55
  Frame 918: 36.92/97.81
  Frame 919: 36.91/97.39
  Frame 920: 36.89/97.32
  Frame 921: 36.85/97.67
  Frame 922: 36.79/98.06
  Frame 923: 36.65/97.76
  Frame 924: 36.60/97.53
  Frame 925: 36.58/97.45
  Frame 926: 36.52/97.34
  Frame 927: 36.48/97.44
  Frame 928: 36.42/97.10
  Frame 929: 36.28/96.76
  Frame 930: 36.22/97.24
  Frame 931: 36.10/96.75
  Frame 932: 36.04/96.38
  Frame 933: 35.88/95.63
  Frame 934: 35.67/95.72
  Frame 935: 35.57/95.08
  Frame 936: 35.48/94.80
  Frame 937: 35.36/94.68
  Frame 938: 35.16/94.14
  Frame 939: 35.05/93.94
  Frame 940: 34.94/93.71
  Frame 941: 34.89/93.88
  Frame 942: 34.83/93.43
  Frame 943: 34.73/93.06
  Frame 944: 34.58/92.88
  Frame 945: 34.53/92.94
  Frame 946: 34.41/92.70
  Frame 947: 34.25/92.64
  Frame 948: 34.15/92.23
  Frame 949: 34.02/91.78
  Frame 950: 33.89/91.27
  Frame 951: 33.73/91.15
  Frame 952: 33.59/90.70
  Frame 953: 33.42/90.32
  Frame 954: 33.21/89.72
  Frame 955: 33.01/89.08
  Frame 956: 32.83/88.53
  Frame 957: 32.64/88.12
  Frame 958: 32.48/87.91
  Frame 959: 32.28/87.20
  Frame 960: 32.11/86.64
  Frame 961: 31.96/86.19
  Frame 962: 31.75/86.02
  Frame 963: 31.55/85.03
  Frame 964: 31.38/84.78
  Frame 965: 31.25/83.98
  Frame 966: 31.11/83.76
  Frame 967: 31.00/84.03
  Frame 968: 30.86/83.15
  Frame 969: 30.78/82.47
  Frame 970: 30.71/81.79
  Frame 971: 30.63/81.20
  Frame 972: 30.56/80.60
  Frame 973: 30.52/80.01
  Frame 974: 30.16/80.04
  Frame 975: 29.82/79.83
  Frame 976: 29.71/79.32
  Frame 977: 29.62/79.32
  Frame 978: 29.52/79.11
  Frame 979: 29.44/79.13
  Frame 980: 29.37/79.08
  Frame 981: 29.31/78.97
  Frame 982: 29.23/78.96
  Frame 983: 29.19/79.00
  Frame 984: 29.14/78.94
  Frame 985: 29.08/78.86
  Frame 986: 29.02/79.08
  Frame 987: 29.00/78.92
  Frame 988: 29.00/78.69
  Frame 989: 28.97/78.70
  Frame 990: 28.97/78.69
  Frame 991: 28.93/78.61
  Frame 992: 28.92/78.56
  Frame 993: 28.91/78.50
  Frame 994: 28.91/78.49
  Frame 995: 28.91/78.43
  Frame 996: 28.92/78.35
  Frame 997: 28.95/78.28
  Frame 998: 28.96/78.20
  Frame 999: 28.96/78.13
  Frame 1000: 28.99/78.04
  Frame 1001: 29.03/77.95
  Frame 1002: 29.03/77.97
  Frame 1003: 29.07/77.90
  Frame 1004: 29.10/77.85
  Frame 1005: 29.12/77.75
  Frame 1006: 29.17/77.75
  Frame 1007: 29.21/77.68
  Frame 1008: 29.25/77.75
  Frame 1009: 29.30/77.72
  Frame 1010: 29.31/77.72
  Frame 1011: 29.36/77.74
  Frame 1012: 29.38/77.71
  Frame 1013: 29.43/77.76
  Frame 1014: 29.48/77.83
  Frame 1015: 29.51/77.84
  Frame 1016: 29.54/77.82
  Frame 1017: 29.58/77.91
  Frame 1018: 29.60/77.92
  Frame 1019: 29.63/77.97
  Frame 1020: 29.69/78.02
  Frame 1021: 29.70/78.02
  Frame 1022: 29.70/78.08
  Frame 1023: 29.73/78.15
  Frame 1024: 29.76/78.15
  Frame 1025: 29.78/78.15
  Frame 1026: 29.80/78.17
  Frame 1027: 29.81/78.21
  Frame 1028: 29.83/78.20
  Frame 1029: 29.84/78.21
  Frame 1030: 29.85/78.26
  Frame 1031: 29.85/78.22
  Frame 1032: 29.84/78.33
  Frame 1033: 29.85/78.31
  Frame 1034: 29.85/78.24
  Frame 1035: 29.85/78.20
  Frame 1036: 29.86/78.19
  Frame 1037: 29.86/78.22
  Frame 1038: 29.85/78.25
  Frame 1039: 29.85/78.21
  Frame 1040: 29.85/78.23
  Frame 1041: 29.84/78.24
  Frame 1042: 29.84/78.23
  Frame 1043: 29.83/78.15
  Frame 1044: 29.82/78.16
  Frame 1045: 29.81/78.10
  Frame 1046: 29.80/78.11
  Frame 1047: 29.78/78.11
  Frame 1048: 29.78/78.11
  Frame 1049: 29.77/78.13
  Frame 1050: 29.77/78.12
  Frame 1051: 29.76/78.15
  Frame 1052: 29.76/78.12
  Frame 1053: 29.76/78.16
  Frame 1054: 29.76/78.17
  Frame 1055: 29.75/78.21
  Frame 1056: 29.76/78.24
  Frame 1057: 29.76/78.26
  Frame 1058: 29.77/78.24
  Frame 1059: 29.77/78.24
  Frame 1060: 29.78/78.24
  Frame 1061: 29.78/78.28
  Frame 1062: 29.78/78.25
  Frame 1063: 29.78/78.28
  Frame 1064: 29.78/78.30
  Frame 1065: 29.78/78.30
  Frame 1066: 29.78/78.32
  Frame 1067: 29.77/78.31
  Frame 1068: 29.78/78.29
  Frame 1069: 29.77/78.30
  Frame 1070: 29.77/78.31
  Frame 1071: 29.78/78.30
  Frame 1072: 29.77/78.29
  Frame 1073: 29.78/78.30
  Frame 1074: 29.77/78.32
  Frame 1075: 29.78/78.29
  Frame 1076: 29.77/78.33
  Frame 1077: 29.78/78.33
  Frame 1078: 29.78/78.33
  Frame 1079: 29.78/78.34
  Frame 1080: 29.78/78.33
  Frame 1081: 29.79/78.32
  Frame 1082: 29.79/78.32
  Frame 1083: 29.80/78.32
  Frame 1084: 29.80/78.34
  Frame 1085: 29.80/78.31
  Frame 1086: 29.80/78.26
  Frame 1087: 29.80/78.31
  Frame 1088: 29.81/78.24
  Frame 1089: 29.81/78.27
  Frame 1090: 29.81/78.29
  Frame 1091: 29.81/78.27
  Frame 1092: 29.82/78.24
  Frame 1093: 29.82/78.25
  Frame 1094: 29.82/78.27
  Frame 1095: 29.83/78.25
  Frame 1096: 29.83/78.22
  Frame 1097: 29.83/78.20
  Frame 1098: 29.83/78.17
  Frame 1099: 29.82/78.15
  Frame 1100: 29.82/78.13
  Frame 1101: 29.82/78.13
  Frame 1102: 29.82/78.11
  Frame 1103: 29.81/78.11
  Frame 1104: 29.81/78.11
  Frame 1105: 29.81/78.12
  Frame 1106: 29.80/78.16
  Frame 1107: 29.80/78.16
  Frame 1108: 29.80/78.17
  Frame 1109: 29.80/78.14
  Frame 1110: 29.80/78.14
  Frame 1111: 29.80/78.17
  Frame 1112: 29.80/78.18
  Frame 1113: 29.81/78.19
  Frame 1114: 29.80/78.25
  Frame 1115: 29.81/78.25
  Frame 1116: 29.81/78.28
  Frame 1117: 29.81/78.30
  Frame 1118: 29.81/78.28
  Frame 1119: 29.81/78.29
  Frame 1120: 29.81/78.32
  Frame 1121: 29.81/78.33
  Frame 1122: 29.81/78.33
  Frame 1123: 29.81/78.34
  Frame 1124: 29.81/78.34
  Frame 1125: 29.81/78.35
  Frame 1126: 29.81/78.37
  Frame 1127: 29.81/78.35
  Frame 1128: 29.81/78.32
  Frame 1129: 29.81/78.32
  Frame 1130: 29.81/78.38
  Frame 1131: 29.81/78.37
  Frame 1132: 29.81/78.37
  Frame 1133: 29.81/78.37
  Frame 1134: 29.81/78.34
  Frame 1135: 29.81/78.37
  Frame 1136: 29.81/78.36
  Frame 1137: 29.81/78.34
  Frame 1138: 29.81/78.31
  Frame 1139: 29.81/78.33
  Frame 1140: 29.81/78.32
  Frame 1141: 29.81/78.30
  Frame 1142: 29.81/78.30
  Frame 1143: 29.80/78.30
  Frame 1144: 29.80/78.31
  Frame 1145: 29.79/78.27
  Frame 1146: 29.79/78.27
  Frame 1147: 29.79/78.28
  Frame 1148: 29.78/78.26
  Frame 1149: 29.77/78.26
  Frame 1150: 29.77/78.24
  Frame 1151: 29.77/78.22
  Frame 1152: 29.76/78.26
  Frame 1153: 29.76/78.24
  Frame 1154: 29.77/78.19
  Frame 1155: 29.76/78.16
  Frame 1156: 29.76/78.15
  Frame 1157: 29.76/78.16
  Frame 1158: 29.76/78.13
  Frame 1159: 29.76/78.08
  Frame 1160: 29.76/78.10
  Frame 1161: 29.76/78.06
  Frame 1162: 29.76/78.05
  Frame 1163: 29.75/78.01
  Frame 1164: 29.75/78.01
  Frame 1165: 29.75/78.00
  Frame 1166: 29.75/78.01
  Frame 1167: 29.74/78.01
  Frame 1168: 29.74/77.97
  Frame 1169: 29.73/78.03
  Frame 1170: 29.72/78.04
  Frame 1171: 29.71/78.02
  Frame 1172: 29.71/78.04
  Frame 1173: 29.70/78.04
  Frame 1174: 29.70/78.03
  Frame 1175: 29.69/78.08
  Frame 1176: 29.68/78.04
  Frame 1177: 29.68/78.11
  Frame 1178: 29.67/78.12
  Frame 1179: 29.66/78.16
  Frame 1180: 29.64/78.14
  Frame 1181: 29.62/78.16
  Frame 1182: 29.61/78.22
  Frame 1183: 29.59/78.22
  Frame 1184: 29.58/78.22
  Frame 1185: 29.55/78.27
  Frame 1186: 29.53/78.26
  Frame 1187: 29.51/78.27
  Frame 1188: 29.48/78.29
  Frame 1189: 29.44/78.22
  Frame 1190: 29.42/78.23
  Frame 1191: 29.41/78.31
  Frame 1192: 29.37/78.28
  Frame 1193: 29.37/78.36
  Frame 1194: 29.34/78.34
  Frame 1195: 29.32/78.32
  Frame 1196: 29.28/78.24
  Frame 1197: 29.25/78.19
  Frame 1198: 29.22/78.21
  Frame 1199: 29.18/78.20
  Frame 1200: 29.16/78.21
  Frame 1201: 29.10/78.16
  Frame 1202: 29.09/78.22
  Frame 1203: 29.04/78.24
  Frame 1204: 29.01/78.20
  Frame 1205: 29.01/78.31
  Frame 1206: 28.98/78.27
  Frame 1207: 28.95/78.25
  Frame 1208: 28.93/78.30
  Frame 1209: 28.91/78.33
  Frame 1210: 28.90/78.31
  Frame 1211: 28.88/78.38
  Frame 1212: 28.88/78.44
  Frame 1213: 28.87/78.45
  Frame 1214: 28.91/78.51
  Frame 1215: 28.88/78.50
  Frame 1216: 28.87/78.53
  Frame 1217: 28.88/78.64
  Frame 1218: 28.88/78.62
  Frame 1219: 28.89/78.72
  Frame 1220: 28.89/78.81
  Frame 1221: 28.90/78.86
  Frame 1222: 28.92/78.92
  Frame 1223: 28.95/79.00
  Frame 1224: 28.98/79.20
  Frame 1225: 29.02/79.27
  Frame 1226: 29.10/79.36
  Frame 1227: 29.17/79.51
  Frame 1228: 29.25/79.70
  Frame 1229: 29.35/79.77
  Frame 1230: 29.46/80.01
  Frame 1231: 29.57/80.77
  Frame 1232: 29.71/81.72
  Frame 1233: 29.87/82.42
  Frame 1234: 29.99/82.95
  Frame 1235: 30.17/83.69
  Frame 1236: 30.30/84.23
  Frame 1237: 30.50/85.19
  Frame 1238: 30.68/85.75
  Frame 1239: 30.87/86.58
  Frame 1240: 31.01/86.74
  Frame 1241: 31.13/87.44
  Frame 1242: 31.32/87.67
  Frame 1243: 31.45/88.34
  Frame 1244: 31.64/89.38
  Frame 1245: 31.81/89.74
  Frame 1246: 31.97/90.03
  Frame 1247: 32.06/90.08
  Frame 1248: 32.27/90.75
  Frame 1249: 32.42/91.05
  Frame 1250: 32.61/91.45
  Frame 1251: 32.79/92.00
  Frame 1252: 33.01/93.00
  Frame 1253: 33.17/93.32
  Frame 1254: 33.32/93.41
  Frame 1255: 33.43/93.63
  Frame 1256: 33.56/93.76
  Frame 1257: 33.70/94.04
  Frame 1258: 33.84/94.40
  Frame 1259: 33.97/94.27
  Frame 1260: 34.07/94.74
  Frame 1261: 34.18/95.02
  Frame 1262: 34.32/94.88
  Frame 1263: 34.43/95.58
  Frame 1264: 34.49/95.21
  Frame 1265: 34.49/96.22
  Frame 1266: 34.53/95.59
  Frame 1267: 34.59/96.00
  Frame 1268: 34.64/96.45
  Frame 1269: 34.71/96.74
  Frame 1270: 34.79/96.89
  Frame 1271: 34.86/97.28
  Frame 1272: 34.93/97.43
  Frame 1273: 34.99/97.79
  Frame 1274: 35.06/97.80
  Frame 1275: 35.09/97.63
  Frame 1276: 35.16/98.05
  Frame 1277: 35.20/98.29
  Frame 1278: 35.24/98.35
  Frame 1279: 35.24/98.40
  Frame 1280: 35.26/98.70
  Frame 1281: 35.26/98.70
  Frame 1282: 35.32/98.80
  Frame 1283: 35.34/99.02
  Frame 1284: 35.37/98.65
  Frame 1285: 35.35/99.13
  Frame 1286: 35.36/99.80
  Frame 1287: 35.39/100.33
  Frame 1288: 35.44/100.63
  Frame 1289: 35.47/101.50
  Frame 1290: 35.55/101.78
  Frame 1291: 35.58/102.10
  Frame 1292: 35.61/102.70
  Frame 1293: 35.60/102.96
  Frame 1294: 35.63/103.59
  Frame 1295: 35.63/104.44
  Frame 1296: 35.64/104.60
  Frame 1297: 35.65/104.95
  Frame 1298: 35.62/105.64
  Frame 1299: 35.62/105.54
  Frame 1300: 35.61/105.97
  Frame 1301: 35.58/106.73
  Frame 1302: 35.55/106.49
  Frame 1303: 35.52/106.64
  Frame 1304: 35.52/107.04
  Frame 1305: 35.52/107.37
  Frame 1306: 35.54/107.28
  Frame 1307: 35.54/107.74
  Frame 1308: 35.54/107.60
  Frame 1309: 35.51/107.77
  Frame 1310: 35.52/108.17
  Frame 1311: 35.54/108.08
  Frame 1312: 35.57/108.22
  Frame 1313: 35.60/108.09
  Frame 1314: 35.60/108.15
  Frame 1315: 35.61/108.25
  Frame 1316: 35.45/107.79
  Frame 1317: 35.46/107.54
  Frame 1318: 35.49/107.39
  Frame 1319: 35.49/107.52
  Frame 1320: 35.51/107.60
  Frame 1321: 35.51/107.58
  Frame 1322: 35.49/107.26
  Frame 1323: 35.50/107.41
  Frame 1324: 35.51/107.34
  Frame 1325: 35.52/107.19
  Frame 1326: 35.52/107.22
  Frame 1327: 35.52/107.17
  Frame 1328: 35.52/107.31
  Frame 1329: 35.52/107.35
  Frame 1330: 35.51/107.17
  Frame 1331: 35.48/107.27
  Frame 1332: 35.50/107.17
  Frame 1333: 35.49/107.18
  Frame 1334: 35.50/107.14
  Frame 1335: 35.51/107.16
  Frame 1336: 35.52/107.18
  Frame 1337: 35.53/107.17
  Frame 1338: 35.53/107.20
  Frame 1339: 35.54/107.12
  Frame 1340: 35.54/107.17
  Frame 1341: 35.55/107.06
  Frame 1342: 35.55/107.01
  Frame 1343: 35.55/107.10
  Frame 1344: 35.55/107.03
  Frame 1345: 35.55/107.09
  Frame 1346: 35.56/107.10
  Frame 1347: 35.56/107.04
  Frame 1348: 35.57/107.07
  Frame 1349: 35.57/107.04
  Frame 1350: 35.57/107.07
  Frame 1351: 35.57/106.97
  Frame 1352: 35.58/107.02
  Frame 1353: 35.58/107.03
  Frame 1354: 35.59/107.04
  Frame 1355: 35.59/106.97
  Frame 1356: 35.60/107.03
  Frame 1357: 35.60/106.98
  Frame 1358: 35.60/107.03
  Frame 1359: 35.61/106.83
  Frame 1360: 35.60/106.90
  Frame 1361: 35.61/106.92
  Frame 1362: 35.60/106.94
  Frame 1363: 35.60/106.95
  Frame 1364: 35.60/106.98
  Frame 1365: 35.60/106.98
  Frame 1366: 35.58/106.95
  Frame 1367: 35.57/106.98
  Frame 1368: 35.57/107.03
  Frame 1369: 35.57/107.06
  Frame 1370: 35.57/107.04
  Frame 1371: 35.57/106.94
  Frame 1372: 35.56/107.03
  Frame 1373: 35.56/107.02
  Frame 1374: 35.56/107.05
  Frame 1375: 35.57/107.05
  Frame 1376: 35.57/107.05
  Frame 1377: 35.57/107.09
  Frame 1378: 35.56/106.92
  Frame 1379: 35.57/106.90
  Frame 1380: 35.57/106.89
  Frame 1381: 35.57/106.96
  Frame 1382: 35.57/106.93
  Frame 1383: 35.57/106.94
  Frame 1384: 35.58/106.94
  Frame 1385: 35.57/106.93
  Frame 1386: 35.58/106.91
  Frame 1387: 35.57/106.95
  Frame 1388: 35.58/106.86
  Frame 1389: 35.58/106.86
  Frame 1390: 35.58/106.87
  Frame 1391: 35.58/106.89
  Frame 1392: 35.58/106.90
  Frame 1393: 35.58/106.90
  Frame 1394: 35.59/106.87
  Frame 1395: 35.59/106.88
  Frame 1396: 35.59/106.88
  Frame 1397: 35.59/106.85

The following line contains the information from above in a machine-readable format and can safely be ignored.
MMT/convert_db:{"subject_conversion_error": [[40.441, 105.702], [40.4494, 105.527], [40.4274, 105.354], [40.3881, 105.296], [40.3321, 104.909], [40.3243, 104.807], [40.2961, 104.834], [40.2703, 104.807], [40.2415, 104.712], [40.2123, 104.656], [40.1846, 104.579], [40.1705, 104.512], [40.1617, 104.427], [40.1571, 104.289], [40.1489, 104.204], [40.1292, 104.349], [40.1149, 104.241], [40.1073, 104.242], [40.0869, 104.317], [40.0713, 104.267], [40.0718, 104.231], [40.061, 104.173], [40.0556, 104.166], [40.0384, 104.196], [40.0366, 104.261], [40.0209, 104.217], [40.0108, 104.164], [39.9908, 104.141], [39.9886, 104.029], [39.9804, 104.039], [39.9713, 104.039], [39.9666, 104.074], [39.9562, 104.058], [39.9554, 104.011], [39.9497, 103.961], [39.9441, 103.876], [39.9286, 103.841], [39.9159, 103.836], [39.9176, 103.839], [39.913, 103.813], [39.8887, 103.887], [39.8736, 103.856], [39.8695, 103.83], [39.8632, 103.833], [39.8603, 103.789], [39.8503, 103.797], [39.834, 103.849], [39.8267, 103.816], [39.822, 103.847], [39.8237, 103.793], [39.8108, 103.77], [39.7923, 103.864], [39.7947, 103.838], [39.7784, 103.89], [39.78, 103.884], [39.7757, 103.858], [39.7682, 103.813], [39.7636, 103.75], [39.756, 103.786], [39.7462, 103.834], [39.7434, 103.83], [39.7317, 103.847], [39.7306, 103.785], [39.7199, 103.824], [39.7267, 103.786], [39.7232, 103.743], [39.7246, 103.713], [39.7247, 103.686], [39.7129, 103.768], [39.7177, 103.756], [39.7086, 103.729], [39.7148, 103.696], [39.7148, 103.687], [39.7114, 103.69], [39.7107, 103.659], [39.7095, 103.602], [39.7021, 103.567], [39.6989, 103.557], [39.6938, 103.546], [39.6897, 103.454], [39.6849, 103.44], [39.6833, 103.438], [39.6564, 103.489], [39.6585, 103.513], [39.6496, 103.484], [39.645, 103.515], [39.6347, 103.586], [39.622, 103.656], [39.6285, 103.599], [39.6214, 103.616], [39.6248, 103.667], [39.6245, 103.734], [39.6151, 103.728], [39.6185, 103.74], [39.6116, 103.721], [39.6062, 103.704], [39.5996, 103.68], [39.5954, 103.702], [39.5897, 103.725], [39.5839, 103.788], [39.5755, 103.83], [39.5672, 103.834], [39.5699, 103.783], [39.5656, 103.836], [39.5657, 103.86], [39.5521, 103.891], [39.5499, 103.931], [39.557, 103.908], [39.5516, 103.96], [39.5442, 104.033], [39.5468, 104.024], [39.5514, 104.052], [39.5549, 104.022], [39.5494, 104.078], [39.5395, 104.267], [39.5544, 104.218], [39.5429, 104.385], [39.5305, 104.517], [39.5435, 104.573], [39.5341, 104.679], [39.5328, 104.766], [39.5142, 104.909], [39.4918, 104.947], [39.4881, 104.915], [39.4883, 104.951], [39.4879, 105.043], [39.4796, 105.057], [39.4693, 104.992], [39.4707, 105.023], [39.4602, 105.154], [39.4581, 105.297], [39.445, 105.296], [39.4356, 105.354], [39.4293, 105.336], [39.427, 105.335], [39.4184, 105.306], [39.4113, 105.342], [39.3956, 105.377], [39.3694, 105.263], [39.3597, 105.293], [39.3519, 105.268], [39.3081, 105.069], [39.3037, 105.24], [39.2816, 105.061], [39.2683, 105.21], [39.2477, 105.047], [39.2128, 105.078], [39.1968, 104.748], [39.1981, 105.103], [39.1841, 105.133], [39.1434, 105.201], [39.0879, 105.43], [39.081, 105.369], [39.0612, 105.439], [39.0727, 105.396], [39.0404, 105.366], [38.9618, 106.084], [38.8877, 105.243], [38.8346, 104.822], [38.8074, 104.749], [38.7818, 104.864], [38.7503, 104.561], [38.6825, 104.652], [38.6252, 104.772], [38.5624, 104.819], [38.5084, 104.635], [38.4644, 104.788], [38.3616, 104.848], [38.2927, 105.107], [38.295, 104.628], [38.2366, 104.635], [38.0671, 105.366], [37.9849, 105.498], [37.8824, 105.702], [37.8351, 105.232], [37.7653, 104.761], [37.6916, 104.884], [37.7015, 104.523], [37.593, 104.805], [37.4778, 104.9], [37.3896, 104.433], [37.3268, 104.094], [37.2256, 103.994], [37.0741, 104.335], [36.9852, 104.123], [36.8441, 103.768], [36.8679, 102.737], [36.6962, 103.03], [36.5551, 102.844], [36.3629, 102.698], [36.2214, 102.463], [36.0587, 102.248], [35.9382, 101.384], [35.7488, 101.393], [35.5703, 100.433], [35.3525, 100.395], [35.1142, 99.6374], [34.8927, 99.9083], [34.6903, 99.5853], [34.4733, 99.0947], [34.2168, 99.1327], [34.0351, 98.6516], [33.8635, 98.0329], [33.6536, 97.9396], [33.4728, 97.4609], [33.3254, 97.3028], [33.1791, 96.5194], [33.0538, 96.2404], [32.8697, 95.6327], [32.6874, 94.9488], [32.532, 94.4078], [32.4009, 93.8686], [32.2637, 93.072], [32.1086, 92.6296], [31.971, 91.629], [31.8515, 91.4208], [31.7233, 90.9785], [31.5704, 90.3826], [31.4299, 90.0504], [31.3305, 89.4936], [31.2055, 88.979], [31.1854, 88.3541], [31.0441, 88.3821], [31.0485, 88.2412], [31.0195, 87.6575], [30.932, 86.6649], [30.8696, 85.7622], [30.8885, 84.5769], [30.8871, 84.0947], [30.9794, 83.2768], [30.9336, 82.8118], [30.8057, 82.6486], [30.824, 82.2538], [30.8327, 82.0279], [30.9102, 81.6445], [30.9698, 81.3048], [31.0413, 80.9469], [31.1191, 80.7667], [31.1868, 82.0536], [31.2641, 83.3384], [31.3546, 84.5743], [31.4392, 85.4904], [31.5113, 84.9502], [31.5819, 86.0456], [31.6442, 87.1485], [31.7237, 87.8947], [31.7763, 88.8303], [31.8634, 89.5543], [31.9245, 89.3411], [31.9887, 89.6142], [32.0498, 89.6577], [32.0781, 90.3274], [32.1466, 90.9035], [32.2011, 91.409], [32.2942, 91.5771], [32.318, 92.109], [32.3686, 92.329], [32.4086, 92.2718], [32.4547, 92.3308], [32.5014, 92.785], [32.5666, 92.8929], [32.628, 92.9499], [32.6695, 92.9788], [32.23, 84.9051], [31.4384, 78.1532], [31.424, 78.0568], [31.3541, 77.9193], [31.313, 77.7345], [31.2925, 77.5682], [31.2951, 77.5543], [31.2723, 77.5238], [31.2583, 77.4842], [31.2281, 77.4572], [31.1938, 77.3507], [31.1484, 77.2309], [31.1104, 77.1563], [31.065, 77.1648], [31.038, 77.1648], [31.0105, 77.1277], [30.9802, 77.164], [30.9598, 77.2708], [30.907, 77.2558], [30.8903, 77.2686], [30.8296, 77.4006], [30.7994, 77.5137], [30.7715, 77.6159], [30.7856, 77.6302], [30.7126, 77.5318], [30.6723, 77.7617], [30.6515, 77.8592], [30.6406, 77.9323], [30.4734, 77.9575], [30.2404, 78.0258], [30.0051, 77.9805], [29.8463, 78.018], [29.8661, 77.8177], [29.7945, 77.8398], [29.8003, 77.8201], [29.7977, 77.6693], [29.8039, 77.7359], [29.7968, 77.7202], [29.7975, 77.8171], [29.7979, 77.8022], [29.7961, 77.8438], [29.8102, 77.8645], [29.8196, 77.8956], [29.8143, 78.0198], [29.8206, 78.0903], [29.8188, 78.2068], [29.8168, 78.2678], [29.8314, 78.282], [29.8304, 78.3631], [29.8332, 78.4196], [29.8306, 78.499], [29.8317, 78.5551], [29.834, 78.6329], [29.8369, 78.5827], [29.8394, 78.5906], [29.835, 78.58], [29.8314, 78.5473], [29.8218, 78.5986], [29.8196, 78.5631], [29.8171, 78.4958], [29.8082, 78.5357], [29.8052, 78.5254], [29.8062, 78.4943], [29.8045, 78.5099], [29.7962, 78.4551], [29.7976, 78.4422], [29.7881, 78.4817], [29.793, 78.4264], [29.7928, 78.3894], [29.7785, 78.4447], [29.7812, 78.3921], [29.7838, 78.3845], [29.7814, 78.3728], [29.7841, 78.3608], [29.7798, 78.3728], [29.7823, 78.342], [29.7829, 78.3353], [29.7784, 78.3423], [29.7763, 78.375], [29.7801, 78.3568], [29.783, 78.3013], [29.7813, 78.2947], [29.7847, 78.2727], [29.7833, 78.2771], [29.7826, 78.3024], [29.7869, 78.26], [29.787, 78.2905], [29.7919, 78.2533], [29.7937, 78.2286], [29.7927, 78.2327], [29.7938, 78.277], [29.798, 78.2196], [29.787, 78.2878], [29.788, 78.2261], [29.7822, 78.2542], [29.7737, 78.2263], [29.7692, 78.1464], [29.762, 78.1474], [29.7576, 78.1556], [29.7407, 78.2095], [29.7306, 78.1931], [29.7325, 78.0364], [29.7247, 78.0649], [29.7308, 78.101], [29.7383, 78.1133], [29.7359, 77.9946], [29.7294, 77.9826], [29.7163, 78.0262], [29.7025, 77.9557], [29.6965, 77.9788], [29.6642, 77.9673], [29.6391, 77.998], [29.6043, 78.0082], [29.5533, 77.9728], [29.523, 77.9565], [29.4914, 77.9296], [29.4534, 77.8841], [29.4241, 77.7855], [29.3836, 77.7747], [29.3576, 77.7378], [29.3352, 77.787], [29.3122, 77.788], [29.2799, 77.7617], [29.2841, 77.8694], [29.2786, 77.9894], [29.2684, 77.8902], [29.2408, 77.9644], [29.2153, 77.9196], [29.1878, 77.9488], [29.1353, 77.9782], [29.0948, 77.9956], [29.0391, 78.0315], [28.9721, 78.0623], [28.9141, 78.0625], [28.8438, 78.1195], [28.7839, 78.2634], [28.6935, 78.1896], [28.6883, 77.9936], [28.6379, 78.0073], [28.6303, 78.0434], [28.6469, 78.2582], [28.6748, 78.3787], [28.6425, 78.2983], [28.7136, 78.3904], [28.743, 78.5803], [28.8275, 78.6807], [28.8839, 78.6991], [28.9071, 78.8987], [28.9553, 78.8776], [29.0561, 79.0692], [29.1341, 79.1053], [29.1954, 79.2385], [29.3073, 79.1567], [29.4169, 79.1734], [29.4962, 79.3854], [29.5845, 79.8946], [29.7315, 80.526], [29.8662, 81.1439], [30.0513, 81.2174], [30.1691, 82.1834], [30.3264, 83.0582], [30.5006, 83.8826], [30.6998, 84.5911], [30.7915, 85.2578], [30.9569, 85.7188], [31.1312, 86.0827], [31.2962, 86.7166], [31.493, 87.5636], [31.6794, 88.0353], [31.8335, 88.2874], [32.0343, 88.858], [32.2337, 89.109], [32.4533, 89.9824], [32.6519, 90.3727], [32.8433, 90.9665], [33.0436, 91.7661], [33.2372, 92.1355], [33.3762, 92.451], [33.5713, 92.9011], [33.6899, 92.7744], [33.8563, 93.1872], [34.0371, 93.3933], [34.2518, 93.9668], [34.4067, 94.4383], [34.6185, 94.9311], [34.7803, 95.5749], [34.9581, 96.2583], [35.1296, 96.7131], [35.3122, 96.9201], [35.4782, 97.0775], [35.644, 97.4869], [35.7868, 97.7737], [35.9427, 98.1932], [36.0645, 97.9234], [36.1827, 98.2676], [36.2812, 98.3099], [36.3888, 98.555], [36.4754, 98.8253], [36.5413, 98.9656], [36.5656, 99.1209], [36.5854, 98.9943], [36.611, 99.5502], [36.6398, 99.8508], [36.6306, 99.7602], [36.6018, 99.7606], [36.5982, 99.7281], [36.6129, 99.7134], [36.6179, 99.5222], [36.5873, 99.3354], [36.5814, 99.1456], [36.5586, 98.7274], [36.5849, 99.0158], [36.5505, 98.6486], [36.5382, 98.5566], [36.536, 98.578], [36.5902, 98.5706], [36.626, 98.4829], [36.5581, 98.1366], [36.6065, 98.0186], [36.6469, 97.7601], [36.6541, 97.6373], [36.6438, 97.2418], [36.6349, 96.9624], [36.6424, 96.9443], [36.5932, 96.6849], [36.5898, 96.5084], [36.5709, 97.0388], [36.5311, 96.9549], [36.5191, 96.8009], [36.5072, 96.7002], [36.4764, 96.8353], [36.5468, 96.6572], [36.6201, 97.3404], [36.6709, 97.5817], [36.6445, 96.8438], [36.6629, 97.1854], [36.698, 97.3297], [36.7356, 97.0742], [36.6421, 97.0855], [36.665, 97.0506], [36.5036, 96.1394], [36.4909, 96.3537], [36.3363, 95.1045], [36.2691, 94.126], [36.2573, 93.6179], [36.0967, 92.8319], [36.0879, 92.4898], [36.0362, 92.228], [35.9011, 91.6876], [35.8, 90.8244], [35.791, 90.8533], [35.6801, 90.5404], [35.6595, 89.9741], [35.5837, 89.6098], [35.5483, 89.3334], [35.5109, 88.9974], [35.4617, 88.3521], [35.3826, 87.8988], [35.3196, 87.4629], [35.3226, 87.593], [35.2363, 88.4198], [35.1604, 88.4237], [35.1273, 89.0997], [35.0739, 89.2463], [35.0448, 89.598], [34.9868, 90.1466], [34.9815, 89.7901], [34.9556, 90.4986], [34.9328, 90.5917], [34.8962, 90.9097], [34.8711, 90.9075], [34.8456, 91.5787], [34.8128, 92.2804], [34.7815, 92.5186], [34.7502, 92.6392], [34.6978, 92.7886], [34.67, 92.877], [34.6502, 93.161], [34.6087, 93.2821], [34.5709, 93.362], [34.5427, 93.2179], [34.5259, 93.6311], [34.4792, 93.5781], [34.471, 94.0683], [34.4228, 93.8617], [34.4048, 93.9249], [34.3946, 93.8957], [34.3622, 93.8435], [34.3424, 93.9597], [34.3428, 94.1638], [34.3258, 94.0444], [34.2973, 93.989], [34.3106, 93.9678], [34.3005, 94.2291], [34.2836, 94.284], [34.2851, 94.3736], [34.2892, 94.5527], [34.2822, 94.4762], [34.3197, 94.7508], [34.3153, 94.8075], [34.3137, 95.0236], [34.3226, 95.0212], [34.3261, 94.6017], [34.3386, 94.6263], [34.3654, 94.8844], [34.3581, 94.9426], [34.3421, 94.9046], [34.339, 94.8566], [34.3418, 94.7872], [34.3856, 94.7704], [34.3621, 94.4882], [34.4118, 94.5567], [34.3888, 94.6234], [34.4076, 94.4852], [34.4263, 94.5503], [34.443, 94.6152], [34.508, 94.3757], [34.5072, 94.3307], [34.5319, 94.3208], [34.5542, 94.3475], [34.58, 94.2684], [34.5917, 94.2292], [34.6189, 94.33], [34.635, 94.2485], [34.6445, 94.2568], [34.6383, 94.2972], [34.6464, 94.2558], [34.6332, 94.2232], [34.616, 94.1832], [34.5929, 94.194], [34.5801, 94.1525], [34.5549, 94.1657], [34.5242, 94.1575], [34.4878, 94.2747], [34.4535, 94.2903], [34.4182, 94.374], [34.3951, 94.5669], [34.3591, 94.6573], [34.3291, 94.6968], [34.3133, 94.8764], [34.3029, 95.1152], [34.2951, 95.5312], [34.278, 95.5599], [34.2685, 95.9298], [34.2807, 96.0007], [34.2687, 96.2204], [34.2801, 96.2458], [34.2835, 96.4603], [34.2905, 96.2478], [34.292, 96.3461], [34.2941, 96.3564], [34.3036, 96.2916], [34.3091, 96.1964], [34.3167, 96.0707], [34.341, 96.1174], [34.3566, 96.0706], [34.3607, 96.2829], [34.3511, 96.2723], [34.3702, 95.7931], [34.3764, 96.0811], [34.3903, 95.6267], [34.3974, 95.7529], [34.4524, 96.0023], [34.4587, 96.1475], [34.5232, 96.2833], [34.561, 96.0521], [34.5945, 96.1379], [34.6497, 96.1754], [34.7351, 95.7108], [34.7649, 96.3086], [34.8665, 95.9034], [34.9277, 95.6642], [34.9932, 95.9366], [35.0491, 95.8965], [35.1406, 95.7575], [35.1937, 95.9671], [35.299, 96.123], [35.3887, 96.4461], [35.4708, 96.6637], [35.4975, 96.5681], [35.5866, 96.5124], [35.6794, 96.5995], [35.7444, 96.6249], [35.7965, 96.3667], [35.8682, 96.8479], [35.9343, 96.475], [36.013, 96.6168], [36.1099, 96.2347], [36.1791, 96.0138], [36.2635, 95.7914], [36.3758, 95.2818], [36.4988, 95.3591], [36.5935, 95.2831], [36.6732, 94.5702], [36.7627, 94.4833], [36.871, 94.5232], [37.0225, 94.0853], [37.1412, 93.7815], [37.2992, 93.4952], [37.4463, 93.5953], [37.5554, 94.076], [37.7138, 95.1015], [37.8874, 95.8128], [38.0002, 96.7979], [38.1281, 97.8796], [38.3333, 98.8767], [38.5248, 99.8311], [38.7133, 100.735], [38.908, 101.33], [38.9539, 102.341], [39.1294, 103.064], [39.2474, 104.162], [39.2591, 104.818], [39.3387, 105.865], [39.4351, 106.555], [39.485, 107.078], [39.5408, 106.918], [39.6441, 107.143], [39.6754, 107.419], [39.6266, 107.777], [39.5706, 108.089], [39.5623, 108.088], [39.5614, 108.005], [39.5388, 107.84], [39.4927, 107.718], [39.4798, 107.609], [39.4255, 107.293], [39.3558, 107.051], [39.2899, 107.251], [39.2355, 107.389], [39.1841, 107.246], [39.1444, 107.215], [39.0925, 107.068], [39.0325, 107.214], [38.9975, 106.936], [38.9601, 106.895], [38.9144, 106.912], [38.8652, 106.794], [38.8101, 106.618], [38.746, 106.613], [38.6853, 106.716], [38.6081, 106.403], [38.5397, 106.304], [38.4693, 105.993], [38.4078, 106.053], [38.3124, 105.656], [38.2837, 105.466], [38.2103, 105.218], [38.1731, 104.816], [38.1699, 104.113], [38.1376, 103.9], [38.055, 103.026], [37.9933, 102.359], [37.9484, 101.608], [37.8312, 100.93], [37.6643, 100.205], [37.5708, 99.3401], [37.4491, 98.7401], [37.3278, 98.4749], [37.1607, 96.7527], [36.9597, 96.1843], [36.8084, 95.6102], [36.6976, 95.2015], [36.6302, 94.1325], [36.5281, 93.1756], [36.3539, 92.5204], [36.3071, 91.8995], [36.1933, 91.2793], [36.0652, 90.5051], [35.9763, 91.0541], [35.936, 91.5074], [35.8112, 92.1741], [35.7324, 92.7524], [35.6343, 92.9218], [35.5446, 93.31], [35.4352, 93.8585], [35.415, 93.4961], [35.2899, 93.9612], [35.2439, 93.8579], [35.1888, 94.2515], [35.1258, 94.5417], [35.0511, 94.047], [34.9899, 94.5202], [34.923, 94.7418], [34.8763, 94.5259], [34.8082, 95.0868], [34.7578, 95.3007], [34.6935, 95.3987], [34.6644, 95.6303], [34.6116, 95.9028], [34.5616, 95.587], [34.522, 95.8219], [34.4997, 96.2198], [34.4695, 96.1057], [34.4689, 96.4817], [34.4548, 97.0135], [34.4474, 96.8158], [34.4177, 96.7916], [34.4149, 97.0171], [34.3916, 97.1269], [34.3828, 97.3295], [34.3633, 97.0399], [34.346, 96.8124], [34.3332, 97.0525], [34.3569, 97.3087], [34.3377, 97.3978], [34.3131, 97.5412], [34.3074, 97.4777], [34.2968, 97.5832], [34.3015, 97.6152], [34.3204, 97.7029], [34.3207, 97.7208], [34.318, 97.883], [34.336, 97.7993], [34.335, 97.9928], [34.3341, 97.7931], [34.3374, 97.8769], [34.333, 97.9284], [34.321, 97.7406], [34.3519, 97.7424], [34.35, 97.2854], [34.3778, 97.5925], [34.3903, 97.3689], [34.4186, 97.182], [34.4073, 97.081], [34.4463, 96.9642], [34.4782, 96.8774], [34.5051, 96.8578], [34.5201, 97.1404], [34.5193, 96.6536], [34.5443, 96.6718], [34.5347, 96.3892], [34.5257, 96.2363], [34.5226, 96.0794], [34.5485, 96.2388], [34.6338, 96.2531], [34.7685, 96.2249], [34.9879, 96.1192], [35.2618, 95.9399], [35.5224, 95.8295], [35.7585, 95.7577], [35.9533, 95.8811], [36.0389, 95.8502], [36.0231, 95.9589], [35.9239, 96.0745], [35.7337, 96.0153], [35.4875, 95.9627], [35.2017, 96.0982], [34.9486, 96.2022], [34.7647, 96.1249], [34.6174, 96.0682], [34.5452, 96.0418], [34.523, 96.22], [34.5042, 96.0765], [34.495, 96.2482], [34.4814, 96.1945], [34.4499, 96.2738], [34.427, 96.3019], [34.3619, 96.3171], [34.3254, 96.3574], [34.305, 96.3951], [34.2987, 96.9512], [34.292, 97.2974], [34.2513, 97.3314], [34.2292, 97.2915], [34.2125, 97.5383], [34.2122, 97.4536], [34.2163, 97.6072], [34.1971, 97.635], [34.198, 97.6342], [34.2079, 97.9766], [34.1863, 97.9375], [34.1947, 98.0886], [34.2119, 97.9836], [34.2202, 97.8951], [34.2308, 98.0264], [34.2212, 98.3277], [34.2444, 98.3293], [34.2407, 98.4905], [34.2394, 98.6881], [34.2643, 98.8346], [34.2767, 98.9737], [34.3, 99.0996], [34.3141, 98.8587], [34.3239, 98.7471], [34.3565, 98.6374], [34.3603, 98.6823], [34.3837, 98.5144], [34.4314, 98.3327], [34.4573, 98.22], [34.4548, 98.3436], [34.5062, 98.2447], [34.5336, 98.6399], [34.5608, 98.2031], [34.6118, 98.1027], [34.6548, 97.9693], [34.698, 97.5289], [34.776, 97.5992], [34.8119, 97.5176], [34.8818, 97.5135], [34.936, 97.1721], [35.0048, 97.9176], [35.0758, 98.7072], [35.1278, 98.6489], [35.2, 98.0101], [35.2781, 97.5786], [35.3545, 97.2494], [35.403, 97.5474], [35.5122, 97.2743], [35.5717, 97.2762], [35.6214, 97.2649], [35.7126, 96.9517], [35.7602, 96.9214], [35.8382, 97.5971], [35.91, 97.6433], [36.0077, 96.5666], [36.1136, 95.7711], [36.2111, 95.1384], [36.2522, 95.1668], [36.3819, 94.6051], [36.422, 94.805], [36.4781, 93.5653], [36.5291, 93.4612], [36.5791, 93.2889], [36.6047, 93.4832], [36.6695, 94.3799], [36.7035, 94.8189], [36.763, 95.0569], [36.7813, 95.6713], [36.8385, 96.418], [36.8277, 96.4129], [36.8575, 96.6386], [36.8691, 97.51], [36.9654, 97.9967], [37.066, 98.6329], [37.1034, 99.2313], [37.1089, 99.9581], [37.1619, 100.529], [37.1609, 101.022], [37.2759, 101.144], [37.2761, 101.464], [37.314, 101.132], [37.3671, 101.544], [37.4538, 101.755], [37.5226, 101.381], [37.3886, 101.287], [37.344, 101.219], [37.3769, 100.906], [37.3118, 100.736], [37.2608, 100.564], [37.2231, 99.9005], [37.1565, 99.7443], [37.1021, 99.3683], [37.0986, 98.9617], [37.0208, 98.551], [36.9249, 97.8122], [36.9063, 97.3948], [36.8944, 97.3228], [36.8482, 97.6701], [36.7909, 98.0558], [36.6529, 97.763], [36.6028, 97.5324], [36.5779, 97.4512], [36.5235, 97.3368], [36.4767, 97.4364], [36.4181, 97.0986], [36.2831, 96.7564], [36.2205, 97.2422], [36.0964, 96.7528], [36.0441, 96.3821], [35.8794, 95.6333], [35.6727, 95.7157], [35.5746, 95.0832], [35.4751, 94.7968], [35.3606, 94.6844], [35.1646, 94.1404], [35.0478, 93.9361], [34.9376, 93.7122], [34.89, 93.8846], [34.8251, 93.4293], [34.7306, 93.0558], [34.5788, 92.8794], [34.5287, 92.9378], [34.4076, 92.6978], [34.2532, 92.6354], [34.1478, 92.2278], [34.0219, 91.7808], [33.8892, 91.2709], [33.7271, 91.1517], [33.5925, 90.6998], [33.4196, 90.3247], [33.207, 89.7187], [33.0106, 89.0832], [32.8293, 88.5341], [32.6439, 88.1168], [32.4781, 87.9101], [32.2783, 87.1994], [32.1116, 86.637], [31.9641, 86.191], [31.7491, 86.0164], [31.5495, 85.0349], [31.3809, 84.7788], [31.2529, 83.9786], [31.1121, 83.7552], [30.996, 84.0265], [30.8642, 83.1508], [30.7822, 82.4704], [30.7073, 81.79], [30.6274, 81.2048], [30.5632, 80.604], [30.5174, 80.0075], [30.1649, 80.0356], [29.8246, 79.8314], [29.7128, 79.3169], [29.6229, 79.3222], [29.5202, 79.1142], [29.4433, 79.1292], [29.3739, 79.0831], [29.3106, 78.9676], [29.2348, 78.9636], [29.1913, 78.9985], [29.1371, 78.9363], [29.0801, 78.8571], [29.0218, 79.0781], [29.0033, 78.9243], [28.9958, 78.686], [28.9683, 78.7022], [28.9661, 78.6892], [28.9284, 78.6056], [28.9157, 78.5589], [28.9143, 78.5003], [28.9102, 78.4899], [28.9145, 78.4265], [28.9225, 78.3526], [28.9498, 78.2808], [28.9624, 78.1959], [28.958, 78.1327], [28.9871, 78.0401], [29.0255, 77.9516], [29.0344, 77.971], [29.066, 77.9045], [29.1013, 77.8453], [29.1229, 77.745], [29.1696, 77.7485], [29.2053, 77.6833], [29.2471, 77.7485], [29.303, 77.7156], [29.3094, 77.7159], [29.362, 77.7392], [29.3834, 77.7083], [29.4273, 77.7599], [29.4776, 77.8336], [29.5109, 77.836], [29.5365, 77.8205], [29.5767, 77.906], [29.6044, 77.9209], [29.63, 77.9656], [29.6876, 78.0191], [29.7041, 78.0215], [29.7046, 78.0759], [29.7317, 78.1458], [29.7572, 78.1544], [29.777, 78.1486], [29.7981, 78.1655], [29.8102, 78.2106], [29.8253, 78.2039], [29.8431, 78.2051], [29.8502, 78.2608], [29.8533, 78.2188], [29.8379, 78.3266], [29.8466, 78.3069], [29.8486, 78.2413], [29.8546, 78.1986], [29.8603, 78.185], [29.8623, 78.2228], [29.85, 78.2527], [29.8501, 78.2125], [29.8458, 78.2282], [29.8432, 78.2392], [29.8382, 78.2301], [29.8257, 78.1499], [29.8187, 78.1562], [29.8102, 78.1016], [29.796, 78.113], [29.7849, 78.1084], [29.7772, 78.1059], [29.7679, 78.1322], [29.7674, 78.1168], [29.7631, 78.1467], [29.7603, 78.1184], [29.757, 78.1619], [29.7591, 78.1652], [29.7544, 78.2077], [29.7562, 78.2374], [29.7621, 78.2551], [29.7677, 78.2426], [29.7716, 78.2412], [29.7781, 78.239], [29.7764, 78.2787], [29.7811, 78.2472], [29.7812, 78.2782], [29.7767, 78.3021], [29.7772, 78.2951], [29.7767, 78.3166], [29.7748, 78.3132], [29.777, 78.2909], [29.7734, 78.3045], [29.7749, 78.3144], [29.7769, 78.2966], [29.7723, 78.2945], [29.7758, 78.303], [29.7719, 78.3211], [29.7753, 78.2866], [29.7735, 78.3292], [29.7758, 78.3343], [29.7762, 78.332], [29.7784, 78.3449], [29.7821, 78.3276], [29.7875, 78.3159], [29.7912, 78.3172], [29.795, 78.3179], [29.7953, 78.343], [29.7968, 78.3133], [29.8004, 78.2604], [29.8021, 78.3059], [29.8064, 78.2403], [29.807, 78.2686], [29.8112, 78.2861], [29.813, 78.2678], [29.818, 78.2435], [29.8204, 78.254], [29.8221, 78.2664], [29.8261, 78.2475], [29.8271, 78.2237], [29.8261, 78.2036], [29.8251, 78.1664], [29.8247, 78.1547], [29.8202, 78.1294], [29.8183, 78.1335], [29.8162, 78.1114], [29.8125, 78.1059], [29.8088, 78.1053], [29.8054, 78.1198], [29.7987, 78.1596], [29.7994, 78.1619], [29.8023, 78.1705], [29.8039, 78.1431], [29.8016, 78.1437], [29.8035, 78.1687], [29.8047, 78.1833], [29.8063, 78.1943], [29.8029, 78.2478], [29.8095, 78.2522], [29.808, 78.283], [29.8091, 78.3008], [29.8122, 78.2764], [29.8093, 78.2868], [29.8098, 78.3247], [29.8131, 78.3265], [29.811, 78.3296], [29.812, 78.3415], [29.8101, 78.3419], [29.8105, 78.3536], [29.8094, 78.366], [29.8106, 78.3506], [29.8122, 78.3183], [29.8118, 78.3154], [29.8102, 78.3812], [29.8113, 78.3688], [29.8103, 78.374], [29.808, 78.3707], [29.8105, 78.3363], [29.8123, 78.3669], [29.8127, 78.3566], [29.8115, 78.3389], [29.8131, 78.3142], [29.8145, 78.3293], [29.8121, 78.3205], [29.8095, 78.3048], [29.8061, 78.2977], [29.8019, 78.2952], [29.7973, 78.3095], [29.7933, 78.2682], [29.788, 78.2664], [29.7859, 78.2805], [29.7807, 78.2646], [29.775, 78.2552], [29.7727, 78.2416], [29.7672, 78.2178], [29.7628, 78.2633], [29.7639, 78.2356], [29.7655, 78.1862], [29.761, 78.1559], [29.7603, 78.1474], [29.7579, 78.1601], [29.7612, 78.1286], [29.7627, 78.0846], [29.7634, 78.098], [29.7569, 78.061], [29.7591, 78.0504], [29.7543, 78.0149], [29.7531, 78.0084], [29.749, 77.9983], [29.7475, 78.0142], [29.7428, 78.0074], [29.7368, 77.9725], [29.7297, 78.0303], [29.7203, 78.0406], [29.7117, 78.0216], [29.7102, 78.0443], [29.7018, 78.0426], [29.6968, 78.0336], [29.6902, 78.0777], [29.6802, 78.0446], [29.6754, 78.1125], [29.669, 78.1179], [29.6589, 78.1616], [29.6407, 78.1403], [29.6244, 78.1632], [29.6063, 78.216], [29.5922, 78.2177], [29.5786, 78.215], [29.5503, 78.2721], [29.5324, 78.2622], [29.5137, 78.2652], [29.4779, 78.2882], [29.4426, 78.2179], [29.4216, 78.2271], [29.4093, 78.3088], [29.3742, 78.28], [29.3732, 78.3647], [29.3409, 78.3442], [29.315, 78.3177], [29.2826, 78.239], [29.2462, 78.1938], [29.2173, 78.2122], [29.1828, 78.2037], [29.1587, 78.2052], [29.1024, 78.1623], [29.0858, 78.2209], [29.0365, 78.2397], [29.0065, 78.2032], [29.0086, 78.3073], [28.9755, 78.2696], [28.9505, 78.2484], [28.9302, 78.2967], [28.9114, 78.3266], [28.9031, 78.3057], [28.8771, 78.3836], [28.8771, 78.4442], [28.8746, 78.4482], [28.9083, 78.5105], [28.8781, 78.497], [28.8693, 78.5257], [28.8776, 78.6359], [28.881, 78.625], [28.8854, 78.7199], [28.8909, 78.8108], [28.9048, 78.8603], [28.9154, 78.9203], [28.9466, 79.0032], [28.9802, 79.1981], [29.0211, 79.2692], [29.0956, 79.3592], [29.1661, 79.5104], [29.2463, 79.7046], [29.3474, 79.7698], [29.4585, 80.0098], [29.5692, 80.7652], [29.71, 81.7244], [29.8669, 82.418], [29.9904, 82.9504], [30.1688, 83.6871], [30.3043, 84.2339], [30.4953, 85.188], [30.6809, 85.7486], [30.8668, 86.5783], [31.0075, 86.7399], [31.1313, 87.4438], [31.3173, 87.6699], [31.4451, 88.3445], [31.6363, 89.3846], [31.8089, 89.7431], [31.972, 90.0297], [32.0581, 90.077], [32.2709, 90.7487], [32.4158, 91.0497], [32.6128, 91.4521], [32.7874, 91.9953], [33.0119, 93.0022], [33.1668, 93.3232], [33.3194, 93.4113], [33.4308, 93.6345], [33.5593, 93.7625], [33.7044, 94.0364], [33.835, 94.3984], [33.9694, 94.2703], [34.0741, 94.741], [34.1809, 95.017], [34.3206, 94.8835], [34.4251, 95.5809], [34.4854, 95.2117], [34.4908, 96.2178], [34.53, 95.5869], [34.5933, 95.9952], [34.6421, 96.4482], [34.713, 96.7427], [34.7949, 96.8891], [34.8577, 97.285], [34.9261, 97.4301], [34.9926, 97.7864], [35.0569, 97.7973], [35.0888, 97.6317], [35.1641, 98.052], [35.1963, 98.2897], [35.2391, 98.3531], [35.2418, 98.4038], [35.2604, 98.6979], [35.2606, 98.6971], [35.3236, 98.8013], [35.3399, 99.0184], [35.3718, 98.6513], [35.3461, 99.1291], [35.3555, 99.798], [35.3938, 100.331], [35.4359, 100.634], [35.4691, 101.505], [35.5549, 101.785], [35.575, 102.104], [35.6053, 102.703], [35.604, 102.964], [35.6272, 103.587], [35.6252, 104.44], [35.6436, 104.598], [35.6526, 104.951], [35.6153, 105.635], [35.6191, 105.538], [35.6108, 105.97], [35.5824, 106.735], [35.5452, 106.487], [35.5157, 106.644], [35.5167, 107.044], [35.5151, 107.374], [35.5417, 107.284], [35.5369, 107.74], [35.5447, 107.598], [35.5147, 107.774], [35.5229, 108.174], [35.5383, 108.085], [35.5665, 108.215], [35.6001, 108.093], [35.5957, 108.149], [35.6103, 108.254], [35.4465, 107.786], [35.4638, 107.541], [35.4852, 107.389], [35.4892, 107.524], [35.5086, 107.604], [35.5108, 107.575], [35.4893, 107.263], [35.4968, 107.409], [35.506, 107.337], [35.5154, 107.192], [35.516, 107.217], [35.5243, 107.169], [35.5182, 107.307], [35.5212, 107.347], [35.5138, 107.17], [35.4801, 107.271], [35.4972, 107.169], [35.4927, 107.182], [35.4974, 107.14], [35.5113, 107.155], [35.5161, 107.176], [35.5258, 107.173], [35.5314, 107.2], [35.5393, 107.118], [35.5378, 107.171], [35.5496, 107.064], [35.5473, 107.006], [35.5507, 107.096], [35.5488, 107.025], [35.5545, 107.091], [35.5565, 107.102], [35.5588, 107.042], [35.5659, 107.07], [35.5689, 107.044], [35.5737, 107.066], [35.5736, 106.972], [35.578, 107.016], [35.5776, 107.025], [35.5862, 107.04], [35.5913, 106.968], [35.5975, 107.035], [35.6025, 106.984], [35.6049, 107.025], [35.6064, 106.827], [35.6023, 106.9], [35.6067, 106.919], [35.6028, 106.935], [35.602, 106.951], [35.6016, 106.977], [35.5961, 106.98], [35.5798, 106.95], [35.5732, 106.977], [35.5738, 107.025], [35.5723, 107.056], [35.5687, 107.037], [35.5657, 106.939], [35.5594, 107.031], [35.5607, 107.024], [35.5634, 107.051], [35.5684, 107.054], [35.5725, 107.047], [35.5747, 107.093], [35.5554, 106.92], [35.569, 106.898], [35.5718, 106.894], [35.5741, 106.956], [35.5732, 106.927], [35.5736, 106.943], [35.5754, 106.942], [35.5745, 106.927], [35.5768, 106.911], [35.5718, 106.946], [35.5763, 106.857], [35.5783, 106.858], [35.5846, 106.867], [35.5823, 106.886], [35.582, 106.902], [35.581, 106.904], [35.5879, 106.872], [35.5876, 106.879], [35.5863, 106.883], [35.5879, 106.853]], "git_repository_heads": {"MMMTools": ["d77f5a301e3e2f4cd16623ff82a11fbc98dc1113", 1459847935], "MMMCore": ["1d27ecc05fae8cf73cac6754bb4fa9f37155663b", 1459846333], "Simox": ["8d9023238ae3fddb74502537a3681c4318147084", 1459514263], "MMT": ["47064aa0136033b76a231380ef3c02c940bbde53", 1460219154]}, "convert_db_version": 5, "object_conversion_settings": {}, "object_conversion_errors": {}, "subject_conversion_settings": {"model_files": [["mmm.xml", "83095bf1f7710e0da2eabc0dc38933fff21a487e"], ["models/RightFingerJoint43y_joint_visu.wrl", "4a8b66745234892104dc18c3f12b51653e0d22e2"], ["models/HeadSegment_joint_visu.wrl", "98bc33547d6728b266ca30ad9f3f1cd1fc964890"], ["models/RightFingerJoint23y_joint_visu.wrl", "a0d5f39a5c7aa80b2d6a4eaf255bc2ee431c4c8b"], ["models/RightFingerJoint13y_joint_visu.wrl", "f6fe45b4978386e46181511649732c2b788efffc"], ["models/RightEyeSegmentY_joint_visu.wrl", "a5e19b848b6eeb97452f27da05841286c9c8750d"], ["models/RightFingerJoint33y_joint_visu.wrl", "408d1d793635a63e5469ef6749032ed29df446cb"], ["models/RightFingerJoint42y_joint_visu.wrl", "56054907e89fe8b5298ac919d87afca5ea3112a6"], ["models/RightFingerJoint40y_joint_visu.wrl", "a6a36d6acd88295f92f5ad6137dad641a10df4b6"], ["models/RAy_joint_visu.wrl", "ce5872147a6e4132bebc90a3e1e3c1a28a103eb6"], ["models/LeftFingerJoint33y_joint_visu.wrl", "365adda3e38105f28e7045c2b0267a52336edf01"], ["models/BUNsegment_joint_visu.wrl", "0ac874bfcd0d8c4b0c3b4ec4e56c59ce39aad99d"], ["models/LeftEyeSegmentY_joint_visu.wrl", "066736ba165738d120f8d1d103b9c28b19c429bf"], ["models/RSCsegment_joint_visu.wrl", "9044f5cc6779532281b74eface97e002798a8e6d"], ["models/LHsegment_joint_visu.wrl", "3838c5fdad69c33fed501ae676c8a8a9282d9a05"], ["models/LeftFingerJoint53y_joint_visu.wrl", "cdd15d99efa93d038d04ced046fe79ae693a10d7"], ["models/RightFingerJoint21y_joint_visu.wrl", "d19626a13a08387890317675df2c2e7fe9db5eef"], ["models/RightFingerJoint12y_joint_visu.wrl", "7097cf96d3597a795575a5abe9256e0143c2ed0f"], ["models/LeftFingerJoint43y_joint_visu.wrl", "395c609ed268feb940855099f538c46a54c3a4d8"], ["models/RightFingerJoint53y_joint_visu.wrl", "9d95789602901425bad9b4435dea2b4be5431202"], ["models/LeftFingerJoint42y_joint_visu.wrl", "e487f595b7019c407f92b0f00de5260e64e56c97"], ["models/LAsegment_joint_visu.wrl", "bb0d5feb0455fbd2c425d138b7f487260f4bf1bc"], ["models/BTSegment_joint_visu.wrl", "22abe8deeec243c99e31ec02fa59372e98ac8471"], ["models/RKsegment_joint_visu.wrl", "18b381d65e3337bcb0d1ff5928773884a1e17d57"], ["models/LeftFingerJoint41y_joint_visu.wrl", "61402f6746307792f4303e574af749b94086a4ec"], ["models/LSCsegment_joint_visu.wrl", "c32a20b7e31becf394d78b5655efc5565b038b80"], ["models/LeftFingerJoint11y_joint_visu.wrl", "0cbfceda8d89deb375f7933c8078af5147ec84b2"], ["models/RightFingerJoint41y_joint_visu.wrl", "020541ab865e4e3e9fa2695e0f4eff71b52ad52d"], ["models/RWy_joint_visu.wrl", "2b11028aee46fb62e614338be3dd5644c1a824ee"], ["models/LeftFingerJoint23y_joint_visu.wrl", "478e70ae519508040adb535da7a7998bba1b8c42"], ["models/RSsegment_joint_visu.wrl", "612de2c24f203d5846930907a5df9cef5d9578dd"], ["models/LeftFingerJoint12y_joint_visu.wrl", "024079388e0352cf2dd7d6c0c4d45ee34851930c"], ["models/LWsegment_joint_visu.wrl", "3c8bc8f30c2fdfc5956ddac1f868ed768806d7fd"], ["models/RightFingerJoint22y_joint_visu.wrl", "0b36fec3092c4692c7809ee795740f148ffb0be8"], ["models/RMrot_joint_visu.wrl", "a56cefc9affb5ca3f87c8ad0a9ef880f3355f2f0"], ["models/LeftFingerJoint40y_joint_visu.wrl", "ebee55b3729d26fb04a73d5b427025dbf464f288"], ["models/LeftFingerJoint21y_joint_visu.wrl", "a890d2d55d8afbe701827374715b7e671862cc4f"], ["models/REsegment_joint_visu.wrl", "d709750461631f850f8441b85f4861ca47df51ae"], ["models/RHsegment_joint_visu.wrl", "54fb3a26ddb8f2d419752eb76c4e488efef6b43c"], ["models/RightFingerJoint52y_joint_visu.wrl", "44f18db78bed86bf1ddb981a1e678027e51db918"], ["models/RightFingerJoint50y_joint_visu.wrl", "13ede518eb635943fcd4564499f4fdb69d27780e"], ["models/LFx_joint_visu.wrl", "5d47b342ff68d5d2b2d9c7e22c5cf098909060c6"], ["models/LKsegment_joint_visu.wrl", "5780b7d3a585852e8707cb2363bfa8d4d3b461f7"], ["models/LeftFingerJoint13y_joint_visu.wrl", "8a00c78adf18bdebd78a513323b5f28f02d117be"], ["models/RightFingerJoint51y_joint_visu.wrl", "d78052a78ea694e1d35e6b91354db0a64493fbf4"], ["models/RightFingerJoint11y_joint_visu.wrl", "a05a4116eafe1434c190e03faa62753bcd333105"], ["models/LeftFingerJoint22y_joint_visu.wrl", "7fee0851bbbc487512ffb12e46d738fc0837aa0c"], ["models/LAy_joint_visu.wrl", "de3953d8ffbf479f0eb229748cfdd897a408012e"], ["models/LEsegment_joint_visu.wrl", "1bf5a0382df53cb4aef1ebf578e4d535a0cd3d7b"], ["models/RightFingerJoint31y_joint_visu.wrl", "4f0efb942b57fffc5b3177798a71bcdbb9b92042"], ["models/LeftFingerJoint32y_joint_visu.wrl", "685ae87120ee0d9ba5d764c8ff99385aa9d79a04"], ["models/RightFingerJoint32y_joint_visu.wrl", "47d29dfecd9514a3973b021c83bc361364341093"], ["models/LeftFingerJoint31y_joint_visu.wrl", "d24789234312bf68c77c7830508763d07f9feec0"], ["models/LMrot_joint_visu.wrl", "94047f5a29e3373271bba5d61ccbbacf9bfb01af"], ["models/LWy_joint_visu.wrl", "33ba8f54774fa65838a8ae38c3d558f06fe00bc0"], ["models/LeftFingerJoint52y_joint_visu.wrl", "3f7d688708cf5f55104348d5bc102dcc7b7a0a66"], ["models/LSsegment_joint_visu.wrl", "f34e7eae1658b3ae618b5bc40ebc1da529c7e0a3"], ["models/RAsegment_joint_visu.wrl", "bf9735bb8cbd74e01e9087f0ccad4783edc49231"], ["models/LeftFingerJoint50y_joint_visu.wrl", "c2f6364fe16768bd1382d1b02c327d9dcf43fd03"], ["models/LeftFingerJoint51y_joint_visu.wrl", "0c2664365d375a3d9dd190818483e292027433d3"], ["models/LeftHandSegment_joint_visu.wrl", "581235ef3290f47c527e74693e4a232056642bcf"], ["models/BTy_joint_visu.wrl", "818c33f75e2b278db824d223d8796b1d1ca48213"], ["models/RWsegment_joint_visu.wrl", "de46619cf74eb2ffe74ab7fdaaf4cd485034b959"], ["models/RFx_joint_visu.wrl", "7e0fad07af2c1f6a4bad2e40caa9cdcfafa5d748"]], "converter_config": "<ConverterConfig type=\"NloptConverter\"><Model><MarkerMapping><Mapping c3d=\"LIFD\" mmm=\"MARKER_LIFD\" /><Mapping c3d=\"LKNE\" mmm=\"MARKER_LKNE\" /><Mapping c3d=\"LWPS\" mmm=\"MARKER_LWPS\" /><Mapping c3d=\"RANK\" mmm=\"MARKER_RANK\" /><Mapping c3d=\"T10\" mmm=\"MARKER_T10\" /><Mapping c3d=\"LBHD\" mmm=\"MARKER_LBHD\" /><Mapping c3d=\"LBAK\" mmm=\"MARKER_LBAK\" /><Mapping c3d=\"RBAK\" mmm=\"MARKER_RBAK\" /><Mapping c3d=\"RTIP\" mmm=\"MARKER_RTIP\" /><Mapping c3d=\"RMT1\" mmm=\"MARKER_RMT1\" /><Mapping c3d=\"LTOE\" mmm=\"MARKER_LTOE\" /><Mapping c3d=\"RHTS\" mmm=\"MARKER_RHTS\" /><Mapping c3d=\"RMT5\" mmm=\"MARKER_RMT5\" /><Mapping c3d=\"LTIP\" mmm=\"MARKER_LTIP\" /><Mapping c3d=\"LHTS\" mmm=\"MARKER_LHTS\" /><Mapping c3d=\"RAEL\" mmm=\"MARKER_RAEL\" /><Mapping c3d=\"RKNE\" mmm=\"MARKER_RKNE\" /><Mapping c3d=\"LHPS\" mmm=\"MARKER_LHPS\" /><Mapping c3d=\"LANK\" mmm=\"MARKER_LANK\" /><Mapping c3d=\"LWTS\" mmm=\"MARKER_LWTS\" /><Mapping c3d=\"RIFD\" mmm=\"MARKER_RIFD\" /><Mapping c3d=\"RAOL\" mmm=\"MARKER_RAOL\" /><Mapping c3d=\"CLAV\" mmm=\"MARKER_CLAV\" /><Mapping c3d=\"LASI\" mmm=\"MARKER_LASI\" /><Mapping c3d=\"C7\" mmm=\"MARKER_C7\" /><Mapping c3d=\"LHEE\" mmm=\"MARKER_LHEE\" /><Mapping c3d=\"LTHI\" mmm=\"MARKER_LTHI\" /><Mapping c3d=\"RTHI\" mmm=\"MARKER_RTHI\" /><Mapping c3d=\"RFHD\" mmm=\"MARKER_RFHD\" /><Mapping c3d=\"LUPA\" mmm=\"MARKER_LUPA\" /><Mapping c3d=\"LFHD\" mmm=\"MARKER_LFHD\" /><Mapping c3d=\"RHIP\" mmm=\"MARKER_RHIP\" /><Mapping c3d=\"RWPS\" mmm=\"MARKER_RWPS\" /><Mapping c3d=\"LMT1\" mmm=\"MARKER_LMT1\" /><Mapping c3d=\"L3\" mmm=\"MARKER_L3\" /><Mapping c3d=\"LFRA\" mmm=\"MARKER_LFRA\" /><Mapping c3d=\"LPSI\" mmm=\"MARKER_LPSI\" /><Mapping c3d=\"RPSI\" mmm=\"MARKER_RPSI\" /><Mapping c3d=\"LAOL\" mmm=\"MARKER_LAOL\" /><Mapping c3d=\"RBHD\" mmm=\"MARKER_RBHD\" /><Mapping c3d=\"RUPA\" mmm=\"MARKER_RUPA\" /><Mapping c3d=\"RASI\" mmm=\"MARKER_RASI\" /><Mapping c3d=\"RWTS\" mmm=\"MARKER_RWTS\" /><Mapping c3d=\"LHIP\" mmm=\"MARKER_LHIP\" /><Mapping c3d=\"STRN\" mmm=\"MARKER_STRN\" /><Mapping c3d=\"LAEL\" mmm=\"MARKER_LAEL\" /><Mapping c3d=\"RHPS\" mmm=\"MARKER_RHPS\" /><Mapping c3d=\"RTOE\" mmm=\"MARKER_RTOE\" /><Mapping c3d=\"RHEE\" mmm=\"MARKER_RHEE\" /><Mapping c3d=\"LMT5\" mmm=\"MARKER_LMT5\" /></MarkerMapping><JointSet><Joint name=\"BLNx_joint\" /><Joint name=\"BLNy_joint\" /><Joint name=\"BLNz_joint\" /><Joint name=\"BPx_joint\" /><Joint name=\"BPy_joint\" /><Joint name=\"BPz_joint\" /><Joint name=\"BTx_joint\" /><Joint name=\"BTy_joint\" /><Joint name=\"BTz_joint\" /><Joint name=\"BUNx_joint\" /><Joint name=\"BUNy_joint\" /><Joint name=\"BUNz_joint\" /><Joint name=\"LAx_joint\" /><Joint name=\"LAy_joint\" /><Joint name=\"LAz_joint\" /><Joint name=\"LEx_joint\" /><Joint name=\"LEz_joint\" /><Joint name=\"LHx_joint\" /><Joint name=\"LHy_joint\" /><Joint name=\"LHz_joint\" /><Joint name=\"LKx_joint\" /><Joint name=\"LSx_joint\" /><Joint name=\"LSy_joint\" /><Joint name=\"LSz_joint\" /><Joint name=\"LWx_joint\" /><Joint name=\"LWy_joint\" /><Joint name=\"LFx_joint\" /><Joint name=\"LMrot_joint\" /><Joint name=\"RAx_joint\" /><Joint name=\"RAy_joint\" /><Joint name=\"RAz_joint\" /><Joint name=\"REx_joint\" /><Joint name=\"REz_joint\" /><Joint name=\"RHx_joint\" /><Joint name=\"RHy_joint\" /><Joint name=\"RHz_joint\" /><Joint name=\"RKx_joint\" /><Joint name=\"RSx_joint\" /><Joint name=\"RSy_joint\" /><Joint name=\"RSz_joint\" /><Joint name=\"RWx_joint\" /><Joint name=\"RWy_joint\" /><Joint name=\"RFx_joint\" /><Joint name=\"RMrot_joint\" /></JointSet></Model></ConverterConfig>", "model_processor_config": "<ModelProcessorConfig type=\"Winter\"><height>1.84</height><mass>100</mass></ModelProcessorConfig>"}, "subject_missing_markers": []}