Motion Database Converter

User/Host: mmm @ i61motiondb
Date: 2016-05-31 17:54:17
Input File: Trial_76.c3d (ID #50711, created 2016-05-19 18:58:55)

The HEADs of the git repositories used for conversion are:
  MMMCore: 1d27ecc05fae8cf73cac6754bb4fa9f37155663b (2016-04-05 08:52:13)
  MMMTools: d77f5a301e3e2f4cd16623ff82a11fbc98dc1113 (2016-04-05 09:18:55)
  MMT: 47064aa0136033b76a231380ef3c02c940bbde53 (2016-04-09 16:25:54)
  Simox: 8d9023238ae3fddb74502537a3681c4318147084 (2016-04-01 12:37:43)

Configuration for subject:
  Converter config:
    <ConverterConfig type="NloptConverter"><Model><MarkerMapping><Mapping c3d="LIFD" mmm="MARKER_LIFD" /><Mapping c3d="LKNE" mmm="MARKER_LKNE" /><Mapping c3d="LWPS" mmm="MARKER_LWPS" /><Mapping c3d="RANK" mmm="MARKER_RANK" /><Mapping c3d="T10" mmm="MARKER_T10" /><Mapping c3d="LBHD" mmm="MARKER_LBHD" /><Mapping c3d="LBAK" mmm="MARKER_LBAK" /><Mapping c3d="RBAK" mmm="MARKER_RBAK" /><Mapping c3d="RTIP" mmm="MARKER_RTIP" /><Mapping c3d="RMT1" mmm="MARKER_RMT1" /><Mapping c3d="LTOE" mmm="MARKER_LTOE" /><Mapping c3d="RHTS" mmm="MARKER_RHTS" /><Mapping c3d="RMT5" mmm="MARKER_RMT5" /><Mapping c3d="LTIP" mmm="MARKER_LTIP" /><Mapping c3d="LHTS" mmm="MARKER_LHTS" /><Mapping c3d="RAEL" mmm="MARKER_RAEL" /><Mapping c3d="RKNE" mmm="MARKER_RKNE" /><Mapping c3d="LHPS" mmm="MARKER_LHPS" /><Mapping c3d="LANK" mmm="MARKER_LANK" /><Mapping c3d="LWTS" mmm="MARKER_LWTS" /><Mapping c3d="RIFD" mmm="MARKER_RIFD" /><Mapping c3d="RAOL" mmm="MARKER_RAOL" /><Mapping c3d="CLAV" mmm="MARKER_CLAV" /><Mapping c3d="LASI" mmm="MARKER_LASI" /><Mapping c3d="C7" mmm="MARKER_C7" /><Mapping c3d="LHEE" mmm="MARKER_LHEE" /><Mapping c3d="LTHI" mmm="MARKER_LTHI" /><Mapping c3d="RTHI" mmm="MARKER_RTHI" /><Mapping c3d="RFHD" mmm="MARKER_RFHD" /><Mapping c3d="LUPA" mmm="MARKER_LUPA" /><Mapping c3d="LFHD" mmm="MARKER_LFHD" /><Mapping c3d="RHIP" mmm="MARKER_RHIP" /><Mapping c3d="RWPS" mmm="MARKER_RWPS" /><Mapping c3d="LMT1" mmm="MARKER_LMT1" /><Mapping c3d="L3" mmm="MARKER_L3" /><Mapping c3d="LFRA" mmm="MARKER_LFRA" /><Mapping c3d="LPSI" mmm="MARKER_LPSI" /><Mapping c3d="RPSI" mmm="MARKER_RPSI" /><Mapping c3d="LAOL" mmm="MARKER_LAOL" /><Mapping c3d="RBHD" mmm="MARKER_RBHD" /><Mapping c3d="RUPA" mmm="MARKER_RUPA" /><Mapping c3d="RASI" mmm="MARKER_RASI" /><Mapping c3d="RWTS" mmm="MARKER_RWTS" /><Mapping c3d="LHIP" mmm="MARKER_LHIP" /><Mapping c3d="STRN" mmm="MARKER_STRN" /><Mapping c3d="LAEL" mmm="MARKER_LAEL" /><Mapping c3d="RHPS" mmm="MARKER_RHPS" /><Mapping c3d="RTOE" mmm="MARKER_RTOE" /><Mapping c3d="RHEE" mmm="MARKER_RHEE" /><Mapping c3d="LMT5" mmm="MARKER_LMT5" /></MarkerMapping><JointSet><Joint name="BLNx_joint" /><Joint name="BLNy_joint" /><Joint name="BLNz_joint" /><Joint name="BPx_joint" /><Joint name="BPy_joint" /><Joint name="BPz_joint" /><Joint name="BTx_joint" /><Joint name="BTy_joint" /><Joint name="BTz_joint" /><Joint name="BUNx_joint" /><Joint name="BUNy_joint" /><Joint name="BUNz_joint" /><Joint name="LAx_joint" /><Joint name="LAy_joint" /><Joint name="LAz_joint" /><Joint name="LEx_joint" /><Joint name="LEz_joint" /><Joint name="LHx_joint" /><Joint name="LHy_joint" /><Joint name="LHz_joint" /><Joint name="LKx_joint" /><Joint name="LSx_joint" /><Joint name="LSy_joint" /><Joint name="LSz_joint" /><Joint name="LWx_joint" /><Joint name="LWy_joint" /><Joint name="LFx_joint" /><Joint name="LMrot_joint" /><Joint name="RAx_joint" /><Joint name="RAy_joint" /><Joint name="RAz_joint" /><Joint name="REx_joint" /><Joint name="REz_joint" /><Joint name="RHx_joint" /><Joint name="RHy_joint" /><Joint name="RHz_joint" /><Joint name="RKx_joint" /><Joint name="RSx_joint" /><Joint name="RSy_joint" /><Joint name="RSz_joint" /><Joint name="RWx_joint" /><Joint name="RWy_joint" /><Joint name="RFx_joint" /><Joint name="RMrot_joint" /></JointSet></Model></ConverterConfig>

  Model processor config:
    <ModelProcessorConfig type="Winter"><height>1.84</height><mass>100</mass></ModelProcessorConfig>

  Model files:
    mmm.xml -> 83095bf1f7710e0da2eabc0dc38933fff21a487e
    models/RightFingerJoint43y_joint_visu.wrl -> 4a8b66745234892104dc18c3f12b51653e0d22e2
    models/HeadSegment_joint_visu.wrl -> 98bc33547d6728b266ca30ad9f3f1cd1fc964890
    models/RightFingerJoint23y_joint_visu.wrl -> a0d5f39a5c7aa80b2d6a4eaf255bc2ee431c4c8b
    models/RightFingerJoint13y_joint_visu.wrl -> f6fe45b4978386e46181511649732c2b788efffc
    models/RightEyeSegmentY_joint_visu.wrl -> a5e19b848b6eeb97452f27da05841286c9c8750d
    models/RightFingerJoint33y_joint_visu.wrl -> 408d1d793635a63e5469ef6749032ed29df446cb
    models/RightFingerJoint42y_joint_visu.wrl -> 56054907e89fe8b5298ac919d87afca5ea3112a6
    models/RightFingerJoint40y_joint_visu.wrl -> a6a36d6acd88295f92f5ad6137dad641a10df4b6
    models/RAy_joint_visu.wrl -> ce5872147a6e4132bebc90a3e1e3c1a28a103eb6
    models/LeftFingerJoint33y_joint_visu.wrl -> 365adda3e38105f28e7045c2b0267a52336edf01
    models/BUNsegment_joint_visu.wrl -> 0ac874bfcd0d8c4b0c3b4ec4e56c59ce39aad99d
    models/LeftEyeSegmentY_joint_visu.wrl -> 066736ba165738d120f8d1d103b9c28b19c429bf
    models/RSCsegment_joint_visu.wrl -> 9044f5cc6779532281b74eface97e002798a8e6d
    models/LHsegment_joint_visu.wrl -> 3838c5fdad69c33fed501ae676c8a8a9282d9a05
    models/LeftFingerJoint53y_joint_visu.wrl -> cdd15d99efa93d038d04ced046fe79ae693a10d7
    models/RightFingerJoint21y_joint_visu.wrl -> d19626a13a08387890317675df2c2e7fe9db5eef
    models/RightFingerJoint12y_joint_visu.wrl -> 7097cf96d3597a795575a5abe9256e0143c2ed0f
    models/LeftFingerJoint43y_joint_visu.wrl -> 395c609ed268feb940855099f538c46a54c3a4d8
    models/RightFingerJoint53y_joint_visu.wrl -> 9d95789602901425bad9b4435dea2b4be5431202
    models/LeftFingerJoint42y_joint_visu.wrl -> e487f595b7019c407f92b0f00de5260e64e56c97
    models/LAsegment_joint_visu.wrl -> bb0d5feb0455fbd2c425d138b7f487260f4bf1bc
    models/BTSegment_joint_visu.wrl -> 22abe8deeec243c99e31ec02fa59372e98ac8471
    models/RKsegment_joint_visu.wrl -> 18b381d65e3337bcb0d1ff5928773884a1e17d57
    models/LeftFingerJoint41y_joint_visu.wrl -> 61402f6746307792f4303e574af749b94086a4ec
    models/LSCsegment_joint_visu.wrl -> c32a20b7e31becf394d78b5655efc5565b038b80
    models/LeftFingerJoint11y_joint_visu.wrl -> 0cbfceda8d89deb375f7933c8078af5147ec84b2
    models/RightFingerJoint41y_joint_visu.wrl -> 020541ab865e4e3e9fa2695e0f4eff71b52ad52d
    models/RWy_joint_visu.wrl -> 2b11028aee46fb62e614338be3dd5644c1a824ee
    models/LeftFingerJoint23y_joint_visu.wrl -> 478e70ae519508040adb535da7a7998bba1b8c42
    models/RSsegment_joint_visu.wrl -> 612de2c24f203d5846930907a5df9cef5d9578dd
    models/LeftFingerJoint12y_joint_visu.wrl -> 024079388e0352cf2dd7d6c0c4d45ee34851930c
    models/LWsegment_joint_visu.wrl -> 3c8bc8f30c2fdfc5956ddac1f868ed768806d7fd
    models/RightFingerJoint22y_joint_visu.wrl -> 0b36fec3092c4692c7809ee795740f148ffb0be8
    models/RMrot_joint_visu.wrl -> a56cefc9affb5ca3f87c8ad0a9ef880f3355f2f0
    models/LeftFingerJoint40y_joint_visu.wrl -> ebee55b3729d26fb04a73d5b427025dbf464f288
    models/LeftFingerJoint21y_joint_visu.wrl -> a890d2d55d8afbe701827374715b7e671862cc4f
    models/REsegment_joint_visu.wrl -> d709750461631f850f8441b85f4861ca47df51ae
    models/RHsegment_joint_visu.wrl -> 54fb3a26ddb8f2d419752eb76c4e488efef6b43c
    models/RightFingerJoint52y_joint_visu.wrl -> 44f18db78bed86bf1ddb981a1e678027e51db918
    models/RightFingerJoint50y_joint_visu.wrl -> 13ede518eb635943fcd4564499f4fdb69d27780e
    models/LFx_joint_visu.wrl -> 5d47b342ff68d5d2b2d9c7e22c5cf098909060c6
    models/LKsegment_joint_visu.wrl -> 5780b7d3a585852e8707cb2363bfa8d4d3b461f7
    models/LeftFingerJoint13y_joint_visu.wrl -> 8a00c78adf18bdebd78a513323b5f28f02d117be
    models/RightFingerJoint51y_joint_visu.wrl -> d78052a78ea694e1d35e6b91354db0a64493fbf4
    models/RightFingerJoint11y_joint_visu.wrl -> a05a4116eafe1434c190e03faa62753bcd333105
    models/LeftFingerJoint22y_joint_visu.wrl -> 7fee0851bbbc487512ffb12e46d738fc0837aa0c
    models/LAy_joint_visu.wrl -> de3953d8ffbf479f0eb229748cfdd897a408012e
    models/LEsegment_joint_visu.wrl -> 1bf5a0382df53cb4aef1ebf578e4d535a0cd3d7b
    models/RightFingerJoint31y_joint_visu.wrl -> 4f0efb942b57fffc5b3177798a71bcdbb9b92042
    models/LeftFingerJoint32y_joint_visu.wrl -> 685ae87120ee0d9ba5d764c8ff99385aa9d79a04
    models/RightFingerJoint32y_joint_visu.wrl -> 47d29dfecd9514a3973b021c83bc361364341093
    models/LeftFingerJoint31y_joint_visu.wrl -> d24789234312bf68c77c7830508763d07f9feec0
    models/LMrot_joint_visu.wrl -> 94047f5a29e3373271bba5d61ccbbacf9bfb01af
    models/LWy_joint_visu.wrl -> 33ba8f54774fa65838a8ae38c3d558f06fe00bc0
    models/LeftFingerJoint52y_joint_visu.wrl -> 3f7d688708cf5f55104348d5bc102dcc7b7a0a66
    models/LSsegment_joint_visu.wrl -> f34e7eae1658b3ae618b5bc40ebc1da529c7e0a3
    models/RAsegment_joint_visu.wrl -> bf9735bb8cbd74e01e9087f0ccad4783edc49231
    models/LeftFingerJoint50y_joint_visu.wrl -> c2f6364fe16768bd1382d1b02c327d9dcf43fd03
    models/LeftFingerJoint51y_joint_visu.wrl -> 0c2664365d375a3d9dd190818483e292027433d3
    models/LeftHandSegment_joint_visu.wrl -> 581235ef3290f47c527e74693e4a232056642bcf
    models/BTy_joint_visu.wrl -> 818c33f75e2b278db824d223d8796b1d1ca48213
    models/RWsegment_joint_visu.wrl -> de46619cf74eb2ffe74ab7fdaaf4cd485034b959
    models/RFx_joint_visu.wrl -> 7e0fad07af2c1f6a4bad2e40caa9cdcfafa5d748

Missing subject markers: []

Subject conversion error:
Conversion Error: avg/avg = 33.51, worst avg = 41.10, worst max = 114.30

The per-frame conversion errors are: (avg/max for subject and every object)
  Frame 0: 41.10/106.24
  Frame 1: 40.85/105.72
  Frame 2: 40.82/105.39
  Frame 3: 40.80/105.31
  Frame 4: 40.75/105.09
  Frame 5: 40.75/104.97
  Frame 6: 40.74/104.90
  Frame 7: 40.72/104.89
  Frame 8: 40.71/104.69
  Frame 9: 40.70/104.46
  Frame 10: 40.69/104.45
  Frame 11: 40.68/104.38
  Frame 12: 40.67/104.38
  Frame 13: 40.67/104.27
  Frame 14: 40.62/104.27
  Frame 15: 40.63/104.20
  Frame 16: 40.61/104.18
  Frame 17: 40.59/104.16
  Frame 18: 40.58/104.23
  Frame 19: 40.56/104.28
  Frame 20: 40.55/104.25
  Frame 21: 40.55/104.18
  Frame 22: 40.54/104.18
  Frame 23: 40.52/104.20
  Frame 24: 40.51/104.21
  Frame 25: 40.50/104.22
  Frame 26: 40.50/104.24
  Frame 27: 40.49/104.15
  Frame 28: 40.46/104.17
  Frame 29: 40.45/104.23
  Frame 30: 40.44/104.22
  Frame 31: 40.43/104.17
  Frame 32: 40.42/104.15
  Frame 33: 40.41/104.19
  Frame 34: 40.41/104.19
  Frame 35: 40.39/104.21
  Frame 36: 40.38/104.21
  Frame 37: 40.37/104.21
  Frame 38: 40.36/104.24
  Frame 39: 40.35/104.22
  Frame 40: 40.33/104.23
  Frame 41: 40.34/104.23
  Frame 42: 40.33/104.17
  Frame 43: 40.31/104.19
  Frame 44: 40.30/104.25
  Frame 45: 40.30/104.20
  Frame 46: 40.30/104.18
  Frame 47: 40.28/104.22
  Frame 48: 40.27/104.15
  Frame 49: 40.25/104.23
  Frame 50: 40.23/104.23
  Frame 51: 40.23/104.19
  Frame 52: 40.22/104.17
  Frame 53: 40.22/104.21
  Frame 54: 40.21/104.14
  Frame 55: 40.21/104.11
  Frame 56: 40.20/104.18
  Frame 57: 40.19/104.26
  Frame 58: 40.19/104.26
  Frame 59: 40.18/104.33
  Frame 60: 40.16/104.28
  Frame 61: 40.16/104.22
  Frame 62: 40.15/104.23
  Frame 63: 40.12/104.30
  Frame 64: 40.12/104.24
  Frame 65: 40.10/104.29
  Frame 66: 40.09/104.37
  Frame 67: 40.08/104.32
  Frame 68: 40.08/104.43
  Frame 69: 40.07/104.49
  Frame 70: 40.07/104.63
  Frame 71: 40.05/104.65
  Frame 72: 40.03/104.70
  Frame 73: 40.02/104.93
  Frame 74: 40.02/105.06
  Frame 75: 40.02/105.11
  Frame 76: 40.01/105.23
  Frame 77: 40.00/105.25
  Frame 78: 40.00/105.33
  Frame 79: 39.99/105.39
  Frame 80: 39.98/105.49
  Frame 81: 39.97/105.58
  Frame 82: 39.96/105.59
  Frame 83: 39.95/105.71
  Frame 84: 39.94/105.77
  Frame 85: 39.91/105.81
  Frame 86: 39.90/105.89
  Frame 87: 39.90/105.86
  Frame 88: 39.88/106.02
  Frame 89: 39.87/105.96
  Frame 90: 39.88/105.88
  Frame 91: 39.88/105.95
  Frame 92: 39.86/105.94
  Frame 93: 39.83/106.24
  Frame 94: 39.80/106.10
  Frame 95: 39.79/105.99
  Frame 96: 39.79/106.08
  Frame 97: 39.75/106.04
  Frame 98: 39.73/105.71
  Frame 99: 39.71/105.61
  Frame 100: 39.67/105.70
  Frame 101: 39.61/105.73
  Frame 102: 39.59/105.78
  Frame 103: 39.54/105.50
  Frame 104: 39.52/105.22
  Frame 105: 39.47/105.30
  Frame 106: 39.41/105.60
  Frame 107: 39.37/105.47
  Frame 108: 39.34/105.48
  Frame 109: 39.26/105.42
  Frame 110: 39.22/105.55
  Frame 111: 39.11/105.86
  Frame 112: 39.02/105.66
  Frame 113: 38.96/104.58
  Frame 114: 38.92/104.55
  Frame 115: 38.86/104.65
  Frame 116: 38.80/104.79
  Frame 117: 38.76/104.73
  Frame 118: 38.71/104.44
  Frame 119: 38.59/104.31
  Frame 120: 38.53/104.26
  Frame 121: 38.33/104.11
  Frame 122: 38.25/103.48
  Frame 123: 38.16/103.43
  Frame 124: 38.11/102.98
  Frame 125: 38.01/102.80
  Frame 126: 37.94/102.51
  Frame 127: 37.84/102.21
  Frame 128: 37.74/101.32
  Frame 129: 37.61/101.17
  Frame 130: 37.54/100.03
  Frame 131: 37.44/99.45
  Frame 132: 37.32/99.23
  Frame 133: 37.21/99.46
  Frame 134: 37.05/99.10
  Frame 135: 36.93/98.98
  Frame 136: 36.79/98.70
  Frame 137: 36.67/98.59
  Frame 138: 36.51/98.65
  Frame 139: 36.35/98.47
  Frame 140: 36.24/98.09
  Frame 141: 36.08/98.04
  Frame 142: 35.95/97.27
  Frame 143: 35.74/96.78
  Frame 144: 35.63/96.26
  Frame 145: 35.42/96.35
  Frame 146: 35.27/96.19
  Frame 147: 35.17/95.94
  Frame 148: 35.00/95.44
  Frame 149: 34.83/95.09
  Frame 150: 34.68/94.58
  Frame 151: 34.57/94.54
  Frame 152: 34.37/94.35
  Frame 153: 34.22/94.07
  Frame 154: 34.09/93.77
  Frame 155: 33.90/93.02
  Frame 156: 33.73/92.87
  Frame 157: 33.52/92.21
  Frame 158: 33.40/91.88
  Frame 159: 33.25/91.44
  Frame 160: 33.04/91.26
  Frame 161: 32.86/90.78
  Frame 162: 32.73/90.33
  Frame 163: 32.51/89.90
  Frame 164: 32.34/89.87
  Frame 165: 32.19/89.44
  Frame 166: 32.00/89.03
  Frame 167: 31.86/89.07
  Frame 168: 31.70/88.56
  Frame 169: 31.52/88.21
  Frame 170: 31.36/87.68
  Frame 171: 31.17/87.44
  Frame 172: 30.99/86.57
  Frame 173: 30.88/86.42
  Frame 174: 30.69/85.86
  Frame 175: 30.53/85.11
  Frame 176: 30.40/84.50
  Frame 177: 30.27/84.12
  Frame 178: 30.11/83.06
  Frame 179: 29.77/81.03
  Frame 180: 29.59/80.02
  Frame 181: 29.43/79.11
  Frame 182: 29.35/78.68
  Frame 183: 29.20/78.59
  Frame 184: 29.14/78.67
  Frame 185: 29.10/78.51
  Frame 186: 29.06/78.43
  Frame 187: 29.03/78.45
  Frame 188: 29.01/78.27
  Frame 189: 28.97/78.14
  Frame 190: 28.95/78.16
  Frame 191: 28.94/78.07
  Frame 192: 28.89/77.93
  Frame 193: 28.89/77.85
  Frame 194: 28.90/77.84
  Frame 195: 28.87/77.80
  Frame 196: 28.88/77.69
  Frame 197: 28.89/77.63
  Frame 198: 28.89/77.61
  Frame 199: 28.92/77.52
  Frame 200: 28.94/77.54
  Frame 201: 28.98/77.54
  Frame 202: 29.03/77.49
  Frame 203: 29.07/77.38
  Frame 204: 29.12/77.31
  Frame 205: 29.16/77.36
  Frame 206: 29.20/77.38
  Frame 207: 29.22/77.34
  Frame 208: 29.25/77.43
  Frame 209: 29.26/77.40
  Frame 210: 29.29/77.28
  Frame 211: 29.30/77.41
  Frame 212: 29.33/77.36
  Frame 213: 29.35/77.39
  Frame 214: 29.37/77.39
  Frame 215: 29.40/77.27
  Frame 216: 29.43/77.26
  Frame 217: 29.45/77.27
  Frame 218: 29.49/77.20
  Frame 219: 29.52/77.27
  Frame 220: 29.55/77.27
  Frame 221: 29.58/77.28
  Frame 222: 29.63/77.24
  Frame 223: 29.65/77.27
  Frame 224: 29.68/77.19
  Frame 225: 29.69/77.15
  Frame 226: 29.70/77.16
  Frame 227: 29.72/77.14
  Frame 228: 29.75/77.14
  Frame 229: 29.75/77.11
  Frame 230: 29.76/77.14
  Frame 231: 29.77/77.19
  Frame 232: 29.77/77.20
  Frame 233: 29.78/77.24
  Frame 234: 29.79/77.29
  Frame 235: 29.80/77.33
  Frame 236: 29.81/77.40
  Frame 237: 29.82/77.47
  Frame 238: 29.83/77.56
  Frame 239: 29.85/77.67
  Frame 240: 29.86/77.75
  Frame 241: 29.88/77.84
  Frame 242: 29.89/77.92
  Frame 243: 29.92/78.01
  Frame 244: 29.93/78.08
  Frame 245: 29.94/78.12
  Frame 246: 29.95/78.17
  Frame 247: 29.96/78.21
  Frame 248: 29.97/78.22
  Frame 249: 29.97/78.25
  Frame 250: 29.97/78.25
  Frame 251: 29.98/78.27
  Frame 252: 29.97/78.30
  Frame 253: 29.98/78.29
  Frame 254: 29.98/78.29
  Frame 255: 29.98/78.29
  Frame 256: 29.98/78.27
  Frame 257: 29.98/78.27
  Frame 258: 29.98/78.26
  Frame 259: 29.98/78.29
  Frame 260: 29.99/78.25
  Frame 261: 29.99/78.24
  Frame 262: 29.99/78.25
  Frame 263: 29.99/78.27
  Frame 264: 29.99/78.26
  Frame 265: 29.99/78.27
  Frame 266: 30.00/78.30
  Frame 267: 30.00/78.29
  Frame 268: 30.00/78.28
  Frame 269: 30.00/78.28
  Frame 270: 29.99/78.27
  Frame 271: 29.99/78.28
  Frame 272: 29.99/78.27
  Frame 273: 29.98/78.25
  Frame 274: 29.98/78.26
  Frame 275: 29.98/78.27
  Frame 276: 29.97/78.27
  Frame 277: 29.96/78.27
  Frame 278: 29.96/78.28
  Frame 279: 29.96/78.29
  Frame 280: 29.95/78.28
  Frame 281: 29.96/78.30
  Frame 282: 29.96/78.31
  Frame 283: 29.96/78.32
  Frame 284: 29.96/78.32
  Frame 285: 29.96/78.34
  Frame 286: 29.97/78.34
  Frame 287: 29.97/78.35
  Frame 288: 29.97/78.37
  Frame 289: 29.97/78.38
  Frame 290: 29.97/78.37
  Frame 291: 29.97/78.36
  Frame 292: 29.98/78.34
  Frame 293: 29.98/78.33
  Frame 294: 29.97/78.32
  Frame 295: 29.97/78.31
  Frame 296: 29.97/78.30
  Frame 297: 29.97/78.29
  Frame 298: 29.97/78.28
  Frame 299: 29.97/78.28
  Frame 300: 29.97/78.28
  Frame 301: 29.96/78.26
  Frame 302: 29.95/78.26
  Frame 303: 29.93/78.26
  Frame 304: 29.92/78.25
  Frame 305: 29.91/78.23
  Frame 306: 29.91/78.20
  Frame 307: 29.90/78.19
  Frame 308: 29.90/78.17
  Frame 309: 29.90/78.15
  Frame 310: 29.89/78.14
  Frame 311: 29.90/78.12
  Frame 312: 29.90/78.08
  Frame 313: 29.90/78.05
  Frame 314: 29.91/78.02
  Frame 315: 29.92/78.01
  Frame 316: 29.91/78.02
  Frame 317: 29.92/77.99
  Frame 318: 29.92/77.99
  Frame 319: 29.91/77.97
  Frame 320: 29.92/77.95
  Frame 321: 29.92/77.92
  Frame 322: 29.91/77.91
  Frame 323: 29.91/77.89
  Frame 324: 29.91/77.86
  Frame 325: 29.91/77.85
  Frame 326: 29.92/77.82
  Frame 327: 29.92/77.91
  Frame 328: 29.92/77.90
  Frame 329: 29.93/77.91
  Frame 330: 29.94/77.93
  Frame 331: 29.94/77.91
  Frame 332: 29.96/77.93
  Frame 333: 29.96/77.94
  Frame 334: 29.97/77.95
  Frame 335: 29.98/77.95
  Frame 336: 29.97/77.91
  Frame 337: 29.97/77.91
  Frame 338: 29.96/77.96
  Frame 339: 29.94/77.95
  Frame 340: 29.92/77.89
  Frame 341: 29.92/77.95
  Frame 342: 29.89/77.92
  Frame 343: 29.88/77.86
  Frame 344: 29.87/77.78
  Frame 345: 29.86/77.91
  Frame 346: 29.86/77.92
  Frame 347: 29.85/77.92
  Frame 348: 29.83/77.95
  Frame 349: 29.82/77.84
  Frame 350: 29.80/77.82
  Frame 351: 29.79/77.88
  Frame 352: 29.77/77.85
  Frame 353: 29.71/77.87
  Frame 354: 29.70/77.97
  Frame 355: 29.66/77.91
  Frame 356: 29.62/77.99
  Frame 357: 29.57/78.08
  Frame 358: 29.53/78.01
  Frame 359: 29.47/78.07
  Frame 360: 29.42/77.99
  Frame 361: 29.38/77.97
  Frame 362: 29.30/78.04
  Frame 363: 29.25/78.05
  Frame 364: 29.18/78.02
  Frame 365: 29.14/78.01
  Frame 366: 29.08/78.17
  Frame 367: 29.03/78.23
  Frame 368: 28.94/78.11
  Frame 369: 28.90/78.14
  Frame 370: 28.82/78.16
  Frame 371: 28.79/78.16
  Frame 372: 28.73/78.30
  Frame 373: 28.66/78.27
  Frame 374: 28.63/78.24
  Frame 375: 28.60/78.34
  Frame 376: 28.61/78.36
  Frame 377: 28.63/78.49
  Frame 378: 28.61/78.59
  Frame 379: 28.61/78.62
  Frame 380: 28.61/78.58
  Frame 381: 28.71/78.72
  Frame 382: 28.77/78.66
  Frame 383: 28.72/78.86
  Frame 384: 28.80/78.98
  Frame 385: 28.84/79.10
  Frame 386: 28.86/79.11
  Frame 387: 28.95/79.15
  Frame 388: 29.05/79.16
  Frame 389: 29.14/79.23
  Frame 390: 29.15/79.28
  Frame 391: 29.23/79.29
  Frame 392: 29.36/79.35
  Frame 393: 29.51/79.67
  Frame 394: 29.66/80.19
  Frame 395: 29.78/80.85
  Frame 396: 29.95/81.36
  Frame 397: 30.09/81.26
  Frame 398: 30.08/81.42
  Frame 399: 30.24/81.73
  Frame 400: 30.43/82.41
  Frame 401: 30.51/82.64
  Frame 402: 30.69/82.91
  Frame 403: 30.92/83.78
  Frame 404: 31.02/84.08
  Frame 405: 31.22/84.17
  Frame 406: 31.34/84.17
  Frame 407: 31.56/84.35
  Frame 408: 31.73/84.44
  Frame 409: 31.99/85.48
  Frame 410: 32.14/85.68
  Frame 411: 32.27/85.85
  Frame 412: 32.51/86.30
  Frame 413: 32.81/87.02
  Frame 414: 32.91/87.11
  Frame 415: 33.06/87.04
  Frame 416: 33.20/87.74
  Frame 417: 33.33/87.53
  Frame 418: 33.45/87.84
  Frame 419: 33.61/88.30
  Frame 420: 33.73/88.23
  Frame 421: 33.83/88.27
  Frame 422: 33.91/88.04
  Frame 423: 34.00/88.13
  Frame 424: 34.15/88.44
  Frame 425: 34.29/88.62
  Frame 426: 34.41/88.47
  Frame 427: 34.53/88.43
  Frame 428: 34.66/88.89
  Frame 429: 34.75/88.54
  Frame 430: 34.83/88.05
  Frame 431: 34.91/88.58
  Frame 432: 34.93/88.39
  Frame 433: 34.99/88.28
  Frame 434: 34.96/87.63
  Frame 435: 35.03/87.67
  Frame 436: 35.05/87.66
  Frame 437: 35.04/87.45
  Frame 438: 35.11/87.72
  Frame 439: 35.10/88.26
  Frame 440: 35.14/87.96
  Frame 441: 35.15/87.37
  Frame 442: 35.19/87.31
  Frame 443: 35.18/87.74
  Frame 444: 35.22/87.03
  Frame 445: 35.26/87.35
  Frame 446: 35.30/88.40
  Frame 447: 35.29/88.56
  Frame 448: 35.34/89.00
  Frame 449: 35.35/90.21
  Frame 450: 35.35/92.03
  Frame 451: 35.29/91.66
  Frame 452: 35.34/90.62
  Frame 453: 35.31/91.20
  Frame 454: 35.32/90.82
  Frame 455: 35.29/91.69
  Frame 456: 35.30/91.52
  Frame 457: 35.32/91.31
  Frame 458: 35.34/90.90
  Frame 459: 35.29/91.12
  Frame 460: 35.31/90.73
  Frame 461: 35.26/90.26
  Frame 462: 35.25/90.62
  Frame 463: 35.25/91.11
  Frame 464: 35.24/91.24
  Frame 465: 35.19/91.82
  Frame 466: 35.16/91.34
  Frame 467: 35.15/92.29
  Frame 468: 35.08/92.47
  Frame 469: 35.05/92.43
  Frame 470: 34.99/92.71
  Frame 471: 34.98/93.06
  Frame 472: 34.87/92.77
  Frame 473: 34.82/92.51
  Frame 474: 34.77/92.80
  Frame 475: 34.71/93.24
  Frame 476: 34.64/92.94
  Frame 477: 34.59/92.98
  Frame 478: 34.54/93.08
  Frame 479: 34.49/92.96
  Frame 480: 34.44/93.18
  Frame 481: 34.42/93.55
  Frame 482: 34.36/93.13
  Frame 483: 34.32/93.25
  Frame 484: 34.29/93.32
  Frame 485: 34.23/93.29
  Frame 486: 34.21/93.72
  Frame 487: 34.16/93.31
  Frame 488: 34.14/93.42
  Frame 489: 34.09/93.36
  Frame 490: 34.07/93.57
  Frame 491: 34.01/93.53
  Frame 492: 34.01/93.56
  Frame 493: 33.99/93.37
  Frame 494: 33.96/93.47
  Frame 495: 33.95/93.58
  Frame 496: 33.92/93.47
  Frame 497: 33.93/93.72
  Frame 498: 33.93/93.64
  Frame 499: 33.92/93.78
  Frame 500: 33.91/93.83
  Frame 501: 33.95/93.99
  Frame 502: 33.97/94.16
  Frame 503: 33.94/94.32
  Frame 504: 33.95/94.51
  Frame 505: 33.96/94.66
  Frame 506: 33.96/94.43
  Frame 507: 33.96/94.51
  Frame 508: 34.02/94.50
  Frame 509: 34.01/94.38
  Frame 510: 33.99/94.39
  Frame 511: 34.04/94.53
  Frame 512: 34.03/94.44
  Frame 513: 34.07/94.43
  Frame 514: 34.14/94.52
  Frame 515: 34.12/94.66
  Frame 516: 34.18/94.70
  Frame 517: 34.16/94.53
  Frame 518: 34.26/94.75
  Frame 519: 34.25/94.55
  Frame 520: 34.28/94.47
  Frame 521: 34.33/94.32
  Frame 522: 34.35/94.07
  Frame 523: 34.40/94.12
  Frame 524: 34.45/94.17
  Frame 525: 34.50/94.24
  Frame 526: 34.55/94.24
  Frame 527: 34.59/93.96
  Frame 528: 34.61/94.12
  Frame 529: 34.66/94.19
  Frame 530: 34.69/94.23
  Frame 531: 34.70/94.23
  Frame 532: 34.72/94.48
  Frame 533: 34.73/94.45
  Frame 534: 34.72/94.55
  Frame 535: 34.72/94.67
  Frame 536: 34.68/94.82
  Frame 537: 34.66/94.83
  Frame 538: 34.62/94.90
  Frame 539: 34.56/94.96
  Frame 540: 34.56/94.86
  Frame 541: 34.52/94.84
  Frame 542: 34.47/94.97
  Frame 543: 34.44/94.88
  Frame 544: 34.39/94.99
  Frame 545: 34.34/94.94
  Frame 546: 34.30/94.99
  Frame 547: 34.25/94.94
  Frame 548: 34.21/95.09
  Frame 549: 34.20/94.96
  Frame 550: 34.16/94.99
  Frame 551: 34.10/95.38
  Frame 552: 34.08/95.39
  Frame 553: 34.05/95.64
  Frame 554: 34.01/95.60
  Frame 555: 34.07/95.72
  Frame 556: 34.05/95.56
  Frame 557: 34.01/95.47
  Frame 558: 33.98/95.55
  Frame 559: 33.98/95.69
  Frame 560: 33.98/95.96
  Frame 561: 34.01/95.86
  Frame 562: 34.00/95.90
  Frame 563: 33.99/95.71
  Frame 564: 34.01/95.88
  Frame 565: 34.00/95.89
  Frame 566: 34.02/95.68
  Frame 567: 34.07/96.09
  Frame 568: 34.13/95.85
  Frame 569: 34.12/95.83
  Frame 570: 34.10/95.87
  Frame 571: 34.15/95.96
  Frame 572: 34.19/96.53
  Frame 573: 34.23/96.25
  Frame 574: 34.31/96.20
  Frame 575: 34.29/96.17
  Frame 576: 34.33/96.34
  Frame 577: 34.41/96.39
  Frame 578: 34.47/96.61
  Frame 579: 34.49/97.18
  Frame 580: 34.57/97.06
  Frame 581: 34.66/96.86
  Frame 582: 34.76/96.98
  Frame 583: 34.79/96.73
  Frame 584: 34.90/96.80
  Frame 585: 34.99/96.74
  Frame 586: 35.12/96.90
  Frame 587: 35.14/97.00
  Frame 588: 35.16/97.09
  Frame 589: 35.23/97.23
  Frame 590: 35.29/96.66
  Frame 591: 35.34/96.18
  Frame 592: 35.40/95.86
  Frame 593: 35.46/95.92
  Frame 594: 35.55/95.87
  Frame 595: 35.66/94.65
  Frame 596: 35.74/94.64
  Frame 597: 35.80/94.40
  Frame 598: 35.89/93.60
  Frame 599: 36.02/93.56
  Frame 600: 36.06/93.91
  Frame 601: 36.24/93.10
  Frame 602: 36.34/92.89
  Frame 603: 36.40/93.39
  Frame 604: 36.52/92.22
  Frame 605: 36.72/92.84
  Frame 606: 36.80/93.47
  Frame 607: 36.94/95.02
  Frame 608: 37.09/95.25
  Frame 609: 37.27/96.35
  Frame 610: 37.42/97.21
  Frame 611: 37.53/98.34
  Frame 612: 37.72/99.58
  Frame 613: 37.89/100.85
  Frame 614: 38.03/101.21
  Frame 615: 38.12/101.79
  Frame 616: 38.24/102.77
  Frame 617: 38.31/103.08
  Frame 618: 38.42/104.21
  Frame 619: 38.47/104.30
  Frame 620: 38.52/104.27
  Frame 621: 38.55/104.40
  Frame 622: 38.52/104.20
  Frame 623: 38.54/104.34
  Frame 624: 38.61/104.34
  Frame 625: 38.59/104.38
  Frame 626: 38.62/104.35
  Frame 627: 38.58/103.98
  Frame 628: 38.62/104.12
  Frame 629: 38.62/104.61
  Frame 630: 38.66/104.56
  Frame 631: 38.66/104.68
  Frame 632: 38.62/104.21
  Frame 633: 38.62/104.03
  Frame 634: 38.61/103.67
  Frame 635: 38.57/103.52
  Frame 636: 38.54/103.84
  Frame 637: 38.47/103.58
  Frame 638: 38.43/103.28
  Frame 639: 38.36/102.86
  Frame 640: 38.31/102.38
  Frame 641: 38.19/102.15
  Frame 642: 38.09/101.55
  Frame 643: 38.02/101.08
  Frame 644: 37.93/100.68
  Frame 645: 37.85/100.28
  Frame 646: 37.74/99.71
  Frame 647: 37.59/99.03
  Frame 648: 37.52/98.67
  Frame 649: 37.41/98.03
  Frame 650: 37.27/97.51
  Frame 651: 37.19/96.85
  Frame 652: 37.10/96.09
  Frame 653: 36.97/95.22
  Frame 654: 36.83/94.47
  Frame 655: 36.67/93.84
  Frame 656: 36.52/93.09
  Frame 657: 36.40/92.28
  Frame 658: 36.29/92.11
  Frame 659: 36.13/91.46
  Frame 660: 35.99/90.41
  Frame 661: 35.87/89.74
  Frame 662: 35.81/88.35
  Frame 663: 35.62/87.51
  Frame 664: 35.50/87.43
  Frame 665: 35.43/87.77
  Frame 666: 35.33/86.68
  Frame 667: 35.29/87.27
  Frame 668: 35.17/88.34
  Frame 669: 35.12/89.43
  Frame 670: 35.06/89.90
  Frame 671: 34.99/89.92
  Frame 672: 34.92/90.14
  Frame 673: 34.91/89.58
  Frame 674: 34.87/89.89
  Frame 675: 34.83/89.95
  Frame 676: 34.77/90.03
  Frame 677: 34.72/90.25
  Frame 678: 34.72/91.01
  Frame 679: 34.68/90.78
  Frame 680: 34.67/90.98
  Frame 681: 34.63/90.72
  Frame 682: 34.61/91.59
  Frame 683: 34.58/91.74
  Frame 684: 34.51/91.80
  Frame 685: 34.48/91.42
  Frame 686: 34.45/92.13
  Frame 687: 34.43/92.20
  Frame 688: 34.40/91.90
  Frame 689: 34.38/92.58
  Frame 690: 34.36/92.41
  Frame 691: 34.32/92.49
  Frame 692: 34.29/92.61
  Frame 693: 34.27/92.72
  Frame 694: 34.25/92.91
  Frame 695: 34.22/93.40
  Frame 696: 34.20/93.49
  Frame 697: 34.20/93.67
  Frame 698: 34.21/93.94
  Frame 699: 34.18/93.84
  Frame 700: 34.17/93.84
  Frame 701: 34.17/93.79
  Frame 702: 34.16/93.87
  Frame 703: 34.17/93.93
  Frame 704: 34.17/93.85
  Frame 705: 34.18/93.83
  Frame 706: 34.19/94.04
  Frame 707: 34.17/93.96
  Frame 708: 34.21/94.27
  Frame 709: 34.23/94.40
  Frame 710: 34.22/94.33
  Frame 711: 34.28/94.94
  Frame 712: 34.25/94.81
  Frame 713: 34.35/95.12
  Frame 714: 34.36/95.18
  Frame 715: 34.38/95.17
  Frame 716: 34.40/95.18
  Frame 717: 34.47/95.35
  Frame 718: 34.49/95.26
  Frame 719: 34.51/95.05
  Frame 720: 34.62/95.30
  Frame 721: 34.60/95.28
  Frame 722: 34.63/95.31
  Frame 723: 34.68/95.26
  Frame 724: 34.72/95.25
  Frame 725: 34.76/95.08
  Frame 726: 34.80/95.05
  Frame 727: 34.84/94.93
  Frame 728: 34.88/94.82
  Frame 729: 34.91/94.83
  Frame 730: 34.97/94.66
  Frame 731: 34.98/94.59
  Frame 732: 34.99/94.48
  Frame 733: 35.00/94.45
  Frame 734: 35.00/94.54
  Frame 735: 35.00/94.50
  Frame 736: 34.99/94.34
  Frame 737: 34.99/94.32
  Frame 738: 34.96/94.28
  Frame 739: 34.93/94.21
  Frame 740: 34.91/94.17
  Frame 741: 34.89/94.05
  Frame 742: 34.85/94.04
  Frame 743: 34.82/93.99
  Frame 744: 34.79/93.99
  Frame 745: 34.77/94.06
  Frame 746: 34.73/94.06
  Frame 747: 34.71/94.13
  Frame 748: 34.67/94.24
  Frame 749: 34.64/94.30
  Frame 750: 34.60/94.39
  Frame 751: 34.56/94.49
  Frame 752: 34.53/94.50
  Frame 753: 34.50/94.74
  Frame 754: 34.47/94.97
  Frame 755: 34.44/95.04
  Frame 756: 34.41/95.12
  Frame 757: 34.38/95.25
  Frame 758: 34.35/95.45
  Frame 759: 34.32/95.67
  Frame 760: 34.33/95.44
  Frame 761: 34.29/95.58
  Frame 762: 34.31/95.74
  Frame 763: 34.27/95.92
  Frame 764: 34.24/95.86
  Frame 765: 34.26/96.09
  Frame 766: 34.26/96.08
  Frame 767: 34.23/96.12
  Frame 768: 34.22/96.19
  Frame 769: 34.24/96.45
  Frame 770: 34.19/96.24
  Frame 771: 34.17/96.08
  Frame 772: 34.21/96.14
  Frame 773: 34.21/96.27
  Frame 774: 34.21/96.16
  Frame 775: 34.17/96.33
  Frame 776: 34.19/96.62
  Frame 777: 34.13/96.45
  Frame 778: 34.18/96.72
  Frame 779: 34.17/96.87
  Frame 780: 34.18/96.77
  Frame 781: 34.20/96.72
  Frame 782: 34.26/96.90
  Frame 783: 34.30/96.78
  Frame 784: 34.30/96.54
  Frame 785: 34.31/96.52
  Frame 786: 34.42/97.06
  Frame 787: 34.43/97.38
  Frame 788: 34.47/97.17
  Frame 789: 34.50/96.92
  Frame 790: 34.55/96.78
  Frame 791: 34.63/96.70
  Frame 792: 34.72/97.32
  Frame 793: 34.77/97.11
  Frame 794: 34.88/97.38
  Frame 795: 35.00/97.41
  Frame 796: 35.04/97.19
  Frame 797: 35.13/97.11
  Frame 798: 35.24/97.18
  Frame 799: 35.29/96.35
  Frame 800: 35.33/96.33
  Frame 801: 35.43/96.53
  Frame 802: 35.48/96.53
  Frame 803: 35.58/96.37
  Frame 804: 35.63/96.77
  Frame 805: 35.72/96.51
  Frame 806: 35.72/97.02
  Frame 807: 35.84/96.07
  Frame 808: 35.90/96.36
  Frame 809: 35.97/96.99
  Frame 810: 36.00/96.27
  Frame 811: 36.08/95.28
  Frame 812: 36.14/95.54
  Frame 813: 36.19/95.53
  Frame 814: 36.23/95.22
  Frame 815: 36.34/93.79
  Frame 816: 36.40/94.00
  Frame 817: 36.49/93.34
  Frame 818: 36.58/92.99
  Frame 819: 36.65/92.83
  Frame 820: 36.79/93.44
  Frame 821: 36.94/94.13
  Frame 822: 37.01/95.02
  Frame 823: 37.15/95.38
  Frame 824: 37.28/96.60
  Frame 825: 37.33/96.66
  Frame 826: 37.48/97.53
  Frame 827: 37.58/97.93
  Frame 828: 37.66/98.95
  Frame 829: 37.60/98.28
  Frame 830: 37.61/98.39
  Frame 831: 37.63/98.37
  Frame 832: 37.70/99.20
  Frame 833: 37.65/98.53
  Frame 834: 37.57/98.55
  Frame 835: 37.58/99.00
  Frame 836: 37.59/98.79
  Frame 837: 37.61/98.82
  Frame 838: 37.58/99.14
  Frame 839: 37.63/99.19
  Frame 840: 37.55/99.23
  Frame 841: 37.55/99.24
  Frame 842: 37.54/99.10
  Frame 843: 37.56/98.85
  Frame 844: 37.54/98.74
  Frame 845: 37.55/98.69
  Frame 846: 37.51/98.06
  Frame 847: 37.42/97.93
  Frame 848: 37.41/97.54
  Frame 849: 37.39/97.37
  Frame 850: 37.34/97.11
  Frame 851: 37.29/96.67
  Frame 852: 37.25/96.18
  Frame 853: 37.16/95.85
  Frame 854: 37.11/95.32
  Frame 855: 37.09/94.49
  Frame 856: 36.98/94.21
  Frame 857: 36.95/94.32
  Frame 858: 36.81/93.87
  Frame 859: 36.75/93.88
  Frame 860: 36.66/93.34
  Frame 861: 36.54/92.80
  Frame 862: 36.42/92.67
  Frame 863: 36.39/92.46
  Frame 864: 36.32/92.98
  Frame 865: 36.26/92.86
  Frame 866: 36.19/92.32
  Frame 867: 36.10/92.66
  Frame 868: 36.07/92.71
  Frame 869: 35.91/92.68
  Frame 870: 35.74/92.79
  Frame 871: 35.66/92.13
  Frame 872: 35.56/92.16
  Frame 873: 35.48/92.16
  Frame 874: 35.37/91.95
  Frame 875: 35.12/91.13
  Frame 876: 35.00/91.06
  Frame 877: 34.88/90.16
  Frame 878: 34.77/90.20
  Frame 879: 34.66/90.10
  Frame 880: 34.55/89.59
  Frame 881: 34.47/89.69
  Frame 882: 34.40/89.39
  Frame 883: 34.28/89.30
  Frame 884: 34.05/88.91
  Frame 885: 33.90/88.57
  Frame 886: 33.76/87.99
  Frame 887: 33.61/87.54
  Frame 888: 33.50/87.11
  Frame 889: 33.41/87.09
  Frame 890: 33.34/86.44
  Frame 891: 33.20/86.06
  Frame 892: 33.09/86.13
  Frame 893: 32.95/85.63
  Frame 894: 32.83/85.42
  Frame 895: 32.66/85.00
  Frame 896: 32.57/84.65
  Frame 897: 32.46/84.53
  Frame 898: 32.39/84.53
  Frame 899: 32.23/84.28
  Frame 900: 32.07/83.93
  Frame 901: 31.93/83.32
  Frame 902: 31.80/82.94
  Frame 903: 31.62/81.64
  Frame 904: 31.49/81.23
  Frame 905: 31.32/81.10
  Frame 906: 31.18/80.92
  Frame 907: 31.03/80.79
  Frame 908: 30.88/80.73
  Frame 909: 30.78/80.77
  Frame 910: 30.70/80.70
  Frame 911: 30.56/80.69
  Frame 912: 30.41/80.51
  Frame 913: 30.28/80.40
  Frame 914: 30.20/80.39
  Frame 915: 30.09/80.49
  Frame 916: 30.04/80.40
  Frame 917: 29.95/80.42
  Frame 918: 29.89/80.34
  Frame 919: 29.82/80.17
  Frame 920: 29.71/80.25
  Frame 921: 29.63/80.18
  Frame 922: 29.58/80.17
  Frame 923: 29.57/80.04
  Frame 924: 29.54/80.08
  Frame 925: 29.50/80.09
  Frame 926: 29.47/79.94
  Frame 927: 29.44/79.99
  Frame 928: 29.42/79.95
  Frame 929: 29.35/79.86
  Frame 930: 29.34/79.78
  Frame 931: 29.14/79.84
  Frame 932: 28.97/79.88
  Frame 933: 28.93/79.91
  Frame 934: 28.92/79.88
  Frame 935: 28.91/79.89
  Frame 936: 28.89/79.82
  Frame 937: 28.88/79.76
  Frame 938: 28.88/79.78
  Frame 939: 28.88/79.84
  Frame 940: 28.84/79.72
  Frame 941: 28.84/79.71
  Frame 942: 28.85/79.64
  Frame 943: 28.84/79.53
  Frame 944: 28.83/79.50
  Frame 945: 28.82/79.41
  Frame 946: 28.85/79.34
  Frame 947: 28.85/79.31
  Frame 948: 28.86/79.22
  Frame 949: 28.86/79.23
  Frame 950: 28.90/79.26
  Frame 951: 28.93/79.21
  Frame 952: 28.97/79.21
  Frame 953: 29.02/79.12
  Frame 954: 29.03/79.17
  Frame 955: 29.06/79.12
  Frame 956: 29.09/79.06
  Frame 957: 29.13/79.12
  Frame 958: 29.14/79.14
  Frame 959: 29.19/79.00
  Frame 960: 29.23/78.92
  Frame 961: 29.25/78.86
  Frame 962: 29.26/78.87
  Frame 963: 29.31/78.82
  Frame 964: 29.35/78.82
  Frame 965: 29.37/78.75
  Frame 966: 29.39/78.76
  Frame 967: 29.41/78.72
  Frame 968: 29.42/78.73
  Frame 969: 29.40/78.69
  Frame 970: 29.43/78.65
  Frame 971: 29.44/78.68
  Frame 972: 29.45/78.64
  Frame 973: 29.46/78.61
  Frame 974: 29.47/78.55
  Frame 975: 29.47/78.58
  Frame 976: 29.48/78.61
  Frame 977: 29.48/78.58
  Frame 978: 29.51/78.63
  Frame 979: 29.50/78.62
  Frame 980: 29.51/78.62
  Frame 981: 29.52/78.71
  Frame 982: 29.52/78.71
  Frame 983: 29.53/78.69
  Frame 984: 29.54/78.68
  Frame 985: 29.54/78.73
  Frame 986: 29.55/78.66
  Frame 987: 29.56/78.64
  Frame 988: 29.56/78.75
  Frame 989: 29.57/78.79
  Frame 990: 29.58/78.77
  Frame 991: 29.58/78.81
  Frame 992: 29.58/78.79
  Frame 993: 29.59/78.80
  Frame 994: 29.59/78.81
  Frame 995: 29.60/78.78
  Frame 996: 29.61/78.82
  Frame 997: 29.61/78.85
  Frame 998: 29.61/78.87
  Frame 999: 29.61/78.84
  Frame 1000: 29.61/78.81
  Frame 1001: 29.62/78.80
  Frame 1002: 29.62/78.80
  Frame 1003: 29.63/78.78
  Frame 1004: 29.63/78.79
  Frame 1005: 29.63/78.82
  Frame 1006: 29.64/78.77
  Frame 1007: 29.65/78.76
  Frame 1008: 29.65/78.76
  Frame 1009: 29.66/78.75
  Frame 1010: 29.67/78.74
  Frame 1011: 29.67/78.77
  Frame 1012: 29.67/78.74
  Frame 1013: 29.68/78.77
  Frame 1014: 29.68/78.78
  Frame 1015: 29.68/78.76
  Frame 1016: 29.69/78.80
  Frame 1017: 29.70/78.76
  Frame 1018: 29.71/78.80
  Frame 1019: 29.71/78.80
  Frame 1020: 29.72/78.88
  Frame 1021: 29.72/78.85
  Frame 1022: 29.73/78.88
  Frame 1023: 29.73/78.88
  Frame 1024: 29.73/78.85
  Frame 1025: 29.74/78.86
  Frame 1026: 29.74/78.86
  Frame 1027: 29.75/78.83
  Frame 1028: 29.75/78.80
  Frame 1029: 29.75/78.78
  Frame 1030: 29.75/78.79
  Frame 1031: 29.76/78.80
  Frame 1032: 29.76/78.78
  Frame 1033: 29.76/78.77
  Frame 1034: 29.77/78.76
  Frame 1035: 29.77/78.72
  Frame 1036: 29.77/78.71
  Frame 1037: 29.77/78.72
  Frame 1038: 29.77/78.70
  Frame 1039: 29.78/78.68
  Frame 1040: 29.78/78.67
  Frame 1041: 29.78/78.64
  Frame 1042: 29.78/78.67
  Frame 1043: 29.79/78.67
  Frame 1044: 29.79/78.68
  Frame 1045: 29.79/78.68
  Frame 1046: 29.79/78.68
  Frame 1047: 29.79/78.70
  Frame 1048: 29.78/78.71
  Frame 1049: 29.77/78.77
  Frame 1050: 29.77/78.75
  Frame 1051: 29.77/78.77
  Frame 1052: 29.76/78.74
  Frame 1053: 29.77/78.70
  Frame 1054: 29.76/78.71
  Frame 1055: 29.75/78.72
  Frame 1056: 29.76/78.71
  Frame 1057: 29.75/78.72
  Frame 1058: 29.75/78.72
  Frame 1059: 29.75/78.70
  Frame 1060: 29.74/78.69
  Frame 1061: 29.74/78.69
  Frame 1062: 29.75/78.69
  Frame 1063: 29.74/78.70
  Frame 1064: 29.74/78.69
  Frame 1065: 29.74/78.71
  Frame 1066: 29.73/78.71
  Frame 1067: 29.73/78.72
  Frame 1068: 29.73/78.70
  Frame 1069: 29.73/78.70
  Frame 1070: 29.73/78.72
  Frame 1071: 29.73/78.73
  Frame 1072: 29.72/78.74
  Frame 1073: 29.72/78.75
  Frame 1074: 29.72/78.74
  Frame 1075: 29.72/78.72
  Frame 1076: 29.72/78.70
  Frame 1077: 29.72/78.70
  Frame 1078: 29.72/78.70
  Frame 1079: 29.72/78.73
  Frame 1080: 29.72/78.72
  Frame 1081: 29.72/78.70
  Frame 1082: 29.73/78.67
  Frame 1083: 29.73/78.69
  Frame 1084: 29.73/78.75
  Frame 1085: 29.73/78.77
  Frame 1086: 29.73/78.79
  Frame 1087: 29.73/78.79
  Frame 1088: 29.73/78.76
  Frame 1089: 29.73/78.75
  Frame 1090: 29.73/78.81
  Frame 1091: 29.73/78.78
  Frame 1092: 29.73/78.77
  Frame 1093: 29.73/78.80
  Frame 1094: 29.73/78.81
  Frame 1095: 29.73/78.82
  Frame 1096: 29.73/78.83
  Frame 1097: 29.74/78.84
  Frame 1098: 29.74/78.82
  Frame 1099: 29.74/78.81
  Frame 1100: 29.74/78.83
  Frame 1101: 29.75/78.86
  Frame 1102: 29.75/78.85
  Frame 1103: 29.75/78.88
  Frame 1104: 29.75/78.87
  Frame 1105: 29.76/78.88
  Frame 1106: 29.76/78.91
  Frame 1107: 29.77/78.91
  Frame 1108: 29.77/78.94
  Frame 1109: 29.77/78.88
  Frame 1110: 29.77/78.91
  Frame 1111: 29.78/78.90
  Frame 1112: 29.77/78.90
  Frame 1113: 29.77/78.95
  Frame 1114: 29.77/78.89
  Frame 1115: 29.76/78.90
  Frame 1116: 29.74/78.92
  Frame 1117: 29.73/78.89
  Frame 1118: 29.71/78.87
  Frame 1119: 29.68/78.85
  Frame 1120: 29.66/78.81
  Frame 1121: 29.64/78.79
  Frame 1122: 29.61/78.84
  Frame 1123: 29.57/78.84
  Frame 1124: 29.56/78.80
  Frame 1125: 29.53/78.76
  Frame 1126: 29.49/78.75
  Frame 1127: 29.45/78.74
  Frame 1128: 29.41/78.74
  Frame 1129: 29.37/78.64
  Frame 1130: 29.33/78.65
  Frame 1131: 29.27/78.66
  Frame 1132: 29.23/78.61
  Frame 1133: 29.18/78.57
  Frame 1134: 29.12/78.49
  Frame 1135: 29.06/78.55
  Frame 1136: 29.01/78.59
  Frame 1137: 28.96/78.65
  Frame 1138: 28.91/78.78
  Frame 1139: 28.85/78.81
  Frame 1140: 28.80/78.95
  Frame 1141: 28.77/79.02
  Frame 1142: 28.73/79.13
  Frame 1143: 28.74/79.18
  Frame 1144: 28.78/79.16
  Frame 1145: 28.78/79.20
  Frame 1146: 28.80/79.36
  Frame 1147: 28.80/79.36
  Frame 1148: 28.81/79.46
  Frame 1149: 28.81/79.57
  Frame 1150: 28.81/79.69
  Frame 1151: 28.80/79.77
  Frame 1152: 28.82/79.79
  Frame 1153: 28.83/79.91
  Frame 1154: 28.84/80.17
  Frame 1155: 28.87/80.24
  Frame 1156: 28.90/80.27
  Frame 1157: 28.95/80.34
  Frame 1158: 29.01/80.37
  Frame 1159: 29.09/80.43
  Frame 1160: 29.17/80.24
  Frame 1161: 29.26/80.34
  Frame 1162: 29.34/80.43
  Frame 1163: 29.45/80.46
  Frame 1164: 29.55/80.59
  Frame 1165: 29.70/80.58
  Frame 1166: 29.76/80.56
  Frame 1167: 29.91/81.33
  Frame 1168: 30.04/81.92
  Frame 1169: 30.21/82.68
  Frame 1170: 30.37/83.53
  Frame 1171: 30.52/84.13
  Frame 1172: 30.71/84.57
  Frame 1173: 30.88/84.92
  Frame 1174: 31.06/85.34
  Frame 1175: 31.23/86.06
  Frame 1176: 31.43/86.14
  Frame 1177: 31.66/87.17
  Frame 1178: 31.81/87.51
  Frame 1179: 32.02/88.07
  Frame 1180: 32.25/88.78
  Frame 1181: 32.42/89.23
  Frame 1182: 32.63/89.68
  Frame 1183: 32.73/89.84
  Frame 1184: 32.87/90.25
  Frame 1185: 33.01/90.40
  Frame 1186: 33.13/90.84
  Frame 1187: 33.27/91.18
  Frame 1188: 33.38/91.26
  Frame 1189: 33.53/92.39
  Frame 1190: 33.69/92.78
  Frame 1191: 33.81/93.07
  Frame 1192: 33.90/93.55
  Frame 1193: 34.06/93.87
  Frame 1194: 34.05/93.82
  Frame 1195: 34.17/94.09
  Frame 1196: 34.27/94.52
  Frame 1197: 34.36/95.28
  Frame 1198: 34.43/95.36
  Frame 1199: 34.53/95.53
  Frame 1200: 34.61/95.64
  Frame 1201: 34.65/95.83
  Frame 1202: 34.72/95.92
  Frame 1203: 34.83/96.33
  Frame 1204: 34.94/96.62
  Frame 1205: 35.02/96.87
  Frame 1206: 35.10/96.96
  Frame 1207: 35.13/96.54
  Frame 1208: 35.22/97.12
  Frame 1209: 35.26/97.31
  Frame 1210: 35.32/97.68
  Frame 1211: 35.36/97.63
  Frame 1212: 35.40/98.08
  Frame 1213: 35.45/98.54
  Frame 1214: 35.53/98.99
  Frame 1215: 35.52/99.18
  Frame 1216: 35.58/99.48
  Frame 1217: 35.66/99.80
  Frame 1218: 35.66/99.70
  Frame 1219: 35.71/99.61
  Frame 1220: 35.74/100.06
  Frame 1221: 35.80/100.58
  Frame 1222: 35.86/100.72
  Frame 1223: 35.88/100.44
  Frame 1224: 35.89/100.93
  Frame 1225: 35.93/100.83
  Frame 1226: 35.97/101.43
  Frame 1227: 36.02/101.61
  Frame 1228: 36.07/101.84
  Frame 1229: 36.06/102.95
  Frame 1230: 36.09/103.60
  Frame 1231: 36.13/103.56
  Frame 1232: 36.12/104.39
  Frame 1233: 36.12/105.18
  Frame 1234: 36.15/105.74
  Frame 1235: 36.16/106.06
  Frame 1236: 36.13/106.86
  Frame 1237: 36.14/107.31
  Frame 1238: 36.15/107.72
  Frame 1239: 36.17/107.92
  Frame 1240: 36.17/108.50
  Frame 1241: 36.20/108.56
  Frame 1242: 36.19/109.38
  Frame 1243: 36.24/109.19
  Frame 1244: 36.26/109.38
  Frame 1245: 36.13/109.66
  Frame 1246: 36.17/109.70
  Frame 1247: 36.14/110.19
  Frame 1248: 36.16/110.45
  Frame 1249: 36.15/110.96
  Frame 1250: 36.18/111.02
  Frame 1251: 36.20/111.13
  Frame 1252: 36.20/111.43
  Frame 1253: 36.22/111.95
  Frame 1254: 36.24/111.99
  Frame 1255: 36.25/112.24
  Frame 1256: 36.28/112.32
  Frame 1257: 36.25/112.53
  Frame 1258: 36.25/112.82
  Frame 1259: 36.26/112.94
  Frame 1260: 36.27/112.93
  Frame 1261: 36.26/113.05
  Frame 1262: 36.25/113.42
  Frame 1263: 36.23/113.36
  Frame 1264: 36.23/113.45
  Frame 1265: 36.23/113.45
  Frame 1266: 36.21/113.61
  Frame 1267: 36.21/113.52
  Frame 1268: 36.21/113.70
  Frame 1269: 36.20/113.99
  Frame 1270: 36.20/114.05
  Frame 1271: 36.21/114.00
  Frame 1272: 36.20/114.00
  Frame 1273: 36.21/114.07
  Frame 1274: 36.21/114.08
  Frame 1275: 36.21/114.08
  Frame 1276: 36.21/114.23
  Frame 1277: 36.20/114.23
  Frame 1278: 36.21/114.20
  Frame 1279: 36.21/114.30
  Frame 1280: 36.21/114.28
  Frame 1281: 36.21/114.28
  Frame 1282: 36.21/114.29
  Frame 1283: 36.21/114.22
  Frame 1284: 36.20/114.16
  Frame 1285: 36.20/114.23
  Frame 1286: 36.19/114.22
  Frame 1287: 36.19/114.17
  Frame 1288: 36.19/114.23
  Frame 1289: 36.19/114.15
  Frame 1290: 36.19/114.10
  Frame 1291: 36.19/114.07
  Frame 1292: 36.20/113.93
  Frame 1293: 36.19/113.99
  Frame 1294: 36.20/113.97
  Frame 1295: 36.20/113.91
  Frame 1296: 36.21/113.89
  Frame 1297: 36.20/113.93
  Frame 1298: 36.22/113.86
  Frame 1299: 36.22/113.82
  Frame 1300: 36.22/113.77
  Frame 1301: 36.22/113.72
  Frame 1302: 36.23/113.75
  Frame 1303: 36.23/113.64
  Frame 1304: 36.23/113.61
  Frame 1305: 36.24/113.53
  Frame 1306: 36.23/113.51
  Frame 1307: 36.23/113.49
  Frame 1308: 36.24/113.40

The following line contains the information from above in a machine-readable format and can safely be ignored.
MMT/convert_db:{"subject_conversion_error": [[41.0982, 106.241], [40.8504, 105.716], [40.8243, 105.39], [40.8042, 105.307], [40.7543, 105.092], [40.7521, 104.972], [40.7449, 104.903], [40.7171, 104.885], [40.7068, 104.689], [40.7034, 104.457], [40.6928, 104.45], [40.6788, 104.377], [40.6686, 104.383], [40.6719, 104.268], [40.6245, 104.266], [40.6303, 104.2], [40.6128, 104.183], [40.5925, 104.16], [40.5767, 104.234], [40.5628, 104.275], [40.5511, 104.25], [40.5487, 104.18], [40.5389, 104.176], [40.5225, 104.203], [40.513, 104.213], [40.4992, 104.219], [40.4951, 104.236], [40.4865, 104.149], [40.4648, 104.172], [40.4505, 104.235], [40.438, 104.219], [40.4274, 104.166], [40.4196, 104.151], [40.4147, 104.185], [40.406, 104.194], [40.3923, 104.21], [40.3822, 104.21], [40.3712, 104.208], [40.356, 104.243], [40.3482, 104.22], [40.3301, 104.234], [40.3366, 104.229], [40.3274, 104.172], [40.3102, 104.191], [40.3036, 104.245], [40.2988, 104.203], [40.297, 104.178], [40.2769, 104.215], [40.2736, 104.153], [40.2545, 104.23], [40.2328, 104.233], [40.2336, 104.19], [40.2212, 104.169], [40.2207, 104.206], [40.208, 104.138], [40.2072, 104.115], [40.204, 104.184], [40.1949, 104.259], [40.1919, 104.262], [40.1836, 104.327], [40.1615, 104.283], [40.1569, 104.222], [40.1463, 104.231], [40.1183, 104.299], [40.1166, 104.243], [40.101, 104.288], [40.0941, 104.366], [40.0846, 104.316], [40.0822, 104.431], [40.0734, 104.494], [40.0666, 104.626], [40.051, 104.648], [40.0311, 104.702], [40.0241, 104.929], [40.0213, 105.06], [40.0242, 105.112], [40.0103, 105.226], [40.0018, 105.252], [39.9981, 105.328], [39.9919, 105.393], [39.9833, 105.49], [39.9712, 105.584], [39.9558, 105.592], [39.9466, 105.71], [39.9366, 105.77], [39.9126, 105.81], [39.9036, 105.892], [39.9013, 105.862], [39.8751, 106.019], [39.868, 105.956], [39.879, 105.876], [39.8757, 105.952], [39.8587, 105.943], [39.8304, 106.24], [39.802, 106.098], [39.7938, 105.991], [39.7896, 106.078], [39.7527, 106.041], [39.7346, 105.706], [39.714, 105.613], [39.6659, 105.701], [39.6109, 105.727], [39.5907, 105.785], [39.5392, 105.497], [39.5205, 105.222], [39.4658, 105.299], [39.4105, 105.604], [39.368, 105.473], [39.3359, 105.483], [39.2565, 105.418], [39.2175, 105.548], [39.1093, 105.857], [39.0242, 105.658], [38.9562, 104.584], [38.9199, 104.554], [38.8602, 104.65], [38.7985, 104.788], [38.7602, 104.728], [38.7103, 104.439], [38.5941, 104.311], [38.5292, 104.261], [38.3319, 104.115], [38.2455, 103.476], [38.162, 103.428], [38.1055, 102.985], [38.0133, 102.797], [37.9401, 102.509], [37.8359, 102.207], [37.7433, 101.316], [37.6076, 101.175], [37.536, 100.034], [37.4431, 99.4541], [37.3236, 99.2303], [37.2051, 99.4592], [37.0533, 99.0971], [36.9315, 98.9842], [36.7869, 98.7023], [36.6735, 98.59], [36.5058, 98.6519], [36.3474, 98.466], [36.2439, 98.0883], [36.08, 98.0438], [35.9514, 97.2659], [35.745, 96.7788], [35.6313, 96.2635], [35.425, 96.354], [35.2738, 96.1917], [35.1715, 95.9435], [34.9989, 95.4423], [34.8342, 95.0866], [34.6762, 94.5767], [34.5665, 94.536], [34.3704, 94.3452], [34.2193, 94.0726], [34.0895, 93.7697], [33.9009, 93.0162], [33.734, 92.8664], [33.5181, 92.2135], [33.4032, 91.8836], [33.2512, 91.4431], [33.042, 91.259], [32.8618, 90.7833], [32.7287, 90.3325], [32.5098, 89.8958], [32.3406, 89.8662], [32.1926, 89.4361], [32.0018, 89.0331], [31.8634, 89.0744], [31.7018, 88.5622], [31.516, 88.2115], [31.3617, 87.6829], [31.1668, 87.435], [30.9872, 86.5658], [30.8762, 86.4174], [30.6876, 85.8631], [30.528, 85.1109], [30.4049, 84.496], [30.2701, 84.1241], [30.109, 83.0562], [29.7718, 81.0256], [29.5873, 80.02], [29.4294, 79.1113], [29.3493, 78.6796], [29.2045, 78.5945], [29.1377, 78.6653], [29.0953, 78.511], [29.0613, 78.4268], [29.0348, 78.4451], [29.0101, 78.2665], [28.97, 78.1376], [28.9503, 78.1626], [28.9375, 78.0668], [28.893, 77.9332], [28.8865, 77.8472], [28.9, 77.8438], [28.8689, 77.7964], [28.8824, 77.6946], [28.8904, 77.6294], [28.8862, 77.6096], [28.9165, 77.5183], [28.9424, 77.5436], [28.9785, 77.5377], [29.0297, 77.4865], [29.0726, 77.3831], [29.1195, 77.3092], [29.161, 77.3591], [29.2014, 77.3817], [29.2214, 77.3367], [29.251, 77.4262], [29.2592, 77.3959], [29.2863, 77.2783], [29.2975, 77.4057], [29.3305, 77.3587], [29.3485, 77.3853], [29.3744, 77.389], [29.4023, 77.2719], [29.4261, 77.2617], [29.4541, 77.2735], [29.4869, 77.197], [29.5164, 77.2744], [29.5483, 77.2719], [29.5756, 77.2783], [29.6252, 77.2353], [29.6499, 77.2733], [29.6806, 77.189], [29.6865, 77.1506], [29.7023, 77.1628], [29.7207, 77.145], [29.7464, 77.1401], [29.7515, 77.1095], [29.7559, 77.1408], [29.765, 77.19], [29.7703, 77.2017], [29.7807, 77.2387], [29.7909, 77.2863], [29.7965, 77.3339], [29.8086, 77.3988], [29.8221, 77.4655], [29.833, 77.5602], [29.847, 77.6684], [29.8641, 77.752], [29.8795, 77.8406], [29.8948, 77.9176], [29.9178, 78.0053], [29.9268, 78.0766], [29.9391, 78.1184], [29.9514, 78.174], [29.9616, 78.2121], [29.9693, 78.2154], [29.9695, 78.2457], [29.974, 78.2513], [29.9752, 78.2674], [29.9741, 78.2952], [29.9798, 78.2879], [29.976, 78.2879], [29.9772, 78.2864], [29.9784, 78.2739], [29.9759, 78.2707], [29.9831, 78.2603], [29.9783, 78.2854], [29.9859, 78.2451], [29.9873, 78.2387], [29.9925, 78.2465], [29.9895, 78.2683], [29.9918, 78.2639], [29.9889, 78.2723], [29.9986, 78.2952], [30.0, 78.2933], [30.002, 78.2834], [29.9963, 78.2822], [29.9931, 78.2747], [29.994, 78.2755], [29.9882, 78.265], [29.9844, 78.2502], [29.9752, 78.2641], [29.9759, 78.2737], [29.9724, 78.2707], [29.963, 78.2697], [29.9599, 78.2755], [29.9578, 78.2895], [29.9524, 78.2826], [29.956, 78.299], [29.9553, 78.3112], [29.959, 78.3218], [29.9616, 78.3243], [29.9627, 78.3401], [29.9706, 78.3444], [29.9723, 78.3537], [29.9743, 78.369], [29.9725, 78.3761], [29.9729, 78.3655], [29.9736, 78.3596], [29.9765, 78.3381], [29.9773, 78.3259], [29.9735, 78.3218], [29.9692, 78.3091], [29.9749, 78.2983], [29.9695, 78.2874], [29.9726, 78.2815], [29.9745, 78.2821], [29.966, 78.275], [29.9597, 78.2586], [29.948, 78.2555], [29.9322, 78.2593], [29.9228, 78.247], [29.9062, 78.2324], [29.9068, 78.1973], [29.8954, 78.1932], [29.8999, 78.1747], [29.8958, 78.1488], [29.8939, 78.1406], [29.8979, 78.1174], [29.9023, 78.0812], [29.9026, 78.053], [29.908, 78.0242], [29.9151, 78.0094], [29.9101, 78.0159], [29.9159, 77.989], [29.9184, 77.9919], [29.9148, 77.9736], [29.9164, 77.9479], [29.9155, 77.9226], [29.9099, 77.9105], [29.9068, 77.8932], [29.9105, 77.8601], [29.9124, 77.8511], [29.9173, 77.8179], [29.9179, 77.9121], [29.9188, 77.9049], [29.9287, 77.9085], [29.9382, 77.9311], [29.9398, 77.9123], [29.959, 77.9256], [29.9599, 77.9439], [29.9691, 77.9537], [29.975, 77.9456], [29.9701, 77.9148], [29.9664, 77.9069], [29.9591, 77.9611], [29.9396, 77.9532], [29.9237, 77.8936], [29.9156, 77.9454], [29.8945, 77.9199], [29.8813, 77.8583], [29.8731, 77.7774], [29.8644, 77.9145], [29.8613, 77.9223], [29.8524, 77.9165], [29.8271, 77.95], [29.8209, 77.8359], [29.8013, 77.817], [29.7908, 77.8824], [29.7651, 77.8451], [29.713, 77.8715], [29.701, 77.9741], [29.6621, 77.9144], [29.6172, 77.9877], [29.5678, 78.0786], [29.5296, 78.0069], [29.4715, 78.0652], [29.4229, 77.9902], [29.3773, 77.97], [29.3002, 78.0415], [29.253, 78.0476], [29.1842, 78.0182], [29.1448, 78.0075], [29.0808, 78.1709], [29.0312, 78.2298], [28.9355, 78.1076], [28.8963, 78.1369], [28.8194, 78.1559], [28.7935, 78.1561], [28.7261, 78.297], [28.6615, 78.2683], [28.6311, 78.2433], [28.6021, 78.3379], [28.6138, 78.36], [28.6309, 78.492], [28.6077, 78.5923], [28.6145, 78.6158], [28.6115, 78.5781], [28.7104, 78.7203], [28.7685, 78.6565], [28.7204, 78.8641], [28.796, 78.985], [28.8411, 79.1019], [28.8616, 79.1127], [28.9459, 79.1506], [29.0479, 79.1552], [29.1369, 79.2256], [29.1457, 79.2807], [29.2338, 79.2935], [29.3631, 79.3493], [29.5124, 79.6719], [29.6642, 80.1871], [29.7821, 80.8455], [29.9467, 81.3625], [30.0894, 81.2563], [30.0821, 81.4186], [30.2373, 81.7331], [30.433, 82.4089], [30.506, 82.6405], [30.6915, 82.9112], [30.9231, 83.7759], [31.0175, 84.0798], [31.2163, 84.1719], [31.3355, 84.1668], [31.5585, 84.3481], [31.7303, 84.4382], [31.9926, 85.4825], [32.1446, 85.6777], [32.2675, 85.8495], [32.5127, 86.3027], [32.8133, 87.0236], [32.9113, 87.1091], [33.0618, 87.0406], [33.2036, 87.7424], [33.331, 87.5268], [33.452, 87.8437], [33.6078, 88.3031], [33.7341, 88.2282], [33.8336, 88.2655], [33.9079, 88.0433], [34.0016, 88.1324], [34.1539, 88.437], [34.2886, 88.6181], [34.4091, 88.4666], [34.5343, 88.4327], [34.6585, 88.8898], [34.7535, 88.5409], [34.8328, 88.0527], [34.9144, 88.584], [34.9277, 88.3891], [34.9891, 88.2751], [34.9605, 87.6292], [35.0318, 87.673], [35.0539, 87.6645], [35.0433, 87.4505], [35.1071, 87.7178], [35.1044, 88.2604], [35.1358, 87.9609], [35.1461, 87.3747], [35.1914, 87.312], [35.1798, 87.7351], [35.2191, 87.0255], [35.2611, 87.3517], [35.3045, 88.4006], [35.2879, 88.5624], [35.3413, 89.0042], [35.3493, 90.2075], [35.3464, 92.0298], [35.288, 91.6592], [35.3436, 90.6235], [35.3113, 91.2049], [35.3206, 90.8179], [35.2949, 91.6877], [35.296, 91.5206], [35.3153, 91.3139], [35.336, 90.9044], [35.2929, 91.1217], [35.3091, 90.7309], [35.2564, 90.2551], [35.2545, 90.6182], [35.2487, 91.1096], [35.2402, 91.2368], [35.19, 91.821], [35.1577, 91.3375], [35.1497, 92.2866], [35.0788, 92.4733], [35.0464, 92.4306], [34.9885, 92.7086], [34.9761, 93.0623], [34.8664, 92.7659], [34.8244, 92.5086], [34.7744, 92.7988], [34.7099, 93.2432], [34.6393, 92.9418], [34.5912, 92.9758], [34.5366, 93.0787], [34.4938, 92.9555], [34.4351, 93.1838], [34.4153, 93.5535], [34.3623, 93.1328], [34.3245, 93.2471], [34.2929, 93.3172], [34.2333, 93.287], [34.207, 93.7153], [34.1629, 93.3101], [34.1363, 93.4239], [34.0878, 93.3575], [34.0669, 93.5746], [34.0146, 93.5343], [34.0078, 93.5582], [33.9877, 93.3699], [33.9647, 93.4657], [33.9516, 93.5769], [33.9192, 93.4668], [33.9256, 93.7164], [33.9259, 93.643], [33.9168, 93.7768], [33.9119, 93.8306], [33.9541, 93.9883], [33.9661, 94.1587], [33.9428, 94.3247], [33.9528, 94.5132], [33.9634, 94.6578], [33.9646, 94.4274], [33.9622, 94.5064], [34.0158, 94.501], [34.0119, 94.3769], [33.9895, 94.3851], [34.0382, 94.5291], [34.0267, 94.4429], [34.0665, 94.4313], [34.141, 94.5163], [34.1222, 94.663], [34.1804, 94.6982], [34.1581, 94.5317], [34.2577, 94.7534], [34.2465, 94.545], [34.2816, 94.4725], [34.3336, 94.3182], [34.3515, 94.0658], [34.4012, 94.1176], [34.4536, 94.1707], [34.5009, 94.236], [34.5453, 94.2411], [34.5901, 93.957], [34.609, 94.1249], [34.6602, 94.1919], [34.6851, 94.2305], [34.6993, 94.2275], [34.7198, 94.4783], [34.7347, 94.4489], [34.7244, 94.5471], [34.7152, 94.6716], [34.6847, 94.8156], [34.665, 94.8298], [34.6236, 94.8995], [34.5565, 94.9596], [34.5637, 94.8629], [34.5214, 94.8428], [34.4736, 94.9714], [34.4376, 94.8787], [34.3884, 94.9928], [34.3382, 94.9445], [34.3049, 94.987], [34.2521, 94.9364], [34.2065, 95.088], [34.2024, 94.9578], [34.1566, 94.9935], [34.1011, 95.3809], [34.0815, 95.3852], [34.051, 95.6394], [34.0094, 95.5985], [34.0703, 95.7248], [34.0532, 95.5576], [34.0068, 95.4726], [33.9769, 95.5479], [33.9803, 95.6949], [33.9751, 95.9553], [34.0067, 95.8571], [33.9957, 95.8953], [33.9876, 95.7095], [34.0141, 95.8842], [33.9994, 95.8932], [34.0199, 95.6813], [34.072, 96.0937], [34.1289, 95.8515], [34.1199, 95.8332], [34.1041, 95.8658], [34.1518, 95.9564], [34.1941, 96.5289], [34.2276, 96.2468], [34.3058, 96.1974], [34.2935, 96.1706], [34.3347, 96.3419], [34.4095, 96.3941], [34.4664, 96.6093], [34.4927, 97.1756], [34.5746, 97.0574], [34.6634, 96.8628], [34.762, 96.9765], [34.7921, 96.7313], [34.8994, 96.8027], [34.986, 96.7404], [35.1175, 96.9025], [35.1379, 96.998], [35.1562, 97.0927], [35.233, 97.2291], [35.2897, 96.6566], [35.3397, 96.1815], [35.3959, 95.8623], [35.4616, 95.9151], [35.5485, 95.8731], [35.6576, 94.6525], [35.7381, 94.6378], [35.7996, 94.398], [35.887, 93.5999], [36.0202, 93.562], [36.0632, 93.9064], [36.2446, 93.1049], [36.3418, 92.8897], [36.3987, 93.3904], [36.5242, 92.2162], [36.7179, 92.8379], [36.803, 93.4655], [36.9403, 95.0174], [37.0904, 95.2529], [37.2698, 96.3542], [37.4218, 97.2113], [37.5323, 98.3421], [37.7201, 99.5833], [37.8947, 100.846], [38.0308, 101.21], [38.1167, 101.793], [38.2432, 102.765], [38.3102, 103.084], [38.4152, 104.211], [38.4658, 104.298], [38.5188, 104.274], [38.5478, 104.4], [38.5164, 104.205], [38.5367, 104.345], [38.608, 104.341], [38.5923, 104.384], [38.6247, 104.348], [38.5798, 103.983], [38.6158, 104.116], [38.6243, 104.615], [38.6559, 104.558], [38.6597, 104.683], [38.6237, 104.21], [38.6249, 104.026], [38.6054, 103.672], [38.5703, 103.515], [38.5418, 103.837], [38.4722, 103.582], [38.4298, 103.284], [38.3617, 102.856], [38.3114, 102.382], [38.1917, 102.147], [38.0922, 101.554], [38.0239, 101.085], [37.9329, 100.679], [37.8461, 100.28], [37.736, 99.7083], [37.5935, 99.0276], [37.5239, 98.6692], [37.4063, 98.0288], [37.2742, 97.5091], [37.194, 96.853], [37.1043, 96.0929], [36.966, 95.2247], [36.8322, 94.4723], [36.6719, 93.8381], [36.516, 93.0942], [36.4033, 92.279], [36.2931, 92.1125], [36.1288, 91.4593], [35.9943, 90.4149], [35.8658, 89.7386], [35.8102, 88.353], [35.6239, 87.5092], [35.5049, 87.4342], [35.4268, 87.7688], [35.3331, 86.6817], [35.2918, 87.266], [35.174, 88.3406], [35.1213, 89.4301], [35.057, 89.8993], [34.9948, 89.9194], [34.9208, 90.1358], [34.9066, 89.5774], [34.8693, 89.8872], [34.8301, 89.9491], [34.7653, 90.0293], [34.7194, 90.2463], [34.718, 91.009], [34.6837, 90.7842], [34.6706, 90.985], [34.6276, 90.7232], [34.6106, 91.5862], [34.5835, 91.7446], [34.5133, 91.7991], [34.4777, 91.4182], [34.4543, 92.1343], [34.4291, 92.2046], [34.401, 91.8983], [34.3812, 92.5846], [34.3557, 92.4051], [34.3179, 92.4851], [34.2897, 92.6128], [34.2698, 92.7249], [34.2503, 92.9078], [34.2203, 93.4021], [34.1961, 93.4868], [34.1999, 93.672], [34.2097, 93.9374], [34.1792, 93.8411], [34.1719, 93.8383], [34.1704, 93.7875], [34.165, 93.8676], [34.1734, 93.926], [34.1691, 93.8521], [34.1771, 93.8286], [34.1871, 94.0409], [34.1695, 93.9625], [34.214, 94.2714], [34.2285, 94.4], [34.2197, 94.3277], [34.2844, 94.9405], [34.2497, 94.811], [34.3497, 95.1183], [34.3643, 95.1799], [34.3798, 95.1682], [34.3954, 95.1846], [34.4667, 95.3547], [34.4924, 95.2633], [34.5135, 95.0521], [34.6174, 95.2992], [34.6009, 95.2835], [34.632, 95.3102], [34.6797, 95.2576], [34.7175, 95.246], [34.7625, 95.0788], [34.797, 95.0464], [34.8419, 94.9266], [34.8766, 94.8158], [34.9081, 94.8342], [34.971, 94.658], [34.983, 94.5871], [34.9891, 94.4849], [34.996, 94.4456], [34.997, 94.5391], [35.0012, 94.4962], [34.9919, 94.3402], [34.989, 94.3246], [34.9643, 94.2797], [34.9324, 94.212], [34.9118, 94.1729], [34.8856, 94.0499], [34.8538, 94.036], [34.8171, 93.9897], [34.7911, 93.9945], [34.7706, 94.0611], [34.733, 94.0588], [34.7105, 94.1323], [34.6739, 94.2415], [34.6353, 94.2958], [34.5998, 94.3864], [34.5649, 94.4908], [34.5339, 94.4958], [34.5036, 94.7354], [34.4733, 94.972], [34.4362, 95.0383], [34.4078, 95.1175], [34.3756, 95.2514], [34.3535, 95.4473], [34.3199, 95.6714], [34.33, 95.4367], [34.2942, 95.5752], [34.3107, 95.7403], [34.2697, 95.9177], [34.237, 95.865], [34.255, 96.091], [34.2621, 96.0849], [34.2286, 96.1213], [34.2235, 96.1914], [34.2425, 96.4543], [34.1907, 96.2353], [34.1749, 96.0786], [34.2059, 96.1449], [34.2123, 96.2743], [34.211, 96.1567], [34.174, 96.331], [34.1863, 96.6155], [34.1271, 96.4498], [34.1834, 96.7194], [34.1732, 96.8654], [34.1832, 96.7744], [34.2043, 96.7171], [34.2605, 96.8952], [34.298, 96.7773], [34.3008, 96.5361], [34.3118, 96.5194], [34.421, 97.0565], [34.4301, 97.3805], [34.4688, 97.1654], [34.5017, 96.9182], [34.5486, 96.7771], [34.6311, 96.6977], [34.7185, 97.3209], [34.7709, 97.1108], [34.8798, 97.3805], [35.0005, 97.4112], [35.0358, 97.1942], [35.1266, 97.109], [35.2395, 97.1754], [35.2905, 96.3533], [35.3306, 96.3264], [35.4323, 96.5342], [35.4771, 96.5303], [35.5823, 96.3721], [35.6256, 96.7654], [35.7179, 96.5075], [35.7179, 97.0204], [35.8413, 96.0708], [35.9008, 96.3575], [35.9701, 96.9914], [36.0032, 96.2735], [36.0777, 95.278], [36.138, 95.5413], [36.1871, 95.5302], [36.2257, 95.2175], [36.341, 93.7871], [36.4041, 94.0043], [36.4889, 93.343], [36.581, 92.9905], [36.6495, 92.8336], [36.7936, 93.4431], [36.9381, 94.1305], [37.0058, 95.0202], [37.1511, 95.3846], [37.2753, 96.6019], [37.3307, 96.6606], [37.4793, 97.5278], [37.5754, 97.9294], [37.6619, 98.9464], [37.6002, 98.2765], [37.6144, 98.3912], [37.6261, 98.3689], [37.7034, 99.1965], [37.6516, 98.5261], [37.5738, 98.5544], [37.58, 98.9976], [37.5907, 98.7882], [37.6134, 98.8177], [37.5835, 99.1402], [37.6279, 99.1912], [37.5546, 99.2268], [37.5466, 99.2418], [37.5373, 99.0999], [37.5583, 98.8529], [37.5419, 98.7443], [37.554, 98.6897], [37.5134, 98.0567], [37.4169, 97.9252], [37.4113, 97.5371], [37.3856, 97.373], [37.3388, 97.1137], [37.2856, 96.6716], [37.2456, 96.1751], [37.1566, 95.8473], [37.1133, 95.3211], [37.091, 94.4892], [36.9761, 94.2059], [36.9459, 94.317], [36.8106, 93.8727], [36.7454, 93.8754], [36.6582, 93.3391], [36.5409, 92.8026], [36.4199, 92.6742], [36.3868, 92.4569], [36.3241, 92.9841], [36.2602, 92.8599], [36.1857, 92.3154], [36.1041, 92.6624], [36.0709, 92.7051], [35.915, 92.6811], [35.741, 92.7855], [35.6599, 92.1314], [35.5613, 92.156], [35.4796, 92.1642], [35.3742, 91.9452], [35.1179, 91.1313], [34.9976, 91.0563], [34.8792, 90.1649], [34.7667, 90.2007], [34.6639, 90.0957], [34.547, 89.5872], [34.4667, 89.6904], [34.4002, 89.3948], [34.2814, 89.304], [34.0475, 88.9129], [33.9007, 88.5747], [33.7598, 87.9878], [33.6072, 87.5351], [33.5015, 87.1132], [33.4126, 87.0872], [33.338, 86.4425], [33.2028, 86.0598], [33.0905, 86.1289], [32.951, 85.6343], [32.8334, 85.4169], [32.6642, 85.0033], [32.5708, 84.6529], [32.4566, 84.5297], [32.3851, 84.5283], [32.2252, 84.2784], [32.0715, 83.9277], [31.9319, 83.3173], [31.7975, 82.9372], [31.6247, 81.6447], [31.4861, 81.2306], [31.3249, 81.1045], [31.181, 80.917], [31.0266, 80.7927], [30.8805, 80.7259], [30.7774, 80.7676], [30.6974, 80.6951], [30.5608, 80.6893], [30.4082, 80.5058], [30.2814, 80.4048], [30.1976, 80.3927], [30.0945, 80.49], [30.0413, 80.3977], [29.9485, 80.4237], [29.8882, 80.3422], [29.8228, 80.1727], [29.7055, 80.2524], [29.634, 80.1801], [29.5815, 80.1675], [29.5738, 80.0408], [29.5404, 80.0755], [29.4989, 80.0861], [29.4742, 79.9439], [29.437, 79.9903], [29.4154, 79.951], [29.3474, 79.8565], [29.3423, 79.7818], [29.1356, 79.8367], [28.9677, 79.8803], [28.9284, 79.9138], [28.9173, 79.8759], [28.906, 79.8938], [28.8945, 79.8246], [28.8846, 79.7621], [28.8775, 79.7833], [28.8806, 79.8415], [28.84, 79.7201], [28.8437, 79.7063], [28.8479, 79.6377], [28.8432, 79.5283], [28.8284, 79.498], [28.8245, 79.4115], [28.8477, 79.3373], [28.8467, 79.3127], [28.8563, 79.2244], [28.86, 79.2299], [28.9009, 79.256], [28.9311, 79.2117], [28.9702, 79.2143], [29.0167, 79.1231], [29.0335, 79.1701], [29.062, 79.1182], [29.0878, 79.0623], [29.1328, 79.1155], [29.1446, 79.1447], [29.1888, 79.0047], [29.2345, 78.9179], [29.2476, 78.8569], [29.2618, 78.8704], [29.3075, 78.822], [29.3462, 78.8201], [29.366, 78.7509], [29.3884, 78.7597], [29.4092, 78.7236], [29.4212, 78.7306], [29.4012, 78.6879], [29.4286, 78.6521], [29.4442, 78.6786], [29.4488, 78.6388], [29.4583, 78.6072], [29.4701, 78.5507], [29.4721, 78.5833], [29.4815, 78.6082], [29.4809, 78.5751], [29.5063, 78.6251], [29.5035, 78.6217], [29.5056, 78.6248], [29.5162, 78.7089], [29.5247, 78.7066], [29.5279, 78.6931], [29.5381, 78.6801], [29.542, 78.7338], [29.5542, 78.6639], [29.5633, 78.6394], [29.5629, 78.7485], [29.5703, 78.7892], [29.5757, 78.7683], [29.5832, 78.8052], [29.5827, 78.787], [29.5898, 78.7997], [29.5914, 78.8107], [29.6021, 78.7785], [29.6069, 78.8191], [29.6059, 78.8536], [29.6062, 78.8726], [29.6118, 78.8388], [29.6104, 78.8127], [29.6182, 78.8011], [29.6205, 78.7997], [29.627, 78.7828], [29.6312, 78.7875], [29.6336, 78.8195], [29.6378, 78.7696], [29.6467, 78.7577], [29.6525, 78.7559], [29.6627, 78.7467], [29.6657, 78.7364], [29.6714, 78.7745], [29.6746, 78.7433], [29.6784, 78.7652], [29.6785, 78.7764], [29.6831, 78.7581], [29.6944, 78.8018], [29.7039, 78.7592], [29.7061, 78.7995], [29.7122, 78.8044], [29.7156, 78.8752], [29.7184, 78.8504], [29.725, 78.8831], [29.7263, 78.8841], [29.7321, 78.8545], [29.7414, 78.8585], [29.74, 78.8585], [29.7461, 78.8296], [29.7464, 78.8048], [29.7485, 78.7826], [29.7505, 78.7892], [29.7575, 78.7987], [29.7643, 78.7836], [29.7628, 78.7709], [29.7663, 78.7619], [29.7701, 78.7198], [29.7692, 78.7127], [29.7725, 78.7198], [29.7725, 78.7034], [29.7756, 78.6819], [29.7781, 78.6719], [29.7799, 78.6418], [29.7808, 78.6685], [29.7856, 78.6683], [29.7854, 78.6841], [29.7885, 78.6847], [29.7865, 78.676], [29.7851, 78.7014], [29.7833, 78.7068], [29.7729, 78.7716], [29.7709, 78.7494], [29.7666, 78.765], [29.7647, 78.7401], [29.7652, 78.6956], [29.7557, 78.7059], [29.7548, 78.7192], [29.7582, 78.7115], [29.747, 78.7225], [29.7476, 78.7212], [29.7463, 78.7027], [29.7435, 78.6862], [29.741, 78.6873], [29.7453, 78.6923], [29.7407, 78.7038], [29.7362, 78.6921], [29.7372, 78.7106], [29.7344, 78.7126], [29.7322, 78.7209], [29.7346, 78.6964], [29.7324, 78.6991], [29.7275, 78.717], [29.7283, 78.7253], [29.7227, 78.7392], [29.7158, 78.7476], [29.7171, 78.7354], [29.7179, 78.7204], [29.7214, 78.7036], [29.7181, 78.7012], [29.7173, 78.6956], [29.7175, 78.7321], [29.7198, 78.7242], [29.7222, 78.7043], [29.7284, 78.6682], [29.7283, 78.6918], [29.7268, 78.7539], [29.727, 78.7666], [29.7278, 78.7858], [29.7281, 78.7863], [29.729, 78.7566], [29.7298, 78.7468], [29.7299, 78.8058], [29.7274, 78.7839], [29.7333, 78.77], [29.7335, 78.8026], [29.7331, 78.8066], [29.7318, 78.816], [29.7333, 78.8263], [29.7361, 78.8389], [29.7373, 78.8167], [29.7414, 78.8101], [29.7436, 78.8327], [29.7465, 78.8558], [29.7482, 78.8485], [29.7479, 78.8805], [29.7548, 78.8699], [29.7577, 78.8807], [29.7639, 78.9058], [29.7708, 78.9083], [29.7674, 78.94], [29.7701, 78.8837], [29.7743, 78.9096], [29.7801, 78.896], [29.7721, 78.901], [29.7744, 78.9461], [29.7698, 78.8889], [29.7592, 78.8998], [29.7401, 78.9248], [29.7293, 78.8888], [29.7126, 78.8722], [29.6849, 78.851], [29.662, 78.8083], [29.6373, 78.789], [29.6118, 78.8353], [29.5732, 78.8409], [29.5571, 78.7954], [29.5317, 78.7583], [29.4937, 78.7536], [29.4473, 78.7385], [29.4072, 78.7364], [29.3733, 78.6426], [29.3271, 78.6532], [29.2681, 78.6601], [29.2268, 78.6127], [29.1768, 78.5727], [29.12, 78.4919], [29.0628, 78.5514], [29.0114, 78.5901], [28.9635, 78.6481], [28.9123, 78.7761], [28.8492, 78.8137], [28.7992, 78.9543], [28.7748, 79.0194], [28.7348, 79.1277], [28.7399, 79.1804], [28.778, 79.1557], [28.7791, 79.2006], [28.7967, 79.3632], [28.7965, 79.3594], [28.8104, 79.4598], [28.8051, 79.5728], [28.8147, 79.6857], [28.8027, 79.7728], [28.8179, 79.7938], [28.8264, 79.9054], [28.8394, 80.1742], [28.8689, 80.2354], [28.9014, 80.2711], [28.9496, 80.337], [29.0139, 80.3657], [29.094, 80.4269], [29.1689, 80.2443], [29.2592, 80.3429], [29.3405, 80.4252], [29.4505, 80.4639], [29.5456, 80.591], [29.695, 80.5759], [29.7616, 80.5607], [29.9061, 81.3315], [30.0396, 81.9151], [30.2099, 82.677], [30.3717, 83.5345], [30.5205, 84.1271], [30.7112, 84.5678], [30.8769, 84.9234], [31.06, 85.3431], [31.2322, 86.0569], [31.4347, 86.1379], [31.664, 87.1732], [31.808, 87.5128], [32.0229, 88.0689], [32.2474, 88.7833], [32.4231, 89.2322], [32.6338, 89.6819], [32.7309, 89.8354], [32.8671, 90.246], [33.0137, 90.3971], [33.1338, 90.8387], [33.2746, 91.1821], [33.3755, 91.2626], [33.5303, 92.3907], [33.6869, 92.7816], [33.8062, 93.0717], [33.8953, 93.5539], [34.065, 93.8725], [34.0524, 93.8172], [34.1709, 94.0875], [34.2713, 94.5236], [34.3622, 95.285], [34.4335, 95.3567], [34.5347, 95.5302], [34.6128, 95.6377], [34.646, 95.8349], [34.7216, 95.9164], [34.8332, 96.3295], [34.9429, 96.6186], [35.0206, 96.8669], [35.105, 96.957], [35.1281, 96.5405], [35.2245, 97.1184], [35.2559, 97.3103], [35.3219, 97.6802], [35.3554, 97.629], [35.3951, 98.0827], [35.4491, 98.5354], [35.527, 98.9883], [35.5242, 99.179], [35.5814, 99.4816], [35.6646, 99.8038], [35.6624, 99.7002], [35.7078, 99.6141], [35.7429, 100.063], [35.8047, 100.584], [35.8631, 100.725], [35.8782, 100.44], [35.8913, 100.933], [35.9326, 100.835], [35.9678, 101.428], [36.0153, 101.609], [36.0715, 101.838], [36.0588, 102.95], [36.0897, 103.603], [36.1269, 103.564], [36.1156, 104.395], [36.1204, 105.181], [36.1508, 105.738], [36.1576, 106.06], [36.1349, 106.857], [36.1382, 107.313], [36.1528, 107.72], [36.1655, 107.915], [36.1738, 108.503], [36.1969, 108.561], [36.1935, 109.38], [36.239, 109.19], [36.2615, 109.384], [36.1321, 109.659], [36.1656, 109.7], [36.1443, 110.186], [36.1634, 110.45], [36.1499, 110.959], [36.1802, 111.024], [36.2033, 111.126], [36.2025, 111.433], [36.2207, 111.955], [36.2389, 111.992], [36.2516, 112.236], [36.2815, 112.32], [36.2518, 112.525], [36.2497, 112.822], [36.2581, 112.936], [36.275, 112.926], [36.2639, 113.045], [36.2501, 113.418], [36.2349, 113.355], [36.2299, 113.454], [36.2333, 113.449], [36.2148, 113.605], [36.2116, 113.524], [36.2113, 113.7], [36.1999, 113.993], [36.2009, 114.048], [36.2069, 114.0], [36.1997, 114.001], [36.2112, 114.069], [36.214, 114.076], [36.209, 114.083], [36.2107, 114.23], [36.2049, 114.228], [36.2091, 114.198], [36.2068, 114.299], [36.2095, 114.28], [36.2059, 114.276], [36.2081, 114.288], [36.208, 114.215], [36.2023, 114.158], [36.2001, 114.226], [36.192, 114.218], [36.1931, 114.173], [36.1855, 114.233], [36.1913, 114.149], [36.1897, 114.098], [36.1866, 114.066], [36.1967, 113.928], [36.1928, 113.988], [36.1955, 113.971], [36.2021, 113.906], [36.2055, 113.89], [36.205, 113.931], [36.2161, 113.859], [36.2191, 113.817], [36.2193, 113.774], [36.2229, 113.718], [36.2289, 113.749], [36.2281, 113.645], [36.2297, 113.61], [36.2383, 113.531], [36.2328, 113.51], [36.2319, 113.489], [36.2372, 113.401]], "git_repository_heads": {"MMMTools": ["d77f5a301e3e2f4cd16623ff82a11fbc98dc1113", 1459847935], "MMMCore": ["1d27ecc05fae8cf73cac6754bb4fa9f37155663b", 1459846333], "Simox": ["8d9023238ae3fddb74502537a3681c4318147084", 1459514263], "MMT": ["47064aa0136033b76a231380ef3c02c940bbde53", 1460219154]}, "convert_db_version": 5, "object_conversion_settings": {}, "object_conversion_errors": {}, "subject_conversion_settings": {"model_files": [["mmm.xml", "83095bf1f7710e0da2eabc0dc38933fff21a487e"], ["models/RightFingerJoint43y_joint_visu.wrl", "4a8b66745234892104dc18c3f12b51653e0d22e2"], ["models/HeadSegment_joint_visu.wrl", "98bc33547d6728b266ca30ad9f3f1cd1fc964890"], ["models/RightFingerJoint23y_joint_visu.wrl", "a0d5f39a5c7aa80b2d6a4eaf255bc2ee431c4c8b"], ["models/RightFingerJoint13y_joint_visu.wrl", "f6fe45b4978386e46181511649732c2b788efffc"], ["models/RightEyeSegmentY_joint_visu.wrl", "a5e19b848b6eeb97452f27da05841286c9c8750d"], ["models/RightFingerJoint33y_joint_visu.wrl", "408d1d793635a63e5469ef6749032ed29df446cb"], ["models/RightFingerJoint42y_joint_visu.wrl", "56054907e89fe8b5298ac919d87afca5ea3112a6"], ["models/RightFingerJoint40y_joint_visu.wrl", "a6a36d6acd88295f92f5ad6137dad641a10df4b6"], ["models/RAy_joint_visu.wrl", "ce5872147a6e4132bebc90a3e1e3c1a28a103eb6"], ["models/LeftFingerJoint33y_joint_visu.wrl", "365adda3e38105f28e7045c2b0267a52336edf01"], ["models/BUNsegment_joint_visu.wrl", "0ac874bfcd0d8c4b0c3b4ec4e56c59ce39aad99d"], ["models/LeftEyeSegmentY_joint_visu.wrl", "066736ba165738d120f8d1d103b9c28b19c429bf"], ["models/RSCsegment_joint_visu.wrl", "9044f5cc6779532281b74eface97e002798a8e6d"], ["models/LHsegment_joint_visu.wrl", "3838c5fdad69c33fed501ae676c8a8a9282d9a05"], ["models/LeftFingerJoint53y_joint_visu.wrl", "cdd15d99efa93d038d04ced046fe79ae693a10d7"], ["models/RightFingerJoint21y_joint_visu.wrl", "d19626a13a08387890317675df2c2e7fe9db5eef"], ["models/RightFingerJoint12y_joint_visu.wrl", "7097cf96d3597a795575a5abe9256e0143c2ed0f"], ["models/LeftFingerJoint43y_joint_visu.wrl", "395c609ed268feb940855099f538c46a54c3a4d8"], ["models/RightFingerJoint53y_joint_visu.wrl", "9d95789602901425bad9b4435dea2b4be5431202"], ["models/LeftFingerJoint42y_joint_visu.wrl", "e487f595b7019c407f92b0f00de5260e64e56c97"], ["models/LAsegment_joint_visu.wrl", "bb0d5feb0455fbd2c425d138b7f487260f4bf1bc"], ["models/BTSegment_joint_visu.wrl", "22abe8deeec243c99e31ec02fa59372e98ac8471"], ["models/RKsegment_joint_visu.wrl", "18b381d65e3337bcb0d1ff5928773884a1e17d57"], ["models/LeftFingerJoint41y_joint_visu.wrl", "61402f6746307792f4303e574af749b94086a4ec"], ["models/LSCsegment_joint_visu.wrl", "c32a20b7e31becf394d78b5655efc5565b038b80"], ["models/LeftFingerJoint11y_joint_visu.wrl", "0cbfceda8d89deb375f7933c8078af5147ec84b2"], ["models/RightFingerJoint41y_joint_visu.wrl", "020541ab865e4e3e9fa2695e0f4eff71b52ad52d"], ["models/RWy_joint_visu.wrl", "2b11028aee46fb62e614338be3dd5644c1a824ee"], ["models/LeftFingerJoint23y_joint_visu.wrl", "478e70ae519508040adb535da7a7998bba1b8c42"], ["models/RSsegment_joint_visu.wrl", "612de2c24f203d5846930907a5df9cef5d9578dd"], ["models/LeftFingerJoint12y_joint_visu.wrl", "024079388e0352cf2dd7d6c0c4d45ee34851930c"], ["models/LWsegment_joint_visu.wrl", "3c8bc8f30c2fdfc5956ddac1f868ed768806d7fd"], ["models/RightFingerJoint22y_joint_visu.wrl", "0b36fec3092c4692c7809ee795740f148ffb0be8"], ["models/RMrot_joint_visu.wrl", "a56cefc9affb5ca3f87c8ad0a9ef880f3355f2f0"], ["models/LeftFingerJoint40y_joint_visu.wrl", "ebee55b3729d26fb04a73d5b427025dbf464f288"], ["models/LeftFingerJoint21y_joint_visu.wrl", "a890d2d55d8afbe701827374715b7e671862cc4f"], ["models/REsegment_joint_visu.wrl", "d709750461631f850f8441b85f4861ca47df51ae"], ["models/RHsegment_joint_visu.wrl", "54fb3a26ddb8f2d419752eb76c4e488efef6b43c"], ["models/RightFingerJoint52y_joint_visu.wrl", "44f18db78bed86bf1ddb981a1e678027e51db918"], ["models/RightFingerJoint50y_joint_visu.wrl", "13ede518eb635943fcd4564499f4fdb69d27780e"], ["models/LFx_joint_visu.wrl", "5d47b342ff68d5d2b2d9c7e22c5cf098909060c6"], ["models/LKsegment_joint_visu.wrl", "5780b7d3a585852e8707cb2363bfa8d4d3b461f7"], ["models/LeftFingerJoint13y_joint_visu.wrl", "8a00c78adf18bdebd78a513323b5f28f02d117be"], ["models/RightFingerJoint51y_joint_visu.wrl", "d78052a78ea694e1d35e6b91354db0a64493fbf4"], ["models/RightFingerJoint11y_joint_visu.wrl", "a05a4116eafe1434c190e03faa62753bcd333105"], ["models/LeftFingerJoint22y_joint_visu.wrl", "7fee0851bbbc487512ffb12e46d738fc0837aa0c"], ["models/LAy_joint_visu.wrl", "de3953d8ffbf479f0eb229748cfdd897a408012e"], ["models/LEsegment_joint_visu.wrl", "1bf5a0382df53cb4aef1ebf578e4d535a0cd3d7b"], ["models/RightFingerJoint31y_joint_visu.wrl", "4f0efb942b57fffc5b3177798a71bcdbb9b92042"], ["models/LeftFingerJoint32y_joint_visu.wrl", "685ae87120ee0d9ba5d764c8ff99385aa9d79a04"], ["models/RightFingerJoint32y_joint_visu.wrl", "47d29dfecd9514a3973b021c83bc361364341093"], ["models/LeftFingerJoint31y_joint_visu.wrl", "d24789234312bf68c77c7830508763d07f9feec0"], ["models/LMrot_joint_visu.wrl", "94047f5a29e3373271bba5d61ccbbacf9bfb01af"], ["models/LWy_joint_visu.wrl", "33ba8f54774fa65838a8ae38c3d558f06fe00bc0"], ["models/LeftFingerJoint52y_joint_visu.wrl", "3f7d688708cf5f55104348d5bc102dcc7b7a0a66"], ["models/LSsegment_joint_visu.wrl", "f34e7eae1658b3ae618b5bc40ebc1da529c7e0a3"], ["models/RAsegment_joint_visu.wrl", "bf9735bb8cbd74e01e9087f0ccad4783edc49231"], ["models/LeftFingerJoint50y_joint_visu.wrl", "c2f6364fe16768bd1382d1b02c327d9dcf43fd03"], ["models/LeftFingerJoint51y_joint_visu.wrl", "0c2664365d375a3d9dd190818483e292027433d3"], ["models/LeftHandSegment_joint_visu.wrl", "581235ef3290f47c527e74693e4a232056642bcf"], ["models/BTy_joint_visu.wrl", "818c33f75e2b278db824d223d8796b1d1ca48213"], ["models/RWsegment_joint_visu.wrl", "de46619cf74eb2ffe74ab7fdaaf4cd485034b959"], ["models/RFx_joint_visu.wrl", "7e0fad07af2c1f6a4bad2e40caa9cdcfafa5d748"]], "converter_config": "<ConverterConfig type=\"NloptConverter\"><Model><MarkerMapping><Mapping c3d=\"LIFD\" mmm=\"MARKER_LIFD\" /><Mapping c3d=\"LKNE\" mmm=\"MARKER_LKNE\" /><Mapping c3d=\"LWPS\" mmm=\"MARKER_LWPS\" /><Mapping c3d=\"RANK\" mmm=\"MARKER_RANK\" /><Mapping c3d=\"T10\" mmm=\"MARKER_T10\" /><Mapping c3d=\"LBHD\" mmm=\"MARKER_LBHD\" /><Mapping c3d=\"LBAK\" mmm=\"MARKER_LBAK\" /><Mapping c3d=\"RBAK\" mmm=\"MARKER_RBAK\" /><Mapping c3d=\"RTIP\" mmm=\"MARKER_RTIP\" /><Mapping c3d=\"RMT1\" mmm=\"MARKER_RMT1\" /><Mapping c3d=\"LTOE\" mmm=\"MARKER_LTOE\" /><Mapping c3d=\"RHTS\" mmm=\"MARKER_RHTS\" /><Mapping c3d=\"RMT5\" mmm=\"MARKER_RMT5\" /><Mapping c3d=\"LTIP\" mmm=\"MARKER_LTIP\" /><Mapping c3d=\"LHTS\" mmm=\"MARKER_LHTS\" /><Mapping c3d=\"RAEL\" mmm=\"MARKER_RAEL\" /><Mapping c3d=\"RKNE\" mmm=\"MARKER_RKNE\" /><Mapping c3d=\"LHPS\" mmm=\"MARKER_LHPS\" /><Mapping c3d=\"LANK\" mmm=\"MARKER_LANK\" /><Mapping c3d=\"LWTS\" mmm=\"MARKER_LWTS\" /><Mapping c3d=\"RIFD\" mmm=\"MARKER_RIFD\" /><Mapping c3d=\"RAOL\" mmm=\"MARKER_RAOL\" /><Mapping c3d=\"CLAV\" mmm=\"MARKER_CLAV\" /><Mapping c3d=\"LASI\" mmm=\"MARKER_LASI\" /><Mapping c3d=\"C7\" mmm=\"MARKER_C7\" /><Mapping c3d=\"LHEE\" mmm=\"MARKER_LHEE\" /><Mapping c3d=\"LTHI\" mmm=\"MARKER_LTHI\" /><Mapping c3d=\"RTHI\" mmm=\"MARKER_RTHI\" /><Mapping c3d=\"RFHD\" mmm=\"MARKER_RFHD\" /><Mapping c3d=\"LUPA\" mmm=\"MARKER_LUPA\" /><Mapping c3d=\"LFHD\" mmm=\"MARKER_LFHD\" /><Mapping c3d=\"RHIP\" mmm=\"MARKER_RHIP\" /><Mapping c3d=\"RWPS\" mmm=\"MARKER_RWPS\" /><Mapping c3d=\"LMT1\" mmm=\"MARKER_LMT1\" /><Mapping c3d=\"L3\" mmm=\"MARKER_L3\" /><Mapping c3d=\"LFRA\" mmm=\"MARKER_LFRA\" /><Mapping c3d=\"LPSI\" mmm=\"MARKER_LPSI\" /><Mapping c3d=\"RPSI\" mmm=\"MARKER_RPSI\" /><Mapping c3d=\"LAOL\" mmm=\"MARKER_LAOL\" /><Mapping c3d=\"RBHD\" mmm=\"MARKER_RBHD\" /><Mapping c3d=\"RUPA\" mmm=\"MARKER_RUPA\" /><Mapping c3d=\"RASI\" mmm=\"MARKER_RASI\" /><Mapping c3d=\"RWTS\" mmm=\"MARKER_RWTS\" /><Mapping c3d=\"LHIP\" mmm=\"MARKER_LHIP\" /><Mapping c3d=\"STRN\" mmm=\"MARKER_STRN\" /><Mapping c3d=\"LAEL\" mmm=\"MARKER_LAEL\" /><Mapping c3d=\"RHPS\" mmm=\"MARKER_RHPS\" /><Mapping c3d=\"RTOE\" mmm=\"MARKER_RTOE\" /><Mapping c3d=\"RHEE\" mmm=\"MARKER_RHEE\" /><Mapping c3d=\"LMT5\" mmm=\"MARKER_LMT5\" /></MarkerMapping><JointSet><Joint name=\"BLNx_joint\" /><Joint name=\"BLNy_joint\" /><Joint name=\"BLNz_joint\" /><Joint name=\"BPx_joint\" /><Joint name=\"BPy_joint\" /><Joint name=\"BPz_joint\" /><Joint name=\"BTx_joint\" /><Joint name=\"BTy_joint\" /><Joint name=\"BTz_joint\" /><Joint name=\"BUNx_joint\" /><Joint name=\"BUNy_joint\" /><Joint name=\"BUNz_joint\" /><Joint name=\"LAx_joint\" /><Joint name=\"LAy_joint\" /><Joint name=\"LAz_joint\" /><Joint name=\"LEx_joint\" /><Joint name=\"LEz_joint\" /><Joint name=\"LHx_joint\" /><Joint name=\"LHy_joint\" /><Joint name=\"LHz_joint\" /><Joint name=\"LKx_joint\" /><Joint name=\"LSx_joint\" /><Joint name=\"LSy_joint\" /><Joint name=\"LSz_joint\" /><Joint name=\"LWx_joint\" /><Joint name=\"LWy_joint\" /><Joint name=\"LFx_joint\" /><Joint name=\"LMrot_joint\" /><Joint name=\"RAx_joint\" /><Joint name=\"RAy_joint\" /><Joint name=\"RAz_joint\" /><Joint name=\"REx_joint\" /><Joint name=\"REz_joint\" /><Joint name=\"RHx_joint\" /><Joint name=\"RHy_joint\" /><Joint name=\"RHz_joint\" /><Joint name=\"RKx_joint\" /><Joint name=\"RSx_joint\" /><Joint name=\"RSy_joint\" /><Joint name=\"RSz_joint\" /><Joint name=\"RWx_joint\" /><Joint name=\"RWy_joint\" /><Joint name=\"RFx_joint\" /><Joint name=\"RMrot_joint\" /></JointSet></Model></ConverterConfig>", "model_processor_config": "<ModelProcessorConfig type=\"Winter\"><height>1.84</height><mass>100</mass></ModelProcessorConfig>"}, "subject_missing_markers": []}