Motion Database Converter

User/Host: mmm @ i61motiondb
Date: 2016-08-12 19:26:37
Input File: hand_to_mouth_right_arm_01.c3d (ID #60864, created 2016-08-12 09:09:58)

The HEADs of the git repositories used for conversion are:
  MMMCore: 1d27ecc05fae8cf73cac6754bb4fa9f37155663b (2016-04-05 08:52:13)
  MMMTools: d77f5a301e3e2f4cd16623ff82a11fbc98dc1113 (2016-04-05 09:18:55)
  MMT: c7423751d257e7ed1c29d25547f02fa43d3d5549 (2016-06-16 15:57:53)
  Simox: 8d9023238ae3fddb74502537a3681c4318147084 (2016-04-01 12:37:43)

Configuration for subject:
  Converter config:
    <ConverterConfig type="NloptConverter"><Model><MarkerMapping><Mapping c3d="LIFD" mmm="MARKER_LIFD" /><Mapping c3d="LKNE" mmm="MARKER_LKNE" /><Mapping c3d="LWPS" mmm="MARKER_LWPS" /><Mapping c3d="RANK" mmm="MARKER_RANK" /><Mapping c3d="T10" mmm="MARKER_T10" /><Mapping c3d="LBHD" mmm="MARKER_LBHD" /><Mapping c3d="LBAK" mmm="MARKER_LBAK" /><Mapping c3d="RBAK" mmm="MARKER_RBAK" /><Mapping c3d="RTIP" mmm="MARKER_RTIP" /><Mapping c3d="RMT1" mmm="MARKER_RMT1" /><Mapping c3d="LTOE" mmm="MARKER_LTOE" /><Mapping c3d="RHTS" mmm="MARKER_RHTS" /><Mapping c3d="RMT5" mmm="MARKER_RMT5" /><Mapping c3d="LTIP" mmm="MARKER_LTIP" /><Mapping c3d="LHTS" mmm="MARKER_LHTS" /><Mapping c3d="RAEL" mmm="MARKER_RAEL" /><Mapping c3d="RKNE" mmm="MARKER_RKNE" /><Mapping c3d="LHPS" mmm="MARKER_LHPS" /><Mapping c3d="LANK" mmm="MARKER_LANK" /><Mapping c3d="LWTS" mmm="MARKER_LWTS" /><Mapping c3d="RIFD" mmm="MARKER_RIFD" /><Mapping c3d="RAOL" mmm="MARKER_RAOL" /><Mapping c3d="CLAV" mmm="MARKER_CLAV" /><Mapping c3d="LASI" mmm="MARKER_LASI" /><Mapping c3d="C7" mmm="MARKER_C7" /><Mapping c3d="LHEE" mmm="MARKER_LHEE" /><Mapping c3d="LTHI" mmm="MARKER_LTHI" /><Mapping c3d="RTHI" mmm="MARKER_RTHI" /><Mapping c3d="RFHD" mmm="MARKER_RFHD" /><Mapping c3d="LUPA" mmm="MARKER_LUPA" /><Mapping c3d="LFHD" mmm="MARKER_LFHD" /><Mapping c3d="RHIP" mmm="MARKER_RHIP" /><Mapping c3d="RWPS" mmm="MARKER_RWPS" /><Mapping c3d="LMT1" mmm="MARKER_LMT1" /><Mapping c3d="L3" mmm="MARKER_L3" /><Mapping c3d="LFRA" mmm="MARKER_LFRA" /><Mapping c3d="LPSI" mmm="MARKER_LPSI" /><Mapping c3d="RPSI" mmm="MARKER_RPSI" /><Mapping c3d="LAOL" mmm="MARKER_LAOL" /><Mapping c3d="RBHD" mmm="MARKER_RBHD" /><Mapping c3d="RUPA" mmm="MARKER_RUPA" /><Mapping c3d="RASI" mmm="MARKER_RASI" /><Mapping c3d="RWTS" mmm="MARKER_RWTS" /><Mapping c3d="LHIP" mmm="MARKER_LHIP" /><Mapping c3d="STRN" mmm="MARKER_STRN" /><Mapping c3d="LAEL" mmm="MARKER_LAEL" /><Mapping c3d="RHPS" mmm="MARKER_RHPS" /><Mapping c3d="RTOE" mmm="MARKER_RTOE" /><Mapping c3d="RHEE" mmm="MARKER_RHEE" /><Mapping c3d="LMT5" mmm="MARKER_LMT5" /></MarkerMapping><JointSet><Joint name="BLNx_joint" /><Joint name="BLNy_joint" /><Joint name="BLNz_joint" /><Joint name="BPx_joint" /><Joint name="BPy_joint" /><Joint name="BPz_joint" /><Joint name="BTx_joint" /><Joint name="BTy_joint" /><Joint name="BTz_joint" /><Joint name="BUNx_joint" /><Joint name="BUNy_joint" /><Joint name="BUNz_joint" /><Joint name="LAx_joint" /><Joint name="LAy_joint" /><Joint name="LAz_joint" /><Joint name="LEx_joint" /><Joint name="LEz_joint" /><Joint name="LHx_joint" /><Joint name="LHy_joint" /><Joint name="LHz_joint" /><Joint name="LKx_joint" /><Joint name="LSx_joint" /><Joint name="LSy_joint" /><Joint name="LSz_joint" /><Joint name="LWx_joint" /><Joint name="LWy_joint" /><Joint name="LFx_joint" /><Joint name="LMrot_joint" /><Joint name="RAx_joint" /><Joint name="RAy_joint" /><Joint name="RAz_joint" /><Joint name="REx_joint" /><Joint name="REz_joint" /><Joint name="RHx_joint" /><Joint name="RHy_joint" /><Joint name="RHz_joint" /><Joint name="RKx_joint" /><Joint name="RSx_joint" /><Joint name="RSy_joint" /><Joint name="RSz_joint" /><Joint name="RWx_joint" /><Joint name="RWy_joint" /><Joint name="RFx_joint" /><Joint name="RMrot_joint" /></JointSet></Model></ConverterConfig>

  Model processor config:
    <ModelProcessorConfig type="Winter"><height>1.83</height><mass>100</mass></ModelProcessorConfig>

  Model files:
    mmm.xml -> 83095bf1f7710e0da2eabc0dc38933fff21a487e
    models/RightFingerJoint43y_joint_visu.wrl -> 4a8b66745234892104dc18c3f12b51653e0d22e2
    models/HeadSegment_joint_visu.wrl -> 98bc33547d6728b266ca30ad9f3f1cd1fc964890
    models/RightFingerJoint23y_joint_visu.wrl -> a0d5f39a5c7aa80b2d6a4eaf255bc2ee431c4c8b
    models/RightFingerJoint13y_joint_visu.wrl -> f6fe45b4978386e46181511649732c2b788efffc
    models/RightEyeSegmentY_joint_visu.wrl -> a5e19b848b6eeb97452f27da05841286c9c8750d
    models/RightFingerJoint33y_joint_visu.wrl -> 408d1d793635a63e5469ef6749032ed29df446cb
    models/RightFingerJoint42y_joint_visu.wrl -> 56054907e89fe8b5298ac919d87afca5ea3112a6
    models/RightFingerJoint40y_joint_visu.wrl -> a6a36d6acd88295f92f5ad6137dad641a10df4b6
    models/RAy_joint_visu.wrl -> ce5872147a6e4132bebc90a3e1e3c1a28a103eb6
    models/LeftFingerJoint33y_joint_visu.wrl -> 365adda3e38105f28e7045c2b0267a52336edf01
    models/BUNsegment_joint_visu.wrl -> 0ac874bfcd0d8c4b0c3b4ec4e56c59ce39aad99d
    models/LeftEyeSegmentY_joint_visu.wrl -> 066736ba165738d120f8d1d103b9c28b19c429bf
    models/RSCsegment_joint_visu.wrl -> 9044f5cc6779532281b74eface97e002798a8e6d
    models/LHsegment_joint_visu.wrl -> 3838c5fdad69c33fed501ae676c8a8a9282d9a05
    models/LeftFingerJoint53y_joint_visu.wrl -> cdd15d99efa93d038d04ced046fe79ae693a10d7
    models/RightFingerJoint21y_joint_visu.wrl -> d19626a13a08387890317675df2c2e7fe9db5eef
    models/RightFingerJoint12y_joint_visu.wrl -> 7097cf96d3597a795575a5abe9256e0143c2ed0f
    models/LeftFingerJoint43y_joint_visu.wrl -> 395c609ed268feb940855099f538c46a54c3a4d8
    models/RightFingerJoint53y_joint_visu.wrl -> 9d95789602901425bad9b4435dea2b4be5431202
    models/LeftFingerJoint42y_joint_visu.wrl -> e487f595b7019c407f92b0f00de5260e64e56c97
    models/LAsegment_joint_visu.wrl -> bb0d5feb0455fbd2c425d138b7f487260f4bf1bc
    models/BTSegment_joint_visu.wrl -> 22abe8deeec243c99e31ec02fa59372e98ac8471
    models/RKsegment_joint_visu.wrl -> 18b381d65e3337bcb0d1ff5928773884a1e17d57
    models/LeftFingerJoint41y_joint_visu.wrl -> 61402f6746307792f4303e574af749b94086a4ec
    models/LSCsegment_joint_visu.wrl -> c32a20b7e31becf394d78b5655efc5565b038b80
    models/LeftFingerJoint11y_joint_visu.wrl -> 0cbfceda8d89deb375f7933c8078af5147ec84b2
    models/RightFingerJoint41y_joint_visu.wrl -> 020541ab865e4e3e9fa2695e0f4eff71b52ad52d
    models/RWy_joint_visu.wrl -> 2b11028aee46fb62e614338be3dd5644c1a824ee
    models/LeftFingerJoint23y_joint_visu.wrl -> 478e70ae519508040adb535da7a7998bba1b8c42
    models/RSsegment_joint_visu.wrl -> 612de2c24f203d5846930907a5df9cef5d9578dd
    models/LeftFingerJoint12y_joint_visu.wrl -> 024079388e0352cf2dd7d6c0c4d45ee34851930c
    models/LWsegment_joint_visu.wrl -> 3c8bc8f30c2fdfc5956ddac1f868ed768806d7fd
    models/RightFingerJoint22y_joint_visu.wrl -> 0b36fec3092c4692c7809ee795740f148ffb0be8
    models/RMrot_joint_visu.wrl -> a56cefc9affb5ca3f87c8ad0a9ef880f3355f2f0
    models/LeftFingerJoint40y_joint_visu.wrl -> ebee55b3729d26fb04a73d5b427025dbf464f288
    models/LeftFingerJoint21y_joint_visu.wrl -> a890d2d55d8afbe701827374715b7e671862cc4f
    models/REsegment_joint_visu.wrl -> d709750461631f850f8441b85f4861ca47df51ae
    models/RHsegment_joint_visu.wrl -> 54fb3a26ddb8f2d419752eb76c4e488efef6b43c
    models/RightFingerJoint52y_joint_visu.wrl -> 44f18db78bed86bf1ddb981a1e678027e51db918
    models/RightFingerJoint50y_joint_visu.wrl -> 13ede518eb635943fcd4564499f4fdb69d27780e
    models/LFx_joint_visu.wrl -> 5d47b342ff68d5d2b2d9c7e22c5cf098909060c6
    models/LKsegment_joint_visu.wrl -> 5780b7d3a585852e8707cb2363bfa8d4d3b461f7
    models/LeftFingerJoint13y_joint_visu.wrl -> 8a00c78adf18bdebd78a513323b5f28f02d117be
    models/RightFingerJoint51y_joint_visu.wrl -> d78052a78ea694e1d35e6b91354db0a64493fbf4
    models/RightFingerJoint11y_joint_visu.wrl -> a05a4116eafe1434c190e03faa62753bcd333105
    models/LeftFingerJoint22y_joint_visu.wrl -> 7fee0851bbbc487512ffb12e46d738fc0837aa0c
    models/LAy_joint_visu.wrl -> de3953d8ffbf479f0eb229748cfdd897a408012e
    models/LEsegment_joint_visu.wrl -> 1bf5a0382df53cb4aef1ebf578e4d535a0cd3d7b
    models/RightFingerJoint31y_joint_visu.wrl -> 4f0efb942b57fffc5b3177798a71bcdbb9b92042
    models/LeftFingerJoint32y_joint_visu.wrl -> 685ae87120ee0d9ba5d764c8ff99385aa9d79a04
    models/RightFingerJoint32y_joint_visu.wrl -> 47d29dfecd9514a3973b021c83bc361364341093
    models/LeftFingerJoint31y_joint_visu.wrl -> d24789234312bf68c77c7830508763d07f9feec0
    models/LMrot_joint_visu.wrl -> 94047f5a29e3373271bba5d61ccbbacf9bfb01af
    models/LWy_joint_visu.wrl -> 33ba8f54774fa65838a8ae38c3d558f06fe00bc0
    models/LeftFingerJoint52y_joint_visu.wrl -> 3f7d688708cf5f55104348d5bc102dcc7b7a0a66
    models/LSsegment_joint_visu.wrl -> f34e7eae1658b3ae618b5bc40ebc1da529c7e0a3
    models/RAsegment_joint_visu.wrl -> bf9735bb8cbd74e01e9087f0ccad4783edc49231
    models/LeftFingerJoint50y_joint_visu.wrl -> c2f6364fe16768bd1382d1b02c327d9dcf43fd03
    models/LeftFingerJoint51y_joint_visu.wrl -> 0c2664365d375a3d9dd190818483e292027433d3
    models/LeftHandSegment_joint_visu.wrl -> 581235ef3290f47c527e74693e4a232056642bcf
    models/BTy_joint_visu.wrl -> 818c33f75e2b278db824d223d8796b1d1ca48213
    models/RWsegment_joint_visu.wrl -> de46619cf74eb2ffe74ab7fdaaf4cd485034b959
    models/RFx_joint_visu.wrl -> 7e0fad07af2c1f6a4bad2e40caa9cdcfafa5d748

Missing subject markers: []

Subject conversion error:
Conversion Error: avg/avg = 30.39, worst avg = 31.55, worst max = 112.19

The per-frame conversion errors are: (avg/max for subject and every object)
  Frame 0: 30.33/108.61
  Frame 1: 30.21/108.57
  Frame 2: 30.07/108.38
  Frame 3: 30.01/108.30
  Frame 4: 29.98/107.92
  Frame 5: 29.94/107.52
  Frame 6: 29.92/107.57
  Frame 7: 29.88/107.62
  Frame 8: 29.84/107.67
  Frame 9: 29.82/107.69
  Frame 10: 29.83/107.58
  Frame 11: 29.86/107.25
  Frame 12: 29.86/107.13
  Frame 13: 29.86/107.07
  Frame 14: 29.79/107.16
  Frame 15: 29.77/107.01
  Frame 16: 29.79/106.87
  Frame 17: 29.79/106.77
  Frame 18: 29.80/106.75
  Frame 19: 29.79/106.87
  Frame 20: 29.78/106.80
  Frame 21: 29.78/106.78
  Frame 22: 29.78/106.70
  Frame 23: 29.77/106.59
  Frame 24: 29.75/106.57
  Frame 25: 29.75/106.56
  Frame 26: 29.74/106.56
  Frame 27: 29.72/106.42
  Frame 28: 29.70/106.24
  Frame 29: 29.70/106.29
  Frame 30: 29.70/106.29
  Frame 31: 29.71/106.27
  Frame 32: 29.70/106.20
  Frame 33: 29.69/106.14
  Frame 34: 29.67/106.08
  Frame 35: 29.67/105.85
  Frame 36: 29.66/105.66
  Frame 37: 29.66/105.54
  Frame 38: 29.65/105.45
  Frame 39: 29.65/105.50
  Frame 40: 29.65/105.32
  Frame 41: 29.66/105.29
  Frame 42: 29.66/105.36
  Frame 43: 29.67/105.42
  Frame 44: 29.67/105.20
  Frame 45: 29.68/105.16
  Frame 46: 29.69/105.16
  Frame 47: 29.70/105.02
  Frame 48: 29.71/105.16
  Frame 49: 29.75/105.11
  Frame 50: 29.76/104.97
  Frame 51: 29.78/105.04
  Frame 52: 29.81/105.06
  Frame 53: 29.81/104.90
  Frame 54: 29.82/104.77
  Frame 55: 29.85/104.72
  Frame 56: 29.86/104.64
  Frame 57: 29.88/104.62
  Frame 58: 29.90/104.66
  Frame 59: 29.91/104.54
  Frame 60: 29.93/104.55
  Frame 61: 29.96/104.63
  Frame 62: 29.99/104.61
  Frame 63: 30.02/104.62
  Frame 64: 30.04/104.59
  Frame 65: 30.06/104.47
  Frame 66: 30.07/104.32
  Frame 67: 30.08/104.18
  Frame 68: 30.09/104.15
  Frame 69: 30.11/104.12
  Frame 70: 30.10/104.00
  Frame 71: 30.12/104.02
  Frame 72: 30.11/104.06
  Frame 73: 30.12/103.90
  Frame 74: 30.12/103.61
  Frame 75: 30.13/103.69
  Frame 76: 30.13/103.64
  Frame 77: 30.14/103.40
  Frame 78: 30.14/103.30
  Frame 79: 30.15/103.22
  Frame 80: 30.16/103.12
  Frame 81: 30.17/103.03
  Frame 82: 30.18/103.04
  Frame 83: 30.17/102.99
  Frame 84: 30.18/103.11
  Frame 85: 30.19/103.28
  Frame 86: 30.19/103.17
  Frame 87: 30.20/103.17
  Frame 88: 30.20/103.16
  Frame 89: 30.20/103.10
  Frame 90: 30.19/102.99
  Frame 91: 30.19/102.86
  Frame 92: 30.19/102.94
  Frame 93: 30.18/102.92
  Frame 94: 30.19/103.01
  Frame 95: 30.19/102.99
  Frame 96: 30.18/103.26
  Frame 97: 30.18/103.32
  Frame 98: 30.19/103.21
  Frame 99: 30.19/103.31
  Frame 100: 30.19/103.50
  Frame 101: 30.18/103.57
  Frame 102: 30.18/103.78
  Frame 103: 30.18/103.77
  Frame 104: 30.17/103.77
  Frame 105: 30.16/103.93
  Frame 106: 30.17/103.97
  Frame 107: 30.15/103.92
  Frame 108: 30.15/104.03
  Frame 109: 30.16/104.17
  Frame 110: 30.19/104.37
  Frame 111: 30.18/104.36
  Frame 112: 30.19/104.40
  Frame 113: 30.20/104.51
  Frame 114: 30.18/104.49
  Frame 115: 30.22/104.65
  Frame 116: 30.21/104.70
  Frame 117: 30.22/104.78
  Frame 118: 30.24/104.92
  Frame 119: 30.25/104.95
  Frame 120: 30.25/105.05
  Frame 121: 30.26/105.35
  Frame 122: 30.28/105.32
  Frame 123: 30.29/105.50
  Frame 124: 30.31/105.71
  Frame 125: 30.33/105.86
  Frame 126: 30.33/105.81
  Frame 127: 30.33/106.22
  Frame 128: 30.36/106.38
  Frame 129: 30.38/106.60
  Frame 130: 30.40/106.63
  Frame 131: 30.38/106.66
  Frame 132: 30.40/106.91
  Frame 133: 30.42/107.20
  Frame 134: 30.44/107.46
  Frame 135: 30.44/107.44
  Frame 136: 30.45/107.77
  Frame 137: 30.47/107.78
  Frame 138: 30.49/108.09
  Frame 139: 30.51/108.37
  Frame 140: 30.56/108.67
  Frame 141: 30.57/108.40
  Frame 142: 30.60/108.58
  Frame 143: 30.62/108.55
  Frame 144: 30.67/108.62
  Frame 145: 30.69/108.80
  Frame 146: 30.72/109.14
  Frame 147: 30.75/109.14
  Frame 148: 30.79/109.29
  Frame 149: 30.83/109.46
  Frame 150: 30.87/109.77
  Frame 151: 30.90/109.87
  Frame 152: 30.91/110.01
  Frame 153: 30.93/110.18
  Frame 154: 30.97/110.34
  Frame 155: 30.99/110.48
  Frame 156: 31.01/110.44
  Frame 157: 31.06/110.54
  Frame 158: 31.06/110.71
  Frame 159: 31.09/110.66
  Frame 160: 31.11/110.69
  Frame 161: 31.12/110.86
  Frame 162: 31.14/110.77
  Frame 163: 31.15/110.88
  Frame 164: 31.18/111.04
  Frame 165: 31.18/110.83
  Frame 166: 31.19/110.80
  Frame 167: 31.20/110.86
  Frame 168: 31.20/110.89
  Frame 169: 31.22/110.86
  Frame 170: 31.22/110.89
  Frame 171: 31.24/111.01
  Frame 172: 31.27/111.03
  Frame 173: 31.27/111.00
  Frame 174: 31.28/111.22
  Frame 175: 31.30/111.06
  Frame 176: 31.32/111.16
  Frame 177: 31.34/111.05
  Frame 178: 31.34/111.14
  Frame 179: 31.35/111.13
  Frame 180: 31.35/111.18
  Frame 181: 31.37/111.28
  Frame 182: 31.37/111.32
  Frame 183: 31.37/111.37
  Frame 184: 31.37/111.43
  Frame 185: 31.37/111.55
  Frame 186: 31.39/111.66
  Frame 187: 31.43/111.57
  Frame 188: 31.44/111.70
  Frame 189: 31.45/111.66
  Frame 190: 31.45/111.86
  Frame 191: 31.46/111.77
  Frame 192: 31.46/111.92
  Frame 193: 31.46/111.76
  Frame 194: 31.47/111.76
  Frame 195: 31.47/111.73
  Frame 196: 31.50/111.99
  Frame 197: 31.50/112.04
  Frame 198: 31.51/111.99
  Frame 199: 31.52/111.93
  Frame 200: 31.53/111.98
  Frame 201: 31.53/112.11
  Frame 202: 31.53/112.15
  Frame 203: 31.54/112.19
  Frame 204: 31.54/112.08
  Frame 205: 31.54/112.11
  Frame 206: 31.54/112.19
  Frame 207: 31.52/112.10
  Frame 208: 31.54/112.02
  Frame 209: 31.53/112.03
  Frame 210: 31.52/112.08
  Frame 211: 31.54/112.10
  Frame 212: 31.54/112.10
  Frame 213: 31.55/112.13
  Frame 214: 31.54/112.10
  Frame 215: 31.54/112.03
  Frame 216: 31.54/112.01
  Frame 217: 31.54/112.05
  Frame 218: 31.53/112.02
  Frame 219: 31.54/111.97
  Frame 220: 31.53/111.92
  Frame 221: 31.53/111.93
  Frame 222: 31.53/111.94
  Frame 223: 31.53/111.90
  Frame 224: 31.52/111.90
  Frame 225: 31.52/111.94
  Frame 226: 31.52/111.99
  Frame 227: 31.52/112.00
  Frame 228: 31.51/112.00
  Frame 229: 31.52/112.05
  Frame 230: 31.52/112.09
  Frame 231: 31.52/112.08
  Frame 232: 31.51/112.12
  Frame 233: 31.51/112.15
  Frame 234: 31.51/112.17
  Frame 235: 31.51/112.15
  Frame 236: 31.51/112.11
  Frame 237: 31.51/112.09
  Frame 238: 31.51/112.09
  Frame 239: 31.50/112.07
  Frame 240: 31.50/112.04
  Frame 241: 31.50/112.00
  Frame 242: 31.50/111.97
  Frame 243: 31.50/111.94
  Frame 244: 31.49/111.92
  Frame 245: 31.50/111.88
  Frame 246: 31.49/111.82
  Frame 247: 31.48/111.81
  Frame 248: 31.46/111.78
  Frame 249: 31.46/111.79
  Frame 250: 31.45/111.85
  Frame 251: 31.46/111.85
  Frame 252: 31.45/111.75
  Frame 253: 31.45/111.74
  Frame 254: 31.44/111.72
  Frame 255: 31.44/111.74
  Frame 256: 31.41/111.54
  Frame 257: 31.40/111.47
  Frame 258: 31.40/111.42
  Frame 259: 31.37/111.53
  Frame 260: 31.36/111.44
  Frame 261: 31.35/111.18
  Frame 262: 31.33/111.25
  Frame 263: 31.30/111.16
  Frame 264: 31.29/111.08
  Frame 265: 31.26/110.94
  Frame 266: 31.25/111.08
  Frame 267: 31.23/111.01
  Frame 268: 31.20/111.10
  Frame 269: 31.17/110.93
  Frame 270: 31.15/110.77
  Frame 271: 31.14/110.49
  Frame 272: 31.12/110.55
  Frame 273: 31.08/110.32
  Frame 274: 31.03/110.17
  Frame 275: 31.02/109.98
  Frame 276: 30.99/110.01
  Frame 277: 30.95/109.84
  Frame 278: 30.93/109.66
  Frame 279: 30.89/109.45
  Frame 280: 30.85/109.30
  Frame 281: 30.81/108.96
  Frame 282: 30.78/108.84
  Frame 283: 30.73/108.60
  Frame 284: 30.67/108.04
  Frame 285: 30.62/107.88
  Frame 286: 30.57/107.67
  Frame 287: 30.51/107.41
  Frame 288: 30.43/107.25
  Frame 289: 30.37/107.03
  Frame 290: 30.32/106.82
  Frame 291: 30.25/106.42
  Frame 292: 30.20/106.03
  Frame 293: 30.15/105.76
  Frame 294: 30.10/105.59
  Frame 295: 30.07/105.39
  Frame 296: 30.03/105.10
  Frame 297: 29.99/104.67
  Frame 298: 29.93/104.46
  Frame 299: 29.89/104.30
  Frame 300: 29.84/104.02
  Frame 301: 29.79/103.75
  Frame 302: 29.77/103.73
  Frame 303: 29.72/103.29
  Frame 304: 29.70/103.15
  Frame 305: 29.66/102.95
  Frame 306: 29.65/102.68
  Frame 307: 29.58/102.46
  Frame 308: 29.60/102.18
  Frame 309: 29.56/101.93
  Frame 310: 29.55/101.55
  Frame 311: 29.54/101.46
  Frame 312: 29.52/101.31
  Frame 313: 29.52/101.27
  Frame 314: 29.53/100.98
  Frame 315: 29.51/101.09
  Frame 316: 29.51/100.98
  Frame 317: 29.51/100.89
  Frame 318: 29.50/100.81
  Frame 319: 29.47/100.62
  Frame 320: 29.43/100.56
  Frame 321: 29.44/100.72
  Frame 322: 29.41/100.51
  Frame 323: 29.38/100.56
  Frame 324: 29.37/100.41
  Frame 325: 29.35/100.43
  Frame 326: 29.35/100.84
  Frame 327: 29.36/100.86
  Frame 328: 29.33/100.74
  Frame 329: 29.35/100.88
  Frame 330: 29.35/100.55
  Frame 331: 29.35/100.76
  Frame 332: 29.35/100.27
  Frame 333: 29.36/100.65
  Frame 334: 29.38/100.45
  Frame 335: 29.38/100.62
  Frame 336: 29.38/100.72
  Frame 337: 29.40/100.80
  Frame 338: 29.41/100.99
  Frame 339: 29.41/100.99
  Frame 340: 29.42/100.68
  Frame 341: 29.44/100.85
  Frame 342: 29.42/100.93
  Frame 343: 29.44/100.79
  Frame 344: 29.42/100.58
  Frame 345: 29.39/100.49
  Frame 346: 29.38/100.39
  Frame 347: 29.37/100.30
  Frame 348: 29.36/100.23
  Frame 349: 29.33/100.30
  Frame 350: 29.33/100.16
  Frame 351: 29.32/100.12
  Frame 352: 29.31/100.17
  Frame 353: 29.31/100.11
  Frame 354: 29.30/100.06
  Frame 355: 29.30/100.02
  Frame 356: 29.30/99.98
  Frame 357: 29.28/99.94
  Frame 358: 29.29/99.92
  Frame 359: 29.28/99.82
  Frame 360: 29.28/99.79
  Frame 361: 29.27/99.73
  Frame 362: 29.27/99.70
  Frame 363: 29.25/99.72
  Frame 364: 29.25/99.74
  Frame 365: 29.25/99.82
  Frame 366: 29.25/99.83
  Frame 367: 29.25/99.78
  Frame 368: 29.25/99.80
  Frame 369: 29.25/99.91
  Frame 370: 29.26/99.99
  Frame 371: 29.27/100.10
  Frame 372: 29.27/100.27
  Frame 373: 29.27/100.38
  Frame 374: 29.28/100.56
  Frame 375: 29.30/100.82
  Frame 376: 29.32/100.97
  Frame 377: 29.33/101.16
  Frame 378: 29.36/101.52
  Frame 379: 29.37/101.76

The following line contains the information from above in a machine-readable format and can safely be ignored.
MMT/convert_db:{"subject_conversion_error": [[30.3309, 108.609], [30.2079, 108.566], [30.0685, 108.383], [30.0056, 108.3], [29.9778, 107.923], [29.9357, 107.517], [29.9246, 107.572], [29.8765, 107.618], [29.8391, 107.669], [29.8162, 107.689], [29.8275, 107.579], [29.8568, 107.247], [29.8623, 107.133], [29.8646, 107.069], [29.7909, 107.162], [29.7654, 107.008], [29.7928, 106.867], [29.7915, 106.774], [29.8029, 106.746], [29.7928, 106.867], [29.7825, 106.8], [29.7804, 106.781], [29.7792, 106.705], [29.7736, 106.589], [29.7487, 106.566], [29.7472, 106.555], [29.738, 106.557], [29.7218, 106.419], [29.7006, 106.241], [29.6958, 106.294], [29.6999, 106.293], [29.7065, 106.274], [29.6996, 106.197], [29.6867, 106.14], [29.6721, 106.083], [29.6654, 105.851], [29.6608, 105.662], [29.6551, 105.539], [29.6549, 105.446], [29.652, 105.505], [29.6472, 105.32], [29.6567, 105.292], [29.6595, 105.355], [29.6696, 105.422], [29.6704, 105.204], [29.679, 105.163], [29.6876, 105.162], [29.6988, 105.015], [29.7122, 105.155], [29.7483, 105.107], [29.7635, 104.974], [29.7792, 105.036], [29.812, 105.063], [29.8051, 104.898], [29.8248, 104.772], [29.852, 104.722], [29.856, 104.639], [29.8846, 104.617], [29.8971, 104.657], [29.9131, 104.544], [29.9261, 104.546], [29.9617, 104.632], [29.9853, 104.605], [30.0158, 104.625], [30.0384, 104.591], [30.0599, 104.475], [30.0717, 104.324], [30.0793, 104.181], [30.0904, 104.153], [30.1059, 104.121], [30.1026, 103.997], [30.1153, 104.021], [30.1133, 104.065], [30.1241, 103.904], [30.1179, 103.611], [30.1319, 103.69], [30.1278, 103.645], [30.1394, 103.401], [30.1424, 103.298], [30.1516, 103.221], [30.1628, 103.118], [30.1687, 103.035], [30.175, 103.038], [30.1697, 102.992], [30.1756, 103.105], [30.1931, 103.282], [30.1941, 103.172], [30.2006, 103.169], [30.1972, 103.157], [30.2041, 103.098], [30.1858, 102.987], [30.1918, 102.862], [30.1904, 102.943], [30.1782, 102.915], [30.1907, 103.007], [30.1882, 102.986], [30.1791, 103.256], [30.1849, 103.323], [30.1896, 103.212], [30.1877, 103.312], [30.1907, 103.502], [30.1808, 103.572], [30.1811, 103.777], [30.178, 103.77], [30.172, 103.773], [30.1633, 103.929], [30.1651, 103.968], [30.153, 103.925], [30.1492, 104.025], [30.1632, 104.175], [30.1879, 104.368], [30.1843, 104.364], [30.1922, 104.398], [30.2008, 104.512], [30.1849, 104.494], [30.2163, 104.654], [30.2098, 104.696], [30.2174, 104.775], [30.2361, 104.917], [30.252, 104.951], [30.2506, 105.049], [30.2635, 105.352], [30.2752, 105.316], [30.2889, 105.502], [30.3098, 105.709], [30.3306, 105.856], [30.3269, 105.812], [30.3302, 106.215], [30.3586, 106.378], [30.3811, 106.596], [30.3993, 106.63], [30.3764, 106.66], [30.3979, 106.914], [30.4153, 107.196], [30.4438, 107.464], [30.4357, 107.435], [30.4541, 107.772], [30.4731, 107.777], [30.4913, 108.089], [30.5134, 108.373], [30.5608, 108.666], [30.5728, 108.396], [30.5958, 108.583], [30.6163, 108.551], [30.6743, 108.617], [30.6867, 108.796], [30.716, 109.136], [30.7547, 109.139], [30.7918, 109.286], [30.8345, 109.456], [30.8692, 109.766], [30.8971, 109.87], [30.9059, 110.014], [30.9333, 110.176], [30.9737, 110.336], [30.9934, 110.479], [31.0086, 110.442], [31.0642, 110.541], [31.0644, 110.712], [31.0857, 110.657], [31.1099, 110.691], [31.1215, 110.861], [31.1417, 110.767], [31.1482, 110.879], [31.1806, 111.04], [31.1812, 110.831], [31.1897, 110.799], [31.1962, 110.857], [31.1974, 110.894], [31.2181, 110.858], [31.2194, 110.891], [31.2401, 111.012], [31.2653, 111.032], [31.2653, 111.003], [31.2788, 111.217], [31.3044, 111.059], [31.325, 111.164], [31.3379, 111.046], [31.3437, 111.135], [31.3509, 111.129], [31.3502, 111.181], [31.3653, 111.283], [31.3721, 111.318], [31.3702, 111.371], [31.3723, 111.433], [31.3746, 111.545], [31.3861, 111.655], [31.4298, 111.567], [31.4434, 111.7], [31.4471, 111.658], [31.4491, 111.86], [31.4559, 111.769], [31.4565, 111.923], [31.4564, 111.756], [31.4716, 111.757], [31.4731, 111.735], [31.4993, 111.993], [31.5011, 112.041], [31.5059, 111.99], [31.5182, 111.927], [31.5306, 111.976], [31.5291, 112.111], [31.5309, 112.154], [31.5427, 112.188], [31.5374, 112.076], [31.5398, 112.111], [31.5365, 112.195], [31.5237, 112.1], [31.5352, 112.024], [31.5286, 112.033], [31.5245, 112.08], [31.5359, 112.096], [31.5406, 112.1], [31.5451, 112.133], [31.5438, 112.099], [31.5433, 112.026], [31.5388, 112.006], [31.5369, 112.053], [31.5278, 112.016], [31.5364, 111.973], [31.5309, 111.921], [31.5324, 111.93], [31.5293, 111.942], [31.5283, 111.898], [31.5219, 111.902], [31.5226, 111.935], [31.5173, 111.988], [31.5175, 111.997], [31.514, 111.998], [31.5162, 112.054], [31.5191, 112.093], [31.5203, 112.085], [31.5112, 112.118], [31.5127, 112.153], [31.5129, 112.169], [31.5103, 112.15], [31.5119, 112.107], [31.5077, 112.095], [31.511, 112.093], [31.5, 112.071], [31.499, 112.036], [31.5013, 111.995], [31.4985, 111.975], [31.5025, 111.935], [31.4937, 111.922], [31.4954, 111.878], [31.4859, 111.819], [31.4819, 111.809], [31.4606, 111.779], [31.4623, 111.793], [31.453, 111.849], [31.46, 111.85], [31.4471, 111.749], [31.4469, 111.736], [31.4393, 111.715], [31.4356, 111.74], [31.4118, 111.542], [31.4012, 111.475], [31.3973, 111.42], [31.373, 111.525], [31.3597, 111.436], [31.3479, 111.181], [31.3338, 111.248], [31.305, 111.161], [31.2899, 111.076], [31.2591, 110.942], [31.2514, 111.079], [31.229, 111.007], [31.2044, 111.096], [31.173, 110.932], [31.1482, 110.765], [31.1352, 110.494], [31.1153, 110.554], [31.0839, 110.322], [31.0342, 110.165], [31.0223, 109.976], [30.9882, 110.01], [30.9487, 109.841], [30.9333, 109.658], [30.889, 109.447], [30.8537, 109.303], [30.8098, 108.962], [30.7762, 108.839], [30.7266, 108.604], [30.6699, 108.037], [30.6156, 107.884], [30.5743, 107.674], [30.506, 107.41], [30.4345, 107.247], [30.3668, 107.028], [30.3206, 106.823], [30.2488, 106.416], [30.1995, 106.026], [30.1495, 105.757], [30.099, 105.593], [30.0707, 105.387], [30.0257, 105.104], [29.9874, 104.669], [29.9258, 104.459], [29.8873, 104.299], [29.8381, 104.024], [29.7877, 103.754], [29.7743, 103.734], [29.7237, 103.292], [29.6972, 103.153], [29.665, 102.953], [29.6477, 102.683], [29.5829, 102.458], [29.6015, 102.181], [29.5622, 101.932], [29.5467, 101.547], [29.5429, 101.461], [29.5186, 101.31], [29.519, 101.266], [29.5267, 100.984], [29.5145, 101.087], [29.5116, 100.979], [29.5139, 100.886], [29.4972, 100.813], [29.4717, 100.618], [29.4312, 100.556], [29.4357, 100.719], [29.4106, 100.507], [29.3754, 100.565], [29.3659, 100.41], [29.3541, 100.434], [29.3542, 100.836], [29.3613, 100.857], [29.3326, 100.736], [29.3489, 100.879], [29.353, 100.549], [29.3476, 100.758], [29.3471, 100.273], [29.3645, 100.648], [29.3754, 100.455], [29.3836, 100.619], [29.3762, 100.715], [29.399, 100.802], [29.4147, 100.987], [29.4053, 100.993], [29.416, 100.683], [29.4366, 100.851], [29.421, 100.928], [29.4363, 100.793], [29.4175, 100.585], [29.387, 100.488], [29.3835, 100.395], [29.3722, 100.295], [29.3582, 100.229], [29.3332, 100.297], [29.326, 100.156], [29.3234, 100.121], [29.3084, 100.172], [29.3055, 100.111], [29.2998, 100.063], [29.2961, 100.018], [29.2956, 99.9775], [29.2825, 99.944], [29.289, 99.923], [29.2785, 99.8188], [29.2805, 99.7868], [29.2722, 99.7271], [29.2663, 99.7049], [29.2496, 99.7188], [29.2519, 99.742], [29.2505, 99.8171], [29.246, 99.8257], [29.2526, 99.7842], [29.2512, 99.8014], [29.2491, 99.9058], [29.2557, 99.9927], [29.2703, 100.097], [29.2669, 100.269], [29.2741, 100.376], [29.2809, 100.558], [29.2996, 100.816], [29.3243, 100.971], [29.3295, 101.161], [29.3562, 101.521], [29.3655, 101.76]], "git_repository_heads": {"MMMTools": ["d77f5a301e3e2f4cd16623ff82a11fbc98dc1113", 1459847935], "MMMCore": ["1d27ecc05fae8cf73cac6754bb4fa9f37155663b", 1459846333], "Simox": ["8d9023238ae3fddb74502537a3681c4318147084", 1459514263], "MMT": ["c7423751d257e7ed1c29d25547f02fa43d3d5549", 1466092673]}, "convert_db_version": 5, "object_conversion_settings": {}, "object_conversion_errors": {}, "subject_conversion_settings": {"model_files": [["mmm.xml", "83095bf1f7710e0da2eabc0dc38933fff21a487e"], ["models/RightFingerJoint43y_joint_visu.wrl", "4a8b66745234892104dc18c3f12b51653e0d22e2"], ["models/HeadSegment_joint_visu.wrl", "98bc33547d6728b266ca30ad9f3f1cd1fc964890"], ["models/RightFingerJoint23y_joint_visu.wrl", "a0d5f39a5c7aa80b2d6a4eaf255bc2ee431c4c8b"], ["models/RightFingerJoint13y_joint_visu.wrl", "f6fe45b4978386e46181511649732c2b788efffc"], ["models/RightEyeSegmentY_joint_visu.wrl", "a5e19b848b6eeb97452f27da05841286c9c8750d"], ["models/RightFingerJoint33y_joint_visu.wrl", "408d1d793635a63e5469ef6749032ed29df446cb"], ["models/RightFingerJoint42y_joint_visu.wrl", "56054907e89fe8b5298ac919d87afca5ea3112a6"], ["models/RightFingerJoint40y_joint_visu.wrl", "a6a36d6acd88295f92f5ad6137dad641a10df4b6"], ["models/RAy_joint_visu.wrl", "ce5872147a6e4132bebc90a3e1e3c1a28a103eb6"], ["models/LeftFingerJoint33y_joint_visu.wrl", "365adda3e38105f28e7045c2b0267a52336edf01"], ["models/BUNsegment_joint_visu.wrl", "0ac874bfcd0d8c4b0c3b4ec4e56c59ce39aad99d"], ["models/LeftEyeSegmentY_joint_visu.wrl", "066736ba165738d120f8d1d103b9c28b19c429bf"], ["models/RSCsegment_joint_visu.wrl", "9044f5cc6779532281b74eface97e002798a8e6d"], ["models/LHsegment_joint_visu.wrl", "3838c5fdad69c33fed501ae676c8a8a9282d9a05"], ["models/LeftFingerJoint53y_joint_visu.wrl", "cdd15d99efa93d038d04ced046fe79ae693a10d7"], ["models/RightFingerJoint21y_joint_visu.wrl", "d19626a13a08387890317675df2c2e7fe9db5eef"], ["models/RightFingerJoint12y_joint_visu.wrl", "7097cf96d3597a795575a5abe9256e0143c2ed0f"], ["models/LeftFingerJoint43y_joint_visu.wrl", "395c609ed268feb940855099f538c46a54c3a4d8"], ["models/RightFingerJoint53y_joint_visu.wrl", "9d95789602901425bad9b4435dea2b4be5431202"], ["models/LeftFingerJoint42y_joint_visu.wrl", "e487f595b7019c407f92b0f00de5260e64e56c97"], ["models/LAsegment_joint_visu.wrl", "bb0d5feb0455fbd2c425d138b7f487260f4bf1bc"], ["models/BTSegment_joint_visu.wrl", "22abe8deeec243c99e31ec02fa59372e98ac8471"], ["models/RKsegment_joint_visu.wrl", "18b381d65e3337bcb0d1ff5928773884a1e17d57"], ["models/LeftFingerJoint41y_joint_visu.wrl", "61402f6746307792f4303e574af749b94086a4ec"], ["models/LSCsegment_joint_visu.wrl", "c32a20b7e31becf394d78b5655efc5565b038b80"], ["models/LeftFingerJoint11y_joint_visu.wrl", "0cbfceda8d89deb375f7933c8078af5147ec84b2"], ["models/RightFingerJoint41y_joint_visu.wrl", "020541ab865e4e3e9fa2695e0f4eff71b52ad52d"], ["models/RWy_joint_visu.wrl", "2b11028aee46fb62e614338be3dd5644c1a824ee"], ["models/LeftFingerJoint23y_joint_visu.wrl", "478e70ae519508040adb535da7a7998bba1b8c42"], ["models/RSsegment_joint_visu.wrl", "612de2c24f203d5846930907a5df9cef5d9578dd"], ["models/LeftFingerJoint12y_joint_visu.wrl", "024079388e0352cf2dd7d6c0c4d45ee34851930c"], ["models/LWsegment_joint_visu.wrl", "3c8bc8f30c2fdfc5956ddac1f868ed768806d7fd"], ["models/RightFingerJoint22y_joint_visu.wrl", "0b36fec3092c4692c7809ee795740f148ffb0be8"], ["models/RMrot_joint_visu.wrl", "a56cefc9affb5ca3f87c8ad0a9ef880f3355f2f0"], ["models/LeftFingerJoint40y_joint_visu.wrl", "ebee55b3729d26fb04a73d5b427025dbf464f288"], ["models/LeftFingerJoint21y_joint_visu.wrl", "a890d2d55d8afbe701827374715b7e671862cc4f"], ["models/REsegment_joint_visu.wrl", "d709750461631f850f8441b85f4861ca47df51ae"], ["models/RHsegment_joint_visu.wrl", "54fb3a26ddb8f2d419752eb76c4e488efef6b43c"], ["models/RightFingerJoint52y_joint_visu.wrl", "44f18db78bed86bf1ddb981a1e678027e51db918"], ["models/RightFingerJoint50y_joint_visu.wrl", "13ede518eb635943fcd4564499f4fdb69d27780e"], ["models/LFx_joint_visu.wrl", "5d47b342ff68d5d2b2d9c7e22c5cf098909060c6"], ["models/LKsegment_joint_visu.wrl", "5780b7d3a585852e8707cb2363bfa8d4d3b461f7"], ["models/LeftFingerJoint13y_joint_visu.wrl", "8a00c78adf18bdebd78a513323b5f28f02d117be"], ["models/RightFingerJoint51y_joint_visu.wrl", "d78052a78ea694e1d35e6b91354db0a64493fbf4"], ["models/RightFingerJoint11y_joint_visu.wrl", "a05a4116eafe1434c190e03faa62753bcd333105"], ["models/LeftFingerJoint22y_joint_visu.wrl", "7fee0851bbbc487512ffb12e46d738fc0837aa0c"], ["models/LAy_joint_visu.wrl", "de3953d8ffbf479f0eb229748cfdd897a408012e"], ["models/LEsegment_joint_visu.wrl", "1bf5a0382df53cb4aef1ebf578e4d535a0cd3d7b"], ["models/RightFingerJoint31y_joint_visu.wrl", "4f0efb942b57fffc5b3177798a71bcdbb9b92042"], ["models/LeftFingerJoint32y_joint_visu.wrl", "685ae87120ee0d9ba5d764c8ff99385aa9d79a04"], ["models/RightFingerJoint32y_joint_visu.wrl", "47d29dfecd9514a3973b021c83bc361364341093"], ["models/LeftFingerJoint31y_joint_visu.wrl", "d24789234312bf68c77c7830508763d07f9feec0"], ["models/LMrot_joint_visu.wrl", "94047f5a29e3373271bba5d61ccbbacf9bfb01af"], ["models/LWy_joint_visu.wrl", "33ba8f54774fa65838a8ae38c3d558f06fe00bc0"], ["models/LeftFingerJoint52y_joint_visu.wrl", "3f7d688708cf5f55104348d5bc102dcc7b7a0a66"], ["models/LSsegment_joint_visu.wrl", "f34e7eae1658b3ae618b5bc40ebc1da529c7e0a3"], ["models/RAsegment_joint_visu.wrl", "bf9735bb8cbd74e01e9087f0ccad4783edc49231"], ["models/LeftFingerJoint50y_joint_visu.wrl", "c2f6364fe16768bd1382d1b02c327d9dcf43fd03"], ["models/LeftFingerJoint51y_joint_visu.wrl", "0c2664365d375a3d9dd190818483e292027433d3"], ["models/LeftHandSegment_joint_visu.wrl", "581235ef3290f47c527e74693e4a232056642bcf"], ["models/BTy_joint_visu.wrl", "818c33f75e2b278db824d223d8796b1d1ca48213"], ["models/RWsegment_joint_visu.wrl", "de46619cf74eb2ffe74ab7fdaaf4cd485034b959"], ["models/RFx_joint_visu.wrl", "7e0fad07af2c1f6a4bad2e40caa9cdcfafa5d748"]], "converter_config": "<ConverterConfig type=\"NloptConverter\"><Model><MarkerMapping><Mapping c3d=\"LIFD\" mmm=\"MARKER_LIFD\" /><Mapping c3d=\"LKNE\" mmm=\"MARKER_LKNE\" /><Mapping c3d=\"LWPS\" mmm=\"MARKER_LWPS\" /><Mapping c3d=\"RANK\" mmm=\"MARKER_RANK\" /><Mapping c3d=\"T10\" mmm=\"MARKER_T10\" /><Mapping c3d=\"LBHD\" mmm=\"MARKER_LBHD\" /><Mapping c3d=\"LBAK\" mmm=\"MARKER_LBAK\" /><Mapping c3d=\"RBAK\" mmm=\"MARKER_RBAK\" /><Mapping c3d=\"RTIP\" mmm=\"MARKER_RTIP\" /><Mapping c3d=\"RMT1\" mmm=\"MARKER_RMT1\" /><Mapping c3d=\"LTOE\" mmm=\"MARKER_LTOE\" /><Mapping c3d=\"RHTS\" mmm=\"MARKER_RHTS\" /><Mapping c3d=\"RMT5\" mmm=\"MARKER_RMT5\" /><Mapping c3d=\"LTIP\" mmm=\"MARKER_LTIP\" /><Mapping c3d=\"LHTS\" mmm=\"MARKER_LHTS\" /><Mapping c3d=\"RAEL\" mmm=\"MARKER_RAEL\" /><Mapping c3d=\"RKNE\" mmm=\"MARKER_RKNE\" /><Mapping c3d=\"LHPS\" mmm=\"MARKER_LHPS\" /><Mapping c3d=\"LANK\" mmm=\"MARKER_LANK\" /><Mapping c3d=\"LWTS\" mmm=\"MARKER_LWTS\" /><Mapping c3d=\"RIFD\" mmm=\"MARKER_RIFD\" /><Mapping c3d=\"RAOL\" mmm=\"MARKER_RAOL\" /><Mapping c3d=\"CLAV\" mmm=\"MARKER_CLAV\" /><Mapping c3d=\"LASI\" mmm=\"MARKER_LASI\" /><Mapping c3d=\"C7\" mmm=\"MARKER_C7\" /><Mapping c3d=\"LHEE\" mmm=\"MARKER_LHEE\" /><Mapping c3d=\"LTHI\" mmm=\"MARKER_LTHI\" /><Mapping c3d=\"RTHI\" mmm=\"MARKER_RTHI\" /><Mapping c3d=\"RFHD\" mmm=\"MARKER_RFHD\" /><Mapping c3d=\"LUPA\" mmm=\"MARKER_LUPA\" /><Mapping c3d=\"LFHD\" mmm=\"MARKER_LFHD\" /><Mapping c3d=\"RHIP\" mmm=\"MARKER_RHIP\" /><Mapping c3d=\"RWPS\" mmm=\"MARKER_RWPS\" /><Mapping c3d=\"LMT1\" mmm=\"MARKER_LMT1\" /><Mapping c3d=\"L3\" mmm=\"MARKER_L3\" /><Mapping c3d=\"LFRA\" mmm=\"MARKER_LFRA\" /><Mapping c3d=\"LPSI\" mmm=\"MARKER_LPSI\" /><Mapping c3d=\"RPSI\" mmm=\"MARKER_RPSI\" /><Mapping c3d=\"LAOL\" mmm=\"MARKER_LAOL\" /><Mapping c3d=\"RBHD\" mmm=\"MARKER_RBHD\" /><Mapping c3d=\"RUPA\" mmm=\"MARKER_RUPA\" /><Mapping c3d=\"RASI\" mmm=\"MARKER_RASI\" /><Mapping c3d=\"RWTS\" mmm=\"MARKER_RWTS\" /><Mapping c3d=\"LHIP\" mmm=\"MARKER_LHIP\" /><Mapping c3d=\"STRN\" mmm=\"MARKER_STRN\" /><Mapping c3d=\"LAEL\" mmm=\"MARKER_LAEL\" /><Mapping c3d=\"RHPS\" mmm=\"MARKER_RHPS\" /><Mapping c3d=\"RTOE\" mmm=\"MARKER_RTOE\" /><Mapping c3d=\"RHEE\" mmm=\"MARKER_RHEE\" /><Mapping c3d=\"LMT5\" mmm=\"MARKER_LMT5\" /></MarkerMapping><JointSet><Joint name=\"BLNx_joint\" /><Joint name=\"BLNy_joint\" /><Joint name=\"BLNz_joint\" /><Joint name=\"BPx_joint\" /><Joint name=\"BPy_joint\" /><Joint name=\"BPz_joint\" /><Joint name=\"BTx_joint\" /><Joint name=\"BTy_joint\" /><Joint name=\"BTz_joint\" /><Joint name=\"BUNx_joint\" /><Joint name=\"BUNy_joint\" /><Joint name=\"BUNz_joint\" /><Joint name=\"LAx_joint\" /><Joint name=\"LAy_joint\" /><Joint name=\"LAz_joint\" /><Joint name=\"LEx_joint\" /><Joint name=\"LEz_joint\" /><Joint name=\"LHx_joint\" /><Joint name=\"LHy_joint\" /><Joint name=\"LHz_joint\" /><Joint name=\"LKx_joint\" /><Joint name=\"LSx_joint\" /><Joint name=\"LSy_joint\" /><Joint name=\"LSz_joint\" /><Joint name=\"LWx_joint\" /><Joint name=\"LWy_joint\" /><Joint name=\"LFx_joint\" /><Joint name=\"LMrot_joint\" /><Joint name=\"RAx_joint\" /><Joint name=\"RAy_joint\" /><Joint name=\"RAz_joint\" /><Joint name=\"REx_joint\" /><Joint name=\"REz_joint\" /><Joint name=\"RHx_joint\" /><Joint name=\"RHy_joint\" /><Joint name=\"RHz_joint\" /><Joint name=\"RKx_joint\" /><Joint name=\"RSx_joint\" /><Joint name=\"RSy_joint\" /><Joint name=\"RSz_joint\" /><Joint name=\"RWx_joint\" /><Joint name=\"RWy_joint\" /><Joint name=\"RFx_joint\" /><Joint name=\"RMrot_joint\" /></JointSet></Model></ConverterConfig>", "model_processor_config": "<ModelProcessorConfig type=\"Winter\"><height>1.83</height><mass>100</mass></ModelProcessorConfig>"}, "subject_missing_markers": []}