Motion Database Converter

User/Host: mmm @ i61motiondb
Date: 2016-08-12 19:26:37
Input File: hand_to_mouth_right_arm_02.c3d (ID #60865, created 2016-08-12 09:09:58)

The HEADs of the git repositories used for conversion are:
  MMMCore: 1d27ecc05fae8cf73cac6754bb4fa9f37155663b (2016-04-05 08:52:13)
  MMMTools: d77f5a301e3e2f4cd16623ff82a11fbc98dc1113 (2016-04-05 09:18:55)
  MMT: c7423751d257e7ed1c29d25547f02fa43d3d5549 (2016-06-16 15:57:53)
  Simox: 8d9023238ae3fddb74502537a3681c4318147084 (2016-04-01 12:37:43)

Configuration for subject:
  Converter config:
    <ConverterConfig type="NloptConverter"><Model><MarkerMapping><Mapping c3d="LIFD" mmm="MARKER_LIFD" /><Mapping c3d="LKNE" mmm="MARKER_LKNE" /><Mapping c3d="LWPS" mmm="MARKER_LWPS" /><Mapping c3d="RANK" mmm="MARKER_RANK" /><Mapping c3d="T10" mmm="MARKER_T10" /><Mapping c3d="LBHD" mmm="MARKER_LBHD" /><Mapping c3d="LBAK" mmm="MARKER_LBAK" /><Mapping c3d="RBAK" mmm="MARKER_RBAK" /><Mapping c3d="RTIP" mmm="MARKER_RTIP" /><Mapping c3d="RMT1" mmm="MARKER_RMT1" /><Mapping c3d="LTOE" mmm="MARKER_LTOE" /><Mapping c3d="RHTS" mmm="MARKER_RHTS" /><Mapping c3d="RMT5" mmm="MARKER_RMT5" /><Mapping c3d="LTIP" mmm="MARKER_LTIP" /><Mapping c3d="LHTS" mmm="MARKER_LHTS" /><Mapping c3d="RAEL" mmm="MARKER_RAEL" /><Mapping c3d="RKNE" mmm="MARKER_RKNE" /><Mapping c3d="LHPS" mmm="MARKER_LHPS" /><Mapping c3d="LANK" mmm="MARKER_LANK" /><Mapping c3d="LWTS" mmm="MARKER_LWTS" /><Mapping c3d="RIFD" mmm="MARKER_RIFD" /><Mapping c3d="RAOL" mmm="MARKER_RAOL" /><Mapping c3d="CLAV" mmm="MARKER_CLAV" /><Mapping c3d="LASI" mmm="MARKER_LASI" /><Mapping c3d="C7" mmm="MARKER_C7" /><Mapping c3d="LHEE" mmm="MARKER_LHEE" /><Mapping c3d="LTHI" mmm="MARKER_LTHI" /><Mapping c3d="RTHI" mmm="MARKER_RTHI" /><Mapping c3d="RFHD" mmm="MARKER_RFHD" /><Mapping c3d="LUPA" mmm="MARKER_LUPA" /><Mapping c3d="LFHD" mmm="MARKER_LFHD" /><Mapping c3d="RHIP" mmm="MARKER_RHIP" /><Mapping c3d="RWPS" mmm="MARKER_RWPS" /><Mapping c3d="LMT1" mmm="MARKER_LMT1" /><Mapping c3d="L3" mmm="MARKER_L3" /><Mapping c3d="LFRA" mmm="MARKER_LFRA" /><Mapping c3d="LPSI" mmm="MARKER_LPSI" /><Mapping c3d="RPSI" mmm="MARKER_RPSI" /><Mapping c3d="LAOL" mmm="MARKER_LAOL" /><Mapping c3d="RBHD" mmm="MARKER_RBHD" /><Mapping c3d="RUPA" mmm="MARKER_RUPA" /><Mapping c3d="RASI" mmm="MARKER_RASI" /><Mapping c3d="RWTS" mmm="MARKER_RWTS" /><Mapping c3d="LHIP" mmm="MARKER_LHIP" /><Mapping c3d="STRN" mmm="MARKER_STRN" /><Mapping c3d="LAEL" mmm="MARKER_LAEL" /><Mapping c3d="RHPS" mmm="MARKER_RHPS" /><Mapping c3d="RTOE" mmm="MARKER_RTOE" /><Mapping c3d="RHEE" mmm="MARKER_RHEE" /><Mapping c3d="LMT5" mmm="MARKER_LMT5" /></MarkerMapping><JointSet><Joint name="BLNx_joint" /><Joint name="BLNy_joint" /><Joint name="BLNz_joint" /><Joint name="BPx_joint" /><Joint name="BPy_joint" /><Joint name="BPz_joint" /><Joint name="BTx_joint" /><Joint name="BTy_joint" /><Joint name="BTz_joint" /><Joint name="BUNx_joint" /><Joint name="BUNy_joint" /><Joint name="BUNz_joint" /><Joint name="LAx_joint" /><Joint name="LAy_joint" /><Joint name="LAz_joint" /><Joint name="LEx_joint" /><Joint name="LEz_joint" /><Joint name="LHx_joint" /><Joint name="LHy_joint" /><Joint name="LHz_joint" /><Joint name="LKx_joint" /><Joint name="LSx_joint" /><Joint name="LSy_joint" /><Joint name="LSz_joint" /><Joint name="LWx_joint" /><Joint name="LWy_joint" /><Joint name="LFx_joint" /><Joint name="LMrot_joint" /><Joint name="RAx_joint" /><Joint name="RAy_joint" /><Joint name="RAz_joint" /><Joint name="REx_joint" /><Joint name="REz_joint" /><Joint name="RHx_joint" /><Joint name="RHy_joint" /><Joint name="RHz_joint" /><Joint name="RKx_joint" /><Joint name="RSx_joint" /><Joint name="RSy_joint" /><Joint name="RSz_joint" /><Joint name="RWx_joint" /><Joint name="RWy_joint" /><Joint name="RFx_joint" /><Joint name="RMrot_joint" /></JointSet></Model></ConverterConfig>

  Model processor config:
    <ModelProcessorConfig type="Winter"><height>1.83</height><mass>100</mass></ModelProcessorConfig>

  Model files:
    mmm.xml -> 83095bf1f7710e0da2eabc0dc38933fff21a487e
    models/RightFingerJoint43y_joint_visu.wrl -> 4a8b66745234892104dc18c3f12b51653e0d22e2
    models/HeadSegment_joint_visu.wrl -> 98bc33547d6728b266ca30ad9f3f1cd1fc964890
    models/RightFingerJoint23y_joint_visu.wrl -> a0d5f39a5c7aa80b2d6a4eaf255bc2ee431c4c8b
    models/RightFingerJoint13y_joint_visu.wrl -> f6fe45b4978386e46181511649732c2b788efffc
    models/RightEyeSegmentY_joint_visu.wrl -> a5e19b848b6eeb97452f27da05841286c9c8750d
    models/RightFingerJoint33y_joint_visu.wrl -> 408d1d793635a63e5469ef6749032ed29df446cb
    models/RightFingerJoint42y_joint_visu.wrl -> 56054907e89fe8b5298ac919d87afca5ea3112a6
    models/RightFingerJoint40y_joint_visu.wrl -> a6a36d6acd88295f92f5ad6137dad641a10df4b6
    models/RAy_joint_visu.wrl -> ce5872147a6e4132bebc90a3e1e3c1a28a103eb6
    models/LeftFingerJoint33y_joint_visu.wrl -> 365adda3e38105f28e7045c2b0267a52336edf01
    models/BUNsegment_joint_visu.wrl -> 0ac874bfcd0d8c4b0c3b4ec4e56c59ce39aad99d
    models/LeftEyeSegmentY_joint_visu.wrl -> 066736ba165738d120f8d1d103b9c28b19c429bf
    models/RSCsegment_joint_visu.wrl -> 9044f5cc6779532281b74eface97e002798a8e6d
    models/LHsegment_joint_visu.wrl -> 3838c5fdad69c33fed501ae676c8a8a9282d9a05
    models/LeftFingerJoint53y_joint_visu.wrl -> cdd15d99efa93d038d04ced046fe79ae693a10d7
    models/RightFingerJoint21y_joint_visu.wrl -> d19626a13a08387890317675df2c2e7fe9db5eef
    models/RightFingerJoint12y_joint_visu.wrl -> 7097cf96d3597a795575a5abe9256e0143c2ed0f
    models/LeftFingerJoint43y_joint_visu.wrl -> 395c609ed268feb940855099f538c46a54c3a4d8
    models/RightFingerJoint53y_joint_visu.wrl -> 9d95789602901425bad9b4435dea2b4be5431202
    models/LeftFingerJoint42y_joint_visu.wrl -> e487f595b7019c407f92b0f00de5260e64e56c97
    models/LAsegment_joint_visu.wrl -> bb0d5feb0455fbd2c425d138b7f487260f4bf1bc
    models/BTSegment_joint_visu.wrl -> 22abe8deeec243c99e31ec02fa59372e98ac8471
    models/RKsegment_joint_visu.wrl -> 18b381d65e3337bcb0d1ff5928773884a1e17d57
    models/LeftFingerJoint41y_joint_visu.wrl -> 61402f6746307792f4303e574af749b94086a4ec
    models/LSCsegment_joint_visu.wrl -> c32a20b7e31becf394d78b5655efc5565b038b80
    models/LeftFingerJoint11y_joint_visu.wrl -> 0cbfceda8d89deb375f7933c8078af5147ec84b2
    models/RightFingerJoint41y_joint_visu.wrl -> 020541ab865e4e3e9fa2695e0f4eff71b52ad52d
    models/RWy_joint_visu.wrl -> 2b11028aee46fb62e614338be3dd5644c1a824ee
    models/LeftFingerJoint23y_joint_visu.wrl -> 478e70ae519508040adb535da7a7998bba1b8c42
    models/RSsegment_joint_visu.wrl -> 612de2c24f203d5846930907a5df9cef5d9578dd
    models/LeftFingerJoint12y_joint_visu.wrl -> 024079388e0352cf2dd7d6c0c4d45ee34851930c
    models/LWsegment_joint_visu.wrl -> 3c8bc8f30c2fdfc5956ddac1f868ed768806d7fd
    models/RightFingerJoint22y_joint_visu.wrl -> 0b36fec3092c4692c7809ee795740f148ffb0be8
    models/RMrot_joint_visu.wrl -> a56cefc9affb5ca3f87c8ad0a9ef880f3355f2f0
    models/LeftFingerJoint40y_joint_visu.wrl -> ebee55b3729d26fb04a73d5b427025dbf464f288
    models/LeftFingerJoint21y_joint_visu.wrl -> a890d2d55d8afbe701827374715b7e671862cc4f
    models/REsegment_joint_visu.wrl -> d709750461631f850f8441b85f4861ca47df51ae
    models/RHsegment_joint_visu.wrl -> 54fb3a26ddb8f2d419752eb76c4e488efef6b43c
    models/RightFingerJoint52y_joint_visu.wrl -> 44f18db78bed86bf1ddb981a1e678027e51db918
    models/RightFingerJoint50y_joint_visu.wrl -> 13ede518eb635943fcd4564499f4fdb69d27780e
    models/LFx_joint_visu.wrl -> 5d47b342ff68d5d2b2d9c7e22c5cf098909060c6
    models/LKsegment_joint_visu.wrl -> 5780b7d3a585852e8707cb2363bfa8d4d3b461f7
    models/LeftFingerJoint13y_joint_visu.wrl -> 8a00c78adf18bdebd78a513323b5f28f02d117be
    models/RightFingerJoint51y_joint_visu.wrl -> d78052a78ea694e1d35e6b91354db0a64493fbf4
    models/RightFingerJoint11y_joint_visu.wrl -> a05a4116eafe1434c190e03faa62753bcd333105
    models/LeftFingerJoint22y_joint_visu.wrl -> 7fee0851bbbc487512ffb12e46d738fc0837aa0c
    models/LAy_joint_visu.wrl -> de3953d8ffbf479f0eb229748cfdd897a408012e
    models/LEsegment_joint_visu.wrl -> 1bf5a0382df53cb4aef1ebf578e4d535a0cd3d7b
    models/RightFingerJoint31y_joint_visu.wrl -> 4f0efb942b57fffc5b3177798a71bcdbb9b92042
    models/LeftFingerJoint32y_joint_visu.wrl -> 685ae87120ee0d9ba5d764c8ff99385aa9d79a04
    models/RightFingerJoint32y_joint_visu.wrl -> 47d29dfecd9514a3973b021c83bc361364341093
    models/LeftFingerJoint31y_joint_visu.wrl -> d24789234312bf68c77c7830508763d07f9feec0
    models/LMrot_joint_visu.wrl -> 94047f5a29e3373271bba5d61ccbbacf9bfb01af
    models/LWy_joint_visu.wrl -> 33ba8f54774fa65838a8ae38c3d558f06fe00bc0
    models/LeftFingerJoint52y_joint_visu.wrl -> 3f7d688708cf5f55104348d5bc102dcc7b7a0a66
    models/LSsegment_joint_visu.wrl -> f34e7eae1658b3ae618b5bc40ebc1da529c7e0a3
    models/RAsegment_joint_visu.wrl -> bf9735bb8cbd74e01e9087f0ccad4783edc49231
    models/LeftFingerJoint50y_joint_visu.wrl -> c2f6364fe16768bd1382d1b02c327d9dcf43fd03
    models/LeftFingerJoint51y_joint_visu.wrl -> 0c2664365d375a3d9dd190818483e292027433d3
    models/LeftHandSegment_joint_visu.wrl -> 581235ef3290f47c527e74693e4a232056642bcf
    models/BTy_joint_visu.wrl -> 818c33f75e2b278db824d223d8796b1d1ca48213
    models/RWsegment_joint_visu.wrl -> de46619cf74eb2ffe74ab7fdaaf4cd485034b959
    models/RFx_joint_visu.wrl -> 7e0fad07af2c1f6a4bad2e40caa9cdcfafa5d748

Missing subject markers: []

Subject conversion error:
Conversion Error: avg/avg = 30.39, worst avg = 31.57, worst max = 112.98

The per-frame conversion errors are: (avg/max for subject and every object)
  Frame 0: 30.39/106.22
  Frame 1: 30.35/105.89
  Frame 2: 30.34/105.54
  Frame 3: 30.31/105.34
  Frame 4: 30.29/105.05
  Frame 5: 30.26/104.62
  Frame 6: 30.30/104.47
  Frame 7: 30.27/104.39
  Frame 8: 30.28/104.15
  Frame 9: 30.26/103.78
  Frame 10: 30.21/103.36
  Frame 11: 30.18/103.17
  Frame 12: 30.11/103.25
  Frame 13: 30.06/103.16
  Frame 14: 30.03/103.36
  Frame 15: 29.97/103.18
  Frame 16: 29.92/103.10
  Frame 17: 29.92/103.24
  Frame 18: 29.88/103.06
  Frame 19: 29.84/102.93
  Frame 20: 29.83/102.98
  Frame 21: 29.82/103.03
  Frame 22: 29.79/102.86
  Frame 23: 29.77/102.85
  Frame 24: 29.74/102.71
  Frame 25: 29.73/102.88
  Frame 26: 29.73/102.89
  Frame 27: 29.71/102.78
  Frame 28: 29.70/102.71
  Frame 29: 29.68/102.71
  Frame 30: 29.68/102.51
  Frame 31: 29.68/102.56
  Frame 32: 29.67/102.45
  Frame 33: 29.68/102.51
  Frame 34: 29.67/102.36
  Frame 35: 29.66/102.25
  Frame 36: 29.64/102.20
  Frame 37: 29.67/102.09
  Frame 38: 29.65/102.09
  Frame 39: 29.65/102.00
  Frame 40: 29.64/102.08
  Frame 41: 29.65/102.06
  Frame 42: 29.65/102.24
  Frame 43: 29.65/102.20
  Frame 44: 29.65/102.23
  Frame 45: 29.68/102.52
  Frame 46: 29.70/102.56
  Frame 47: 29.72/102.74
  Frame 48: 29.72/102.74
  Frame 49: 29.73/102.87
  Frame 50: 29.74/102.62
  Frame 51: 29.76/102.60
  Frame 52: 29.78/102.49
  Frame 53: 29.79/102.47
  Frame 54: 29.82/102.58
  Frame 55: 29.83/102.45
  Frame 56: 29.85/102.61
  Frame 57: 29.87/102.58
  Frame 58: 29.89/102.44
  Frame 59: 29.90/102.25
  Frame 60: 29.91/102.10
  Frame 61: 29.93/102.01
  Frame 62: 29.98/102.27
  Frame 63: 30.01/102.47
  Frame 64: 30.05/102.50
  Frame 65: 30.08/102.30
  Frame 66: 30.13/102.56
  Frame 67: 30.16/102.39
  Frame 68: 30.19/102.25
  Frame 69: 30.21/102.24
  Frame 70: 30.26/102.19
  Frame 71: 30.29/102.47
  Frame 72: 30.29/102.51
  Frame 73: 30.31/102.28
  Frame 74: 30.35/102.46
  Frame 75: 30.35/102.25
  Frame 76: 30.37/102.40
  Frame 77: 30.39/102.39
  Frame 78: 30.42/102.50
  Frame 79: 30.42/102.68
  Frame 80: 30.44/102.45
  Frame 81: 30.41/102.41
  Frame 82: 30.43/102.41
  Frame 83: 30.42/102.70
  Frame 84: 30.45/102.71
  Frame 85: 30.45/102.55
  Frame 86: 30.47/102.85
  Frame 87: 30.50/103.15
  Frame 88: 30.48/103.33
  Frame 89: 30.50/103.39
  Frame 90: 30.50/103.76
  Frame 91: 30.50/103.86
  Frame 92: 30.49/104.10
  Frame 93: 30.51/104.15
  Frame 94: 30.50/103.65
  Frame 95: 30.52/104.11
  Frame 96: 30.53/104.68
  Frame 97: 30.54/104.73
  Frame 98: 30.58/105.11
  Frame 99: 30.60/105.61
  Frame 100: 30.60/105.75
  Frame 101: 30.60/105.68
  Frame 102: 30.61/105.91
  Frame 103: 30.62/106.09
  Frame 104: 30.63/106.55
  Frame 105: 30.63/106.56
  Frame 106: 30.64/106.95
  Frame 107: 30.65/107.22
  Frame 108: 30.66/107.34
  Frame 109: 30.68/107.60
  Frame 110: 30.68/107.73
  Frame 111: 30.68/108.00
  Frame 112: 30.70/108.19
  Frame 113: 30.70/108.57
  Frame 114: 30.71/108.63
  Frame 115: 30.70/108.95
  Frame 116: 30.71/108.99
  Frame 117: 30.74/109.29
  Frame 118: 30.76/109.28
  Frame 119: 30.78/109.42
  Frame 120: 30.81/109.61
  Frame 121: 30.84/109.60
  Frame 122: 30.87/109.68
  Frame 123: 30.91/109.83
  Frame 124: 30.92/109.75
  Frame 125: 30.94/109.96
  Frame 126: 30.95/110.05
  Frame 127: 30.98/110.28
  Frame 128: 30.98/110.21
  Frame 129: 30.98/110.31
  Frame 130: 30.98/110.49
  Frame 131: 30.98/110.53
  Frame 132: 30.99/110.58
  Frame 133: 31.02/110.52
  Frame 134: 31.03/110.65
  Frame 135: 31.05/110.65
  Frame 136: 31.07/110.79
  Frame 137: 31.09/111.07
  Frame 138: 31.11/111.29
  Frame 139: 31.12/111.17
  Frame 140: 31.14/111.14
  Frame 141: 31.16/111.22
  Frame 142: 31.16/111.51
  Frame 143: 31.18/111.52
  Frame 144: 31.19/111.56
  Frame 145: 31.21/111.59
  Frame 146: 31.21/111.70
  Frame 147: 31.23/111.60
  Frame 148: 31.24/111.60
  Frame 149: 31.27/111.66
  Frame 150: 31.28/111.65
  Frame 151: 31.30/111.63
  Frame 152: 31.32/111.83
  Frame 153: 31.34/111.98
  Frame 154: 31.37/111.97
  Frame 155: 31.38/112.16
  Frame 156: 31.39/112.18
  Frame 157: 31.40/112.37
  Frame 158: 31.39/112.50
  Frame 159: 31.38/112.73
  Frame 160: 31.37/112.81
  Frame 161: 31.38/112.98
  Frame 162: 31.39/112.87
  Frame 163: 31.40/112.76
  Frame 164: 31.43/112.60
  Frame 165: 31.44/112.62
  Frame 166: 31.48/112.52
  Frame 167: 31.51/112.59
  Frame 168: 31.53/112.53
  Frame 169: 31.52/112.52
  Frame 170: 31.54/112.50
  Frame 171: 31.54/112.59
  Frame 172: 31.56/112.66
  Frame 173: 31.57/112.63
  Frame 174: 31.57/112.74
  Frame 175: 31.57/112.75
  Frame 176: 31.57/112.74
  Frame 177: 31.57/112.72
  Frame 178: 31.56/112.68
  Frame 179: 31.56/112.68
  Frame 180: 31.56/112.70
  Frame 181: 31.56/112.71
  Frame 182: 31.56/112.67
  Frame 183: 31.55/112.72
  Frame 184: 31.55/112.66
  Frame 185: 31.56/112.69
  Frame 186: 31.55/112.66
  Frame 187: 31.55/112.67
  Frame 188: 31.55/112.65
  Frame 189: 31.56/112.64
  Frame 190: 31.56/112.62
  Frame 191: 31.55/112.60
  Frame 192: 31.55/112.58
  Frame 193: 31.55/112.58
  Frame 194: 31.54/112.56
  Frame 195: 31.53/112.59
  Frame 196: 31.53/112.62
  Frame 197: 31.53/112.63
  Frame 198: 31.52/112.64
  Frame 199: 31.52/112.66
  Frame 200: 31.51/112.69
  Frame 201: 31.51/112.68
  Frame 202: 31.50/112.70
  Frame 203: 31.50/112.70
  Frame 204: 31.49/112.67
  Frame 205: 31.49/112.59
  Frame 206: 31.49/112.64
  Frame 207: 31.48/112.65
  Frame 208: 31.47/112.56
  Frame 209: 31.48/112.55
  Frame 210: 31.47/112.51
  Frame 211: 31.46/112.56
  Frame 212: 31.47/112.50
  Frame 213: 31.45/112.50
  Frame 214: 31.45/112.47
  Frame 215: 31.45/112.46
  Frame 216: 31.43/112.41
  Frame 217: 31.41/112.34
  Frame 218: 31.41/112.27
  Frame 219: 31.40/112.24
  Frame 220: 31.38/112.25
  Frame 221: 31.37/112.28
  Frame 222: 31.36/112.23
  Frame 223: 31.35/112.14
  Frame 224: 31.34/112.09
  Frame 225: 31.32/112.07
  Frame 226: 31.28/112.04
  Frame 227: 31.26/111.86
  Frame 228: 31.24/111.75
  Frame 229: 31.23/111.85
  Frame 230: 31.20/111.86
  Frame 231: 31.18/111.79
  Frame 232: 31.16/111.72
  Frame 233: 31.13/111.52
  Frame 234: 31.12/111.51
  Frame 235: 31.08/111.30
  Frame 236: 31.05/111.24
  Frame 237: 31.01/110.99
  Frame 238: 30.98/110.92
  Frame 239: 30.95/110.77
  Frame 240: 30.91/110.62
  Frame 241: 30.89/110.43
  Frame 242: 30.86/110.45
  Frame 243: 30.82/110.09
  Frame 244: 30.80/109.82
  Frame 245: 30.77/109.52
  Frame 246: 30.74/109.27
  Frame 247: 30.68/109.04
  Frame 248: 30.66/108.71
  Frame 249: 30.62/107.94
  Frame 250: 30.55/107.76
  Frame 251: 30.52/107.63
  Frame 252: 30.45/107.29
  Frame 253: 30.40/107.00
  Frame 254: 30.33/106.51
  Frame 255: 30.27/105.67
  Frame 256: 30.23/105.58
  Frame 257: 30.14/105.23
  Frame 258: 30.13/105.24
  Frame 259: 30.09/104.77
  Frame 260: 30.06/104.39
  Frame 261: 30.07/104.41
  Frame 262: 30.05/103.72
  Frame 263: 30.01/103.49
  Frame 264: 30.00/103.21
  Frame 265: 29.99/103.66
  Frame 266: 29.95/103.36
  Frame 267: 29.94/103.06
  Frame 268: 29.92/102.77
  Frame 269: 29.92/103.07
  Frame 270: 29.88/102.51
  Frame 271: 29.85/102.35
  Frame 272: 29.83/102.17
  Frame 273: 29.82/101.94
  Frame 274: 29.84/102.88
  Frame 275: 29.85/103.01
  Frame 276: 29.85/102.86
  Frame 277: 29.84/102.58
  Frame 278: 29.83/102.50
  Frame 279: 29.82/101.83
  Frame 280: 29.84/102.65
  Frame 281: 29.81/101.39
  Frame 282: 29.77/101.32
  Frame 283: 29.78/101.25
  Frame 284: 29.76/101.17
  Frame 285: 29.76/101.01
  Frame 286: 29.71/100.76
  Frame 287: 29.73/101.03
  Frame 288: 29.72/101.34
  Frame 289: 29.68/101.16
  Frame 290: 29.66/101.26
  Frame 291: 29.63/101.29
  Frame 292: 29.61/101.50
  Frame 293: 29.58/101.33
  Frame 294: 29.57/101.44
  Frame 295: 29.52/101.04
  Frame 296: 29.50/101.00
  Frame 297: 29.48/101.27
  Frame 298: 29.48/101.25
  Frame 299: 29.47/101.20
  Frame 300: 29.45/100.95
  Frame 301: 29.43/100.65
  Frame 302: 29.44/100.68
  Frame 303: 29.43/100.87
  Frame 304: 29.44/101.04
  Frame 305: 29.41/101.26
  Frame 306: 29.40/101.31
  Frame 307: 29.37/101.38
  Frame 308: 29.36/101.50
  Frame 309: 29.35/101.35
  Frame 310: 29.33/101.28
  Frame 311: 29.33/101.36
  Frame 312: 29.31/101.41
  Frame 313: 29.31/101.59
  Frame 314: 29.31/101.59
  Frame 315: 29.31/101.66
  Frame 316: 29.29/101.64
  Frame 317: 29.29/101.79
  Frame 318: 29.29/101.84
  Frame 319: 29.28/101.78
  Frame 320: 29.26/101.74
  Frame 321: 29.26/101.78
  Frame 322: 29.25/101.70
  Frame 323: 29.25/101.65
  Frame 324: 29.25/101.53
  Frame 325: 29.25/101.53
  Frame 326: 29.24/101.55
  Frame 327: 29.26/101.48
  Frame 328: 29.27/101.45
  Frame 329: 29.26/101.38
  Frame 330: 29.27/101.42
  Frame 331: 29.28/101.40
  Frame 332: 29.28/101.38
  Frame 333: 29.28/101.36
  Frame 334: 29.28/101.27
  Frame 335: 29.28/101.28
  Frame 336: 29.28/101.13
  Frame 337: 29.27/101.24
  Frame 338: 29.28/101.25
  Frame 339: 29.28/101.32
  Frame 340: 29.28/101.30
  Frame 341: 29.28/101.32
  Frame 342: 29.28/101.34
  Frame 343: 29.27/101.37
  Frame 344: 29.27/101.46
  Frame 345: 29.27/101.42
  Frame 346: 29.29/101.53
  Frame 347: 29.27/101.55
  Frame 348: 29.28/101.53
  Frame 349: 29.29/101.65
  Frame 350: 29.31/101.78
  Frame 351: 29.31/101.85
  Frame 352: 29.31/101.98
  Frame 353: 29.31/101.99
  Frame 354: 29.32/101.91
  Frame 355: 29.32/101.95
  Frame 356: 29.33/101.86
  Frame 357: 29.32/101.66

The following line contains the information from above in a machine-readable format and can safely be ignored.
MMT/convert_db:{"subject_conversion_error": [[30.3871, 106.217], [30.3499, 105.89], [30.3431, 105.536], [30.3089, 105.337], [30.286, 105.052], [30.2621, 104.624], [30.3022, 104.474], [30.2736, 104.393], [30.2784, 104.148], [30.2592, 103.785], [30.2058, 103.363], [30.1778, 103.166], [30.1136, 103.254], [30.0579, 103.162], [30.026, 103.364], [29.9677, 103.179], [29.9163, 103.102], [29.9232, 103.238], [29.8817, 103.06], [29.838, 102.926], [29.8312, 102.981], [29.8158, 103.034], [29.7878, 102.858], [29.7724, 102.847], [29.7403, 102.709], [29.735, 102.876], [29.7337, 102.892], [29.7115, 102.775], [29.6974, 102.713], [29.6831, 102.709], [29.677, 102.507], [29.6781, 102.558], [29.671, 102.455], [29.6842, 102.508], [29.671, 102.359], [29.6551, 102.248], [29.6446, 102.199], [29.6718, 102.093], [29.6514, 102.087], [29.6514, 101.995], [29.6358, 102.082], [29.6451, 102.057], [29.654, 102.243], [29.6495, 102.201], [29.65, 102.234], [29.6768, 102.518], [29.7043, 102.556], [29.7215, 102.739], [29.722, 102.737], [29.7297, 102.867], [29.7448, 102.616], [29.7634, 102.604], [29.7837, 102.486], [29.794, 102.468], [29.8182, 102.579], [29.8272, 102.45], [29.8499, 102.607], [29.8731, 102.576], [29.8879, 102.441], [29.8974, 102.25], [29.914, 102.102], [29.9338, 102.006], [29.9757, 102.265], [30.0118, 102.47], [30.0543, 102.501], [30.0824, 102.304], [30.1253, 102.555], [30.1564, 102.395], [30.1903, 102.253], [30.2134, 102.236], [30.2559, 102.19], [30.2884, 102.475], [30.2891, 102.506], [30.3085, 102.284], [30.3484, 102.46], [30.35, 102.253], [30.367, 102.397], [30.3893, 102.388], [30.4186, 102.502], [30.4239, 102.676], [30.4365, 102.45], [30.4106, 102.409], [30.4289, 102.411], [30.4241, 102.701], [30.4507, 102.709], [30.4473, 102.554], [30.4747, 102.846], [30.5026, 103.151], [30.4818, 103.33], [30.5029, 103.391], [30.4975, 103.756], [30.5037, 103.857], [30.4928, 104.103], [30.5052, 104.149], [30.4966, 103.654], [30.5156, 104.111], [30.5286, 104.68], [30.5379, 104.727], [30.5767, 105.114], [30.6022, 105.612], [30.6009, 105.755], [30.5995, 105.679], [30.6061, 105.911], [30.6166, 106.089], [30.6281, 106.548], [30.6347, 106.563], [30.6427, 106.952], [30.6516, 107.215], [30.6602, 107.339], [30.6752, 107.601], [30.6783, 107.734], [30.6843, 107.995], [30.696, 108.194], [30.697, 108.572], [30.7088, 108.629], [30.703, 108.952], [30.7095, 108.988], [30.7379, 109.289], [30.7551, 109.276], [30.7789, 109.421], [30.8111, 109.615], [30.8362, 109.601], [30.8659, 109.681], [30.9133, 109.835], [30.9165, 109.752], [30.9397, 109.961], [30.9542, 110.054], [30.9849, 110.275], [30.9763, 110.207], [30.9834, 110.314], [30.9824, 110.494], [30.9821, 110.531], [30.992, 110.581], [31.0173, 110.522], [31.0323, 110.649], [31.0536, 110.651], [31.069, 110.794], [31.0903, 111.068], [31.114, 111.293], [31.1223, 111.168], [31.1352, 111.143], [31.1583, 111.22], [31.1574, 111.508], [31.1827, 111.522], [31.1896, 111.559], [31.2108, 111.595], [31.213, 111.698], [31.2266, 111.6], [31.2425, 111.596], [31.2671, 111.664], [31.2782, 111.647], [31.2989, 111.633], [31.3167, 111.833], [31.3445, 111.976], [31.3681, 111.973], [31.3785, 112.156], [31.3871, 112.184], [31.4035, 112.372], [31.3867, 112.502], [31.3807, 112.73], [31.3737, 112.808], [31.3795, 112.982], [31.3866, 112.868], [31.4026, 112.759], [31.4288, 112.6], [31.4401, 112.622], [31.4824, 112.524], [31.5083, 112.595], [31.5289, 112.535], [31.5192, 112.523], [31.5369, 112.5], [31.5424, 112.59], [31.5644, 112.661], [31.5728, 112.633], [31.5664, 112.738], [31.5684, 112.748], [31.567, 112.742], [31.5665, 112.721], [31.5596, 112.677], [31.5583, 112.682], [31.5592, 112.704], [31.5613, 112.707], [31.5605, 112.671], [31.552, 112.715], [31.551, 112.664], [31.5551, 112.687], [31.5543, 112.663], [31.5546, 112.673], [31.5539, 112.653], [31.5575, 112.641], [31.5558, 112.624], [31.5502, 112.602], [31.5522, 112.58], [31.5479, 112.585], [31.5411, 112.564], [31.5342, 112.586], [31.529, 112.616], [31.5257, 112.628], [31.5239, 112.641], [31.5152, 112.661], [31.5076, 112.689], [31.5061, 112.68], [31.5046, 112.704], [31.4977, 112.705], [31.4913, 112.671], [31.4883, 112.592], [31.4882, 112.643], [31.4815, 112.653], [31.4724, 112.557], [31.479, 112.55], [31.4741, 112.507], [31.4626, 112.555], [31.4656, 112.498], [31.4522, 112.496], [31.4506, 112.468], [31.4488, 112.461], [31.4342, 112.409], [31.4142, 112.339], [31.4068, 112.272], [31.3952, 112.241], [31.383, 112.249], [31.3671, 112.276], [31.3595, 112.231], [31.3515, 112.139], [31.3401, 112.089], [31.3208, 112.067], [31.28, 112.043], [31.2596, 111.861], [31.2402, 111.749], [31.226, 111.85], [31.2021, 111.864], [31.1817, 111.789], [31.1647, 111.719], [31.1326, 111.522], [31.119, 111.51], [31.0795, 111.303], [31.0517, 111.238], [31.0147, 110.994], [30.9823, 110.915], [30.9494, 110.774], [30.9078, 110.624], [30.8926, 110.428], [30.8645, 110.447], [30.8242, 110.089], [30.7965, 109.824], [30.7694, 109.521], [30.7364, 109.269], [30.6815, 109.042], [30.6623, 108.711], [30.6182, 107.94], [30.5509, 107.758], [30.5197, 107.631], [30.453, 107.289], [30.4016, 106.995], [30.3318, 106.509], [30.2666, 105.67], [30.2301, 105.577], [30.1426, 105.229], [30.1274, 105.236], [30.0907, 104.772], [30.0636, 104.388], [30.073, 104.405], [30.0501, 103.721], [30.0129, 103.493], [30.0029, 103.214], [29.9886, 103.657], [29.9519, 103.358], [29.9394, 103.059], [29.9159, 102.774], [29.9157, 103.068], [29.8809, 102.506], [29.8456, 102.354], [29.8297, 102.175], [29.8226, 101.939], [29.842, 102.875], [29.8496, 103.011], [29.8481, 102.858], [29.8378, 102.585], [29.8265, 102.495], [29.8218, 101.828], [29.8385, 102.646], [29.8104, 101.395], [29.7733, 101.319], [29.7769, 101.252], [29.7578, 101.175], [29.7606, 101.009], [29.7091, 100.758], [29.7282, 101.03], [29.7152, 101.343], [29.6812, 101.16], [29.6647, 101.258], [29.6329, 101.29], [29.6053, 101.503], [29.5842, 101.334], [29.5689, 101.444], [29.5228, 101.037], [29.4955, 101.002], [29.4804, 101.265], [29.4847, 101.254], [29.4721, 101.202], [29.4503, 100.95], [29.4302, 100.648], [29.44, 100.679], [29.4312, 100.869], [29.4399, 101.04], [29.4129, 101.26], [29.3952, 101.307], [29.3718, 101.38], [29.3614, 101.495], [29.3518, 101.351], [29.33, 101.28], [29.3266, 101.356], [29.3066, 101.414], [29.3105, 101.588], [29.3133, 101.586], [29.3079, 101.66], [29.2933, 101.645], [29.2932, 101.79], [29.2875, 101.845], [29.2788, 101.779], [29.2649, 101.743], [29.261, 101.776], [29.2519, 101.705], [29.247, 101.651], [29.2538, 101.534], [29.248, 101.528], [29.2355, 101.548], [29.2579, 101.476], [29.2653, 101.45], [29.2632, 101.383], [29.2707, 101.417], [29.2763, 101.404], [29.2839, 101.376], [29.2827, 101.36], [29.2807, 101.274], [29.2767, 101.277], [29.2826, 101.127], [29.2748, 101.243], [29.2786, 101.251], [29.2799, 101.321], [29.278, 101.296], [29.2808, 101.317], [29.2774, 101.336], [29.2729, 101.371], [29.2721, 101.462], [29.267, 101.425], [29.2851, 101.527], [29.2749, 101.554], [29.281, 101.533], [29.286, 101.648], [29.3054, 101.778], [29.3058, 101.847], [29.3109, 101.979], [29.3146, 101.994], [29.3202, 101.911], [29.3222, 101.947], [29.3285, 101.859], [29.3202, 101.662]], "git_repository_heads": {"MMMTools": ["d77f5a301e3e2f4cd16623ff82a11fbc98dc1113", 1459847935], "MMMCore": ["1d27ecc05fae8cf73cac6754bb4fa9f37155663b", 1459846333], "Simox": ["8d9023238ae3fddb74502537a3681c4318147084", 1459514263], "MMT": ["c7423751d257e7ed1c29d25547f02fa43d3d5549", 1466092673]}, "convert_db_version": 5, "object_conversion_settings": {}, "object_conversion_errors": {}, "subject_conversion_settings": {"model_files": [["mmm.xml", "83095bf1f7710e0da2eabc0dc38933fff21a487e"], ["models/RightFingerJoint43y_joint_visu.wrl", "4a8b66745234892104dc18c3f12b51653e0d22e2"], ["models/HeadSegment_joint_visu.wrl", "98bc33547d6728b266ca30ad9f3f1cd1fc964890"], ["models/RightFingerJoint23y_joint_visu.wrl", "a0d5f39a5c7aa80b2d6a4eaf255bc2ee431c4c8b"], ["models/RightFingerJoint13y_joint_visu.wrl", "f6fe45b4978386e46181511649732c2b788efffc"], ["models/RightEyeSegmentY_joint_visu.wrl", "a5e19b848b6eeb97452f27da05841286c9c8750d"], ["models/RightFingerJoint33y_joint_visu.wrl", "408d1d793635a63e5469ef6749032ed29df446cb"], ["models/RightFingerJoint42y_joint_visu.wrl", "56054907e89fe8b5298ac919d87afca5ea3112a6"], ["models/RightFingerJoint40y_joint_visu.wrl", "a6a36d6acd88295f92f5ad6137dad641a10df4b6"], ["models/RAy_joint_visu.wrl", "ce5872147a6e4132bebc90a3e1e3c1a28a103eb6"], ["models/LeftFingerJoint33y_joint_visu.wrl", "365adda3e38105f28e7045c2b0267a52336edf01"], ["models/BUNsegment_joint_visu.wrl", "0ac874bfcd0d8c4b0c3b4ec4e56c59ce39aad99d"], ["models/LeftEyeSegmentY_joint_visu.wrl", "066736ba165738d120f8d1d103b9c28b19c429bf"], ["models/RSCsegment_joint_visu.wrl", "9044f5cc6779532281b74eface97e002798a8e6d"], ["models/LHsegment_joint_visu.wrl", "3838c5fdad69c33fed501ae676c8a8a9282d9a05"], ["models/LeftFingerJoint53y_joint_visu.wrl", "cdd15d99efa93d038d04ced046fe79ae693a10d7"], ["models/RightFingerJoint21y_joint_visu.wrl", "d19626a13a08387890317675df2c2e7fe9db5eef"], ["models/RightFingerJoint12y_joint_visu.wrl", "7097cf96d3597a795575a5abe9256e0143c2ed0f"], ["models/LeftFingerJoint43y_joint_visu.wrl", "395c609ed268feb940855099f538c46a54c3a4d8"], ["models/RightFingerJoint53y_joint_visu.wrl", "9d95789602901425bad9b4435dea2b4be5431202"], ["models/LeftFingerJoint42y_joint_visu.wrl", "e487f595b7019c407f92b0f00de5260e64e56c97"], ["models/LAsegment_joint_visu.wrl", "bb0d5feb0455fbd2c425d138b7f487260f4bf1bc"], ["models/BTSegment_joint_visu.wrl", "22abe8deeec243c99e31ec02fa59372e98ac8471"], ["models/RKsegment_joint_visu.wrl", "18b381d65e3337bcb0d1ff5928773884a1e17d57"], ["models/LeftFingerJoint41y_joint_visu.wrl", "61402f6746307792f4303e574af749b94086a4ec"], ["models/LSCsegment_joint_visu.wrl", "c32a20b7e31becf394d78b5655efc5565b038b80"], ["models/LeftFingerJoint11y_joint_visu.wrl", "0cbfceda8d89deb375f7933c8078af5147ec84b2"], ["models/RightFingerJoint41y_joint_visu.wrl", "020541ab865e4e3e9fa2695e0f4eff71b52ad52d"], ["models/RWy_joint_visu.wrl", "2b11028aee46fb62e614338be3dd5644c1a824ee"], ["models/LeftFingerJoint23y_joint_visu.wrl", "478e70ae519508040adb535da7a7998bba1b8c42"], ["models/RSsegment_joint_visu.wrl", "612de2c24f203d5846930907a5df9cef5d9578dd"], ["models/LeftFingerJoint12y_joint_visu.wrl", "024079388e0352cf2dd7d6c0c4d45ee34851930c"], ["models/LWsegment_joint_visu.wrl", "3c8bc8f30c2fdfc5956ddac1f868ed768806d7fd"], ["models/RightFingerJoint22y_joint_visu.wrl", "0b36fec3092c4692c7809ee795740f148ffb0be8"], ["models/RMrot_joint_visu.wrl", "a56cefc9affb5ca3f87c8ad0a9ef880f3355f2f0"], ["models/LeftFingerJoint40y_joint_visu.wrl", "ebee55b3729d26fb04a73d5b427025dbf464f288"], ["models/LeftFingerJoint21y_joint_visu.wrl", "a890d2d55d8afbe701827374715b7e671862cc4f"], ["models/REsegment_joint_visu.wrl", "d709750461631f850f8441b85f4861ca47df51ae"], ["models/RHsegment_joint_visu.wrl", "54fb3a26ddb8f2d419752eb76c4e488efef6b43c"], ["models/RightFingerJoint52y_joint_visu.wrl", "44f18db78bed86bf1ddb981a1e678027e51db918"], ["models/RightFingerJoint50y_joint_visu.wrl", "13ede518eb635943fcd4564499f4fdb69d27780e"], ["models/LFx_joint_visu.wrl", "5d47b342ff68d5d2b2d9c7e22c5cf098909060c6"], ["models/LKsegment_joint_visu.wrl", "5780b7d3a585852e8707cb2363bfa8d4d3b461f7"], ["models/LeftFingerJoint13y_joint_visu.wrl", "8a00c78adf18bdebd78a513323b5f28f02d117be"], ["models/RightFingerJoint51y_joint_visu.wrl", "d78052a78ea694e1d35e6b91354db0a64493fbf4"], ["models/RightFingerJoint11y_joint_visu.wrl", "a05a4116eafe1434c190e03faa62753bcd333105"], ["models/LeftFingerJoint22y_joint_visu.wrl", "7fee0851bbbc487512ffb12e46d738fc0837aa0c"], ["models/LAy_joint_visu.wrl", "de3953d8ffbf479f0eb229748cfdd897a408012e"], ["models/LEsegment_joint_visu.wrl", "1bf5a0382df53cb4aef1ebf578e4d535a0cd3d7b"], ["models/RightFingerJoint31y_joint_visu.wrl", "4f0efb942b57fffc5b3177798a71bcdbb9b92042"], ["models/LeftFingerJoint32y_joint_visu.wrl", "685ae87120ee0d9ba5d764c8ff99385aa9d79a04"], ["models/RightFingerJoint32y_joint_visu.wrl", "47d29dfecd9514a3973b021c83bc361364341093"], ["models/LeftFingerJoint31y_joint_visu.wrl", "d24789234312bf68c77c7830508763d07f9feec0"], ["models/LMrot_joint_visu.wrl", "94047f5a29e3373271bba5d61ccbbacf9bfb01af"], ["models/LWy_joint_visu.wrl", "33ba8f54774fa65838a8ae38c3d558f06fe00bc0"], ["models/LeftFingerJoint52y_joint_visu.wrl", "3f7d688708cf5f55104348d5bc102dcc7b7a0a66"], ["models/LSsegment_joint_visu.wrl", "f34e7eae1658b3ae618b5bc40ebc1da529c7e0a3"], ["models/RAsegment_joint_visu.wrl", "bf9735bb8cbd74e01e9087f0ccad4783edc49231"], ["models/LeftFingerJoint50y_joint_visu.wrl", "c2f6364fe16768bd1382d1b02c327d9dcf43fd03"], ["models/LeftFingerJoint51y_joint_visu.wrl", "0c2664365d375a3d9dd190818483e292027433d3"], ["models/LeftHandSegment_joint_visu.wrl", "581235ef3290f47c527e74693e4a232056642bcf"], ["models/BTy_joint_visu.wrl", "818c33f75e2b278db824d223d8796b1d1ca48213"], ["models/RWsegment_joint_visu.wrl", "de46619cf74eb2ffe74ab7fdaaf4cd485034b959"], ["models/RFx_joint_visu.wrl", "7e0fad07af2c1f6a4bad2e40caa9cdcfafa5d748"]], "converter_config": "<ConverterConfig type=\"NloptConverter\"><Model><MarkerMapping><Mapping c3d=\"LIFD\" mmm=\"MARKER_LIFD\" /><Mapping c3d=\"LKNE\" mmm=\"MARKER_LKNE\" /><Mapping c3d=\"LWPS\" mmm=\"MARKER_LWPS\" /><Mapping c3d=\"RANK\" mmm=\"MARKER_RANK\" /><Mapping c3d=\"T10\" mmm=\"MARKER_T10\" /><Mapping c3d=\"LBHD\" mmm=\"MARKER_LBHD\" /><Mapping c3d=\"LBAK\" mmm=\"MARKER_LBAK\" /><Mapping c3d=\"RBAK\" mmm=\"MARKER_RBAK\" /><Mapping c3d=\"RTIP\" mmm=\"MARKER_RTIP\" /><Mapping c3d=\"RMT1\" mmm=\"MARKER_RMT1\" /><Mapping c3d=\"LTOE\" mmm=\"MARKER_LTOE\" /><Mapping c3d=\"RHTS\" mmm=\"MARKER_RHTS\" /><Mapping c3d=\"RMT5\" mmm=\"MARKER_RMT5\" /><Mapping c3d=\"LTIP\" mmm=\"MARKER_LTIP\" /><Mapping c3d=\"LHTS\" mmm=\"MARKER_LHTS\" /><Mapping c3d=\"RAEL\" mmm=\"MARKER_RAEL\" /><Mapping c3d=\"RKNE\" mmm=\"MARKER_RKNE\" /><Mapping c3d=\"LHPS\" mmm=\"MARKER_LHPS\" /><Mapping c3d=\"LANK\" mmm=\"MARKER_LANK\" /><Mapping c3d=\"LWTS\" mmm=\"MARKER_LWTS\" /><Mapping c3d=\"RIFD\" mmm=\"MARKER_RIFD\" /><Mapping c3d=\"RAOL\" mmm=\"MARKER_RAOL\" /><Mapping c3d=\"CLAV\" mmm=\"MARKER_CLAV\" /><Mapping c3d=\"LASI\" mmm=\"MARKER_LASI\" /><Mapping c3d=\"C7\" mmm=\"MARKER_C7\" /><Mapping c3d=\"LHEE\" mmm=\"MARKER_LHEE\" /><Mapping c3d=\"LTHI\" mmm=\"MARKER_LTHI\" /><Mapping c3d=\"RTHI\" mmm=\"MARKER_RTHI\" /><Mapping c3d=\"RFHD\" mmm=\"MARKER_RFHD\" /><Mapping c3d=\"LUPA\" mmm=\"MARKER_LUPA\" /><Mapping c3d=\"LFHD\" mmm=\"MARKER_LFHD\" /><Mapping c3d=\"RHIP\" mmm=\"MARKER_RHIP\" /><Mapping c3d=\"RWPS\" mmm=\"MARKER_RWPS\" /><Mapping c3d=\"LMT1\" mmm=\"MARKER_LMT1\" /><Mapping c3d=\"L3\" mmm=\"MARKER_L3\" /><Mapping c3d=\"LFRA\" mmm=\"MARKER_LFRA\" /><Mapping c3d=\"LPSI\" mmm=\"MARKER_LPSI\" /><Mapping c3d=\"RPSI\" mmm=\"MARKER_RPSI\" /><Mapping c3d=\"LAOL\" mmm=\"MARKER_LAOL\" /><Mapping c3d=\"RBHD\" mmm=\"MARKER_RBHD\" /><Mapping c3d=\"RUPA\" mmm=\"MARKER_RUPA\" /><Mapping c3d=\"RASI\" mmm=\"MARKER_RASI\" /><Mapping c3d=\"RWTS\" mmm=\"MARKER_RWTS\" /><Mapping c3d=\"LHIP\" mmm=\"MARKER_LHIP\" /><Mapping c3d=\"STRN\" mmm=\"MARKER_STRN\" /><Mapping c3d=\"LAEL\" mmm=\"MARKER_LAEL\" /><Mapping c3d=\"RHPS\" mmm=\"MARKER_RHPS\" /><Mapping c3d=\"RTOE\" mmm=\"MARKER_RTOE\" /><Mapping c3d=\"RHEE\" mmm=\"MARKER_RHEE\" /><Mapping c3d=\"LMT5\" mmm=\"MARKER_LMT5\" /></MarkerMapping><JointSet><Joint name=\"BLNx_joint\" /><Joint name=\"BLNy_joint\" /><Joint name=\"BLNz_joint\" /><Joint name=\"BPx_joint\" /><Joint name=\"BPy_joint\" /><Joint name=\"BPz_joint\" /><Joint name=\"BTx_joint\" /><Joint name=\"BTy_joint\" /><Joint name=\"BTz_joint\" /><Joint name=\"BUNx_joint\" /><Joint name=\"BUNy_joint\" /><Joint name=\"BUNz_joint\" /><Joint name=\"LAx_joint\" /><Joint name=\"LAy_joint\" /><Joint name=\"LAz_joint\" /><Joint name=\"LEx_joint\" /><Joint name=\"LEz_joint\" /><Joint name=\"LHx_joint\" /><Joint name=\"LHy_joint\" /><Joint name=\"LHz_joint\" /><Joint name=\"LKx_joint\" /><Joint name=\"LSx_joint\" /><Joint name=\"LSy_joint\" /><Joint name=\"LSz_joint\" /><Joint name=\"LWx_joint\" /><Joint name=\"LWy_joint\" /><Joint name=\"LFx_joint\" /><Joint name=\"LMrot_joint\" /><Joint name=\"RAx_joint\" /><Joint name=\"RAy_joint\" /><Joint name=\"RAz_joint\" /><Joint name=\"REx_joint\" /><Joint name=\"REz_joint\" /><Joint name=\"RHx_joint\" /><Joint name=\"RHy_joint\" /><Joint name=\"RHz_joint\" /><Joint name=\"RKx_joint\" /><Joint name=\"RSx_joint\" /><Joint name=\"RSy_joint\" /><Joint name=\"RSz_joint\" /><Joint name=\"RWx_joint\" /><Joint name=\"RWy_joint\" /><Joint name=\"RFx_joint\" /><Joint name=\"RMrot_joint\" /></JointSet></Model></ConverterConfig>", "model_processor_config": "<ModelProcessorConfig type=\"Winter\"><height>1.83</height><mass>100</mass></ModelProcessorConfig>"}, "subject_missing_markers": []}