Motion Database Converter

User/Host: mmm @ i61motiondb
Date: 2016-08-12 19:26:37
Input File: hand_to_mouth_right_arm_05.c3d (ID #60868, created 2016-08-12 09:09:58)

The HEADs of the git repositories used for conversion are:
  MMMCore: 1d27ecc05fae8cf73cac6754bb4fa9f37155663b (2016-04-05 08:52:13)
  MMMTools: d77f5a301e3e2f4cd16623ff82a11fbc98dc1113 (2016-04-05 09:18:55)
  MMT: c7423751d257e7ed1c29d25547f02fa43d3d5549 (2016-06-16 15:57:53)
  Simox: 8d9023238ae3fddb74502537a3681c4318147084 (2016-04-01 12:37:43)

Configuration for subject:
  Converter config:
    <ConverterConfig type="NloptConverter"><Model><MarkerMapping><Mapping c3d="LIFD" mmm="MARKER_LIFD" /><Mapping c3d="LKNE" mmm="MARKER_LKNE" /><Mapping c3d="LWPS" mmm="MARKER_LWPS" /><Mapping c3d="RANK" mmm="MARKER_RANK" /><Mapping c3d="T10" mmm="MARKER_T10" /><Mapping c3d="LBHD" mmm="MARKER_LBHD" /><Mapping c3d="LBAK" mmm="MARKER_LBAK" /><Mapping c3d="RBAK" mmm="MARKER_RBAK" /><Mapping c3d="RTIP" mmm="MARKER_RTIP" /><Mapping c3d="RMT1" mmm="MARKER_RMT1" /><Mapping c3d="LTOE" mmm="MARKER_LTOE" /><Mapping c3d="RHTS" mmm="MARKER_RHTS" /><Mapping c3d="RMT5" mmm="MARKER_RMT5" /><Mapping c3d="LTIP" mmm="MARKER_LTIP" /><Mapping c3d="LHTS" mmm="MARKER_LHTS" /><Mapping c3d="RAEL" mmm="MARKER_RAEL" /><Mapping c3d="RKNE" mmm="MARKER_RKNE" /><Mapping c3d="LHPS" mmm="MARKER_LHPS" /><Mapping c3d="LANK" mmm="MARKER_LANK" /><Mapping c3d="LWTS" mmm="MARKER_LWTS" /><Mapping c3d="RIFD" mmm="MARKER_RIFD" /><Mapping c3d="RAOL" mmm="MARKER_RAOL" /><Mapping c3d="CLAV" mmm="MARKER_CLAV" /><Mapping c3d="LASI" mmm="MARKER_LASI" /><Mapping c3d="C7" mmm="MARKER_C7" /><Mapping c3d="LHEE" mmm="MARKER_LHEE" /><Mapping c3d="LTHI" mmm="MARKER_LTHI" /><Mapping c3d="RTHI" mmm="MARKER_RTHI" /><Mapping c3d="RFHD" mmm="MARKER_RFHD" /><Mapping c3d="LUPA" mmm="MARKER_LUPA" /><Mapping c3d="LFHD" mmm="MARKER_LFHD" /><Mapping c3d="RHIP" mmm="MARKER_RHIP" /><Mapping c3d="RWPS" mmm="MARKER_RWPS" /><Mapping c3d="LMT1" mmm="MARKER_LMT1" /><Mapping c3d="L3" mmm="MARKER_L3" /><Mapping c3d="LFRA" mmm="MARKER_LFRA" /><Mapping c3d="LPSI" mmm="MARKER_LPSI" /><Mapping c3d="RPSI" mmm="MARKER_RPSI" /><Mapping c3d="LAOL" mmm="MARKER_LAOL" /><Mapping c3d="RBHD" mmm="MARKER_RBHD" /><Mapping c3d="RUPA" mmm="MARKER_RUPA" /><Mapping c3d="RASI" mmm="MARKER_RASI" /><Mapping c3d="RWTS" mmm="MARKER_RWTS" /><Mapping c3d="LHIP" mmm="MARKER_LHIP" /><Mapping c3d="STRN" mmm="MARKER_STRN" /><Mapping c3d="LAEL" mmm="MARKER_LAEL" /><Mapping c3d="RHPS" mmm="MARKER_RHPS" /><Mapping c3d="RTOE" mmm="MARKER_RTOE" /><Mapping c3d="RHEE" mmm="MARKER_RHEE" /><Mapping c3d="LMT5" mmm="MARKER_LMT5" /></MarkerMapping><JointSet><Joint name="BLNx_joint" /><Joint name="BLNy_joint" /><Joint name="BLNz_joint" /><Joint name="BPx_joint" /><Joint name="BPy_joint" /><Joint name="BPz_joint" /><Joint name="BTx_joint" /><Joint name="BTy_joint" /><Joint name="BTz_joint" /><Joint name="BUNx_joint" /><Joint name="BUNy_joint" /><Joint name="BUNz_joint" /><Joint name="LAx_joint" /><Joint name="LAy_joint" /><Joint name="LAz_joint" /><Joint name="LEx_joint" /><Joint name="LEz_joint" /><Joint name="LHx_joint" /><Joint name="LHy_joint" /><Joint name="LHz_joint" /><Joint name="LKx_joint" /><Joint name="LSx_joint" /><Joint name="LSy_joint" /><Joint name="LSz_joint" /><Joint name="LWx_joint" /><Joint name="LWy_joint" /><Joint name="LFx_joint" /><Joint name="LMrot_joint" /><Joint name="RAx_joint" /><Joint name="RAy_joint" /><Joint name="RAz_joint" /><Joint name="REx_joint" /><Joint name="REz_joint" /><Joint name="RHx_joint" /><Joint name="RHy_joint" /><Joint name="RHz_joint" /><Joint name="RKx_joint" /><Joint name="RSx_joint" /><Joint name="RSy_joint" /><Joint name="RSz_joint" /><Joint name="RWx_joint" /><Joint name="RWy_joint" /><Joint name="RFx_joint" /><Joint name="RMrot_joint" /></JointSet></Model></ConverterConfig>

  Model processor config:
    <ModelProcessorConfig type="Winter"><height>1.83</height><mass>100</mass></ModelProcessorConfig>

  Model files:
    mmm.xml -> 83095bf1f7710e0da2eabc0dc38933fff21a487e
    models/RightFingerJoint43y_joint_visu.wrl -> 4a8b66745234892104dc18c3f12b51653e0d22e2
    models/HeadSegment_joint_visu.wrl -> 98bc33547d6728b266ca30ad9f3f1cd1fc964890
    models/RightFingerJoint23y_joint_visu.wrl -> a0d5f39a5c7aa80b2d6a4eaf255bc2ee431c4c8b
    models/RightFingerJoint13y_joint_visu.wrl -> f6fe45b4978386e46181511649732c2b788efffc
    models/RightEyeSegmentY_joint_visu.wrl -> a5e19b848b6eeb97452f27da05841286c9c8750d
    models/RightFingerJoint33y_joint_visu.wrl -> 408d1d793635a63e5469ef6749032ed29df446cb
    models/RightFingerJoint42y_joint_visu.wrl -> 56054907e89fe8b5298ac919d87afca5ea3112a6
    models/RightFingerJoint40y_joint_visu.wrl -> a6a36d6acd88295f92f5ad6137dad641a10df4b6
    models/RAy_joint_visu.wrl -> ce5872147a6e4132bebc90a3e1e3c1a28a103eb6
    models/LeftFingerJoint33y_joint_visu.wrl -> 365adda3e38105f28e7045c2b0267a52336edf01
    models/BUNsegment_joint_visu.wrl -> 0ac874bfcd0d8c4b0c3b4ec4e56c59ce39aad99d
    models/LeftEyeSegmentY_joint_visu.wrl -> 066736ba165738d120f8d1d103b9c28b19c429bf
    models/RSCsegment_joint_visu.wrl -> 9044f5cc6779532281b74eface97e002798a8e6d
    models/LHsegment_joint_visu.wrl -> 3838c5fdad69c33fed501ae676c8a8a9282d9a05
    models/LeftFingerJoint53y_joint_visu.wrl -> cdd15d99efa93d038d04ced046fe79ae693a10d7
    models/RightFingerJoint21y_joint_visu.wrl -> d19626a13a08387890317675df2c2e7fe9db5eef
    models/RightFingerJoint12y_joint_visu.wrl -> 7097cf96d3597a795575a5abe9256e0143c2ed0f
    models/LeftFingerJoint43y_joint_visu.wrl -> 395c609ed268feb940855099f538c46a54c3a4d8
    models/RightFingerJoint53y_joint_visu.wrl -> 9d95789602901425bad9b4435dea2b4be5431202
    models/LeftFingerJoint42y_joint_visu.wrl -> e487f595b7019c407f92b0f00de5260e64e56c97
    models/LAsegment_joint_visu.wrl -> bb0d5feb0455fbd2c425d138b7f487260f4bf1bc
    models/BTSegment_joint_visu.wrl -> 22abe8deeec243c99e31ec02fa59372e98ac8471
    models/RKsegment_joint_visu.wrl -> 18b381d65e3337bcb0d1ff5928773884a1e17d57
    models/LeftFingerJoint41y_joint_visu.wrl -> 61402f6746307792f4303e574af749b94086a4ec
    models/LSCsegment_joint_visu.wrl -> c32a20b7e31becf394d78b5655efc5565b038b80
    models/LeftFingerJoint11y_joint_visu.wrl -> 0cbfceda8d89deb375f7933c8078af5147ec84b2
    models/RightFingerJoint41y_joint_visu.wrl -> 020541ab865e4e3e9fa2695e0f4eff71b52ad52d
    models/RWy_joint_visu.wrl -> 2b11028aee46fb62e614338be3dd5644c1a824ee
    models/LeftFingerJoint23y_joint_visu.wrl -> 478e70ae519508040adb535da7a7998bba1b8c42
    models/RSsegment_joint_visu.wrl -> 612de2c24f203d5846930907a5df9cef5d9578dd
    models/LeftFingerJoint12y_joint_visu.wrl -> 024079388e0352cf2dd7d6c0c4d45ee34851930c
    models/LWsegment_joint_visu.wrl -> 3c8bc8f30c2fdfc5956ddac1f868ed768806d7fd
    models/RightFingerJoint22y_joint_visu.wrl -> 0b36fec3092c4692c7809ee795740f148ffb0be8
    models/RMrot_joint_visu.wrl -> a56cefc9affb5ca3f87c8ad0a9ef880f3355f2f0
    models/LeftFingerJoint40y_joint_visu.wrl -> ebee55b3729d26fb04a73d5b427025dbf464f288
    models/LeftFingerJoint21y_joint_visu.wrl -> a890d2d55d8afbe701827374715b7e671862cc4f
    models/REsegment_joint_visu.wrl -> d709750461631f850f8441b85f4861ca47df51ae
    models/RHsegment_joint_visu.wrl -> 54fb3a26ddb8f2d419752eb76c4e488efef6b43c
    models/RightFingerJoint52y_joint_visu.wrl -> 44f18db78bed86bf1ddb981a1e678027e51db918
    models/RightFingerJoint50y_joint_visu.wrl -> 13ede518eb635943fcd4564499f4fdb69d27780e
    models/LFx_joint_visu.wrl -> 5d47b342ff68d5d2b2d9c7e22c5cf098909060c6
    models/LKsegment_joint_visu.wrl -> 5780b7d3a585852e8707cb2363bfa8d4d3b461f7
    models/LeftFingerJoint13y_joint_visu.wrl -> 8a00c78adf18bdebd78a513323b5f28f02d117be
    models/RightFingerJoint51y_joint_visu.wrl -> d78052a78ea694e1d35e6b91354db0a64493fbf4
    models/RightFingerJoint11y_joint_visu.wrl -> a05a4116eafe1434c190e03faa62753bcd333105
    models/LeftFingerJoint22y_joint_visu.wrl -> 7fee0851bbbc487512ffb12e46d738fc0837aa0c
    models/LAy_joint_visu.wrl -> de3953d8ffbf479f0eb229748cfdd897a408012e
    models/LEsegment_joint_visu.wrl -> 1bf5a0382df53cb4aef1ebf578e4d535a0cd3d7b
    models/RightFingerJoint31y_joint_visu.wrl -> 4f0efb942b57fffc5b3177798a71bcdbb9b92042
    models/LeftFingerJoint32y_joint_visu.wrl -> 685ae87120ee0d9ba5d764c8ff99385aa9d79a04
    models/RightFingerJoint32y_joint_visu.wrl -> 47d29dfecd9514a3973b021c83bc361364341093
    models/LeftFingerJoint31y_joint_visu.wrl -> d24789234312bf68c77c7830508763d07f9feec0
    models/LMrot_joint_visu.wrl -> 94047f5a29e3373271bba5d61ccbbacf9bfb01af
    models/LWy_joint_visu.wrl -> 33ba8f54774fa65838a8ae38c3d558f06fe00bc0
    models/LeftFingerJoint52y_joint_visu.wrl -> 3f7d688708cf5f55104348d5bc102dcc7b7a0a66
    models/LSsegment_joint_visu.wrl -> f34e7eae1658b3ae618b5bc40ebc1da529c7e0a3
    models/RAsegment_joint_visu.wrl -> bf9735bb8cbd74e01e9087f0ccad4783edc49231
    models/LeftFingerJoint50y_joint_visu.wrl -> c2f6364fe16768bd1382d1b02c327d9dcf43fd03
    models/LeftFingerJoint51y_joint_visu.wrl -> 0c2664365d375a3d9dd190818483e292027433d3
    models/LeftHandSegment_joint_visu.wrl -> 581235ef3290f47c527e74693e4a232056642bcf
    models/BTy_joint_visu.wrl -> 818c33f75e2b278db824d223d8796b1d1ca48213
    models/RWsegment_joint_visu.wrl -> de46619cf74eb2ffe74ab7fdaaf4cd485034b959
    models/RFx_joint_visu.wrl -> 7e0fad07af2c1f6a4bad2e40caa9cdcfafa5d748

Missing subject markers: []

Subject conversion error:
Conversion Error: avg/avg = 30.07, worst avg = 31.08, worst max = 110.59

The per-frame conversion errors are: (avg/max for subject and every object)
  Frame 0: 30.10/105.61
  Frame 1: 30.06/105.18
  Frame 2: 30.03/104.92
  Frame 3: 29.97/104.90
  Frame 4: 29.93/104.71
  Frame 5: 29.89/104.67
  Frame 6: 29.84/104.68
  Frame 7: 29.84/104.46
  Frame 8: 29.80/104.46
  Frame 9: 29.79/104.43
  Frame 10: 29.79/104.39
  Frame 11: 29.80/104.28
  Frame 12: 29.78/104.33
  Frame 13: 29.77/104.12
  Frame 14: 29.77/104.25
  Frame 15: 29.75/104.08
  Frame 16: 29.75/104.15
  Frame 17: 29.74/104.03
  Frame 18: 29.74/104.09
  Frame 19: 29.71/104.04
  Frame 20: 29.71/104.06
  Frame 21: 29.70/104.02
  Frame 22: 29.68/104.01
  Frame 23: 29.67/103.91
  Frame 24: 29.64/103.96
  Frame 25: 29.64/103.85
  Frame 26: 29.64/103.76
  Frame 27: 29.65/103.88
  Frame 28: 29.66/103.81
  Frame 29: 29.66/103.74
  Frame 30: 29.64/103.71
  Frame 31: 29.65/103.64
  Frame 32: 29.63/103.59
  Frame 33: 29.63/103.44
  Frame 34: 29.63/103.36
  Frame 35: 29.61/103.34
  Frame 36: 29.60/103.39
  Frame 37: 29.60/103.31
  Frame 38: 29.59/103.28
  Frame 39: 29.59/103.35
  Frame 40: 29.59/103.34
  Frame 41: 29.59/103.21
  Frame 42: 29.58/103.34
  Frame 43: 29.58/103.20
  Frame 44: 29.59/103.17
  Frame 45: 29.59/102.97
  Frame 46: 29.59/103.03
  Frame 47: 29.60/102.95
  Frame 48: 29.61/102.70
  Frame 49: 29.61/102.72
  Frame 50: 29.61/102.71
  Frame 51: 29.61/102.67
  Frame 52: 29.63/102.84
  Frame 53: 29.65/102.98
  Frame 54: 29.66/102.94
  Frame 55: 29.68/102.89
  Frame 56: 29.68/102.74
  Frame 57: 29.69/102.85
  Frame 58: 29.70/102.75
  Frame 59: 29.71/102.66
  Frame 60: 29.71/102.73
  Frame 61: 29.72/102.79
  Frame 62: 29.73/102.88
  Frame 63: 29.74/102.75
  Frame 64: 29.76/102.85
  Frame 65: 29.76/102.95
  Frame 66: 29.78/102.91
  Frame 67: 29.78/102.76
  Frame 68: 29.80/102.78
  Frame 69: 29.80/102.65
  Frame 70: 29.81/102.77
  Frame 71: 29.83/103.01
  Frame 72: 29.85/102.96
  Frame 73: 29.85/103.04
  Frame 74: 29.86/103.10
  Frame 75: 29.91/103.21
  Frame 76: 29.90/103.50
  Frame 77: 29.89/103.27
  Frame 78: 29.87/103.50
  Frame 79: 29.86/103.45
  Frame 80: 29.90/103.64
  Frame 81: 29.87/103.51
  Frame 82: 29.89/103.47
  Frame 83: 29.89/103.63
  Frame 84: 29.91/103.69
  Frame 85: 29.90/103.65
  Frame 86: 29.90/103.70
  Frame 87: 29.90/103.35
  Frame 88: 29.93/103.61
  Frame 89: 29.93/103.63
  Frame 90: 29.95/103.75
  Frame 91: 29.93/103.86
  Frame 92: 29.94/103.69
  Frame 93: 29.94/103.81
  Frame 94: 29.95/104.18
  Frame 95: 29.94/104.30
  Frame 96: 29.92/104.18
  Frame 97: 29.92/104.58
  Frame 98: 29.90/104.79
  Frame 99: 29.90/105.18
  Frame 100: 29.91/105.48
  Frame 101: 29.90/105.06
  Frame 102: 29.88/105.22
  Frame 103: 29.88/105.45
  Frame 104: 29.89/106.04
  Frame 105: 29.90/106.19
  Frame 106: 29.90/106.28
  Frame 107: 29.94/106.46
  Frame 108: 29.92/106.43
  Frame 109: 29.95/106.80
  Frame 110: 29.95/107.08
  Frame 111: 29.95/107.05
  Frame 112: 29.95/107.36
  Frame 113: 29.98/107.72
  Frame 114: 30.03/108.21
  Frame 115: 30.03/108.57
  Frame 116: 30.05/108.36
  Frame 117: 30.06/108.60
  Frame 118: 30.10/108.87
  Frame 119: 30.11/108.81
  Frame 120: 30.15/109.12
  Frame 121: 30.20/109.40
  Frame 122: 30.23/109.50
  Frame 123: 30.26/109.49
  Frame 124: 30.30/109.59
  Frame 125: 30.35/109.62
  Frame 126: 30.41/109.78
  Frame 127: 30.44/110.22
  Frame 128: 30.48/109.98
  Frame 129: 30.53/110.16
  Frame 130: 30.57/110.11
  Frame 131: 30.56/110.06
  Frame 132: 30.61/110.25
  Frame 133: 30.61/110.21
  Frame 134: 30.65/110.58
  Frame 135: 30.68/110.06
  Frame 136: 30.71/110.16
  Frame 137: 30.73/110.23
  Frame 138: 30.75/110.51
  Frame 139: 30.79/110.18
  Frame 140: 30.81/110.39
  Frame 141: 30.81/110.30
  Frame 142: 30.82/110.13
  Frame 143: 30.85/110.16
  Frame 144: 30.85/110.24
  Frame 145: 30.86/110.44
  Frame 146: 30.90/110.31
  Frame 147: 30.90/110.36
  Frame 148: 30.90/110.44
  Frame 149: 30.91/110.35
  Frame 150: 30.90/110.59
  Frame 151: 30.93/110.50
  Frame 152: 30.94/110.26
  Frame 153: 30.93/110.25
  Frame 154: 30.94/110.27
  Frame 155: 30.95/110.17
  Frame 156: 30.95/110.16
  Frame 157: 30.96/110.06
  Frame 158: 30.95/110.07
  Frame 159: 30.95/109.85
  Frame 160: 30.96/109.73
  Frame 161: 30.96/109.69
  Frame 162: 30.97/109.71
  Frame 163: 30.99/109.73
  Frame 164: 31.00/109.70
  Frame 165: 31.00/109.70
  Frame 166: 31.01/109.67
  Frame 167: 31.02/109.62
  Frame 168: 31.02/109.74
  Frame 169: 31.03/109.71
  Frame 170: 31.03/109.71
  Frame 171: 31.05/109.72
  Frame 172: 31.05/109.69
  Frame 173: 31.06/109.74
  Frame 174: 31.05/109.75
  Frame 175: 31.05/109.76
  Frame 176: 31.06/109.77
  Frame 177: 31.07/109.79
  Frame 178: 31.07/109.78
  Frame 179: 31.07/109.76
  Frame 180: 31.07/109.70
  Frame 181: 31.06/109.69
  Frame 182: 31.07/109.66
  Frame 183: 31.07/109.60
  Frame 184: 31.07/109.57
  Frame 185: 31.07/109.57
  Frame 186: 31.08/109.58
  Frame 187: 31.08/109.61
  Frame 188: 31.08/109.59
  Frame 189: 31.08/109.58
  Frame 190: 31.07/109.54
  Frame 191: 31.07/109.58
  Frame 192: 31.06/109.54
  Frame 193: 31.06/109.55
  Frame 194: 31.05/109.51
  Frame 195: 31.04/109.54
  Frame 196: 31.03/109.57
  Frame 197: 31.02/109.57
  Frame 198: 31.01/109.60
  Frame 199: 31.00/109.63
  Frame 200: 30.99/109.66
  Frame 201: 30.98/109.62
  Frame 202: 30.97/109.51
  Frame 203: 30.98/109.45
  Frame 204: 30.96/109.38
  Frame 205: 30.96/109.37
  Frame 206: 30.94/109.27
  Frame 207: 30.94/109.17
  Frame 208: 30.92/109.17
  Frame 209: 30.92/109.12
  Frame 210: 30.90/109.02
  Frame 211: 30.88/108.99
  Frame 212: 30.85/108.85
  Frame 213: 30.83/108.82
  Frame 214: 30.82/108.61
  Frame 215: 30.81/108.58
  Frame 216: 30.80/108.39
  Frame 217: 30.79/108.33
  Frame 218: 30.77/108.22
  Frame 219: 30.75/108.07
  Frame 220: 30.72/108.03
  Frame 221: 30.70/107.82
  Frame 222: 30.68/107.72
  Frame 223: 30.64/107.36
  Frame 224: 30.62/107.01
  Frame 225: 30.61/106.77
  Frame 226: 30.59/106.54
  Frame 227: 30.57/106.25
  Frame 228: 30.55/106.09
  Frame 229: 30.54/105.87
  Frame 230: 30.50/105.51
  Frame 231: 30.50/105.58
  Frame 232: 30.47/105.28
  Frame 233: 30.46/105.12
  Frame 234: 30.45/104.93
  Frame 235: 30.43/104.11
  Frame 236: 30.40/103.92
  Frame 237: 30.35/103.84
  Frame 238: 30.31/103.61
  Frame 239: 30.29/103.38
  Frame 240: 30.26/103.38
  Frame 241: 30.22/103.08
  Frame 242: 30.21/103.04
  Frame 243: 30.19/102.76
  Frame 244: 30.13/102.26
  Frame 245: 30.09/101.74
  Frame 246: 30.08/101.72
  Frame 247: 30.07/101.75
  Frame 248: 30.04/101.37
  Frame 249: 30.03/101.12
  Frame 250: 30.04/101.70
  Frame 251: 30.01/101.10
  Frame 252: 30.02/100.95
  Frame 253: 30.01/100.54
  Frame 254: 29.98/100.26
  Frame 255: 29.98/99.83
  Frame 256: 29.97/100.23
  Frame 257: 29.98/100.24
  Frame 258: 29.95/99.84
  Frame 259: 29.98/100.30
  Frame 260: 29.98/100.76
  Frame 261: 29.99/100.59
  Frame 262: 29.96/100.17
  Frame 263: 29.95/100.14
  Frame 264: 29.96/100.22
  Frame 265: 29.94/99.81
  Frame 266: 29.95/99.68
  Frame 267: 29.96/99.97
  Frame 268: 29.93/99.92
  Frame 269: 29.92/99.98
  Frame 270: 29.92/100.19
  Frame 271: 29.92/100.20
  Frame 272: 29.90/100.22
  Frame 273: 29.90/100.19
  Frame 274: 29.90/100.18
  Frame 275: 29.88/100.06
  Frame 276: 29.88/99.86
  Frame 277: 29.86/99.92
  Frame 278: 29.83/99.98
  Frame 279: 29.80/99.86
  Frame 280: 29.76/99.77
  Frame 281: 29.72/99.51
  Frame 282: 29.68/99.36
  Frame 283: 29.65/99.12
  Frame 284: 29.63/98.75
  Frame 285: 29.63/98.62
  Frame 286: 29.59/98.95
  Frame 287: 29.60/98.82
  Frame 288: 29.58/98.68
  Frame 289: 29.55/98.38
  Frame 290: 29.53/98.61
  Frame 291: 29.54/98.97
  Frame 292: 29.53/98.95
  Frame 293: 29.51/98.89
  Frame 294: 29.50/99.00
  Frame 295: 29.49/98.88
  Frame 296: 29.49/98.94
  Frame 297: 29.47/99.05
  Frame 298: 29.46/99.01
  Frame 299: 29.44/98.93
  Frame 300: 29.44/99.08
  Frame 301: 29.43/99.04
  Frame 302: 29.41/99.23
  Frame 303: 29.40/99.32
  Frame 304: 29.40/99.30
  Frame 305: 29.38/99.26
  Frame 306: 29.38/99.21
  Frame 307: 29.36/99.25
  Frame 308: 29.37/99.34
  Frame 309: 29.36/99.42
  Frame 310: 29.36/99.47
  Frame 311: 29.35/99.55
  Frame 312: 29.36/99.58
  Frame 313: 29.36/99.56
  Frame 314: 29.36/99.44
  Frame 315: 29.36/99.43
  Frame 316: 29.35/99.41
  Frame 317: 29.34/99.52
  Frame 318: 29.34/99.41
  Frame 319: 29.34/99.41
  Frame 320: 29.34/99.47
  Frame 321: 29.33/99.41
  Frame 322: 29.33/99.33
  Frame 323: 29.32/99.32
  Frame 324: 29.31/99.32
  Frame 325: 29.31/99.16
  Frame 326: 29.30/99.30
  Frame 327: 29.30/99.16
  Frame 328: 29.30/99.22
  Frame 329: 29.31/99.11
  Frame 330: 29.30/99.22
  Frame 331: 29.31/99.16
  Frame 332: 29.30/99.19
  Frame 333: 29.30/99.24
  Frame 334: 29.30/99.28
  Frame 335: 29.31/99.31
  Frame 336: 29.31/99.27
  Frame 337: 29.30/99.17
  Frame 338: 29.29/99.24
  Frame 339: 29.27/99.36
  Frame 340: 29.26/99.34
  Frame 341: 29.26/99.18
  Frame 342: 29.24/99.08
  Frame 343: 29.23/99.13
  Frame 344: 29.24/99.06
  Frame 345: 29.23/99.34
  Frame 346: 29.23/99.41
  Frame 347: 29.24/99.41
  Frame 348: 29.25/99.55
  Frame 349: 29.27/99.79
  Frame 350: 29.29/99.89
  Frame 351: 29.29/99.97
  Frame 352: 29.29/100.21
  Frame 353: 29.29/100.21
  Frame 354: 29.30/100.40
  Frame 355: 29.29/100.36
  Frame 356: 29.29/100.40

The following line contains the information from above in a machine-readable format and can safely be ignored.
MMT/convert_db:{"subject_conversion_error": [[30.1025, 105.605], [30.0635, 105.182], [30.0254, 104.924], [29.974, 104.902], [29.9251, 104.711], [29.8911, 104.671], [29.8404, 104.676], [29.8368, 104.463], [29.802, 104.456], [29.7933, 104.433], [29.7896, 104.385], [29.7981, 104.278], [29.7805, 104.33], [29.7723, 104.123], [29.7746, 104.255], [29.7536, 104.079], [29.7502, 104.148], [29.7403, 104.027], [29.7385, 104.087], [29.7126, 104.038], [29.7061, 104.058], [29.6951, 104.015], [29.6769, 104.013], [29.6724, 103.908], [29.635, 103.961], [29.6449, 103.846], [29.6415, 103.763], [29.6487, 103.879], [29.6596, 103.809], [29.6648, 103.743], [29.6413, 103.709], [29.6474, 103.64], [29.6293, 103.594], [29.6337, 103.444], [29.6301, 103.363], [29.6057, 103.343], [29.6014, 103.393], [29.6047, 103.309], [29.5892, 103.285], [29.5852, 103.349], [29.5908, 103.343], [29.5914, 103.213], [29.5807, 103.338], [29.5836, 103.205], [29.5857, 103.172], [29.5864, 102.965], [29.5916, 103.031], [29.6038, 102.948], [29.6058, 102.703], [29.6095, 102.717], [29.6118, 102.71], [29.6112, 102.674], [29.6332, 102.836], [29.6525, 102.984], [29.6627, 102.945], [29.6768, 102.891], [29.6845, 102.743], [29.6926, 102.848], [29.6971, 102.751], [29.7111, 102.657], [29.7116, 102.727], [29.7222, 102.792], [29.7315, 102.876], [29.7433, 102.745], [29.7566, 102.851], [29.7646, 102.953], [29.7834, 102.911], [29.7791, 102.761], [29.7998, 102.775], [29.7974, 102.647], [29.8079, 102.767], [29.8348, 103.009], [29.848, 102.957], [29.853, 103.038], [29.8591, 103.097], [29.9051, 103.209], [29.8974, 103.5], [29.8898, 103.268], [29.8708, 103.503], [29.8563, 103.45], [29.8984, 103.635], [29.8748, 103.514], [29.8939, 103.466], [29.8867, 103.632], [29.9082, 103.688], [29.9007, 103.649], [29.896, 103.703], [29.8971, 103.349], [29.9286, 103.609], [29.9334, 103.629], [29.947, 103.751], [29.9255, 103.861], [29.9381, 103.694], [29.9404, 103.813], [29.9472, 104.178], [29.943, 104.299], [29.9213, 104.183], [29.9173, 104.584], [29.8962, 104.791], [29.9029, 105.178], [29.9115, 105.484], [29.9021, 105.065], [29.8828, 105.219], [29.8833, 105.453], [29.8897, 106.041], [29.9026, 106.19], [29.8958, 106.276], [29.936, 106.458], [29.9173, 106.431], [29.9524, 106.802], [29.9549, 107.076], [29.9543, 107.046], [29.9473, 107.365], [29.9841, 107.715], [30.03, 108.209], [30.0295, 108.572], [30.0498, 108.361], [30.0633, 108.602], [30.0958, 108.873], [30.1147, 108.809], [30.1532, 109.124], [30.2028, 109.4], [30.2288, 109.495], [30.2649, 109.494], [30.2998, 109.586], [30.3521, 109.617], [30.4068, 109.775], [30.4397, 110.219], [30.479, 109.98], [30.5347, 110.16], [30.5705, 110.108], [30.5592, 110.055], [30.6094, 110.247], [30.6118, 110.208], [30.6531, 110.585], [30.6782, 110.065], [30.7055, 110.158], [30.7331, 110.235], [30.7546, 110.509], [30.7924, 110.18], [30.8097, 110.387], [30.8052, 110.299], [30.8236, 110.126], [30.8452, 110.158], [30.8484, 110.238], [30.8594, 110.438], [30.9046, 110.31], [30.9013, 110.361], [30.8977, 110.436], [30.9142, 110.347], [30.9021, 110.59], [30.9267, 110.504], [30.9357, 110.263], [30.9324, 110.252], [30.9422, 110.268], [30.9529, 110.165], [30.9539, 110.16], [30.9649, 110.058], [30.9474, 110.07], [30.9546, 109.85], [30.9574, 109.733], [30.9625, 109.687], [30.9718, 109.709], [30.9853, 109.735], [30.9969, 109.701], [31.0009, 109.696], [31.0132, 109.665], [31.0213, 109.618], [31.0236, 109.74], [31.0287, 109.712], [31.0332, 109.708], [31.0483, 109.718], [31.0498, 109.687], [31.0556, 109.741], [31.0542, 109.753], [31.0488, 109.764], [31.0604, 109.77], [31.0714, 109.791], [31.0695, 109.778], [31.0691, 109.756], [31.0665, 109.7], [31.0622, 109.692], [31.0664, 109.664], [31.0695, 109.602], [31.0742, 109.57], [31.0739, 109.572], [31.0753, 109.582], [31.0751, 109.611], [31.0792, 109.593], [31.0811, 109.581], [31.0725, 109.543], [31.0702, 109.578], [31.0603, 109.538], [31.056, 109.553], [31.0544, 109.508], [31.0428, 109.541], [31.0306, 109.567], [31.0176, 109.573], [31.0094, 109.596], [31.0025, 109.627], [30.9887, 109.664], [30.9795, 109.618], [30.9749, 109.51], [30.9791, 109.452], [30.9604, 109.38], [30.9559, 109.367], [30.9411, 109.268], [30.938, 109.167], [30.9224, 109.169], [30.9155, 109.118], [30.8996, 109.024], [30.877, 108.994], [30.8525, 108.853], [30.8297, 108.82], [30.8191, 108.611], [30.8077, 108.578], [30.7979, 108.386], [30.7879, 108.328], [30.7652, 108.218], [30.7507, 108.072], [30.7205, 108.033], [30.7007, 107.817], [30.6807, 107.724], [30.6447, 107.358], [30.6247, 107.01], [30.6078, 106.772], [30.5913, 106.544], [30.5654, 106.252], [30.5477, 106.094], [30.5437, 105.872], [30.4968, 105.511], [30.5049, 105.582], [30.4699, 105.279], [30.4595, 105.116], [30.4504, 104.933], [30.4275, 104.107], [30.4045, 103.917], [30.3478, 103.84], [30.3086, 103.614], [30.2873, 103.383], [30.2563, 103.378], [30.2224, 103.083], [30.2069, 103.043], [30.1941, 102.764], [30.1325, 102.263], [30.086, 101.741], [30.0776, 101.718], [30.0728, 101.746], [30.0413, 101.369], [30.0265, 101.116], [30.0351, 101.705], [30.0136, 101.097], [30.0178, 100.947], [30.0106, 100.536], [29.9786, 100.264], [29.981, 99.8277], [29.9739, 100.231], [29.9779, 100.241], [29.9547, 99.8413], [29.9841, 100.296], [29.9795, 100.756], [29.9882, 100.592], [29.9581, 100.172], [29.9542, 100.139], [29.9625, 100.224], [29.9407, 99.815], [29.9493, 99.6834], [29.9568, 99.9674], [29.9341, 99.9153], [29.9205, 99.9756], [29.9227, 100.19], [29.9248, 100.202], [29.8982, 100.225], [29.8976, 100.193], [29.9011, 100.179], [29.8794, 100.063], [29.877, 99.8625], [29.8564, 99.9171], [29.8297, 99.9822], [29.8042, 99.8604], [29.7628, 99.7729], [29.7224, 99.5061], [29.6796, 99.3632], [29.6548, 99.1209], [29.6301, 98.7493], [29.6272, 98.6188], [29.5926, 98.9475], [29.5994, 98.8248], [29.5794, 98.6752], [29.5476, 98.3777], [29.5332, 98.6095], [29.5419, 98.9693], [29.5306, 98.955], [29.5119, 98.8921], [29.5021, 98.9981], [29.4919, 98.8769], [29.4922, 98.9393], [29.4704, 99.0505], [29.4614, 99.0062], [29.4435, 98.9285], [29.4398, 99.0802], [29.4265, 99.039], [29.4124, 99.2276], [29.4031, 99.3186], [29.4013, 99.3027], [29.3821, 99.2554], [29.3842, 99.2105], [29.3617, 99.2525], [29.3693, 99.3435], [29.3604, 99.421], [29.363, 99.4689], [29.3506, 99.5514], [29.3584, 99.5794], [29.3574, 99.5587], [29.3612, 99.4405], [29.3583, 99.4299], [29.3484, 99.4149], [29.3449, 99.5171], [29.3401, 99.4148], [29.339, 99.4078], [29.3383, 99.4661], [29.3321, 99.4069], [29.3279, 99.3309], [29.3153, 99.323], [29.311, 99.3175], [29.3084, 99.155], [29.3043, 99.2953], [29.3015, 99.1649], [29.2987, 99.2192], [29.3073, 99.1112], [29.3016, 99.2156], [29.307, 99.164], [29.3036, 99.1854], [29.2984, 99.2438], [29.3033, 99.283], [29.3103, 99.3059], [29.3111, 99.2659], [29.2956, 99.168], [29.2902, 99.2422], [29.2691, 99.359], [29.2596, 99.3428], [29.2601, 99.1807], [29.2432, 99.0825], [29.2338, 99.1312], [29.2412, 99.0577], [29.2269, 99.3377], [29.2335, 99.4143], [29.2429, 99.4089], [29.2535, 99.5543], [29.27, 99.7893], [29.2879, 99.8928], [29.2915, 99.9741], [29.2873, 100.211], [29.2942, 100.209], [29.2958, 100.399], [29.292, 100.359], [29.2883, 100.402]], "git_repository_heads": {"MMMTools": ["d77f5a301e3e2f4cd16623ff82a11fbc98dc1113", 1459847935], "MMMCore": ["1d27ecc05fae8cf73cac6754bb4fa9f37155663b", 1459846333], "Simox": ["8d9023238ae3fddb74502537a3681c4318147084", 1459514263], "MMT": ["c7423751d257e7ed1c29d25547f02fa43d3d5549", 1466092673]}, "convert_db_version": 5, "object_conversion_settings": {}, "object_conversion_errors": {}, "subject_conversion_settings": {"model_files": [["mmm.xml", "83095bf1f7710e0da2eabc0dc38933fff21a487e"], ["models/RightFingerJoint43y_joint_visu.wrl", "4a8b66745234892104dc18c3f12b51653e0d22e2"], ["models/HeadSegment_joint_visu.wrl", "98bc33547d6728b266ca30ad9f3f1cd1fc964890"], ["models/RightFingerJoint23y_joint_visu.wrl", "a0d5f39a5c7aa80b2d6a4eaf255bc2ee431c4c8b"], ["models/RightFingerJoint13y_joint_visu.wrl", "f6fe45b4978386e46181511649732c2b788efffc"], ["models/RightEyeSegmentY_joint_visu.wrl", "a5e19b848b6eeb97452f27da05841286c9c8750d"], ["models/RightFingerJoint33y_joint_visu.wrl", "408d1d793635a63e5469ef6749032ed29df446cb"], ["models/RightFingerJoint42y_joint_visu.wrl", "56054907e89fe8b5298ac919d87afca5ea3112a6"], ["models/RightFingerJoint40y_joint_visu.wrl", "a6a36d6acd88295f92f5ad6137dad641a10df4b6"], ["models/RAy_joint_visu.wrl", "ce5872147a6e4132bebc90a3e1e3c1a28a103eb6"], ["models/LeftFingerJoint33y_joint_visu.wrl", "365adda3e38105f28e7045c2b0267a52336edf01"], ["models/BUNsegment_joint_visu.wrl", "0ac874bfcd0d8c4b0c3b4ec4e56c59ce39aad99d"], ["models/LeftEyeSegmentY_joint_visu.wrl", "066736ba165738d120f8d1d103b9c28b19c429bf"], ["models/RSCsegment_joint_visu.wrl", "9044f5cc6779532281b74eface97e002798a8e6d"], ["models/LHsegment_joint_visu.wrl", "3838c5fdad69c33fed501ae676c8a8a9282d9a05"], ["models/LeftFingerJoint53y_joint_visu.wrl", "cdd15d99efa93d038d04ced046fe79ae693a10d7"], ["models/RightFingerJoint21y_joint_visu.wrl", "d19626a13a08387890317675df2c2e7fe9db5eef"], ["models/RightFingerJoint12y_joint_visu.wrl", "7097cf96d3597a795575a5abe9256e0143c2ed0f"], ["models/LeftFingerJoint43y_joint_visu.wrl", "395c609ed268feb940855099f538c46a54c3a4d8"], ["models/RightFingerJoint53y_joint_visu.wrl", "9d95789602901425bad9b4435dea2b4be5431202"], ["models/LeftFingerJoint42y_joint_visu.wrl", "e487f595b7019c407f92b0f00de5260e64e56c97"], ["models/LAsegment_joint_visu.wrl", "bb0d5feb0455fbd2c425d138b7f487260f4bf1bc"], ["models/BTSegment_joint_visu.wrl", "22abe8deeec243c99e31ec02fa59372e98ac8471"], ["models/RKsegment_joint_visu.wrl", "18b381d65e3337bcb0d1ff5928773884a1e17d57"], ["models/LeftFingerJoint41y_joint_visu.wrl", "61402f6746307792f4303e574af749b94086a4ec"], ["models/LSCsegment_joint_visu.wrl", "c32a20b7e31becf394d78b5655efc5565b038b80"], ["models/LeftFingerJoint11y_joint_visu.wrl", "0cbfceda8d89deb375f7933c8078af5147ec84b2"], ["models/RightFingerJoint41y_joint_visu.wrl", "020541ab865e4e3e9fa2695e0f4eff71b52ad52d"], ["models/RWy_joint_visu.wrl", "2b11028aee46fb62e614338be3dd5644c1a824ee"], ["models/LeftFingerJoint23y_joint_visu.wrl", "478e70ae519508040adb535da7a7998bba1b8c42"], ["models/RSsegment_joint_visu.wrl", "612de2c24f203d5846930907a5df9cef5d9578dd"], ["models/LeftFingerJoint12y_joint_visu.wrl", "024079388e0352cf2dd7d6c0c4d45ee34851930c"], ["models/LWsegment_joint_visu.wrl", "3c8bc8f30c2fdfc5956ddac1f868ed768806d7fd"], ["models/RightFingerJoint22y_joint_visu.wrl", "0b36fec3092c4692c7809ee795740f148ffb0be8"], ["models/RMrot_joint_visu.wrl", "a56cefc9affb5ca3f87c8ad0a9ef880f3355f2f0"], ["models/LeftFingerJoint40y_joint_visu.wrl", "ebee55b3729d26fb04a73d5b427025dbf464f288"], ["models/LeftFingerJoint21y_joint_visu.wrl", "a890d2d55d8afbe701827374715b7e671862cc4f"], ["models/REsegment_joint_visu.wrl", "d709750461631f850f8441b85f4861ca47df51ae"], ["models/RHsegment_joint_visu.wrl", "54fb3a26ddb8f2d419752eb76c4e488efef6b43c"], ["models/RightFingerJoint52y_joint_visu.wrl", "44f18db78bed86bf1ddb981a1e678027e51db918"], ["models/RightFingerJoint50y_joint_visu.wrl", "13ede518eb635943fcd4564499f4fdb69d27780e"], ["models/LFx_joint_visu.wrl", "5d47b342ff68d5d2b2d9c7e22c5cf098909060c6"], ["models/LKsegment_joint_visu.wrl", "5780b7d3a585852e8707cb2363bfa8d4d3b461f7"], ["models/LeftFingerJoint13y_joint_visu.wrl", "8a00c78adf18bdebd78a513323b5f28f02d117be"], ["models/RightFingerJoint51y_joint_visu.wrl", "d78052a78ea694e1d35e6b91354db0a64493fbf4"], ["models/RightFingerJoint11y_joint_visu.wrl", "a05a4116eafe1434c190e03faa62753bcd333105"], ["models/LeftFingerJoint22y_joint_visu.wrl", "7fee0851bbbc487512ffb12e46d738fc0837aa0c"], ["models/LAy_joint_visu.wrl", "de3953d8ffbf479f0eb229748cfdd897a408012e"], ["models/LEsegment_joint_visu.wrl", "1bf5a0382df53cb4aef1ebf578e4d535a0cd3d7b"], ["models/RightFingerJoint31y_joint_visu.wrl", "4f0efb942b57fffc5b3177798a71bcdbb9b92042"], ["models/LeftFingerJoint32y_joint_visu.wrl", "685ae87120ee0d9ba5d764c8ff99385aa9d79a04"], ["models/RightFingerJoint32y_joint_visu.wrl", "47d29dfecd9514a3973b021c83bc361364341093"], ["models/LeftFingerJoint31y_joint_visu.wrl", "d24789234312bf68c77c7830508763d07f9feec0"], ["models/LMrot_joint_visu.wrl", "94047f5a29e3373271bba5d61ccbbacf9bfb01af"], ["models/LWy_joint_visu.wrl", "33ba8f54774fa65838a8ae38c3d558f06fe00bc0"], ["models/LeftFingerJoint52y_joint_visu.wrl", "3f7d688708cf5f55104348d5bc102dcc7b7a0a66"], ["models/LSsegment_joint_visu.wrl", "f34e7eae1658b3ae618b5bc40ebc1da529c7e0a3"], ["models/RAsegment_joint_visu.wrl", "bf9735bb8cbd74e01e9087f0ccad4783edc49231"], ["models/LeftFingerJoint50y_joint_visu.wrl", "c2f6364fe16768bd1382d1b02c327d9dcf43fd03"], ["models/LeftFingerJoint51y_joint_visu.wrl", "0c2664365d375a3d9dd190818483e292027433d3"], ["models/LeftHandSegment_joint_visu.wrl", "581235ef3290f47c527e74693e4a232056642bcf"], ["models/BTy_joint_visu.wrl", "818c33f75e2b278db824d223d8796b1d1ca48213"], ["models/RWsegment_joint_visu.wrl", "de46619cf74eb2ffe74ab7fdaaf4cd485034b959"], ["models/RFx_joint_visu.wrl", "7e0fad07af2c1f6a4bad2e40caa9cdcfafa5d748"]], "converter_config": "<ConverterConfig type=\"NloptConverter\"><Model><MarkerMapping><Mapping c3d=\"LIFD\" mmm=\"MARKER_LIFD\" /><Mapping c3d=\"LKNE\" mmm=\"MARKER_LKNE\" /><Mapping c3d=\"LWPS\" mmm=\"MARKER_LWPS\" /><Mapping c3d=\"RANK\" mmm=\"MARKER_RANK\" /><Mapping c3d=\"T10\" mmm=\"MARKER_T10\" /><Mapping c3d=\"LBHD\" mmm=\"MARKER_LBHD\" /><Mapping c3d=\"LBAK\" mmm=\"MARKER_LBAK\" /><Mapping c3d=\"RBAK\" mmm=\"MARKER_RBAK\" /><Mapping c3d=\"RTIP\" mmm=\"MARKER_RTIP\" /><Mapping c3d=\"RMT1\" mmm=\"MARKER_RMT1\" /><Mapping c3d=\"LTOE\" mmm=\"MARKER_LTOE\" /><Mapping c3d=\"RHTS\" mmm=\"MARKER_RHTS\" /><Mapping c3d=\"RMT5\" mmm=\"MARKER_RMT5\" /><Mapping c3d=\"LTIP\" mmm=\"MARKER_LTIP\" /><Mapping c3d=\"LHTS\" mmm=\"MARKER_LHTS\" /><Mapping c3d=\"RAEL\" mmm=\"MARKER_RAEL\" /><Mapping c3d=\"RKNE\" mmm=\"MARKER_RKNE\" /><Mapping c3d=\"LHPS\" mmm=\"MARKER_LHPS\" /><Mapping c3d=\"LANK\" mmm=\"MARKER_LANK\" /><Mapping c3d=\"LWTS\" mmm=\"MARKER_LWTS\" /><Mapping c3d=\"RIFD\" mmm=\"MARKER_RIFD\" /><Mapping c3d=\"RAOL\" mmm=\"MARKER_RAOL\" /><Mapping c3d=\"CLAV\" mmm=\"MARKER_CLAV\" /><Mapping c3d=\"LASI\" mmm=\"MARKER_LASI\" /><Mapping c3d=\"C7\" mmm=\"MARKER_C7\" /><Mapping c3d=\"LHEE\" mmm=\"MARKER_LHEE\" /><Mapping c3d=\"LTHI\" mmm=\"MARKER_LTHI\" /><Mapping c3d=\"RTHI\" mmm=\"MARKER_RTHI\" /><Mapping c3d=\"RFHD\" mmm=\"MARKER_RFHD\" /><Mapping c3d=\"LUPA\" mmm=\"MARKER_LUPA\" /><Mapping c3d=\"LFHD\" mmm=\"MARKER_LFHD\" /><Mapping c3d=\"RHIP\" mmm=\"MARKER_RHIP\" /><Mapping c3d=\"RWPS\" mmm=\"MARKER_RWPS\" /><Mapping c3d=\"LMT1\" mmm=\"MARKER_LMT1\" /><Mapping c3d=\"L3\" mmm=\"MARKER_L3\" /><Mapping c3d=\"LFRA\" mmm=\"MARKER_LFRA\" /><Mapping c3d=\"LPSI\" mmm=\"MARKER_LPSI\" /><Mapping c3d=\"RPSI\" mmm=\"MARKER_RPSI\" /><Mapping c3d=\"LAOL\" mmm=\"MARKER_LAOL\" /><Mapping c3d=\"RBHD\" mmm=\"MARKER_RBHD\" /><Mapping c3d=\"RUPA\" mmm=\"MARKER_RUPA\" /><Mapping c3d=\"RASI\" mmm=\"MARKER_RASI\" /><Mapping c3d=\"RWTS\" mmm=\"MARKER_RWTS\" /><Mapping c3d=\"LHIP\" mmm=\"MARKER_LHIP\" /><Mapping c3d=\"STRN\" mmm=\"MARKER_STRN\" /><Mapping c3d=\"LAEL\" mmm=\"MARKER_LAEL\" /><Mapping c3d=\"RHPS\" mmm=\"MARKER_RHPS\" /><Mapping c3d=\"RTOE\" mmm=\"MARKER_RTOE\" /><Mapping c3d=\"RHEE\" mmm=\"MARKER_RHEE\" /><Mapping c3d=\"LMT5\" mmm=\"MARKER_LMT5\" /></MarkerMapping><JointSet><Joint name=\"BLNx_joint\" /><Joint name=\"BLNy_joint\" /><Joint name=\"BLNz_joint\" /><Joint name=\"BPx_joint\" /><Joint name=\"BPy_joint\" /><Joint name=\"BPz_joint\" /><Joint name=\"BTx_joint\" /><Joint name=\"BTy_joint\" /><Joint name=\"BTz_joint\" /><Joint name=\"BUNx_joint\" /><Joint name=\"BUNy_joint\" /><Joint name=\"BUNz_joint\" /><Joint name=\"LAx_joint\" /><Joint name=\"LAy_joint\" /><Joint name=\"LAz_joint\" /><Joint name=\"LEx_joint\" /><Joint name=\"LEz_joint\" /><Joint name=\"LHx_joint\" /><Joint name=\"LHy_joint\" /><Joint name=\"LHz_joint\" /><Joint name=\"LKx_joint\" /><Joint name=\"LSx_joint\" /><Joint name=\"LSy_joint\" /><Joint name=\"LSz_joint\" /><Joint name=\"LWx_joint\" /><Joint name=\"LWy_joint\" /><Joint name=\"LFx_joint\" /><Joint name=\"LMrot_joint\" /><Joint name=\"RAx_joint\" /><Joint name=\"RAy_joint\" /><Joint name=\"RAz_joint\" /><Joint name=\"REx_joint\" /><Joint name=\"REz_joint\" /><Joint name=\"RHx_joint\" /><Joint name=\"RHy_joint\" /><Joint name=\"RHz_joint\" /><Joint name=\"RKx_joint\" /><Joint name=\"RSx_joint\" /><Joint name=\"RSy_joint\" /><Joint name=\"RSz_joint\" /><Joint name=\"RWx_joint\" /><Joint name=\"RWy_joint\" /><Joint name=\"RFx_joint\" /><Joint name=\"RMrot_joint\" /></JointSet></Model></ConverterConfig>", "model_processor_config": "<ModelProcessorConfig type=\"Winter\"><height>1.83</height><mass>100</mass></ModelProcessorConfig>"}, "subject_missing_markers": []}