Motion Database Converter

User/Host: mmm @ i61motiondb
Date: 2016-08-12 19:26:31
Input File: take_book_from_shelf_right_arm_06.c3d (ID #60827, created 2016-08-12 09:07:52)

The HEADs of the git repositories used for conversion are:
  MMMCore: 1d27ecc05fae8cf73cac6754bb4fa9f37155663b (2016-04-05 08:52:13)
  MMMTools: d77f5a301e3e2f4cd16623ff82a11fbc98dc1113 (2016-04-05 09:18:55)
  MMT: c7423751d257e7ed1c29d25547f02fa43d3d5549 (2016-06-16 15:57:53)
  Simox: 8d9023238ae3fddb74502537a3681c4318147084 (2016-04-01 12:37:43)

Configuration for subject:
  Converter config:
    <ConverterConfig type="NloptConverter"><Model><MarkerMapping><Mapping c3d="LIFD" mmm="MARKER_LIFD" /><Mapping c3d="LKNE" mmm="MARKER_LKNE" /><Mapping c3d="LWPS" mmm="MARKER_LWPS" /><Mapping c3d="RANK" mmm="MARKER_RANK" /><Mapping c3d="T10" mmm="MARKER_T10" /><Mapping c3d="LBHD" mmm="MARKER_LBHD" /><Mapping c3d="LBAK" mmm="MARKER_LBAK" /><Mapping c3d="RBAK" mmm="MARKER_RBAK" /><Mapping c3d="RTIP" mmm="MARKER_RTIP" /><Mapping c3d="RMT1" mmm="MARKER_RMT1" /><Mapping c3d="LTOE" mmm="MARKER_LTOE" /><Mapping c3d="RHTS" mmm="MARKER_RHTS" /><Mapping c3d="RMT5" mmm="MARKER_RMT5" /><Mapping c3d="LTIP" mmm="MARKER_LTIP" /><Mapping c3d="LHTS" mmm="MARKER_LHTS" /><Mapping c3d="RAEL" mmm="MARKER_RAEL" /><Mapping c3d="RKNE" mmm="MARKER_RKNE" /><Mapping c3d="LHPS" mmm="MARKER_LHPS" /><Mapping c3d="LANK" mmm="MARKER_LANK" /><Mapping c3d="LWTS" mmm="MARKER_LWTS" /><Mapping c3d="RIFD" mmm="MARKER_RIFD" /><Mapping c3d="RAOL" mmm="MARKER_RAOL" /><Mapping c3d="CLAV" mmm="MARKER_CLAV" /><Mapping c3d="LASI" mmm="MARKER_LASI" /><Mapping c3d="C7" mmm="MARKER_C7" /><Mapping c3d="LHEE" mmm="MARKER_LHEE" /><Mapping c3d="LTHI" mmm="MARKER_LTHI" /><Mapping c3d="RTHI" mmm="MARKER_RTHI" /><Mapping c3d="RFHD" mmm="MARKER_RFHD" /><Mapping c3d="LUPA" mmm="MARKER_LUPA" /><Mapping c3d="LFHD" mmm="MARKER_LFHD" /><Mapping c3d="RHIP" mmm="MARKER_RHIP" /><Mapping c3d="RWPS" mmm="MARKER_RWPS" /><Mapping c3d="LMT1" mmm="MARKER_LMT1" /><Mapping c3d="L3" mmm="MARKER_L3" /><Mapping c3d="LFRA" mmm="MARKER_LFRA" /><Mapping c3d="LPSI" mmm="MARKER_LPSI" /><Mapping c3d="RPSI" mmm="MARKER_RPSI" /><Mapping c3d="LAOL" mmm="MARKER_LAOL" /><Mapping c3d="RBHD" mmm="MARKER_RBHD" /><Mapping c3d="RUPA" mmm="MARKER_RUPA" /><Mapping c3d="RASI" mmm="MARKER_RASI" /><Mapping c3d="RWTS" mmm="MARKER_RWTS" /><Mapping c3d="LHIP" mmm="MARKER_LHIP" /><Mapping c3d="STRN" mmm="MARKER_STRN" /><Mapping c3d="LAEL" mmm="MARKER_LAEL" /><Mapping c3d="RHPS" mmm="MARKER_RHPS" /><Mapping c3d="RTOE" mmm="MARKER_RTOE" /><Mapping c3d="RHEE" mmm="MARKER_RHEE" /><Mapping c3d="LMT5" mmm="MARKER_LMT5" /></MarkerMapping><JointSet><Joint name="BLNx_joint" /><Joint name="BLNy_joint" /><Joint name="BLNz_joint" /><Joint name="BPx_joint" /><Joint name="BPy_joint" /><Joint name="BPz_joint" /><Joint name="BTx_joint" /><Joint name="BTy_joint" /><Joint name="BTz_joint" /><Joint name="BUNx_joint" /><Joint name="BUNy_joint" /><Joint name="BUNz_joint" /><Joint name="LAx_joint" /><Joint name="LAy_joint" /><Joint name="LAz_joint" /><Joint name="LEx_joint" /><Joint name="LEz_joint" /><Joint name="LHx_joint" /><Joint name="LHy_joint" /><Joint name="LHz_joint" /><Joint name="LKx_joint" /><Joint name="LSx_joint" /><Joint name="LSy_joint" /><Joint name="LSz_joint" /><Joint name="LWx_joint" /><Joint name="LWy_joint" /><Joint name="LFx_joint" /><Joint name="LMrot_joint" /><Joint name="RAx_joint" /><Joint name="RAy_joint" /><Joint name="RAz_joint" /><Joint name="REx_joint" /><Joint name="REz_joint" /><Joint name="RHx_joint" /><Joint name="RHy_joint" /><Joint name="RHz_joint" /><Joint name="RKx_joint" /><Joint name="RSx_joint" /><Joint name="RSy_joint" /><Joint name="RSz_joint" /><Joint name="RWx_joint" /><Joint name="RWy_joint" /><Joint name="RFx_joint" /><Joint name="RMrot_joint" /></JointSet></Model></ConverterConfig>

  Model processor config:
    <ModelProcessorConfig type="Winter"><height>1.83</height><mass>100</mass></ModelProcessorConfig>

  Model files:
    mmm.xml -> 83095bf1f7710e0da2eabc0dc38933fff21a487e
    models/RightFingerJoint43y_joint_visu.wrl -> 4a8b66745234892104dc18c3f12b51653e0d22e2
    models/HeadSegment_joint_visu.wrl -> 98bc33547d6728b266ca30ad9f3f1cd1fc964890
    models/RightFingerJoint23y_joint_visu.wrl -> a0d5f39a5c7aa80b2d6a4eaf255bc2ee431c4c8b
    models/RightFingerJoint13y_joint_visu.wrl -> f6fe45b4978386e46181511649732c2b788efffc
    models/RightEyeSegmentY_joint_visu.wrl -> a5e19b848b6eeb97452f27da05841286c9c8750d
    models/RightFingerJoint33y_joint_visu.wrl -> 408d1d793635a63e5469ef6749032ed29df446cb
    models/RightFingerJoint42y_joint_visu.wrl -> 56054907e89fe8b5298ac919d87afca5ea3112a6
    models/RightFingerJoint40y_joint_visu.wrl -> a6a36d6acd88295f92f5ad6137dad641a10df4b6
    models/RAy_joint_visu.wrl -> ce5872147a6e4132bebc90a3e1e3c1a28a103eb6
    models/LeftFingerJoint33y_joint_visu.wrl -> 365adda3e38105f28e7045c2b0267a52336edf01
    models/BUNsegment_joint_visu.wrl -> 0ac874bfcd0d8c4b0c3b4ec4e56c59ce39aad99d
    models/LeftEyeSegmentY_joint_visu.wrl -> 066736ba165738d120f8d1d103b9c28b19c429bf
    models/RSCsegment_joint_visu.wrl -> 9044f5cc6779532281b74eface97e002798a8e6d
    models/LHsegment_joint_visu.wrl -> 3838c5fdad69c33fed501ae676c8a8a9282d9a05
    models/LeftFingerJoint53y_joint_visu.wrl -> cdd15d99efa93d038d04ced046fe79ae693a10d7
    models/RightFingerJoint21y_joint_visu.wrl -> d19626a13a08387890317675df2c2e7fe9db5eef
    models/RightFingerJoint12y_joint_visu.wrl -> 7097cf96d3597a795575a5abe9256e0143c2ed0f
    models/LeftFingerJoint43y_joint_visu.wrl -> 395c609ed268feb940855099f538c46a54c3a4d8
    models/RightFingerJoint53y_joint_visu.wrl -> 9d95789602901425bad9b4435dea2b4be5431202
    models/LeftFingerJoint42y_joint_visu.wrl -> e487f595b7019c407f92b0f00de5260e64e56c97
    models/LAsegment_joint_visu.wrl -> bb0d5feb0455fbd2c425d138b7f487260f4bf1bc
    models/BTSegment_joint_visu.wrl -> 22abe8deeec243c99e31ec02fa59372e98ac8471
    models/RKsegment_joint_visu.wrl -> 18b381d65e3337bcb0d1ff5928773884a1e17d57
    models/LeftFingerJoint41y_joint_visu.wrl -> 61402f6746307792f4303e574af749b94086a4ec
    models/LSCsegment_joint_visu.wrl -> c32a20b7e31becf394d78b5655efc5565b038b80
    models/LeftFingerJoint11y_joint_visu.wrl -> 0cbfceda8d89deb375f7933c8078af5147ec84b2
    models/RightFingerJoint41y_joint_visu.wrl -> 020541ab865e4e3e9fa2695e0f4eff71b52ad52d
    models/RWy_joint_visu.wrl -> 2b11028aee46fb62e614338be3dd5644c1a824ee
    models/LeftFingerJoint23y_joint_visu.wrl -> 478e70ae519508040adb535da7a7998bba1b8c42
    models/RSsegment_joint_visu.wrl -> 612de2c24f203d5846930907a5df9cef5d9578dd
    models/LeftFingerJoint12y_joint_visu.wrl -> 024079388e0352cf2dd7d6c0c4d45ee34851930c
    models/LWsegment_joint_visu.wrl -> 3c8bc8f30c2fdfc5956ddac1f868ed768806d7fd
    models/RightFingerJoint22y_joint_visu.wrl -> 0b36fec3092c4692c7809ee795740f148ffb0be8
    models/RMrot_joint_visu.wrl -> a56cefc9affb5ca3f87c8ad0a9ef880f3355f2f0
    models/LeftFingerJoint40y_joint_visu.wrl -> ebee55b3729d26fb04a73d5b427025dbf464f288
    models/LeftFingerJoint21y_joint_visu.wrl -> a890d2d55d8afbe701827374715b7e671862cc4f
    models/REsegment_joint_visu.wrl -> d709750461631f850f8441b85f4861ca47df51ae
    models/RHsegment_joint_visu.wrl -> 54fb3a26ddb8f2d419752eb76c4e488efef6b43c
    models/RightFingerJoint52y_joint_visu.wrl -> 44f18db78bed86bf1ddb981a1e678027e51db918
    models/RightFingerJoint50y_joint_visu.wrl -> 13ede518eb635943fcd4564499f4fdb69d27780e
    models/LFx_joint_visu.wrl -> 5d47b342ff68d5d2b2d9c7e22c5cf098909060c6
    models/LKsegment_joint_visu.wrl -> 5780b7d3a585852e8707cb2363bfa8d4d3b461f7
    models/LeftFingerJoint13y_joint_visu.wrl -> 8a00c78adf18bdebd78a513323b5f28f02d117be
    models/RightFingerJoint51y_joint_visu.wrl -> d78052a78ea694e1d35e6b91354db0a64493fbf4
    models/RightFingerJoint11y_joint_visu.wrl -> a05a4116eafe1434c190e03faa62753bcd333105
    models/LeftFingerJoint22y_joint_visu.wrl -> 7fee0851bbbc487512ffb12e46d738fc0837aa0c
    models/LAy_joint_visu.wrl -> de3953d8ffbf479f0eb229748cfdd897a408012e
    models/LEsegment_joint_visu.wrl -> 1bf5a0382df53cb4aef1ebf578e4d535a0cd3d7b
    models/RightFingerJoint31y_joint_visu.wrl -> 4f0efb942b57fffc5b3177798a71bcdbb9b92042
    models/LeftFingerJoint32y_joint_visu.wrl -> 685ae87120ee0d9ba5d764c8ff99385aa9d79a04
    models/RightFingerJoint32y_joint_visu.wrl -> 47d29dfecd9514a3973b021c83bc361364341093
    models/LeftFingerJoint31y_joint_visu.wrl -> d24789234312bf68c77c7830508763d07f9feec0
    models/LMrot_joint_visu.wrl -> 94047f5a29e3373271bba5d61ccbbacf9bfb01af
    models/LWy_joint_visu.wrl -> 33ba8f54774fa65838a8ae38c3d558f06fe00bc0
    models/LeftFingerJoint52y_joint_visu.wrl -> 3f7d688708cf5f55104348d5bc102dcc7b7a0a66
    models/LSsegment_joint_visu.wrl -> f34e7eae1658b3ae618b5bc40ebc1da529c7e0a3
    models/RAsegment_joint_visu.wrl -> bf9735bb8cbd74e01e9087f0ccad4783edc49231
    models/LeftFingerJoint50y_joint_visu.wrl -> c2f6364fe16768bd1382d1b02c327d9dcf43fd03
    models/LeftFingerJoint51y_joint_visu.wrl -> 0c2664365d375a3d9dd190818483e292027433d3
    models/LeftHandSegment_joint_visu.wrl -> 581235ef3290f47c527e74693e4a232056642bcf
    models/BTy_joint_visu.wrl -> 818c33f75e2b278db824d223d8796b1d1ca48213
    models/RWsegment_joint_visu.wrl -> de46619cf74eb2ffe74ab7fdaaf4cd485034b959
    models/RFx_joint_visu.wrl -> 7e0fad07af2c1f6a4bad2e40caa9cdcfafa5d748

Missing subject markers: []

Subject conversion error:
Conversion Error: avg/avg = 30.01, worst avg = 31.51, worst max = 108.20

The per-frame conversion errors are: (avg/max for subject and every object)
  Frame 0: 30.01/104.36
  Frame 1: 29.93/103.96
  Frame 2: 29.88/103.89
  Frame 3: 29.84/103.61
  Frame 4: 29.81/103.71
  Frame 5: 29.76/103.51
  Frame 6: 29.70/103.31
  Frame 7: 29.67/103.05
  Frame 8: 29.63/102.98
  Frame 9: 29.60/103.14
  Frame 10: 29.59/103.06
  Frame 11: 29.56/102.96
  Frame 12: 29.55/102.63
  Frame 13: 29.54/102.67
  Frame 14: 29.52/102.51
  Frame 15: 29.51/102.52
  Frame 16: 29.51/102.54
  Frame 17: 29.43/102.39
  Frame 18: 29.42/102.17
  Frame 19: 29.42/102.15
  Frame 20: 29.42/102.28
  Frame 21: 29.41/102.13
  Frame 22: 29.37/101.80
  Frame 23: 29.36/101.90
  Frame 24: 29.35/101.84
  Frame 25: 29.34/102.00
  Frame 26: 29.33/101.86
  Frame 27: 29.33/101.81
  Frame 28: 29.32/101.91
  Frame 29: 29.31/101.73
  Frame 30: 29.31/101.75
  Frame 31: 29.29/101.68
  Frame 32: 29.29/101.67
  Frame 33: 29.28/101.67
  Frame 34: 29.24/101.40
  Frame 35: 29.23/101.29
  Frame 36: 29.22/101.34
  Frame 37: 29.21/101.11
  Frame 38: 29.20/101.34
  Frame 39: 29.21/101.20
  Frame 40: 29.20/101.24
  Frame 41: 29.20/101.25
  Frame 42: 29.20/101.17
  Frame 43: 29.20/101.19
  Frame 44: 29.19/101.09
  Frame 45: 29.20/101.14
  Frame 46: 29.21/101.25
  Frame 47: 29.20/101.10
  Frame 48: 29.21/101.05
  Frame 49: 29.20/101.14
  Frame 50: 29.20/101.12
  Frame 51: 29.20/101.15
  Frame 52: 29.20/101.23
  Frame 53: 29.21/101.41
  Frame 54: 29.21/101.32
  Frame 55: 29.20/101.38
  Frame 56: 29.20/101.44
  Frame 57: 29.23/101.56
  Frame 58: 29.22/101.25
  Frame 59: 29.21/101.32
  Frame 60: 29.22/101.47
  Frame 61: 29.23/101.67
  Frame 62: 29.25/101.75
  Frame 63: 29.24/101.64
  Frame 64: 29.24/101.68
  Frame 65: 29.24/101.88
  Frame 66: 29.25/101.76
  Frame 67: 29.26/101.91
  Frame 68: 29.27/101.85
  Frame 69: 29.28/102.14
  Frame 70: 29.29/101.77
  Frame 71: 29.29/102.11
  Frame 72: 29.31/101.73
  Frame 73: 29.35/101.92
  Frame 74: 29.31/101.81
  Frame 75: 29.34/102.11
  Frame 76: 29.34/102.11
  Frame 77: 29.36/101.86
  Frame 78: 29.33/101.37
  Frame 79: 29.37/101.53
  Frame 80: 29.41/102.07
  Frame 81: 29.39/101.74
  Frame 82: 29.41/101.73
  Frame 83: 29.41/101.79
  Frame 84: 29.46/101.66
  Frame 85: 29.39/101.59
  Frame 86: 29.43/101.70
  Frame 87: 29.41/101.81
  Frame 88: 29.45/101.69
  Frame 89: 29.45/101.70
  Frame 90: 29.43/101.81
  Frame 91: 29.43/101.74
  Frame 92: 29.45/101.85
  Frame 93: 29.47/102.06
  Frame 94: 29.49/102.16
  Frame 95: 29.52/102.24
  Frame 96: 29.53/102.35
  Frame 97: 29.54/102.63
  Frame 98: 29.55/102.80
  Frame 99: 29.58/103.10
  Frame 100: 29.66/103.42
  Frame 101: 29.62/103.75
  Frame 102: 29.67/104.05
  Frame 103: 29.70/104.28
  Frame 104: 29.72/104.51
  Frame 105: 29.77/104.72
  Frame 106: 29.82/105.02
  Frame 107: 29.86/105.24
  Frame 108: 29.91/105.60
  Frame 109: 29.97/105.70
  Frame 110: 29.97/105.87
  Frame 111: 30.02/106.05
  Frame 112: 30.03/105.95
  Frame 113: 30.07/106.27
  Frame 114: 30.11/106.46
  Frame 115: 30.12/106.42
  Frame 116: 30.12/106.60
  Frame 117: 30.14/106.62
  Frame 118: 30.17/106.80
  Frame 119: 30.18/106.67
  Frame 120: 30.20/106.97
  Frame 121: 30.21/107.03
  Frame 122: 30.23/107.15
  Frame 123: 30.23/107.13
  Frame 124: 30.24/107.20
  Frame 125: 30.27/107.09
  Frame 126: 30.27/107.07
  Frame 127: 30.27/106.88
  Frame 128: 30.29/107.27
  Frame 129: 30.27/107.45
  Frame 130: 30.28/107.44
  Frame 131: 30.30/107.67
  Frame 132: 30.28/107.45
  Frame 133: 30.29/107.46
  Frame 134: 30.32/107.47
  Frame 135: 30.31/107.44
  Frame 136: 30.29/107.51
  Frame 137: 30.33/107.64
  Frame 138: 30.31/107.62
  Frame 139: 30.35/107.62
  Frame 140: 30.33/107.72
  Frame 141: 30.39/107.76
  Frame 142: 30.40/108.00
  Frame 143: 30.44/108.20
  Frame 144: 30.47/108.02
  Frame 145: 30.48/107.88
  Frame 146: 30.52/107.60
  Frame 147: 30.53/107.76
  Frame 148: 30.57/107.76
  Frame 149: 30.62/108.07
  Frame 150: 30.65/108.02
  Frame 151: 30.67/108.08
  Frame 152: 30.69/108.13
  Frame 153: 30.74/108.09
  Frame 154: 30.79/108.11
  Frame 155: 30.82/107.87
  Frame 156: 30.85/107.72
  Frame 157: 30.89/108.14
  Frame 158: 30.90/107.98
  Frame 159: 30.93/107.88
  Frame 160: 30.95/107.93
  Frame 161: 31.00/107.84
  Frame 162: 31.05/107.72
  Frame 163: 31.07/107.79
  Frame 164: 31.12/107.60
  Frame 165: 31.17/107.59
  Frame 166: 31.25/107.44
  Frame 167: 31.28/107.44
  Frame 168: 31.33/107.48
  Frame 169: 31.38/107.52
  Frame 170: 31.42/107.37
  Frame 171: 31.45/107.40
  Frame 172: 31.48/107.47
  Frame 173: 31.48/107.42
  Frame 174: 31.50/107.49
  Frame 175: 31.51/107.52
  Frame 176: 31.51/107.55
  Frame 177: 31.51/107.52
  Frame 178: 31.51/107.47
  Frame 179: 31.48/107.51
  Frame 180: 31.47/107.49
  Frame 181: 31.46/107.41
  Frame 182: 31.42/107.46
  Frame 183: 31.41/107.40
  Frame 184: 31.40/107.30
  Frame 185: 31.36/107.28
  Frame 186: 31.37/107.17
  Frame 187: 31.35/107.09
  Frame 188: 31.34/107.12
  Frame 189: 31.31/107.12
  Frame 190: 31.31/107.15
  Frame 191: 31.30/107.12
  Frame 192: 31.29/107.08
  Frame 193: 31.29/107.07
  Frame 194: 31.29/107.03
  Frame 195: 31.29/107.05
  Frame 196: 31.28/107.04
  Frame 197: 31.28/107.04
  Frame 198: 31.26/106.92
  Frame 199: 31.24/106.97
  Frame 200: 31.25/107.00
  Frame 201: 31.23/107.01
  Frame 202: 31.22/106.97
  Frame 203: 31.22/106.99
  Frame 204: 31.22/107.05
  Frame 205: 31.21/107.12
  Frame 206: 31.21/107.12
  Frame 207: 31.19/107.09
  Frame 208: 31.19/107.07
  Frame 209: 31.20/107.02
  Frame 210: 31.17/107.14
  Frame 211: 31.17/107.07
  Frame 212: 31.16/106.94
  Frame 213: 31.17/106.97
  Frame 214: 31.15/107.01
  Frame 215: 31.13/106.74
  Frame 216: 31.08/106.86
  Frame 217: 31.09/106.81
  Frame 218: 31.06/106.77
  Frame 219: 31.04/106.73
  Frame 220: 31.04/106.69
  Frame 221: 31.03/106.76
  Frame 222: 31.02/106.85
  Frame 223: 31.02/106.82
  Frame 224: 30.98/106.53
  Frame 225: 30.93/106.44
  Frame 226: 30.92/106.50
  Frame 227: 30.86/106.46
  Frame 228: 30.83/106.31
  Frame 229: 30.78/106.19
  Frame 230: 30.76/106.36
  Frame 231: 30.72/106.33
  Frame 232: 30.71/106.29
  Frame 233: 30.65/105.91
  Frame 234: 30.62/105.96
  Frame 235: 30.57/105.60
  Frame 236: 30.54/105.54
  Frame 237: 30.51/105.46
  Frame 238: 30.48/105.30
  Frame 239: 30.46/105.31
  Frame 240: 30.45/105.18
  Frame 241: 30.43/105.19
  Frame 242: 30.39/105.24
  Frame 243: 30.41/105.11
  Frame 244: 30.38/105.03
  Frame 245: 30.35/104.81
  Frame 246: 30.34/105.03
  Frame 247: 30.32/105.03
  Frame 248: 30.33/105.01
  Frame 249: 30.31/105.05
  Frame 250: 30.31/105.06
  Frame 251: 30.29/105.09
  Frame 252: 30.27/105.10
  Frame 253: 30.26/105.05
  Frame 254: 30.26/105.01
  Frame 255: 30.22/104.99
  Frame 256: 30.20/105.00
  Frame 257: 30.17/104.90
  Frame 258: 30.16/104.89
  Frame 259: 30.15/104.77
  Frame 260: 30.11/104.60
  Frame 261: 30.10/104.39
  Frame 262: 30.10/104.27
  Frame 263: 30.09/104.20
  Frame 264: 30.07/104.31
  Frame 265: 30.06/104.35
  Frame 266: 30.04/104.42
  Frame 267: 30.03/104.03
  Frame 268: 30.03/103.83
  Frame 269: 29.99/103.54
  Frame 270: 29.98/103.38
  Frame 271: 29.98/103.25
  Frame 272: 29.96/103.07
  Frame 273: 29.93/103.03
  Frame 274: 29.92/102.89
  Frame 275: 29.92/102.78
  Frame 276: 29.88/102.59
  Frame 277: 29.88/102.46
  Frame 278: 29.85/102.45
  Frame 279: 29.85/102.16
  Frame 280: 29.84/102.09
  Frame 281: 29.83/102.10
  Frame 282: 29.84/101.97
  Frame 283: 29.82/101.94
  Frame 284: 29.82/101.95
  Frame 285: 29.80/101.75
  Frame 286: 29.80/101.67
  Frame 287: 29.79/101.74
  Frame 288: 29.78/101.69
  Frame 289: 29.76/101.59
  Frame 290: 29.75/101.40
  Frame 291: 29.74/101.49
  Frame 292: 29.73/101.16
  Frame 293: 29.73/101.23
  Frame 294: 29.71/101.14
  Frame 295: 29.70/101.17
  Frame 296: 29.71/101.18
  Frame 297: 29.70/101.14
  Frame 298: 29.69/101.18
  Frame 299: 29.69/101.09
  Frame 300: 29.68/101.17
  Frame 301: 29.68/101.12
  Frame 302: 29.69/100.95
  Frame 303: 29.69/101.09
  Frame 304: 29.69/100.88
  Frame 305: 29.69/101.03
  Frame 306: 29.67/100.83
  Frame 307: 29.66/100.63
  Frame 308: 29.66/100.56
  Frame 309: 29.64/100.40
  Frame 310: 29.63/100.47
  Frame 311: 29.62/100.40
  Frame 312: 29.62/100.08
  Frame 313: 29.61/99.88
  Frame 314: 29.60/99.92
  Frame 315: 29.58/99.86
  Frame 316: 29.56/99.97
  Frame 317: 29.56/99.65
  Frame 318: 29.55/100.03
  Frame 319: 29.52/100.23
  Frame 320: 29.49/100.36
  Frame 321: 29.48/100.55
  Frame 322: 29.46/100.29
  Frame 323: 29.44/100.17
  Frame 324: 29.41/100.17
  Frame 325: 29.40/100.13
  Frame 326: 29.38/100.20
  Frame 327: 29.38/100.26
  Frame 328: 29.35/100.12
  Frame 329: 29.34/100.13
  Frame 330: 29.30/99.92
  Frame 331: 29.28/99.91
  Frame 332: 29.25/99.84
  Frame 333: 29.24/99.97
  Frame 334: 29.23/99.76
  Frame 335: 29.21/99.78
  Frame 336: 29.21/99.83
  Frame 337: 29.21/99.87
  Frame 338: 29.22/99.81
  Frame 339: 29.22/99.68
  Frame 340: 29.24/99.84
  Frame 341: 29.24/99.95
  Frame 342: 29.26/99.95
  Frame 343: 29.26/99.93
  Frame 344: 29.27/99.92
  Frame 345: 29.29/99.87
  Frame 346: 29.31/99.98
  Frame 347: 29.31/100.06
  Frame 348: 29.31/100.03
  Frame 349: 29.32/100.09
  Frame 350: 29.32/100.10
  Frame 351: 29.31/100.14
  Frame 352: 29.31/100.17
  Frame 353: 29.31/100.19
  Frame 354: 29.30/100.14
  Frame 355: 29.29/100.18
  Frame 356: 29.29/100.13
  Frame 357: 29.28/100.07
  Frame 358: 29.27/100.05
  Frame 359: 29.27/99.98
  Frame 360: 29.27/99.90
  Frame 361: 29.27/99.89
  Frame 362: 29.26/99.94
  Frame 363: 29.27/99.94
  Frame 364: 29.27/99.97
  Frame 365: 29.27/99.94
  Frame 366: 29.27/100.01
  Frame 367: 29.27/99.91
  Frame 368: 29.26/99.88
  Frame 369: 29.26/99.86
  Frame 370: 29.26/99.78

The following line contains the information from above in a machine-readable format and can safely be ignored.
MMT/convert_db:{"subject_conversion_error": [[30.0111, 104.358], [29.9306, 103.957], [29.8834, 103.89], [29.8367, 103.609], [29.8116, 103.708], [29.7635, 103.509], [29.6961, 103.309], [29.6693, 103.045], [29.626, 102.982], [29.5983, 103.145], [29.5922, 103.061], [29.5568, 102.961], [29.5532, 102.633], [29.5389, 102.667], [29.5194, 102.51], [29.5142, 102.52], [29.5075, 102.544], [29.4338, 102.385], [29.4215, 102.166], [29.4166, 102.148], [29.4213, 102.281], [29.4077, 102.128], [29.3672, 101.8], [29.3618, 101.902], [29.3452, 101.845], [29.3422, 102.003], [29.3344, 101.861], [29.3266, 101.814], [29.3222, 101.907], [29.308, 101.73], [29.3082, 101.755], [29.2868, 101.684], [29.2858, 101.665], [29.2785, 101.673], [29.2402, 101.397], [29.2253, 101.289], [29.2188, 101.339], [29.215, 101.115], [29.2017, 101.341], [29.2059, 101.2], [29.2045, 101.237], [29.2002, 101.253], [29.2022, 101.165], [29.2013, 101.194], [29.1935, 101.091], [29.1992, 101.138], [29.2052, 101.249], [29.1992, 101.103], [29.2073, 101.053], [29.2, 101.141], [29.2008, 101.123], [29.1988, 101.148], [29.2015, 101.227], [29.2062, 101.414], [29.2146, 101.32], [29.1981, 101.38], [29.2019, 101.445], [29.2333, 101.557], [29.2169, 101.253], [29.2106, 101.32], [29.2228, 101.474], [29.2258, 101.665], [29.2454, 101.75], [29.2414, 101.638], [29.2404, 101.676], [29.2413, 101.875], [29.2456, 101.763], [29.258, 101.913], [29.2687, 101.852], [29.281, 102.142], [29.2924, 101.774], [29.2924, 102.112], [29.3061, 101.727], [29.3518, 101.92], [29.3146, 101.808], [29.3355, 102.115], [29.3427, 102.106], [29.3565, 101.855], [29.3304, 101.372], [29.3719, 101.534], [29.4086, 102.067], [29.3936, 101.738], [29.4067, 101.726], [29.4086, 101.788], [29.4639, 101.664], [29.3856, 101.586], [29.4254, 101.697], [29.4135, 101.815], [29.4516, 101.689], [29.4545, 101.701], [29.4255, 101.814], [29.435, 101.739], [29.454, 101.848], [29.4698, 102.062], [29.4905, 102.162], [29.5211, 102.243], [29.5314, 102.354], [29.5411, 102.629], [29.5504, 102.796], [29.581, 103.098], [29.6569, 103.421], [29.6215, 103.75], [29.6697, 104.054], [29.6962, 104.283], [29.7161, 104.506], [29.7729, 104.718], [29.8163, 105.021], [29.8625, 105.243], [29.907, 105.601], [29.972, 105.696], [29.9729, 105.868], [30.0184, 106.054], [30.0303, 105.954], [30.0686, 106.266], [30.1097, 106.46], [30.1205, 106.421], [30.1241, 106.598], [30.1373, 106.623], [30.1722, 106.799], [30.1813, 106.668], [30.1955, 106.969], [30.215, 107.029], [30.2253, 107.148], [30.2304, 107.126], [30.2359, 107.2], [30.2667, 107.086], [30.2663, 107.074], [30.2706, 106.878], [30.2904, 107.268], [30.2685, 107.454], [30.2843, 107.438], [30.2977, 107.668], [30.2833, 107.448], [30.2858, 107.463], [30.3174, 107.47], [30.3081, 107.436], [30.2916, 107.51], [30.3287, 107.642], [30.3118, 107.618], [30.3522, 107.619], [30.3276, 107.724], [30.3889, 107.756], [30.3967, 107.997], [30.4379, 108.204], [30.4706, 108.02], [30.4843, 107.881], [30.5236, 107.604], [30.5291, 107.757], [30.5661, 107.756], [30.6177, 108.066], [30.6533, 108.021], [30.666, 108.082], [30.6903, 108.131], [30.7442, 108.086], [30.7854, 108.111], [30.8158, 107.869], [30.8509, 107.721], [30.8921, 108.137], [30.9044, 107.982], [30.9349, 107.882], [30.9511, 107.928], [31.0016, 107.842], [31.0489, 107.723], [31.0736, 107.787], [31.1182, 107.599], [31.169, 107.592], [31.2542, 107.437], [31.2828, 107.442], [31.3316, 107.476], [31.3759, 107.524], [31.4181, 107.369], [31.4458, 107.397], [31.4758, 107.468], [31.4836, 107.418], [31.5036, 107.49], [31.5117, 107.515], [31.5132, 107.55], [31.5054, 107.518], [31.5071, 107.473], [31.4832, 107.513], [31.4719, 107.488], [31.4551, 107.405], [31.4209, 107.458], [31.4114, 107.402], [31.3984, 107.295], [31.36, 107.281], [31.3673, 107.174], [31.3479, 107.095], [31.3386, 107.124], [31.3132, 107.122], [31.3069, 107.146], [31.2985, 107.12], [31.2905, 107.077], [31.2894, 107.066], [31.2895, 107.031], [31.2869, 107.046], [31.28, 107.04], [31.2773, 107.038], [31.2613, 106.923], [31.2406, 106.969], [31.2463, 107.002], [31.2338, 107.014], [31.2227, 106.973], [31.2239, 106.988], [31.2226, 107.049], [31.2064, 107.122], [31.2136, 107.124], [31.1902, 107.093], [31.1947, 107.072], [31.2048, 107.017], [31.1674, 107.145], [31.1724, 107.068], [31.1566, 106.942], [31.1705, 106.967], [31.149, 107.009], [31.131, 106.736], [31.0819, 106.855], [31.0853, 106.814], [31.0626, 106.771], [31.036, 106.728], [31.0413, 106.686], [31.0301, 106.762], [31.0206, 106.854], [31.0159, 106.818], [30.9789, 106.529], [30.9261, 106.437], [30.9186, 106.503], [30.8623, 106.461], [30.8285, 106.309], [30.7843, 106.185], [30.7558, 106.358], [30.7243, 106.333], [30.7097, 106.293], [30.6525, 105.908], [30.6226, 105.964], [30.5722, 105.597], [30.5444, 105.54], [30.5068, 105.463], [30.4833, 105.3], [30.4583, 105.312], [30.4493, 105.179], [30.4264, 105.193], [30.385, 105.237], [30.4123, 105.114], [30.3791, 105.033], [30.3536, 104.806], [30.3434, 105.03], [30.3218, 105.028], [30.3279, 105.014], [30.3099, 105.047], [30.3135, 105.065], [30.2877, 105.088], [30.2728, 105.097], [30.2595, 105.052], [30.2552, 105.012], [30.2177, 104.988], [30.2011, 105.005], [30.1705, 104.904], [30.1624, 104.891], [30.1464, 104.768], [30.1105, 104.598], [30.1034, 104.387], [30.0951, 104.27], [30.085, 104.205], [30.0656, 104.315], [30.0583, 104.354], [30.0375, 104.421], [30.0278, 104.032], [30.0316, 103.826], [29.9944, 103.537], [29.9779, 103.38], [29.9753, 103.249], [29.9585, 103.071], [29.9295, 103.029], [29.9231, 102.891], [29.9156, 102.776], [29.8833, 102.588], [29.8764, 102.46], [29.8486, 102.451], [29.8533, 102.157], [29.8351, 102.09], [29.8287, 102.101], [29.8379, 101.966], [29.824, 101.945], [29.8207, 101.95], [29.8018, 101.745], [29.7951, 101.67], [29.7921, 101.739], [29.7812, 101.688], [29.7637, 101.587], [29.7523, 101.404], [29.7425, 101.49], [29.73, 101.156], [29.7257, 101.232], [29.7136, 101.145], [29.7011, 101.172], [29.7064, 101.184], [29.6972, 101.145], [29.6923, 101.181], [29.6879, 101.093], [29.6845, 101.172], [29.6843, 101.122], [29.689, 100.946], [29.6914, 101.09], [29.694, 100.876], [29.6886, 101.025], [29.674, 100.833], [29.659, 100.627], [29.6556, 100.561], [29.6406, 100.397], [29.6277, 100.475], [29.6204, 100.404], [29.6228, 100.075], [29.6082, 99.88], [29.5951, 99.9226], [29.5761, 99.8555], [29.5645, 99.9708], [29.564, 99.6502], [29.5465, 100.032], [29.5177, 100.235], [29.492, 100.363], [29.4801, 100.548], [29.4629, 100.287], [29.4432, 100.167], [29.4137, 100.169], [29.4008, 100.13], [29.384, 100.198], [29.3847, 100.263], [29.3459, 100.116], [29.3353, 100.132], [29.2999, 99.9237], [29.2785, 99.9061], [29.2483, 99.8395], [29.2449, 99.9687], [29.2307, 99.7553], [29.2146, 99.7845], [29.2109, 99.8261], [29.2099, 99.8729], [29.2218, 99.806], [29.2233, 99.683], [29.2383, 99.8434], [29.2431, 99.952], [29.2634, 99.9481], [29.2555, 99.9291], [29.2693, 99.9155], [29.2906, 99.8689], [29.3054, 99.9773], [29.3102, 100.06], [29.309, 100.029], [29.3186, 100.093], [29.3155, 100.098], [29.3149, 100.145], [29.3132, 100.17], [29.3074, 100.194], [29.2975, 100.139], [29.2913, 100.176], [29.2904, 100.127], [29.2789, 100.069], [29.275, 100.048], [29.2736, 99.981], [29.2697, 99.9046], [29.2651, 99.8936], [29.2643, 99.9386], [29.2688, 99.939], [29.268, 99.9749], [29.2661, 99.9365], [29.2707, 100.011], [29.2741, 99.9054], [29.261, 99.8801], [29.2621, 99.8627], [29.2633, 99.7802]], "git_repository_heads": {"MMMTools": ["d77f5a301e3e2f4cd16623ff82a11fbc98dc1113", 1459847935], "MMMCore": ["1d27ecc05fae8cf73cac6754bb4fa9f37155663b", 1459846333], "Simox": ["8d9023238ae3fddb74502537a3681c4318147084", 1459514263], "MMT": ["c7423751d257e7ed1c29d25547f02fa43d3d5549", 1466092673]}, "convert_db_version": 5, "object_conversion_settings": {}, "object_conversion_errors": {}, "subject_conversion_settings": {"model_files": [["mmm.xml", "83095bf1f7710e0da2eabc0dc38933fff21a487e"], ["models/RightFingerJoint43y_joint_visu.wrl", "4a8b66745234892104dc18c3f12b51653e0d22e2"], ["models/HeadSegment_joint_visu.wrl", "98bc33547d6728b266ca30ad9f3f1cd1fc964890"], ["models/RightFingerJoint23y_joint_visu.wrl", "a0d5f39a5c7aa80b2d6a4eaf255bc2ee431c4c8b"], ["models/RightFingerJoint13y_joint_visu.wrl", "f6fe45b4978386e46181511649732c2b788efffc"], ["models/RightEyeSegmentY_joint_visu.wrl", "a5e19b848b6eeb97452f27da05841286c9c8750d"], ["models/RightFingerJoint33y_joint_visu.wrl", "408d1d793635a63e5469ef6749032ed29df446cb"], ["models/RightFingerJoint42y_joint_visu.wrl", "56054907e89fe8b5298ac919d87afca5ea3112a6"], ["models/RightFingerJoint40y_joint_visu.wrl", "a6a36d6acd88295f92f5ad6137dad641a10df4b6"], ["models/RAy_joint_visu.wrl", "ce5872147a6e4132bebc90a3e1e3c1a28a103eb6"], ["models/LeftFingerJoint33y_joint_visu.wrl", "365adda3e38105f28e7045c2b0267a52336edf01"], ["models/BUNsegment_joint_visu.wrl", "0ac874bfcd0d8c4b0c3b4ec4e56c59ce39aad99d"], ["models/LeftEyeSegmentY_joint_visu.wrl", "066736ba165738d120f8d1d103b9c28b19c429bf"], ["models/RSCsegment_joint_visu.wrl", "9044f5cc6779532281b74eface97e002798a8e6d"], ["models/LHsegment_joint_visu.wrl", "3838c5fdad69c33fed501ae676c8a8a9282d9a05"], ["models/LeftFingerJoint53y_joint_visu.wrl", "cdd15d99efa93d038d04ced046fe79ae693a10d7"], ["models/RightFingerJoint21y_joint_visu.wrl", "d19626a13a08387890317675df2c2e7fe9db5eef"], ["models/RightFingerJoint12y_joint_visu.wrl", "7097cf96d3597a795575a5abe9256e0143c2ed0f"], ["models/LeftFingerJoint43y_joint_visu.wrl", "395c609ed268feb940855099f538c46a54c3a4d8"], ["models/RightFingerJoint53y_joint_visu.wrl", "9d95789602901425bad9b4435dea2b4be5431202"], ["models/LeftFingerJoint42y_joint_visu.wrl", "e487f595b7019c407f92b0f00de5260e64e56c97"], ["models/LAsegment_joint_visu.wrl", "bb0d5feb0455fbd2c425d138b7f487260f4bf1bc"], ["models/BTSegment_joint_visu.wrl", "22abe8deeec243c99e31ec02fa59372e98ac8471"], ["models/RKsegment_joint_visu.wrl", "18b381d65e3337bcb0d1ff5928773884a1e17d57"], ["models/LeftFingerJoint41y_joint_visu.wrl", "61402f6746307792f4303e574af749b94086a4ec"], ["models/LSCsegment_joint_visu.wrl", "c32a20b7e31becf394d78b5655efc5565b038b80"], ["models/LeftFingerJoint11y_joint_visu.wrl", "0cbfceda8d89deb375f7933c8078af5147ec84b2"], ["models/RightFingerJoint41y_joint_visu.wrl", "020541ab865e4e3e9fa2695e0f4eff71b52ad52d"], ["models/RWy_joint_visu.wrl", "2b11028aee46fb62e614338be3dd5644c1a824ee"], ["models/LeftFingerJoint23y_joint_visu.wrl", "478e70ae519508040adb535da7a7998bba1b8c42"], ["models/RSsegment_joint_visu.wrl", "612de2c24f203d5846930907a5df9cef5d9578dd"], ["models/LeftFingerJoint12y_joint_visu.wrl", "024079388e0352cf2dd7d6c0c4d45ee34851930c"], ["models/LWsegment_joint_visu.wrl", "3c8bc8f30c2fdfc5956ddac1f868ed768806d7fd"], ["models/RightFingerJoint22y_joint_visu.wrl", "0b36fec3092c4692c7809ee795740f148ffb0be8"], ["models/RMrot_joint_visu.wrl", "a56cefc9affb5ca3f87c8ad0a9ef880f3355f2f0"], ["models/LeftFingerJoint40y_joint_visu.wrl", "ebee55b3729d26fb04a73d5b427025dbf464f288"], ["models/LeftFingerJoint21y_joint_visu.wrl", "a890d2d55d8afbe701827374715b7e671862cc4f"], ["models/REsegment_joint_visu.wrl", "d709750461631f850f8441b85f4861ca47df51ae"], ["models/RHsegment_joint_visu.wrl", "54fb3a26ddb8f2d419752eb76c4e488efef6b43c"], ["models/RightFingerJoint52y_joint_visu.wrl", "44f18db78bed86bf1ddb981a1e678027e51db918"], ["models/RightFingerJoint50y_joint_visu.wrl", "13ede518eb635943fcd4564499f4fdb69d27780e"], ["models/LFx_joint_visu.wrl", "5d47b342ff68d5d2b2d9c7e22c5cf098909060c6"], ["models/LKsegment_joint_visu.wrl", "5780b7d3a585852e8707cb2363bfa8d4d3b461f7"], ["models/LeftFingerJoint13y_joint_visu.wrl", "8a00c78adf18bdebd78a513323b5f28f02d117be"], ["models/RightFingerJoint51y_joint_visu.wrl", "d78052a78ea694e1d35e6b91354db0a64493fbf4"], ["models/RightFingerJoint11y_joint_visu.wrl", "a05a4116eafe1434c190e03faa62753bcd333105"], ["models/LeftFingerJoint22y_joint_visu.wrl", "7fee0851bbbc487512ffb12e46d738fc0837aa0c"], ["models/LAy_joint_visu.wrl", "de3953d8ffbf479f0eb229748cfdd897a408012e"], ["models/LEsegment_joint_visu.wrl", "1bf5a0382df53cb4aef1ebf578e4d535a0cd3d7b"], ["models/RightFingerJoint31y_joint_visu.wrl", "4f0efb942b57fffc5b3177798a71bcdbb9b92042"], ["models/LeftFingerJoint32y_joint_visu.wrl", "685ae87120ee0d9ba5d764c8ff99385aa9d79a04"], ["models/RightFingerJoint32y_joint_visu.wrl", "47d29dfecd9514a3973b021c83bc361364341093"], ["models/LeftFingerJoint31y_joint_visu.wrl", "d24789234312bf68c77c7830508763d07f9feec0"], ["models/LMrot_joint_visu.wrl", "94047f5a29e3373271bba5d61ccbbacf9bfb01af"], ["models/LWy_joint_visu.wrl", "33ba8f54774fa65838a8ae38c3d558f06fe00bc0"], ["models/LeftFingerJoint52y_joint_visu.wrl", "3f7d688708cf5f55104348d5bc102dcc7b7a0a66"], ["models/LSsegment_joint_visu.wrl", "f34e7eae1658b3ae618b5bc40ebc1da529c7e0a3"], ["models/RAsegment_joint_visu.wrl", "bf9735bb8cbd74e01e9087f0ccad4783edc49231"], ["models/LeftFingerJoint50y_joint_visu.wrl", "c2f6364fe16768bd1382d1b02c327d9dcf43fd03"], ["models/LeftFingerJoint51y_joint_visu.wrl", "0c2664365d375a3d9dd190818483e292027433d3"], ["models/LeftHandSegment_joint_visu.wrl", "581235ef3290f47c527e74693e4a232056642bcf"], ["models/BTy_joint_visu.wrl", "818c33f75e2b278db824d223d8796b1d1ca48213"], ["models/RWsegment_joint_visu.wrl", "de46619cf74eb2ffe74ab7fdaaf4cd485034b959"], ["models/RFx_joint_visu.wrl", "7e0fad07af2c1f6a4bad2e40caa9cdcfafa5d748"]], "converter_config": "<ConverterConfig type=\"NloptConverter\"><Model><MarkerMapping><Mapping c3d=\"LIFD\" mmm=\"MARKER_LIFD\" /><Mapping c3d=\"LKNE\" mmm=\"MARKER_LKNE\" /><Mapping c3d=\"LWPS\" mmm=\"MARKER_LWPS\" /><Mapping c3d=\"RANK\" mmm=\"MARKER_RANK\" /><Mapping c3d=\"T10\" mmm=\"MARKER_T10\" /><Mapping c3d=\"LBHD\" mmm=\"MARKER_LBHD\" /><Mapping c3d=\"LBAK\" mmm=\"MARKER_LBAK\" /><Mapping c3d=\"RBAK\" mmm=\"MARKER_RBAK\" /><Mapping c3d=\"RTIP\" mmm=\"MARKER_RTIP\" /><Mapping c3d=\"RMT1\" mmm=\"MARKER_RMT1\" /><Mapping c3d=\"LTOE\" mmm=\"MARKER_LTOE\" /><Mapping c3d=\"RHTS\" mmm=\"MARKER_RHTS\" /><Mapping c3d=\"RMT5\" mmm=\"MARKER_RMT5\" /><Mapping c3d=\"LTIP\" mmm=\"MARKER_LTIP\" /><Mapping c3d=\"LHTS\" mmm=\"MARKER_LHTS\" /><Mapping c3d=\"RAEL\" mmm=\"MARKER_RAEL\" /><Mapping c3d=\"RKNE\" mmm=\"MARKER_RKNE\" /><Mapping c3d=\"LHPS\" mmm=\"MARKER_LHPS\" /><Mapping c3d=\"LANK\" mmm=\"MARKER_LANK\" /><Mapping c3d=\"LWTS\" mmm=\"MARKER_LWTS\" /><Mapping c3d=\"RIFD\" mmm=\"MARKER_RIFD\" /><Mapping c3d=\"RAOL\" mmm=\"MARKER_RAOL\" /><Mapping c3d=\"CLAV\" mmm=\"MARKER_CLAV\" /><Mapping c3d=\"LASI\" mmm=\"MARKER_LASI\" /><Mapping c3d=\"C7\" mmm=\"MARKER_C7\" /><Mapping c3d=\"LHEE\" mmm=\"MARKER_LHEE\" /><Mapping c3d=\"LTHI\" mmm=\"MARKER_LTHI\" /><Mapping c3d=\"RTHI\" mmm=\"MARKER_RTHI\" /><Mapping c3d=\"RFHD\" mmm=\"MARKER_RFHD\" /><Mapping c3d=\"LUPA\" mmm=\"MARKER_LUPA\" /><Mapping c3d=\"LFHD\" mmm=\"MARKER_LFHD\" /><Mapping c3d=\"RHIP\" mmm=\"MARKER_RHIP\" /><Mapping c3d=\"RWPS\" mmm=\"MARKER_RWPS\" /><Mapping c3d=\"LMT1\" mmm=\"MARKER_LMT1\" /><Mapping c3d=\"L3\" mmm=\"MARKER_L3\" /><Mapping c3d=\"LFRA\" mmm=\"MARKER_LFRA\" /><Mapping c3d=\"LPSI\" mmm=\"MARKER_LPSI\" /><Mapping c3d=\"RPSI\" mmm=\"MARKER_RPSI\" /><Mapping c3d=\"LAOL\" mmm=\"MARKER_LAOL\" /><Mapping c3d=\"RBHD\" mmm=\"MARKER_RBHD\" /><Mapping c3d=\"RUPA\" mmm=\"MARKER_RUPA\" /><Mapping c3d=\"RASI\" mmm=\"MARKER_RASI\" /><Mapping c3d=\"RWTS\" mmm=\"MARKER_RWTS\" /><Mapping c3d=\"LHIP\" mmm=\"MARKER_LHIP\" /><Mapping c3d=\"STRN\" mmm=\"MARKER_STRN\" /><Mapping c3d=\"LAEL\" mmm=\"MARKER_LAEL\" /><Mapping c3d=\"RHPS\" mmm=\"MARKER_RHPS\" /><Mapping c3d=\"RTOE\" mmm=\"MARKER_RTOE\" /><Mapping c3d=\"RHEE\" mmm=\"MARKER_RHEE\" /><Mapping c3d=\"LMT5\" mmm=\"MARKER_LMT5\" /></MarkerMapping><JointSet><Joint name=\"BLNx_joint\" /><Joint name=\"BLNy_joint\" /><Joint name=\"BLNz_joint\" /><Joint name=\"BPx_joint\" /><Joint name=\"BPy_joint\" /><Joint name=\"BPz_joint\" /><Joint name=\"BTx_joint\" /><Joint name=\"BTy_joint\" /><Joint name=\"BTz_joint\" /><Joint name=\"BUNx_joint\" /><Joint name=\"BUNy_joint\" /><Joint name=\"BUNz_joint\" /><Joint name=\"LAx_joint\" /><Joint name=\"LAy_joint\" /><Joint name=\"LAz_joint\" /><Joint name=\"LEx_joint\" /><Joint name=\"LEz_joint\" /><Joint name=\"LHx_joint\" /><Joint name=\"LHy_joint\" /><Joint name=\"LHz_joint\" /><Joint name=\"LKx_joint\" /><Joint name=\"LSx_joint\" /><Joint name=\"LSy_joint\" /><Joint name=\"LSz_joint\" /><Joint name=\"LWx_joint\" /><Joint name=\"LWy_joint\" /><Joint name=\"LFx_joint\" /><Joint name=\"LMrot_joint\" /><Joint name=\"RAx_joint\" /><Joint name=\"RAy_joint\" /><Joint name=\"RAz_joint\" /><Joint name=\"REx_joint\" /><Joint name=\"REz_joint\" /><Joint name=\"RHx_joint\" /><Joint name=\"RHy_joint\" /><Joint name=\"RHz_joint\" /><Joint name=\"RKx_joint\" /><Joint name=\"RSx_joint\" /><Joint name=\"RSy_joint\" /><Joint name=\"RSz_joint\" /><Joint name=\"RWx_joint\" /><Joint name=\"RWy_joint\" /><Joint name=\"RFx_joint\" /><Joint name=\"RMrot_joint\" /></JointSet></Model></ConverterConfig>", "model_processor_config": "<ModelProcessorConfig type=\"Winter\"><height>1.83</height><mass>100</mass></ModelProcessorConfig>"}, "subject_missing_markers": []}