Motion Database Converter

User/Host: mmm @ i61motiondb
Date: 2016-08-12 19:26:31
Input File: take_book_from_shelf_right_arm_02.c3d (ID #60823, created 2016-08-12 09:07:52)

The HEADs of the git repositories used for conversion are:
  MMMCore: 1d27ecc05fae8cf73cac6754bb4fa9f37155663b (2016-04-05 08:52:13)
  MMMTools: d77f5a301e3e2f4cd16623ff82a11fbc98dc1113 (2016-04-05 09:18:55)
  MMT: c7423751d257e7ed1c29d25547f02fa43d3d5549 (2016-06-16 15:57:53)
  Simox: 8d9023238ae3fddb74502537a3681c4318147084 (2016-04-01 12:37:43)

Configuration for subject:
  Converter config:
    <ConverterConfig type="NloptConverter"><Model><MarkerMapping><Mapping c3d="LIFD" mmm="MARKER_LIFD" /><Mapping c3d="LKNE" mmm="MARKER_LKNE" /><Mapping c3d="LWPS" mmm="MARKER_LWPS" /><Mapping c3d="RANK" mmm="MARKER_RANK" /><Mapping c3d="T10" mmm="MARKER_T10" /><Mapping c3d="LBHD" mmm="MARKER_LBHD" /><Mapping c3d="LBAK" mmm="MARKER_LBAK" /><Mapping c3d="RBAK" mmm="MARKER_RBAK" /><Mapping c3d="RTIP" mmm="MARKER_RTIP" /><Mapping c3d="RMT1" mmm="MARKER_RMT1" /><Mapping c3d="LTOE" mmm="MARKER_LTOE" /><Mapping c3d="RHTS" mmm="MARKER_RHTS" /><Mapping c3d="RMT5" mmm="MARKER_RMT5" /><Mapping c3d="LTIP" mmm="MARKER_LTIP" /><Mapping c3d="LHTS" mmm="MARKER_LHTS" /><Mapping c3d="RAEL" mmm="MARKER_RAEL" /><Mapping c3d="RKNE" mmm="MARKER_RKNE" /><Mapping c3d="LHPS" mmm="MARKER_LHPS" /><Mapping c3d="LANK" mmm="MARKER_LANK" /><Mapping c3d="LWTS" mmm="MARKER_LWTS" /><Mapping c3d="RIFD" mmm="MARKER_RIFD" /><Mapping c3d="RAOL" mmm="MARKER_RAOL" /><Mapping c3d="CLAV" mmm="MARKER_CLAV" /><Mapping c3d="LASI" mmm="MARKER_LASI" /><Mapping c3d="C7" mmm="MARKER_C7" /><Mapping c3d="LHEE" mmm="MARKER_LHEE" /><Mapping c3d="LTHI" mmm="MARKER_LTHI" /><Mapping c3d="RTHI" mmm="MARKER_RTHI" /><Mapping c3d="RFHD" mmm="MARKER_RFHD" /><Mapping c3d="LUPA" mmm="MARKER_LUPA" /><Mapping c3d="LFHD" mmm="MARKER_LFHD" /><Mapping c3d="RHIP" mmm="MARKER_RHIP" /><Mapping c3d="RWPS" mmm="MARKER_RWPS" /><Mapping c3d="LMT1" mmm="MARKER_LMT1" /><Mapping c3d="L3" mmm="MARKER_L3" /><Mapping c3d="LFRA" mmm="MARKER_LFRA" /><Mapping c3d="LPSI" mmm="MARKER_LPSI" /><Mapping c3d="RPSI" mmm="MARKER_RPSI" /><Mapping c3d="LAOL" mmm="MARKER_LAOL" /><Mapping c3d="RBHD" mmm="MARKER_RBHD" /><Mapping c3d="RUPA" mmm="MARKER_RUPA" /><Mapping c3d="RASI" mmm="MARKER_RASI" /><Mapping c3d="RWTS" mmm="MARKER_RWTS" /><Mapping c3d="LHIP" mmm="MARKER_LHIP" /><Mapping c3d="STRN" mmm="MARKER_STRN" /><Mapping c3d="LAEL" mmm="MARKER_LAEL" /><Mapping c3d="RHPS" mmm="MARKER_RHPS" /><Mapping c3d="RTOE" mmm="MARKER_RTOE" /><Mapping c3d="RHEE" mmm="MARKER_RHEE" /><Mapping c3d="LMT5" mmm="MARKER_LMT5" /></MarkerMapping><JointSet><Joint name="BLNx_joint" /><Joint name="BLNy_joint" /><Joint name="BLNz_joint" /><Joint name="BPx_joint" /><Joint name="BPy_joint" /><Joint name="BPz_joint" /><Joint name="BTx_joint" /><Joint name="BTy_joint" /><Joint name="BTz_joint" /><Joint name="BUNx_joint" /><Joint name="BUNy_joint" /><Joint name="BUNz_joint" /><Joint name="LAx_joint" /><Joint name="LAy_joint" /><Joint name="LAz_joint" /><Joint name="LEx_joint" /><Joint name="LEz_joint" /><Joint name="LHx_joint" /><Joint name="LHy_joint" /><Joint name="LHz_joint" /><Joint name="LKx_joint" /><Joint name="LSx_joint" /><Joint name="LSy_joint" /><Joint name="LSz_joint" /><Joint name="LWx_joint" /><Joint name="LWy_joint" /><Joint name="LFx_joint" /><Joint name="LMrot_joint" /><Joint name="RAx_joint" /><Joint name="RAy_joint" /><Joint name="RAz_joint" /><Joint name="REx_joint" /><Joint name="REz_joint" /><Joint name="RHx_joint" /><Joint name="RHy_joint" /><Joint name="RHz_joint" /><Joint name="RKx_joint" /><Joint name="RSx_joint" /><Joint name="RSy_joint" /><Joint name="RSz_joint" /><Joint name="RWx_joint" /><Joint name="RWy_joint" /><Joint name="RFx_joint" /><Joint name="RMrot_joint" /></JointSet></Model></ConverterConfig>

  Model processor config:
    <ModelProcessorConfig type="Winter"><height>1.83</height><mass>100</mass></ModelProcessorConfig>

  Model files:
    mmm.xml -> 83095bf1f7710e0da2eabc0dc38933fff21a487e
    models/RightFingerJoint43y_joint_visu.wrl -> 4a8b66745234892104dc18c3f12b51653e0d22e2
    models/HeadSegment_joint_visu.wrl -> 98bc33547d6728b266ca30ad9f3f1cd1fc964890
    models/RightFingerJoint23y_joint_visu.wrl -> a0d5f39a5c7aa80b2d6a4eaf255bc2ee431c4c8b
    models/RightFingerJoint13y_joint_visu.wrl -> f6fe45b4978386e46181511649732c2b788efffc
    models/RightEyeSegmentY_joint_visu.wrl -> a5e19b848b6eeb97452f27da05841286c9c8750d
    models/RightFingerJoint33y_joint_visu.wrl -> 408d1d793635a63e5469ef6749032ed29df446cb
    models/RightFingerJoint42y_joint_visu.wrl -> 56054907e89fe8b5298ac919d87afca5ea3112a6
    models/RightFingerJoint40y_joint_visu.wrl -> a6a36d6acd88295f92f5ad6137dad641a10df4b6
    models/RAy_joint_visu.wrl -> ce5872147a6e4132bebc90a3e1e3c1a28a103eb6
    models/LeftFingerJoint33y_joint_visu.wrl -> 365adda3e38105f28e7045c2b0267a52336edf01
    models/BUNsegment_joint_visu.wrl -> 0ac874bfcd0d8c4b0c3b4ec4e56c59ce39aad99d
    models/LeftEyeSegmentY_joint_visu.wrl -> 066736ba165738d120f8d1d103b9c28b19c429bf
    models/RSCsegment_joint_visu.wrl -> 9044f5cc6779532281b74eface97e002798a8e6d
    models/LHsegment_joint_visu.wrl -> 3838c5fdad69c33fed501ae676c8a8a9282d9a05
    models/LeftFingerJoint53y_joint_visu.wrl -> cdd15d99efa93d038d04ced046fe79ae693a10d7
    models/RightFingerJoint21y_joint_visu.wrl -> d19626a13a08387890317675df2c2e7fe9db5eef
    models/RightFingerJoint12y_joint_visu.wrl -> 7097cf96d3597a795575a5abe9256e0143c2ed0f
    models/LeftFingerJoint43y_joint_visu.wrl -> 395c609ed268feb940855099f538c46a54c3a4d8
    models/RightFingerJoint53y_joint_visu.wrl -> 9d95789602901425bad9b4435dea2b4be5431202
    models/LeftFingerJoint42y_joint_visu.wrl -> e487f595b7019c407f92b0f00de5260e64e56c97
    models/LAsegment_joint_visu.wrl -> bb0d5feb0455fbd2c425d138b7f487260f4bf1bc
    models/BTSegment_joint_visu.wrl -> 22abe8deeec243c99e31ec02fa59372e98ac8471
    models/RKsegment_joint_visu.wrl -> 18b381d65e3337bcb0d1ff5928773884a1e17d57
    models/LeftFingerJoint41y_joint_visu.wrl -> 61402f6746307792f4303e574af749b94086a4ec
    models/LSCsegment_joint_visu.wrl -> c32a20b7e31becf394d78b5655efc5565b038b80
    models/LeftFingerJoint11y_joint_visu.wrl -> 0cbfceda8d89deb375f7933c8078af5147ec84b2
    models/RightFingerJoint41y_joint_visu.wrl -> 020541ab865e4e3e9fa2695e0f4eff71b52ad52d
    models/RWy_joint_visu.wrl -> 2b11028aee46fb62e614338be3dd5644c1a824ee
    models/LeftFingerJoint23y_joint_visu.wrl -> 478e70ae519508040adb535da7a7998bba1b8c42
    models/RSsegment_joint_visu.wrl -> 612de2c24f203d5846930907a5df9cef5d9578dd
    models/LeftFingerJoint12y_joint_visu.wrl -> 024079388e0352cf2dd7d6c0c4d45ee34851930c
    models/LWsegment_joint_visu.wrl -> 3c8bc8f30c2fdfc5956ddac1f868ed768806d7fd
    models/RightFingerJoint22y_joint_visu.wrl -> 0b36fec3092c4692c7809ee795740f148ffb0be8
    models/RMrot_joint_visu.wrl -> a56cefc9affb5ca3f87c8ad0a9ef880f3355f2f0
    models/LeftFingerJoint40y_joint_visu.wrl -> ebee55b3729d26fb04a73d5b427025dbf464f288
    models/LeftFingerJoint21y_joint_visu.wrl -> a890d2d55d8afbe701827374715b7e671862cc4f
    models/REsegment_joint_visu.wrl -> d709750461631f850f8441b85f4861ca47df51ae
    models/RHsegment_joint_visu.wrl -> 54fb3a26ddb8f2d419752eb76c4e488efef6b43c
    models/RightFingerJoint52y_joint_visu.wrl -> 44f18db78bed86bf1ddb981a1e678027e51db918
    models/RightFingerJoint50y_joint_visu.wrl -> 13ede518eb635943fcd4564499f4fdb69d27780e
    models/LFx_joint_visu.wrl -> 5d47b342ff68d5d2b2d9c7e22c5cf098909060c6
    models/LKsegment_joint_visu.wrl -> 5780b7d3a585852e8707cb2363bfa8d4d3b461f7
    models/LeftFingerJoint13y_joint_visu.wrl -> 8a00c78adf18bdebd78a513323b5f28f02d117be
    models/RightFingerJoint51y_joint_visu.wrl -> d78052a78ea694e1d35e6b91354db0a64493fbf4
    models/RightFingerJoint11y_joint_visu.wrl -> a05a4116eafe1434c190e03faa62753bcd333105
    models/LeftFingerJoint22y_joint_visu.wrl -> 7fee0851bbbc487512ffb12e46d738fc0837aa0c
    models/LAy_joint_visu.wrl -> de3953d8ffbf479f0eb229748cfdd897a408012e
    models/LEsegment_joint_visu.wrl -> 1bf5a0382df53cb4aef1ebf578e4d535a0cd3d7b
    models/RightFingerJoint31y_joint_visu.wrl -> 4f0efb942b57fffc5b3177798a71bcdbb9b92042
    models/LeftFingerJoint32y_joint_visu.wrl -> 685ae87120ee0d9ba5d764c8ff99385aa9d79a04
    models/RightFingerJoint32y_joint_visu.wrl -> 47d29dfecd9514a3973b021c83bc361364341093
    models/LeftFingerJoint31y_joint_visu.wrl -> d24789234312bf68c77c7830508763d07f9feec0
    models/LMrot_joint_visu.wrl -> 94047f5a29e3373271bba5d61ccbbacf9bfb01af
    models/LWy_joint_visu.wrl -> 33ba8f54774fa65838a8ae38c3d558f06fe00bc0
    models/LeftFingerJoint52y_joint_visu.wrl -> 3f7d688708cf5f55104348d5bc102dcc7b7a0a66
    models/LSsegment_joint_visu.wrl -> f34e7eae1658b3ae618b5bc40ebc1da529c7e0a3
    models/RAsegment_joint_visu.wrl -> bf9735bb8cbd74e01e9087f0ccad4783edc49231
    models/LeftFingerJoint50y_joint_visu.wrl -> c2f6364fe16768bd1382d1b02c327d9dcf43fd03
    models/LeftFingerJoint51y_joint_visu.wrl -> 0c2664365d375a3d9dd190818483e292027433d3
    models/LeftHandSegment_joint_visu.wrl -> 581235ef3290f47c527e74693e4a232056642bcf
    models/BTy_joint_visu.wrl -> 818c33f75e2b278db824d223d8796b1d1ca48213
    models/RWsegment_joint_visu.wrl -> de46619cf74eb2ffe74ab7fdaaf4cd485034b959
    models/RFx_joint_visu.wrl -> 7e0fad07af2c1f6a4bad2e40caa9cdcfafa5d748

Missing subject markers: []

Subject conversion error:
Conversion Error: avg/avg = 29.91, worst avg = 31.68, worst max = 107.40

The per-frame conversion errors are: (avg/max for subject and every object)
  Frame 0: 29.96/102.50
  Frame 1: 29.90/102.33
  Frame 2: 29.88/102.00
  Frame 3: 29.89/101.71
  Frame 4: 29.89/101.59
  Frame 5: 29.89/101.48
  Frame 6: 29.85/101.09
  Frame 7: 29.84/100.69
  Frame 8: 29.81/100.59
  Frame 9: 29.81/100.32
  Frame 10: 29.80/100.51
  Frame 11: 29.76/100.17
  Frame 12: 29.73/99.86
  Frame 13: 29.72/99.82
  Frame 14: 29.73/99.74
  Frame 15: 29.71/99.76
  Frame 16: 29.69/99.73
  Frame 17: 29.70/99.56
  Frame 18: 29.67/99.77
  Frame 19: 29.64/99.46
  Frame 20: 29.62/99.77
  Frame 21: 29.61/99.79
  Frame 22: 29.56/99.73
  Frame 23: 29.54/99.94
  Frame 24: 29.53/99.95
  Frame 25: 29.48/99.80
  Frame 26: 29.47/99.86
  Frame 27: 29.44/99.96
  Frame 28: 29.41/99.99
  Frame 29: 29.42/100.40
  Frame 30: 29.40/100.23
  Frame 31: 29.39/100.26
  Frame 32: 29.36/100.35
  Frame 33: 29.35/100.39
  Frame 34: 29.36/100.51
  Frame 35: 29.33/100.24
  Frame 36: 29.35/100.37
  Frame 37: 29.31/100.44
  Frame 38: 29.31/100.10
  Frame 39: 29.31/100.29
  Frame 40: 29.30/100.25
  Frame 41: 29.30/100.20
  Frame 42: 29.31/100.39
  Frame 43: 29.30/100.58
  Frame 44: 29.29/100.31
  Frame 45: 29.29/100.20
  Frame 46: 29.26/99.90
  Frame 47: 29.26/99.81
  Frame 48: 29.25/99.66
  Frame 49: 29.22/99.96
  Frame 50: 29.22/99.79
  Frame 51: 29.19/99.41
  Frame 52: 29.21/99.64
  Frame 53: 29.22/99.50
  Frame 54: 29.20/99.46
  Frame 55: 29.28/99.72
  Frame 56: 29.23/99.85
  Frame 57: 29.25/99.62
  Frame 58: 29.20/99.14
  Frame 59: 29.21/99.36
  Frame 60: 29.22/99.54
  Frame 61: 29.19/99.55
  Frame 62: 29.15/99.54
  Frame 63: 29.14/99.51
  Frame 64: 29.18/99.30
  Frame 65: 29.14/99.76
  Frame 66: 29.12/99.52
  Frame 67: 29.07/99.61
  Frame 68: 29.09/99.70
  Frame 69: 29.11/99.68
  Frame 70: 29.07/99.64
  Frame 71: 29.09/99.98
  Frame 72: 29.12/100.12
  Frame 73: 29.15/100.40
  Frame 74: 29.18/100.78
  Frame 75: 29.19/100.92
  Frame 76: 29.21/101.09
  Frame 77: 29.25/101.42
  Frame 78: 29.27/101.66
  Frame 79: 29.27/101.94
  Frame 80: 29.32/102.44
  Frame 81: 29.34/102.63
  Frame 82: 29.37/102.89
  Frame 83: 29.40/103.07
  Frame 84: 29.46/103.47
  Frame 85: 29.51/103.69
  Frame 86: 29.54/103.78
  Frame 87: 29.56/104.21
  Frame 88: 29.57/104.36
  Frame 89: 29.64/104.81
  Frame 90: 29.64/104.83
  Frame 91: 29.65/104.96
  Frame 92: 29.69/105.08
  Frame 93: 29.71/105.33
  Frame 94: 29.74/105.39
  Frame 95: 29.78/105.44
  Frame 96: 29.79/105.30
  Frame 97: 29.81/105.36
  Frame 98: 29.84/105.25
  Frame 99: 29.88/105.55
  Frame 100: 29.92/105.76
  Frame 101: 29.94/105.79
  Frame 102: 29.94/105.86
  Frame 103: 30.02/106.02
  Frame 104: 30.02/105.83
  Frame 105: 30.04/105.58
  Frame 106: 30.07/105.92
  Frame 107: 30.13/105.81
  Frame 108: 30.19/105.85
  Frame 109: 30.26/106.13
  Frame 110: 30.29/106.45
  Frame 111: 30.35/106.64
  Frame 112: 30.41/106.43
  Frame 113: 30.44/106.97
  Frame 114: 30.48/107.28
  Frame 115: 30.51/107.40
  Frame 116: 30.59/107.19
  Frame 117: 30.61/106.89
  Frame 118: 30.65/106.92
  Frame 119: 30.69/107.12
  Frame 120: 30.75/107.15
  Frame 121: 30.75/106.83
  Frame 122: 30.82/106.89
  Frame 123: 30.86/106.92
  Frame 124: 30.89/106.91
  Frame 125: 30.95/107.00
  Frame 126: 31.01/107.03
  Frame 127: 31.06/106.84
  Frame 128: 31.08/106.91
  Frame 129: 31.13/106.72
  Frame 130: 31.16/106.70
  Frame 131: 31.20/106.59
  Frame 132: 31.25/106.58
  Frame 133: 31.29/106.59
  Frame 134: 31.34/106.61
  Frame 135: 31.39/106.62
  Frame 136: 31.44/106.56
  Frame 137: 31.49/106.45
  Frame 138: 31.52/106.38
  Frame 139: 31.55/106.36
  Frame 140: 31.54/106.27
  Frame 141: 31.57/106.31
  Frame 142: 31.63/106.36
  Frame 143: 31.66/106.36
  Frame 144: 31.67/106.47
  Frame 145: 31.68/106.41
  Frame 146: 31.61/106.39
  Frame 147: 31.57/106.36
  Frame 148: 31.57/106.51
  Frame 149: 31.57/106.63
  Frame 150: 31.52/106.55
  Frame 151: 31.51/106.64
  Frame 152: 31.49/106.73
  Frame 153: 31.48/106.74
  Frame 154: 31.47/106.69
  Frame 155: 31.47/106.66
  Frame 156: 31.44/106.44
  Frame 157: 31.40/106.42
  Frame 158: 31.38/106.42
  Frame 159: 31.37/106.45
  Frame 160: 31.35/106.51
  Frame 161: 31.32/106.38
  Frame 162: 31.29/106.26
  Frame 163: 31.28/106.24
  Frame 164: 31.26/106.19
  Frame 165: 31.21/106.19
  Frame 166: 31.18/105.99
  Frame 167: 31.14/106.02
  Frame 168: 31.09/105.99
  Frame 169: 31.09/105.87
  Frame 170: 31.03/105.79
  Frame 171: 31.01/105.62
  Frame 172: 30.98/105.64
  Frame 173: 30.95/105.51
  Frame 174: 30.90/105.48
  Frame 175: 30.86/105.20
  Frame 176: 30.83/104.84
  Frame 177: 30.81/104.92
  Frame 178: 30.78/104.97
  Frame 179: 30.73/104.79
  Frame 180: 30.70/104.38
  Frame 181: 30.64/104.32
  Frame 182: 30.62/104.36
  Frame 183: 30.56/104.15
  Frame 184: 30.52/104.00
  Frame 185: 30.48/104.07
  Frame 186: 30.46/104.01
  Frame 187: 30.39/103.91
  Frame 188: 30.34/103.84
  Frame 189: 30.29/103.45
  Frame 190: 30.24/103.56
  Frame 191: 30.21/103.14
  Frame 192: 30.19/103.18
  Frame 193: 30.15/103.01
  Frame 194: 30.15/103.19
  Frame 195: 30.12/103.12
  Frame 196: 30.07/103.08
  Frame 197: 30.05/102.93
  Frame 198: 30.03/102.83
  Frame 199: 30.02/102.93
  Frame 200: 30.02/103.37
  Frame 201: 29.96/103.33
  Frame 202: 29.95/103.07
  Frame 203: 29.96/102.81
  Frame 204: 29.94/102.65
  Frame 205: 29.93/102.64
  Frame 206: 29.92/102.92
  Frame 207: 29.93/102.50
  Frame 208: 29.90/102.16
  Frame 209: 29.86/101.93
  Frame 210: 29.84/101.66
  Frame 211: 29.82/101.49
  Frame 212: 29.77/101.39
  Frame 213: 29.75/101.04
  Frame 214: 29.72/100.95
  Frame 215: 29.69/101.03
  Frame 216: 29.67/101.00
  Frame 217: 29.68/100.84
  Frame 218: 29.68/100.78
  Frame 219: 29.70/100.42
  Frame 220: 29.69/100.36
  Frame 221: 29.70/100.03
  Frame 222: 29.71/100.03
  Frame 223: 29.72/99.92
  Frame 224: 29.71/99.66
  Frame 225: 29.74/99.83
  Frame 226: 29.71/99.68
  Frame 227: 29.73/99.39
  Frame 228: 29.74/99.84
  Frame 229: 29.70/99.80
  Frame 230: 29.68/99.76
  Frame 231: 29.67/99.91
  Frame 232: 29.65/99.81
  Frame 233: 29.64/99.98
  Frame 234: 29.62/99.74
  Frame 235: 29.63/99.71
  Frame 236: 29.58/99.21
  Frame 237: 29.56/99.22
  Frame 238: 29.55/99.17
  Frame 239: 29.53/99.20
  Frame 240: 29.53/99.13
  Frame 241: 29.52/99.16
  Frame 242: 29.51/99.21
  Frame 243: 29.50/98.97
  Frame 244: 29.50/99.01
  Frame 245: 29.51/99.15
  Frame 246: 29.51/99.06
  Frame 247: 29.52/99.12
  Frame 248: 29.50/98.75
  Frame 249: 29.49/98.64
  Frame 250: 29.49/98.43
  Frame 251: 29.47/98.29
  Frame 252: 29.44/98.13
  Frame 253: 29.41/98.18
  Frame 254: 29.40/98.22
  Frame 255: 29.40/98.31
  Frame 256: 29.39/98.52
  Frame 257: 29.37/98.19
  Frame 258: 29.33/97.76
  Frame 259: 29.32/98.20
  Frame 260: 29.32/98.11
  Frame 261: 29.31/98.05
  Frame 262: 29.30/98.22
  Frame 263: 29.29/98.42
  Frame 264: 29.30/98.44
  Frame 265: 29.28/98.12
  Frame 266: 29.29/98.53
  Frame 267: 29.28/98.89
  Frame 268: 29.26/98.52
  Frame 269: 29.25/98.47
  Frame 270: 29.23/98.37
  Frame 271: 29.21/98.38
  Frame 272: 29.20/98.58
  Frame 273: 29.19/98.44
  Frame 274: 29.18/98.45
  Frame 275: 29.18/98.37
  Frame 276: 29.19/98.50
  Frame 277: 29.20/98.18
  Frame 278: 29.20/98.39
  Frame 279: 29.20/98.44
  Frame 280: 29.21/98.55
  Frame 281: 29.20/98.38
  Frame 282: 29.20/98.65
  Frame 283: 29.19/98.59
  Frame 284: 29.19/98.67
  Frame 285: 29.19/98.82
  Frame 286: 29.18/98.82
  Frame 287: 29.19/98.83
  Frame 288: 29.19/98.86
  Frame 289: 29.20/98.87
  Frame 290: 29.20/98.84
  Frame 291: 29.21/98.96
  Frame 292: 29.21/99.05
  Frame 293: 29.19/98.98
  Frame 294: 29.20/98.99
  Frame 295: 29.21/99.07
  Frame 296: 29.20/99.10
  Frame 297: 29.21/99.05
  Frame 298: 29.21/99.03
  Frame 299: 29.22/99.07
  Frame 300: 29.22/99.07
  Frame 301: 29.23/99.04
  Frame 302: 29.23/98.99
  Frame 303: 29.24/99.04
  Frame 304: 29.24/99.16
  Frame 305: 29.24/99.26
  Frame 306: 29.25/99.36
  Frame 307: 29.26/99.49
  Frame 308: 29.28/99.66
  Frame 309: 29.29/99.72
  Frame 310: 29.33/99.95
  Frame 311: 29.34/100.19
  Frame 312: 29.36/100.29
  Frame 313: 29.39/100.56
  Frame 314: 29.43/100.76
  Frame 315: 29.46/100.80
  Frame 316: 29.49/100.85
  Frame 317: 29.52/101.24
  Frame 318: 29.55/100.97
  Frame 319: 29.59/100.81
  Frame 320: 29.65/100.75
  Frame 321: 29.70/100.97
  Frame 322: 29.75/100.94
  Frame 323: 29.82/101.03
  Frame 324: 29.92/101.34
  Frame 325: 29.97/101.17
  Frame 326: 30.05/101.16
  Frame 327: 30.11/101.26
  Frame 328: 30.20/101.71
  Frame 329: 30.25/101.53
  Frame 330: 30.30/101.61
  Frame 331: 30.39/101.88
  Frame 332: 30.42/101.94
  Frame 333: 30.49/102.41
  Frame 334: 30.54/102.47
  Frame 335: 30.51/102.31
  Frame 336: 30.52/102.32
  Frame 337: 30.51/102.51

The following line contains the information from above in a machine-readable format and can safely be ignored.
MMT/convert_db:{"subject_conversion_error": [[29.9559, 102.495], [29.8981, 102.331], [29.876, 101.999], [29.8881, 101.706], [29.8926, 101.591], [29.8909, 101.484], [29.8543, 101.093], [29.8395, 100.694], [29.8091, 100.586], [29.8059, 100.32], [29.7993, 100.513], [29.7618, 100.166], [29.7281, 99.8613], [29.7247, 99.8177], [29.7259, 99.7368], [29.7058, 99.7638], [29.6873, 99.7266], [29.7008, 99.5576], [29.6739, 99.7672], [29.6427, 99.4633], [29.6209, 99.7738], [29.6056, 99.7864], [29.5569, 99.7334], [29.5449, 99.9351], [29.5282, 99.9542], [29.4832, 99.7951], [29.4665, 99.8565], [29.4361, 99.9568], [29.4148, 99.9941], [29.4151, 100.396], [29.398, 100.234], [29.3868, 100.259], [29.3613, 100.346], [29.3542, 100.385], [29.3588, 100.508], [29.3313, 100.236], [29.3455, 100.374], [29.3078, 100.438], [29.3096, 100.098], [29.3112, 100.292], [29.295, 100.255], [29.2987, 100.2], [29.3062, 100.395], [29.2954, 100.579], [29.2921, 100.306], [29.2935, 100.201], [29.2602, 99.903], [29.2563, 99.8105], [29.2486, 99.6572], [29.2242, 99.964], [29.2167, 99.7924], [29.1939, 99.4077], [29.2096, 99.6406], [29.2154, 99.5048], [29.2046, 99.4649], [29.2768, 99.7249], [29.2253, 99.8532], [29.2495, 99.6192], [29.2031, 99.136], [29.2142, 99.3562], [29.2246, 99.5396], [29.1887, 99.5452], [29.1496, 99.5369], [29.1379, 99.5098], [29.1824, 99.3039], [29.142, 99.7598], [29.1233, 99.523], [29.0685, 99.6125], [29.0914, 99.7027], [29.1073, 99.679], [29.0684, 99.6444], [29.0876, 99.9782], [29.1155, 100.117], [29.1479, 100.399], [29.1789, 100.782], [29.1863, 100.922], [29.214, 101.092], [29.2465, 101.418], [29.2658, 101.656], [29.273, 101.943], [29.3188, 102.439], [29.3386, 102.63], [29.372, 102.886], [29.401, 103.071], [29.4602, 103.472], [29.5059, 103.695], [29.5382, 103.783], [29.5639, 104.21], [29.5709, 104.364], [29.6392, 104.81], [29.6398, 104.83], [29.6533, 104.962], [29.6864, 105.075], [29.7129, 105.33], [29.7397, 105.388], [29.7763, 105.445], [29.7898, 105.301], [29.8116, 105.36], [29.8419, 105.247], [29.8847, 105.554], [29.919, 105.761], [29.9386, 105.793], [29.9407, 105.86], [30.0219, 106.019], [30.0183, 105.831], [30.0412, 105.585], [30.0726, 105.916], [30.1268, 105.815], [30.1851, 105.848], [30.2573, 106.127], [30.2871, 106.453], [30.3463, 106.644], [30.4109, 106.43], [30.4428, 106.975], [30.4825, 107.278], [30.5097, 107.4], [30.5859, 107.186], [30.6067, 106.888], [30.6534, 106.916], [30.6905, 107.125], [30.7471, 107.147], [30.7499, 106.834], [30.8196, 106.885], [30.8599, 106.924], [30.8929, 106.91], [30.9545, 106.998], [31.012, 107.029], [31.0598, 106.842], [31.0813, 106.908], [31.1318, 106.721], [31.157, 106.703], [31.2003, 106.594], [31.2482, 106.58], [31.2888, 106.586], [31.3418, 106.612], [31.3908, 106.62], [31.4424, 106.558], [31.4898, 106.449], [31.5223, 106.378], [31.5471, 106.359], [31.5432, 106.272], [31.5725, 106.315], [31.6341, 106.357], [31.6626, 106.36], [31.6736, 106.466], [31.6836, 106.413], [31.6126, 106.393], [31.5667, 106.364], [31.5667, 106.508], [31.566, 106.629], [31.5205, 106.547], [31.512, 106.639], [31.4933, 106.734], [31.4848, 106.744], [31.4702, 106.692], [31.4652, 106.656], [31.4436, 106.439], [31.3951, 106.419], [31.3799, 106.422], [31.3651, 106.454], [31.3534, 106.514], [31.3192, 106.382], [31.2937, 106.262], [31.2769, 106.243], [31.2575, 106.195], [31.2101, 106.195], [31.1798, 105.993], [31.1358, 106.024], [31.0936, 105.987], [31.0866, 105.867], [31.0338, 105.792], [31.0064, 105.62], [30.9802, 105.645], [30.9532, 105.507], [30.8974, 105.479], [30.8625, 105.2], [30.8337, 104.84], [30.8117, 104.924], [30.7817, 104.972], [30.7258, 104.791], [30.6968, 104.378], [30.6394, 104.316], [30.6243, 104.355], [30.5586, 104.147], [30.5165, 104.005], [30.4797, 104.071], [30.4599, 104.011], [30.3911, 103.911], [30.3432, 103.837], [30.2907, 103.449], [30.2406, 103.565], [30.2062, 103.142], [30.1899, 103.177], [30.154, 103.006], [30.1457, 103.195], [30.1177, 103.125], [30.0739, 103.084], [30.0538, 102.933], [30.0303, 102.831], [30.02, 102.934], [30.0213, 103.371], [29.958, 103.335], [29.9506, 103.07], [29.9581, 102.805], [29.9436, 102.647], [29.9302, 102.637], [29.924, 102.92], [29.9286, 102.5], [29.896, 102.159], [29.8628, 101.928], [29.8396, 101.658], [29.8199, 101.493], [29.7692, 101.395], [29.7477, 101.04], [29.72, 100.954], [29.6914, 101.029], [29.6732, 100.997], [29.6828, 100.842], [29.6821, 100.785], [29.6974, 100.423], [29.6906, 100.357], [29.7036, 100.03], [29.707, 100.033], [29.7235, 99.916], [29.7114, 99.6588], [29.7401, 99.826], [29.7139, 99.6765], [29.7268, 99.3871], [29.7426, 99.8425], [29.7027, 99.8037], [29.6779, 99.7571], [29.6713, 99.9077], [29.6522, 99.8119], [29.6402, 99.9828], [29.6176, 99.7437], [29.6318, 99.7098], [29.5785, 99.2077], [29.5605, 99.2195], [29.5479, 99.1709], [29.5258, 99.2011], [29.5276, 99.1269], [29.5229, 99.1633], [29.5123, 99.21], [29.5007, 98.9727], [29.4969, 99.0118], [29.5095, 99.1536], [29.5127, 99.0646], [29.5175, 99.1191], [29.5012, 98.7476], [29.4897, 98.6425], [29.4866, 98.4265], [29.4653, 98.2925], [29.4432, 98.1255], [29.4145, 98.1816], [29.4021, 98.2246], [29.4006, 98.3052], [29.3856, 98.5246], [29.3704, 98.1929], [29.3314, 97.7612], [29.3248, 98.199], [29.3236, 98.1097], [29.3071, 98.0494], [29.3003, 98.2196], [29.2908, 98.4244], [29.3004, 98.4394], [29.2812, 98.119], [29.2906, 98.5339], [29.2755, 98.8854], [29.2641, 98.5167], [29.2471, 98.467], [29.2264, 98.3667], [29.2068, 98.3783], [29.1952, 98.5831], [29.1872, 98.4399], [29.1818, 98.4461], [29.1832, 98.374], [29.1864, 98.5004], [29.1963, 98.1847], [29.2035, 98.3903], [29.1979, 98.4396], [29.2059, 98.5529], [29.1975, 98.3813], [29.1982, 98.6474], [29.1895, 98.5948], [29.1872, 98.6727], [29.1868, 98.8167], [29.1844, 98.8167], [29.1938, 98.8301], [29.1885, 98.8647], [29.2, 98.8693], [29.1999, 98.8449], [29.2075, 98.9619], [29.2084, 99.0499], [29.1942, 98.9796], [29.1989, 98.9876], [29.2062, 99.0748], [29.1996, 99.1019], [29.2057, 99.0462], [29.2087, 99.0339], [29.2152, 99.0711], [29.2243, 99.0721], [29.225, 99.0406], [29.2282, 98.9852], [29.2357, 99.0447], [29.2354, 99.1625], [29.2386, 99.2604], [29.2489, 99.365], [29.2614, 99.486], [29.2805, 99.6623], [29.2881, 99.7194], [29.3301, 99.95], [29.3428, 100.19], [29.362, 100.291], [29.3912, 100.56], [29.4299, 100.76], [29.4647, 100.804], [29.4919, 100.849], [29.5244, 101.243], [29.5506, 100.966], [29.5901, 100.81], [29.646, 100.746], [29.6982, 100.965], [29.7525, 100.944], [29.8184, 101.033], [29.9151, 101.341], [29.9671, 101.165], [30.0522, 101.158], [30.1102, 101.258], [30.1986, 101.709], [30.255, 101.526], [30.2951, 101.612], [30.3862, 101.881], [30.4178, 101.941], [30.4881, 102.412], [30.5378, 102.467], [30.5126, 102.309], [30.5211, 102.319], [30.5125, 102.51]], "git_repository_heads": {"MMMTools": ["d77f5a301e3e2f4cd16623ff82a11fbc98dc1113", 1459847935], "MMMCore": ["1d27ecc05fae8cf73cac6754bb4fa9f37155663b", 1459846333], "Simox": ["8d9023238ae3fddb74502537a3681c4318147084", 1459514263], "MMT": ["c7423751d257e7ed1c29d25547f02fa43d3d5549", 1466092673]}, "convert_db_version": 5, "object_conversion_settings": {}, "object_conversion_errors": {}, "subject_conversion_settings": {"model_files": [["mmm.xml", "83095bf1f7710e0da2eabc0dc38933fff21a487e"], ["models/RightFingerJoint43y_joint_visu.wrl", "4a8b66745234892104dc18c3f12b51653e0d22e2"], ["models/HeadSegment_joint_visu.wrl", "98bc33547d6728b266ca30ad9f3f1cd1fc964890"], ["models/RightFingerJoint23y_joint_visu.wrl", "a0d5f39a5c7aa80b2d6a4eaf255bc2ee431c4c8b"], ["models/RightFingerJoint13y_joint_visu.wrl", "f6fe45b4978386e46181511649732c2b788efffc"], ["models/RightEyeSegmentY_joint_visu.wrl", "a5e19b848b6eeb97452f27da05841286c9c8750d"], ["models/RightFingerJoint33y_joint_visu.wrl", "408d1d793635a63e5469ef6749032ed29df446cb"], ["models/RightFingerJoint42y_joint_visu.wrl", "56054907e89fe8b5298ac919d87afca5ea3112a6"], ["models/RightFingerJoint40y_joint_visu.wrl", "a6a36d6acd88295f92f5ad6137dad641a10df4b6"], ["models/RAy_joint_visu.wrl", "ce5872147a6e4132bebc90a3e1e3c1a28a103eb6"], ["models/LeftFingerJoint33y_joint_visu.wrl", "365adda3e38105f28e7045c2b0267a52336edf01"], ["models/BUNsegment_joint_visu.wrl", "0ac874bfcd0d8c4b0c3b4ec4e56c59ce39aad99d"], ["models/LeftEyeSegmentY_joint_visu.wrl", "066736ba165738d120f8d1d103b9c28b19c429bf"], ["models/RSCsegment_joint_visu.wrl", "9044f5cc6779532281b74eface97e002798a8e6d"], ["models/LHsegment_joint_visu.wrl", "3838c5fdad69c33fed501ae676c8a8a9282d9a05"], ["models/LeftFingerJoint53y_joint_visu.wrl", "cdd15d99efa93d038d04ced046fe79ae693a10d7"], ["models/RightFingerJoint21y_joint_visu.wrl", "d19626a13a08387890317675df2c2e7fe9db5eef"], ["models/RightFingerJoint12y_joint_visu.wrl", "7097cf96d3597a795575a5abe9256e0143c2ed0f"], ["models/LeftFingerJoint43y_joint_visu.wrl", "395c609ed268feb940855099f538c46a54c3a4d8"], ["models/RightFingerJoint53y_joint_visu.wrl", "9d95789602901425bad9b4435dea2b4be5431202"], ["models/LeftFingerJoint42y_joint_visu.wrl", "e487f595b7019c407f92b0f00de5260e64e56c97"], ["models/LAsegment_joint_visu.wrl", "bb0d5feb0455fbd2c425d138b7f487260f4bf1bc"], ["models/BTSegment_joint_visu.wrl", "22abe8deeec243c99e31ec02fa59372e98ac8471"], ["models/RKsegment_joint_visu.wrl", "18b381d65e3337bcb0d1ff5928773884a1e17d57"], ["models/LeftFingerJoint41y_joint_visu.wrl", "61402f6746307792f4303e574af749b94086a4ec"], ["models/LSCsegment_joint_visu.wrl", "c32a20b7e31becf394d78b5655efc5565b038b80"], ["models/LeftFingerJoint11y_joint_visu.wrl", "0cbfceda8d89deb375f7933c8078af5147ec84b2"], ["models/RightFingerJoint41y_joint_visu.wrl", "020541ab865e4e3e9fa2695e0f4eff71b52ad52d"], ["models/RWy_joint_visu.wrl", "2b11028aee46fb62e614338be3dd5644c1a824ee"], ["models/LeftFingerJoint23y_joint_visu.wrl", "478e70ae519508040adb535da7a7998bba1b8c42"], ["models/RSsegment_joint_visu.wrl", "612de2c24f203d5846930907a5df9cef5d9578dd"], ["models/LeftFingerJoint12y_joint_visu.wrl", "024079388e0352cf2dd7d6c0c4d45ee34851930c"], ["models/LWsegment_joint_visu.wrl", "3c8bc8f30c2fdfc5956ddac1f868ed768806d7fd"], ["models/RightFingerJoint22y_joint_visu.wrl", "0b36fec3092c4692c7809ee795740f148ffb0be8"], ["models/RMrot_joint_visu.wrl", "a56cefc9affb5ca3f87c8ad0a9ef880f3355f2f0"], ["models/LeftFingerJoint40y_joint_visu.wrl", "ebee55b3729d26fb04a73d5b427025dbf464f288"], ["models/LeftFingerJoint21y_joint_visu.wrl", "a890d2d55d8afbe701827374715b7e671862cc4f"], ["models/REsegment_joint_visu.wrl", "d709750461631f850f8441b85f4861ca47df51ae"], ["models/RHsegment_joint_visu.wrl", "54fb3a26ddb8f2d419752eb76c4e488efef6b43c"], ["models/RightFingerJoint52y_joint_visu.wrl", "44f18db78bed86bf1ddb981a1e678027e51db918"], ["models/RightFingerJoint50y_joint_visu.wrl", "13ede518eb635943fcd4564499f4fdb69d27780e"], ["models/LFx_joint_visu.wrl", "5d47b342ff68d5d2b2d9c7e22c5cf098909060c6"], ["models/LKsegment_joint_visu.wrl", "5780b7d3a585852e8707cb2363bfa8d4d3b461f7"], ["models/LeftFingerJoint13y_joint_visu.wrl", "8a00c78adf18bdebd78a513323b5f28f02d117be"], ["models/RightFingerJoint51y_joint_visu.wrl", "d78052a78ea694e1d35e6b91354db0a64493fbf4"], ["models/RightFingerJoint11y_joint_visu.wrl", "a05a4116eafe1434c190e03faa62753bcd333105"], ["models/LeftFingerJoint22y_joint_visu.wrl", "7fee0851bbbc487512ffb12e46d738fc0837aa0c"], ["models/LAy_joint_visu.wrl", "de3953d8ffbf479f0eb229748cfdd897a408012e"], ["models/LEsegment_joint_visu.wrl", "1bf5a0382df53cb4aef1ebf578e4d535a0cd3d7b"], ["models/RightFingerJoint31y_joint_visu.wrl", "4f0efb942b57fffc5b3177798a71bcdbb9b92042"], ["models/LeftFingerJoint32y_joint_visu.wrl", "685ae87120ee0d9ba5d764c8ff99385aa9d79a04"], ["models/RightFingerJoint32y_joint_visu.wrl", "47d29dfecd9514a3973b021c83bc361364341093"], ["models/LeftFingerJoint31y_joint_visu.wrl", "d24789234312bf68c77c7830508763d07f9feec0"], ["models/LMrot_joint_visu.wrl", "94047f5a29e3373271bba5d61ccbbacf9bfb01af"], ["models/LWy_joint_visu.wrl", "33ba8f54774fa65838a8ae38c3d558f06fe00bc0"], ["models/LeftFingerJoint52y_joint_visu.wrl", "3f7d688708cf5f55104348d5bc102dcc7b7a0a66"], ["models/LSsegment_joint_visu.wrl", "f34e7eae1658b3ae618b5bc40ebc1da529c7e0a3"], ["models/RAsegment_joint_visu.wrl", "bf9735bb8cbd74e01e9087f0ccad4783edc49231"], ["models/LeftFingerJoint50y_joint_visu.wrl", "c2f6364fe16768bd1382d1b02c327d9dcf43fd03"], ["models/LeftFingerJoint51y_joint_visu.wrl", "0c2664365d375a3d9dd190818483e292027433d3"], ["models/LeftHandSegment_joint_visu.wrl", "581235ef3290f47c527e74693e4a232056642bcf"], ["models/BTy_joint_visu.wrl", "818c33f75e2b278db824d223d8796b1d1ca48213"], ["models/RWsegment_joint_visu.wrl", "de46619cf74eb2ffe74ab7fdaaf4cd485034b959"], ["models/RFx_joint_visu.wrl", "7e0fad07af2c1f6a4bad2e40caa9cdcfafa5d748"]], "converter_config": "<ConverterConfig type=\"NloptConverter\"><Model><MarkerMapping><Mapping c3d=\"LIFD\" mmm=\"MARKER_LIFD\" /><Mapping c3d=\"LKNE\" mmm=\"MARKER_LKNE\" /><Mapping c3d=\"LWPS\" mmm=\"MARKER_LWPS\" /><Mapping c3d=\"RANK\" mmm=\"MARKER_RANK\" /><Mapping c3d=\"T10\" mmm=\"MARKER_T10\" /><Mapping c3d=\"LBHD\" mmm=\"MARKER_LBHD\" /><Mapping c3d=\"LBAK\" mmm=\"MARKER_LBAK\" /><Mapping c3d=\"RBAK\" mmm=\"MARKER_RBAK\" /><Mapping c3d=\"RTIP\" mmm=\"MARKER_RTIP\" /><Mapping c3d=\"RMT1\" mmm=\"MARKER_RMT1\" /><Mapping c3d=\"LTOE\" mmm=\"MARKER_LTOE\" /><Mapping c3d=\"RHTS\" mmm=\"MARKER_RHTS\" /><Mapping c3d=\"RMT5\" mmm=\"MARKER_RMT5\" /><Mapping c3d=\"LTIP\" mmm=\"MARKER_LTIP\" /><Mapping c3d=\"LHTS\" mmm=\"MARKER_LHTS\" /><Mapping c3d=\"RAEL\" mmm=\"MARKER_RAEL\" /><Mapping c3d=\"RKNE\" mmm=\"MARKER_RKNE\" /><Mapping c3d=\"LHPS\" mmm=\"MARKER_LHPS\" /><Mapping c3d=\"LANK\" mmm=\"MARKER_LANK\" /><Mapping c3d=\"LWTS\" mmm=\"MARKER_LWTS\" /><Mapping c3d=\"RIFD\" mmm=\"MARKER_RIFD\" /><Mapping c3d=\"RAOL\" mmm=\"MARKER_RAOL\" /><Mapping c3d=\"CLAV\" mmm=\"MARKER_CLAV\" /><Mapping c3d=\"LASI\" mmm=\"MARKER_LASI\" /><Mapping c3d=\"C7\" mmm=\"MARKER_C7\" /><Mapping c3d=\"LHEE\" mmm=\"MARKER_LHEE\" /><Mapping c3d=\"LTHI\" mmm=\"MARKER_LTHI\" /><Mapping c3d=\"RTHI\" mmm=\"MARKER_RTHI\" /><Mapping c3d=\"RFHD\" mmm=\"MARKER_RFHD\" /><Mapping c3d=\"LUPA\" mmm=\"MARKER_LUPA\" /><Mapping c3d=\"LFHD\" mmm=\"MARKER_LFHD\" /><Mapping c3d=\"RHIP\" mmm=\"MARKER_RHIP\" /><Mapping c3d=\"RWPS\" mmm=\"MARKER_RWPS\" /><Mapping c3d=\"LMT1\" mmm=\"MARKER_LMT1\" /><Mapping c3d=\"L3\" mmm=\"MARKER_L3\" /><Mapping c3d=\"LFRA\" mmm=\"MARKER_LFRA\" /><Mapping c3d=\"LPSI\" mmm=\"MARKER_LPSI\" /><Mapping c3d=\"RPSI\" mmm=\"MARKER_RPSI\" /><Mapping c3d=\"LAOL\" mmm=\"MARKER_LAOL\" /><Mapping c3d=\"RBHD\" mmm=\"MARKER_RBHD\" /><Mapping c3d=\"RUPA\" mmm=\"MARKER_RUPA\" /><Mapping c3d=\"RASI\" mmm=\"MARKER_RASI\" /><Mapping c3d=\"RWTS\" mmm=\"MARKER_RWTS\" /><Mapping c3d=\"LHIP\" mmm=\"MARKER_LHIP\" /><Mapping c3d=\"STRN\" mmm=\"MARKER_STRN\" /><Mapping c3d=\"LAEL\" mmm=\"MARKER_LAEL\" /><Mapping c3d=\"RHPS\" mmm=\"MARKER_RHPS\" /><Mapping c3d=\"RTOE\" mmm=\"MARKER_RTOE\" /><Mapping c3d=\"RHEE\" mmm=\"MARKER_RHEE\" /><Mapping c3d=\"LMT5\" mmm=\"MARKER_LMT5\" /></MarkerMapping><JointSet><Joint name=\"BLNx_joint\" /><Joint name=\"BLNy_joint\" /><Joint name=\"BLNz_joint\" /><Joint name=\"BPx_joint\" /><Joint name=\"BPy_joint\" /><Joint name=\"BPz_joint\" /><Joint name=\"BTx_joint\" /><Joint name=\"BTy_joint\" /><Joint name=\"BTz_joint\" /><Joint name=\"BUNx_joint\" /><Joint name=\"BUNy_joint\" /><Joint name=\"BUNz_joint\" /><Joint name=\"LAx_joint\" /><Joint name=\"LAy_joint\" /><Joint name=\"LAz_joint\" /><Joint name=\"LEx_joint\" /><Joint name=\"LEz_joint\" /><Joint name=\"LHx_joint\" /><Joint name=\"LHy_joint\" /><Joint name=\"LHz_joint\" /><Joint name=\"LKx_joint\" /><Joint name=\"LSx_joint\" /><Joint name=\"LSy_joint\" /><Joint name=\"LSz_joint\" /><Joint name=\"LWx_joint\" /><Joint name=\"LWy_joint\" /><Joint name=\"LFx_joint\" /><Joint name=\"LMrot_joint\" /><Joint name=\"RAx_joint\" /><Joint name=\"RAy_joint\" /><Joint name=\"RAz_joint\" /><Joint name=\"REx_joint\" /><Joint name=\"REz_joint\" /><Joint name=\"RHx_joint\" /><Joint name=\"RHy_joint\" /><Joint name=\"RHz_joint\" /><Joint name=\"RKx_joint\" /><Joint name=\"RSx_joint\" /><Joint name=\"RSy_joint\" /><Joint name=\"RSz_joint\" /><Joint name=\"RWx_joint\" /><Joint name=\"RWy_joint\" /><Joint name=\"RFx_joint\" /><Joint name=\"RMrot_joint\" /></JointSet></Model></ConverterConfig>", "model_processor_config": "<ModelProcessorConfig type=\"Winter\"><height>1.83</height><mass>100</mass></ModelProcessorConfig>"}, "subject_missing_markers": []}