Motion Database Converter

User/Host: mmm @ i61motiondb
Date: 2016-08-12 19:26:39
Input File: hand_through_hair_right_arm_04.c3d (ID #60882, created 2016-08-12 09:10:33)

The HEADs of the git repositories used for conversion are:
  MMMCore: 1d27ecc05fae8cf73cac6754bb4fa9f37155663b (2016-04-05 08:52:13)
  MMMTools: d77f5a301e3e2f4cd16623ff82a11fbc98dc1113 (2016-04-05 09:18:55)
  MMT: c7423751d257e7ed1c29d25547f02fa43d3d5549 (2016-06-16 15:57:53)
  Simox: 8d9023238ae3fddb74502537a3681c4318147084 (2016-04-01 12:37:43)

Configuration for subject:
  Converter config:
    <ConverterConfig type="NloptConverter"><Model><MarkerMapping><Mapping c3d="LIFD" mmm="MARKER_LIFD" /><Mapping c3d="LKNE" mmm="MARKER_LKNE" /><Mapping c3d="LWPS" mmm="MARKER_LWPS" /><Mapping c3d="RANK" mmm="MARKER_RANK" /><Mapping c3d="T10" mmm="MARKER_T10" /><Mapping c3d="LBHD" mmm="MARKER_LBHD" /><Mapping c3d="LBAK" mmm="MARKER_LBAK" /><Mapping c3d="RBAK" mmm="MARKER_RBAK" /><Mapping c3d="RTIP" mmm="MARKER_RTIP" /><Mapping c3d="RMT1" mmm="MARKER_RMT1" /><Mapping c3d="LTOE" mmm="MARKER_LTOE" /><Mapping c3d="RHTS" mmm="MARKER_RHTS" /><Mapping c3d="RMT5" mmm="MARKER_RMT5" /><Mapping c3d="LTIP" mmm="MARKER_LTIP" /><Mapping c3d="LHTS" mmm="MARKER_LHTS" /><Mapping c3d="RAEL" mmm="MARKER_RAEL" /><Mapping c3d="RKNE" mmm="MARKER_RKNE" /><Mapping c3d="LHPS" mmm="MARKER_LHPS" /><Mapping c3d="LANK" mmm="MARKER_LANK" /><Mapping c3d="LWTS" mmm="MARKER_LWTS" /><Mapping c3d="RIFD" mmm="MARKER_RIFD" /><Mapping c3d="RAOL" mmm="MARKER_RAOL" /><Mapping c3d="CLAV" mmm="MARKER_CLAV" /><Mapping c3d="LASI" mmm="MARKER_LASI" /><Mapping c3d="C7" mmm="MARKER_C7" /><Mapping c3d="LHEE" mmm="MARKER_LHEE" /><Mapping c3d="LTHI" mmm="MARKER_LTHI" /><Mapping c3d="RTHI" mmm="MARKER_RTHI" /><Mapping c3d="RFHD" mmm="MARKER_RFHD" /><Mapping c3d="LUPA" mmm="MARKER_LUPA" /><Mapping c3d="LFHD" mmm="MARKER_LFHD" /><Mapping c3d="RHIP" mmm="MARKER_RHIP" /><Mapping c3d="RWPS" mmm="MARKER_RWPS" /><Mapping c3d="LMT1" mmm="MARKER_LMT1" /><Mapping c3d="L3" mmm="MARKER_L3" /><Mapping c3d="LFRA" mmm="MARKER_LFRA" /><Mapping c3d="LPSI" mmm="MARKER_LPSI" /><Mapping c3d="RPSI" mmm="MARKER_RPSI" /><Mapping c3d="LAOL" mmm="MARKER_LAOL" /><Mapping c3d="RBHD" mmm="MARKER_RBHD" /><Mapping c3d="RUPA" mmm="MARKER_RUPA" /><Mapping c3d="RASI" mmm="MARKER_RASI" /><Mapping c3d="RWTS" mmm="MARKER_RWTS" /><Mapping c3d="LHIP" mmm="MARKER_LHIP" /><Mapping c3d="STRN" mmm="MARKER_STRN" /><Mapping c3d="LAEL" mmm="MARKER_LAEL" /><Mapping c3d="RHPS" mmm="MARKER_RHPS" /><Mapping c3d="RTOE" mmm="MARKER_RTOE" /><Mapping c3d="RHEE" mmm="MARKER_RHEE" /><Mapping c3d="LMT5" mmm="MARKER_LMT5" /></MarkerMapping><JointSet><Joint name="BLNx_joint" /><Joint name="BLNy_joint" /><Joint name="BLNz_joint" /><Joint name="BPx_joint" /><Joint name="BPy_joint" /><Joint name="BPz_joint" /><Joint name="BTx_joint" /><Joint name="BTy_joint" /><Joint name="BTz_joint" /><Joint name="BUNx_joint" /><Joint name="BUNy_joint" /><Joint name="BUNz_joint" /><Joint name="LAx_joint" /><Joint name="LAy_joint" /><Joint name="LAz_joint" /><Joint name="LEx_joint" /><Joint name="LEz_joint" /><Joint name="LHx_joint" /><Joint name="LHy_joint" /><Joint name="LHz_joint" /><Joint name="LKx_joint" /><Joint name="LSx_joint" /><Joint name="LSy_joint" /><Joint name="LSz_joint" /><Joint name="LWx_joint" /><Joint name="LWy_joint" /><Joint name="LFx_joint" /><Joint name="LMrot_joint" /><Joint name="RAx_joint" /><Joint name="RAy_joint" /><Joint name="RAz_joint" /><Joint name="REx_joint" /><Joint name="REz_joint" /><Joint name="RHx_joint" /><Joint name="RHy_joint" /><Joint name="RHz_joint" /><Joint name="RKx_joint" /><Joint name="RSx_joint" /><Joint name="RSy_joint" /><Joint name="RSz_joint" /><Joint name="RWx_joint" /><Joint name="RWy_joint" /><Joint name="RFx_joint" /><Joint name="RMrot_joint" /></JointSet></Model></ConverterConfig>

  Model processor config:
    <ModelProcessorConfig type="Winter"><height>1.83</height><mass>100</mass></ModelProcessorConfig>

  Model files:
    mmm.xml -> 83095bf1f7710e0da2eabc0dc38933fff21a487e
    models/RightFingerJoint43y_joint_visu.wrl -> 4a8b66745234892104dc18c3f12b51653e0d22e2
    models/HeadSegment_joint_visu.wrl -> 98bc33547d6728b266ca30ad9f3f1cd1fc964890
    models/RightFingerJoint23y_joint_visu.wrl -> a0d5f39a5c7aa80b2d6a4eaf255bc2ee431c4c8b
    models/RightFingerJoint13y_joint_visu.wrl -> f6fe45b4978386e46181511649732c2b788efffc
    models/RightEyeSegmentY_joint_visu.wrl -> a5e19b848b6eeb97452f27da05841286c9c8750d
    models/RightFingerJoint33y_joint_visu.wrl -> 408d1d793635a63e5469ef6749032ed29df446cb
    models/RightFingerJoint42y_joint_visu.wrl -> 56054907e89fe8b5298ac919d87afca5ea3112a6
    models/RightFingerJoint40y_joint_visu.wrl -> a6a36d6acd88295f92f5ad6137dad641a10df4b6
    models/RAy_joint_visu.wrl -> ce5872147a6e4132bebc90a3e1e3c1a28a103eb6
    models/LeftFingerJoint33y_joint_visu.wrl -> 365adda3e38105f28e7045c2b0267a52336edf01
    models/BUNsegment_joint_visu.wrl -> 0ac874bfcd0d8c4b0c3b4ec4e56c59ce39aad99d
    models/LeftEyeSegmentY_joint_visu.wrl -> 066736ba165738d120f8d1d103b9c28b19c429bf
    models/RSCsegment_joint_visu.wrl -> 9044f5cc6779532281b74eface97e002798a8e6d
    models/LHsegment_joint_visu.wrl -> 3838c5fdad69c33fed501ae676c8a8a9282d9a05
    models/LeftFingerJoint53y_joint_visu.wrl -> cdd15d99efa93d038d04ced046fe79ae693a10d7
    models/RightFingerJoint21y_joint_visu.wrl -> d19626a13a08387890317675df2c2e7fe9db5eef
    models/RightFingerJoint12y_joint_visu.wrl -> 7097cf96d3597a795575a5abe9256e0143c2ed0f
    models/LeftFingerJoint43y_joint_visu.wrl -> 395c609ed268feb940855099f538c46a54c3a4d8
    models/RightFingerJoint53y_joint_visu.wrl -> 9d95789602901425bad9b4435dea2b4be5431202
    models/LeftFingerJoint42y_joint_visu.wrl -> e487f595b7019c407f92b0f00de5260e64e56c97
    models/LAsegment_joint_visu.wrl -> bb0d5feb0455fbd2c425d138b7f487260f4bf1bc
    models/BTSegment_joint_visu.wrl -> 22abe8deeec243c99e31ec02fa59372e98ac8471
    models/RKsegment_joint_visu.wrl -> 18b381d65e3337bcb0d1ff5928773884a1e17d57
    models/LeftFingerJoint41y_joint_visu.wrl -> 61402f6746307792f4303e574af749b94086a4ec
    models/LSCsegment_joint_visu.wrl -> c32a20b7e31becf394d78b5655efc5565b038b80
    models/LeftFingerJoint11y_joint_visu.wrl -> 0cbfceda8d89deb375f7933c8078af5147ec84b2
    models/RightFingerJoint41y_joint_visu.wrl -> 020541ab865e4e3e9fa2695e0f4eff71b52ad52d
    models/RWy_joint_visu.wrl -> 2b11028aee46fb62e614338be3dd5644c1a824ee
    models/LeftFingerJoint23y_joint_visu.wrl -> 478e70ae519508040adb535da7a7998bba1b8c42
    models/RSsegment_joint_visu.wrl -> 612de2c24f203d5846930907a5df9cef5d9578dd
    models/LeftFingerJoint12y_joint_visu.wrl -> 024079388e0352cf2dd7d6c0c4d45ee34851930c
    models/LWsegment_joint_visu.wrl -> 3c8bc8f30c2fdfc5956ddac1f868ed768806d7fd
    models/RightFingerJoint22y_joint_visu.wrl -> 0b36fec3092c4692c7809ee795740f148ffb0be8
    models/RMrot_joint_visu.wrl -> a56cefc9affb5ca3f87c8ad0a9ef880f3355f2f0
    models/LeftFingerJoint40y_joint_visu.wrl -> ebee55b3729d26fb04a73d5b427025dbf464f288
    models/LeftFingerJoint21y_joint_visu.wrl -> a890d2d55d8afbe701827374715b7e671862cc4f
    models/REsegment_joint_visu.wrl -> d709750461631f850f8441b85f4861ca47df51ae
    models/RHsegment_joint_visu.wrl -> 54fb3a26ddb8f2d419752eb76c4e488efef6b43c
    models/RightFingerJoint52y_joint_visu.wrl -> 44f18db78bed86bf1ddb981a1e678027e51db918
    models/RightFingerJoint50y_joint_visu.wrl -> 13ede518eb635943fcd4564499f4fdb69d27780e
    models/LFx_joint_visu.wrl -> 5d47b342ff68d5d2b2d9c7e22c5cf098909060c6
    models/LKsegment_joint_visu.wrl -> 5780b7d3a585852e8707cb2363bfa8d4d3b461f7
    models/LeftFingerJoint13y_joint_visu.wrl -> 8a00c78adf18bdebd78a513323b5f28f02d117be
    models/RightFingerJoint51y_joint_visu.wrl -> d78052a78ea694e1d35e6b91354db0a64493fbf4
    models/RightFingerJoint11y_joint_visu.wrl -> a05a4116eafe1434c190e03faa62753bcd333105
    models/LeftFingerJoint22y_joint_visu.wrl -> 7fee0851bbbc487512ffb12e46d738fc0837aa0c
    models/LAy_joint_visu.wrl -> de3953d8ffbf479f0eb229748cfdd897a408012e
    models/LEsegment_joint_visu.wrl -> 1bf5a0382df53cb4aef1ebf578e4d535a0cd3d7b
    models/RightFingerJoint31y_joint_visu.wrl -> 4f0efb942b57fffc5b3177798a71bcdbb9b92042
    models/LeftFingerJoint32y_joint_visu.wrl -> 685ae87120ee0d9ba5d764c8ff99385aa9d79a04
    models/RightFingerJoint32y_joint_visu.wrl -> 47d29dfecd9514a3973b021c83bc361364341093
    models/LeftFingerJoint31y_joint_visu.wrl -> d24789234312bf68c77c7830508763d07f9feec0
    models/LMrot_joint_visu.wrl -> 94047f5a29e3373271bba5d61ccbbacf9bfb01af
    models/LWy_joint_visu.wrl -> 33ba8f54774fa65838a8ae38c3d558f06fe00bc0
    models/LeftFingerJoint52y_joint_visu.wrl -> 3f7d688708cf5f55104348d5bc102dcc7b7a0a66
    models/LSsegment_joint_visu.wrl -> f34e7eae1658b3ae618b5bc40ebc1da529c7e0a3
    models/RAsegment_joint_visu.wrl -> bf9735bb8cbd74e01e9087f0ccad4783edc49231
    models/LeftFingerJoint50y_joint_visu.wrl -> c2f6364fe16768bd1382d1b02c327d9dcf43fd03
    models/LeftFingerJoint51y_joint_visu.wrl -> 0c2664365d375a3d9dd190818483e292027433d3
    models/LeftHandSegment_joint_visu.wrl -> 581235ef3290f47c527e74693e4a232056642bcf
    models/BTy_joint_visu.wrl -> 818c33f75e2b278db824d223d8796b1d1ca48213
    models/RWsegment_joint_visu.wrl -> de46619cf74eb2ffe74ab7fdaaf4cd485034b959
    models/RFx_joint_visu.wrl -> 7e0fad07af2c1f6a4bad2e40caa9cdcfafa5d748

Missing subject markers: []

Subject conversion error:
Conversion Error: avg/avg = 30.17, worst avg = 31.82, worst max = 111.62

The per-frame conversion errors are: (avg/max for subject and every object)
  Frame 0: 30.12/107.57
  Frame 1: 30.07/107.43
  Frame 2: 30.04/107.05
  Frame 3: 30.00/106.72
  Frame 4: 29.98/106.57
  Frame 5: 29.96/106.47
  Frame 6: 29.94/106.40
  Frame 7: 29.91/106.27
  Frame 8: 29.89/106.27
  Frame 9: 29.89/106.24
  Frame 10: 29.88/106.20
  Frame 11: 29.88/106.14
  Frame 12: 29.87/106.19
  Frame 13: 29.87/105.89
  Frame 14: 29.87/106.03
  Frame 15: 29.84/105.97
  Frame 16: 29.84/105.91
  Frame 17: 29.84/105.88
  Frame 18: 29.85/105.93
  Frame 19: 29.84/105.82
  Frame 20: 29.84/105.81
  Frame 21: 29.81/105.87
  Frame 22: 29.81/105.72
  Frame 23: 29.80/105.58
  Frame 24: 29.80/105.55
  Frame 25: 29.79/105.53
  Frame 26: 29.79/105.61
  Frame 27: 29.78/105.64
  Frame 28: 29.77/105.65
  Frame 29: 29.77/105.58
  Frame 30: 29.78/105.44
  Frame 31: 29.76/105.46
  Frame 32: 29.75/105.49
  Frame 33: 29.76/105.50
  Frame 34: 29.74/105.41
  Frame 35: 29.75/105.31
  Frame 36: 29.74/105.33
  Frame 37: 29.73/105.24
  Frame 38: 29.71/105.36
  Frame 39: 29.70/105.11
  Frame 40: 29.68/105.01
  Frame 41: 29.67/104.93
  Frame 42: 29.67/104.99
  Frame 43: 29.67/105.03
  Frame 44: 29.65/105.03
  Frame 45: 29.67/104.93
  Frame 46: 29.66/105.03
  Frame 47: 29.65/105.00
  Frame 48: 29.63/105.00
  Frame 49: 29.61/104.93
  Frame 50: 29.58/104.71
  Frame 51: 29.57/104.60
  Frame 52: 29.55/104.69
  Frame 53: 29.54/104.68
  Frame 54: 29.51/104.72
  Frame 55: 29.48/104.71
  Frame 56: 29.50/104.69
  Frame 57: 29.47/104.62
  Frame 58: 29.48/104.66
  Frame 59: 29.47/104.44
  Frame 60: 29.50/104.53
  Frame 61: 29.49/104.49
  Frame 62: 29.47/104.11
  Frame 63: 29.50/104.20
  Frame 64: 29.49/103.91
  Frame 65: 29.48/103.65
  Frame 66: 29.49/103.63
  Frame 67: 29.49/103.25
  Frame 68: 29.49/103.26
  Frame 69: 29.51/103.08
  Frame 70: 29.51/102.94
  Frame 71: 29.51/103.00
  Frame 72: 29.54/103.00
  Frame 73: 29.47/102.91
  Frame 74: 29.49/103.01
  Frame 75: 29.46/102.85
  Frame 76: 29.47/102.98
  Frame 77: 29.51/103.19
  Frame 78: 29.49/102.93
  Frame 79: 29.45/102.95
  Frame 80: 29.48/103.24
  Frame 81: 29.48/103.34
  Frame 82: 29.49/103.34
  Frame 83: 29.53/103.79
  Frame 84: 29.57/104.19
  Frame 85: 29.60/104.42
  Frame 86: 29.64/104.95
  Frame 87: 29.72/105.29
  Frame 88: 29.82/105.66
  Frame 89: 29.91/106.22
  Frame 90: 29.96/106.60
  Frame 91: 30.04/106.46
  Frame 92: 30.12/107.30
  Frame 93: 30.18/107.76
  Frame 94: 30.26/108.27
  Frame 95: 30.30/108.67
  Frame 96: 30.38/109.27
  Frame 97: 30.43/109.44
  Frame 98: 30.48/109.88
  Frame 99: 30.54/110.24
  Frame 100: 30.57/110.54
  Frame 101: 30.62/110.64
  Frame 102: 30.69/111.13
  Frame 103: 30.72/111.22
  Frame 104: 30.74/111.33
  Frame 105: 30.75/111.41
  Frame 106: 30.79/111.51
  Frame 107: 30.83/111.48
  Frame 108: 30.87/111.62
  Frame 109: 30.87/111.56
  Frame 110: 30.90/111.41
  Frame 111: 30.92/111.56
  Frame 112: 30.94/111.61
  Frame 113: 30.95/111.54
  Frame 114: 30.96/111.45
  Frame 115: 30.99/111.49
  Frame 116: 31.00/111.32
  Frame 117: 30.99/111.26
  Frame 118: 30.99/111.22
  Frame 119: 31.00/111.09
  Frame 120: 31.01/111.03
  Frame 121: 30.99/111.01
  Frame 122: 31.00/110.88
  Frame 123: 31.01/110.95
  Frame 124: 31.01/110.79
  Frame 125: 31.02/110.80
  Frame 126: 31.00/110.61
  Frame 127: 31.02/110.63
  Frame 128: 31.01/110.57
  Frame 129: 31.03/110.30
  Frame 130: 31.06/110.47
  Frame 131: 31.07/110.27
  Frame 132: 31.08/110.04
  Frame 133: 31.09/110.14
  Frame 134: 31.06/110.16
  Frame 135: 31.06/109.91
  Frame 136: 31.05/109.73
  Frame 137: 31.06/109.58
  Frame 138: 31.07/109.41
  Frame 139: 31.07/109.35
  Frame 140: 31.05/109.08
  Frame 141: 31.07/108.96
  Frame 142: 31.06/108.72
  Frame 143: 31.08/108.61
  Frame 144: 31.07/108.50
  Frame 145: 31.08/108.41
  Frame 146: 31.07/108.43
  Frame 147: 31.05/108.39
  Frame 148: 31.06/108.33
  Frame 149: 31.05/108.18
  Frame 150: 31.01/107.84
  Frame 151: 31.03/107.80
  Frame 152: 31.02/107.81
  Frame 153: 31.02/107.66
  Frame 154: 31.02/107.56
  Frame 155: 31.04/107.57
  Frame 156: 31.02/107.57
  Frame 157: 31.01/107.56
  Frame 158: 31.02/107.47
  Frame 159: 31.00/107.33
  Frame 160: 30.99/107.31
  Frame 161: 30.97/107.32
  Frame 162: 30.98/106.99
  Frame 163: 30.96/106.91
  Frame 164: 30.95/106.76
  Frame 165: 30.94/106.70
  Frame 166: 30.95/106.54
  Frame 167: 30.96/106.43
  Frame 168: 30.98/106.23
  Frame 169: 30.98/106.13
  Frame 170: 30.99/105.94
  Frame 171: 31.01/105.80
  Frame 172: 31.02/105.66
  Frame 173: 31.05/105.56
  Frame 174: 31.09/105.49
  Frame 175: 31.12/105.51
  Frame 176: 31.15/105.41
  Frame 177: 31.18/105.29
  Frame 178: 31.21/105.16
  Frame 179: 31.24/105.18
  Frame 180: 31.29/105.20
  Frame 181: 31.31/105.00
  Frame 182: 31.35/105.09
  Frame 183: 31.39/105.00
  Frame 184: 31.43/104.98
  Frame 185: 31.44/105.03
  Frame 186: 31.48/104.98
  Frame 187: 31.51/104.98
  Frame 188: 31.54/104.93
  Frame 189: 31.58/104.85
  Frame 190: 31.61/104.94
  Frame 191: 31.62/105.03
  Frame 192: 31.64/105.06
  Frame 193: 31.68/105.11
  Frame 194: 31.69/105.07
  Frame 195: 31.71/105.03
  Frame 196: 31.72/105.02
  Frame 197: 31.75/104.94
  Frame 198: 31.76/104.91
  Frame 199: 31.77/104.92
  Frame 200: 31.79/104.99
  Frame 201: 31.81/104.98
  Frame 202: 31.81/104.99
  Frame 203: 31.81/105.08
  Frame 204: 31.81/105.00
  Frame 205: 31.82/104.91
  Frame 206: 31.80/104.87
  Frame 207: 31.78/104.82
  Frame 208: 31.76/104.74
  Frame 209: 31.75/104.72
  Frame 210: 31.72/104.68
  Frame 211: 31.71/104.59
  Frame 212: 31.70/104.55
  Frame 213: 31.68/104.47
  Frame 214: 31.66/104.49
  Frame 215: 31.66/104.31
  Frame 216: 31.64/104.34
  Frame 217: 31.61/104.21
  Frame 218: 31.60/104.00
  Frame 219: 31.58/104.02
  Frame 220: 31.56/104.05
  Frame 221: 31.55/104.03
  Frame 222: 31.51/104.06
  Frame 223: 31.50/103.70
  Frame 224: 31.47/103.75
  Frame 225: 31.46/103.97
  Frame 226: 31.41/104.06
  Frame 227: 31.40/104.32
  Frame 228: 31.38/104.30
  Frame 229: 31.38/104.43
  Frame 230: 31.38/104.73
  Frame 231: 31.38/105.09
  Frame 232: 31.39/105.37
  Frame 233: 31.40/105.67
  Frame 234: 31.41/105.95
  Frame 235: 31.42/106.36
  Frame 236: 31.41/106.67
  Frame 237: 31.38/106.95
  Frame 238: 31.37/107.23
  Frame 239: 31.34/107.03
  Frame 240: 31.27/106.96
  Frame 241: 31.21/107.17
  Frame 242: 31.17/107.28
  Frame 243: 31.13/107.44
  Frame 244: 31.14/107.86
  Frame 245: 31.08/107.91
  Frame 246: 31.04/108.07
  Frame 247: 31.01/108.10
  Frame 248: 30.96/108.19
  Frame 249: 30.91/108.38
  Frame 250: 30.86/108.56
  Frame 251: 30.81/108.59
  Frame 252: 30.76/108.73
  Frame 253: 30.71/108.77
  Frame 254: 30.65/108.78
  Frame 255: 30.56/107.63
  Frame 256: 30.47/107.65
  Frame 257: 30.41/107.55
  Frame 258: 30.37/107.49
  Frame 259: 30.31/106.92
  Frame 260: 30.24/106.32
  Frame 261: 30.17/105.95
  Frame 262: 30.14/105.50
  Frame 263: 30.11/105.25
  Frame 264: 30.05/104.88
  Frame 265: 30.02/104.56
  Frame 266: 29.95/103.87
  Frame 267: 29.92/103.78
  Frame 268: 29.83/103.28
  Frame 269: 29.77/102.44
  Frame 270: 29.76/102.39
  Frame 271: 29.70/102.61
  Frame 272: 29.68/102.45
  Frame 273: 29.65/102.47
  Frame 274: 29.62/102.29
  Frame 275: 29.58/102.22
  Frame 276: 29.58/102.16
  Frame 277: 29.57/102.11
  Frame 278: 29.55/102.16
  Frame 279: 29.51/101.86
  Frame 280: 29.50/101.66
  Frame 281: 29.47/101.59
  Frame 282: 29.49/101.41
  Frame 283: 29.47/101.69
  Frame 284: 29.45/101.27
  Frame 285: 29.46/101.13
  Frame 286: 29.43/100.94
  Frame 287: 29.41/100.68
  Frame 288: 29.41/101.11
  Frame 289: 29.36/100.58
  Frame 290: 29.38/101.02
  Frame 291: 29.34/100.55
  Frame 292: 29.34/100.71
  Frame 293: 29.32/99.97
  Frame 294: 29.30/100.26
  Frame 295: 29.27/99.97
  Frame 296: 29.25/99.86
  Frame 297: 29.23/99.45
  Frame 298: 29.21/99.27
  Frame 299: 29.19/98.66
  Frame 300: 29.18/98.58
  Frame 301: 29.19/98.66
  Frame 302: 29.18/98.69
  Frame 303: 29.17/98.77
  Frame 304: 29.19/98.70
  Frame 305: 29.22/98.62
  Frame 306: 29.23/98.76
  Frame 307: 29.22/98.66
  Frame 308: 29.22/98.46
  Frame 309: 29.24/98.37
  Frame 310: 29.22/98.31
  Frame 311: 29.23/98.39
  Frame 312: 29.25/98.47
  Frame 313: 29.26/98.55
  Frame 314: 29.24/98.30
  Frame 315: 29.26/98.39
  Frame 316: 29.26/98.43
  Frame 317: 29.25/98.27
  Frame 318: 29.25/98.13
  Frame 319: 29.25/98.25
  Frame 320: 29.26/98.47
  Frame 321: 29.24/98.43
  Frame 322: 29.23/98.37
  Frame 323: 29.23/98.28
  Frame 324: 29.24/98.24
  Frame 325: 29.23/98.29
  Frame 326: 29.23/98.16
  Frame 327: 29.24/98.15
  Frame 328: 29.24/98.19
  Frame 329: 29.23/98.12
  Frame 330: 29.24/98.05
  Frame 331: 29.24/97.98
  Frame 332: 29.23/97.98
  Frame 333: 29.22/98.01
  Frame 334: 29.21/98.02
  Frame 335: 29.19/98.11
  Frame 336: 29.18/98.10
  Frame 337: 29.19/98.07
  Frame 338: 29.18/98.21
  Frame 339: 29.18/98.23
  Frame 340: 29.17/98.20
  Frame 341: 29.17/98.15
  Frame 342: 29.16/98.26
  Frame 343: 29.17/98.28
  Frame 344: 29.16/98.35
  Frame 345: 29.16/98.41
  Frame 346: 29.16/98.42
  Frame 347: 29.17/98.37
  Frame 348: 29.17/98.38
  Frame 349: 29.15/98.52
  Frame 350: 29.15/98.44
  Frame 351: 29.14/98.58
  Frame 352: 29.14/98.51
  Frame 353: 29.13/98.54
  Frame 354: 29.12/98.55
  Frame 355: 29.11/98.61
  Frame 356: 29.11/98.59
  Frame 357: 29.10/98.58
  Frame 358: 29.08/98.60
  Frame 359: 29.08/98.66
  Frame 360: 29.08/98.67
  Frame 361: 29.07/98.61
  Frame 362: 29.08/98.70
  Frame 363: 29.08/98.77
  Frame 364: 29.09/98.95
  Frame 365: 29.10/98.92
  Frame 366: 29.10/98.95
  Frame 367: 29.11/99.00
  Frame 368: 29.13/98.93
  Frame 369: 29.15/98.97
  Frame 370: 29.15/98.98
  Frame 371: 29.16/98.89
  Frame 372: 29.16/99.07
  Frame 373: 29.18/99.19
  Frame 374: 29.17/99.35
  Frame 375: 29.16/99.36
  Frame 376: 29.17/99.61
  Frame 377: 29.17/99.74
  Frame 378: 29.15/99.83
  Frame 379: 29.17/100.30
  Frame 380: 29.15/100.23
  Frame 381: 29.17/100.38
  Frame 382: 29.17/100.80
  Frame 383: 29.18/100.91
  Frame 384: 29.20/101.49
  Frame 385: 29.25/101.90
  Frame 386: 29.24/102.16
  Frame 387: 29.25/102.13
  Frame 388: 29.25/101.80
  Frame 389: 29.29/102.01
  Frame 390: 29.32/102.58
  Frame 391: 29.33/102.97
  Frame 392: 29.35/103.17
  Frame 393: 29.40/103.41
  Frame 394: 29.46/103.84
  Frame 395: 29.52/104.07
  Frame 396: 29.53/104.10
  Frame 397: 29.59/104.17
  Frame 398: 29.62/104.41
  Frame 399: 29.62/104.35
  Frame 400: 29.59/104.18

The following line contains the information from above in a machine-readable format and can safely be ignored.
MMT/convert_db:{"subject_conversion_error": [[30.1226, 107.568], [30.0664, 107.429], [30.0427, 107.049], [30.0015, 106.723], [29.9777, 106.567], [29.9575, 106.475], [29.9416, 106.399], [29.9142, 106.272], [29.8908, 106.265], [29.8921, 106.244], [29.8805, 106.205], [29.8788, 106.138], [29.8664, 106.188], [29.8691, 105.887], [29.8698, 106.028], [29.8389, 105.971], [29.8395, 105.914], [29.8368, 105.879], [29.85, 105.927], [29.8361, 105.817], [29.842, 105.812], [29.8123, 105.87], [29.8095, 105.716], [29.8033, 105.581], [29.7978, 105.548], [29.7923, 105.525], [29.7883, 105.611], [29.7786, 105.644], [29.7674, 105.647], [29.7736, 105.581], [29.7764, 105.438], [29.7553, 105.459], [29.7522, 105.49], [29.7595, 105.495], [29.7432, 105.41], [29.7518, 105.305], [29.7393, 105.334], [29.727, 105.236], [29.7056, 105.361], [29.7013, 105.114], [29.6833, 105.009], [29.6739, 104.929], [29.6668, 104.994], [29.6684, 105.033], [29.6518, 105.025], [29.6699, 104.928], [29.6583, 105.031], [29.6503, 104.999], [29.6309, 105.004], [29.6132, 104.928], [29.5756, 104.706], [29.5676, 104.597], [29.552, 104.691], [29.5387, 104.677], [29.508, 104.719], [29.4801, 104.713], [29.4972, 104.686], [29.4689, 104.621], [29.4836, 104.656], [29.4744, 104.442], [29.4965, 104.526], [29.4936, 104.49], [29.4727, 104.113], [29.4965, 104.204], [29.4905, 103.907], [29.4821, 103.649], [29.4923, 103.634], [29.4948, 103.252], [29.4924, 103.26], [29.5096, 103.082], [29.5067, 102.945], [29.5132, 102.995], [29.5377, 103.003], [29.4725, 102.911], [29.4855, 103.013], [29.4648, 102.851], [29.4675, 102.978], [29.5061, 103.187], [29.4945, 102.927], [29.445, 102.949], [29.4782, 103.24], [29.4784, 103.337], [29.4945, 103.344], [29.5289, 103.791], [29.569, 104.189], [29.5985, 104.424], [29.6404, 104.95], [29.7239, 105.288], [29.8168, 105.664], [29.906, 106.22], [29.9594, 106.602], [30.0407, 106.462], [30.1182, 107.295], [30.1772, 107.764], [30.2622, 108.266], [30.3038, 108.669], [30.3762, 109.273], [30.4253, 109.439], [30.4826, 109.883], [30.54, 110.242], [30.5733, 110.537], [30.6206, 110.644], [30.6878, 111.128], [30.7151, 111.224], [30.7416, 111.329], [30.7487, 111.406], [30.7896, 111.509], [30.8313, 111.476], [30.8652, 111.618], [30.8691, 111.562], [30.899, 111.407], [30.9206, 111.557], [30.9432, 111.608], [30.9535, 111.54], [30.9601, 111.449], [30.994, 111.488], [30.9985, 111.322], [30.9948, 111.264], [30.991, 111.217], [30.9985, 111.089], [31.0069, 111.026], [30.9924, 111.011], [30.9955, 110.879], [31.0067, 110.95], [31.0056, 110.792], [31.0162, 110.802], [31.0048, 110.615], [31.0215, 110.63], [31.0129, 110.57], [31.0331, 110.303], [31.0614, 110.467], [31.0681, 110.266], [31.0803, 110.036], [31.0878, 110.136], [31.0616, 110.155], [31.0593, 109.913], [31.055, 109.731], [31.0619, 109.575], [31.0689, 109.406], [31.0716, 109.346], [31.0537, 109.076], [31.0654, 108.961], [31.0638, 108.719], [31.0774, 108.605], [31.0667, 108.501], [31.0763, 108.412], [31.0656, 108.433], [31.051, 108.393], [31.0562, 108.33], [31.055, 108.182], [31.0137, 107.839], [31.0285, 107.796], [31.023, 107.813], [31.0175, 107.655], [31.0217, 107.557], [31.0374, 107.572], [31.0223, 107.572], [31.0123, 107.56], [31.0183, 107.467], [30.9974, 107.331], [30.9938, 107.314], [30.9727, 107.316], [30.9752, 106.993], [30.9583, 106.909], [30.9494, 106.762], [30.9412, 106.697], [30.9453, 106.543], [30.9565, 106.426], [30.9794, 106.23], [30.9767, 106.134], [30.9865, 105.939], [31.0135, 105.797], [31.0222, 105.657], [31.0535, 105.558], [31.0905, 105.494], [31.117, 105.51], [31.1533, 105.409], [31.1752, 105.29], [31.2087, 105.159], [31.243, 105.18], [31.2885, 105.199], [31.3148, 105.004], [31.3525, 105.088], [31.3862, 104.998], [31.4256, 104.983], [31.4446, 105.03], [31.4807, 104.981], [31.5125, 104.984], [31.542, 104.929], [31.579, 104.846], [31.606, 104.942], [31.6187, 105.029], [31.6378, 105.056], [31.6767, 105.108], [31.6893, 105.072], [31.7076, 105.035], [31.7204, 105.017], [31.7548, 104.945], [31.7628, 104.912], [31.7731, 104.919], [31.7933, 104.99], [31.8058, 104.98], [31.8073, 104.989], [31.8107, 105.08], [31.8094, 105.001], [31.8195, 104.907], [31.8009, 104.868], [31.7804, 104.822], [31.7635, 104.744], [31.7532, 104.723], [31.7222, 104.677], [31.7128, 104.59], [31.7007, 104.546], [31.6771, 104.468], [31.6552, 104.491], [31.6617, 104.307], [31.6421, 104.341], [31.6087, 104.21], [31.6002, 104.001], [31.5804, 104.018], [31.5614, 104.048], [31.5487, 104.033], [31.5135, 104.058], [31.5042, 103.699], [31.4688, 103.755], [31.4553, 103.967], [31.4112, 104.063], [31.3994, 104.316], [31.3809, 104.304], [31.3753, 104.426], [31.3833, 104.728], [31.3838, 105.091], [31.3936, 105.374], [31.4002, 105.67], [31.4132, 105.947], [31.4233, 106.36], [31.4129, 106.668], [31.3781, 106.952], [31.3689, 107.226], [31.3386, 107.028], [31.2737, 106.956], [31.2122, 107.168], [31.1733, 107.275], [31.1314, 107.435], [31.1427, 107.862], [31.0825, 107.907], [31.0422, 108.071], [31.0061, 108.101], [30.9579, 108.193], [30.9135, 108.382], [30.8593, 108.559], [30.8131, 108.588], [30.7572, 108.734], [30.7121, 108.772], [30.6549, 108.779], [30.5564, 107.629], [30.4742, 107.651], [30.4147, 107.554], [30.3654, 107.493], [30.3107, 106.924], [30.2409, 106.324], [30.1663, 105.95], [30.1418, 105.503], [30.1145, 105.253], [30.0533, 104.875], [30.0173, 104.555], [29.9453, 103.869], [29.9176, 103.777], [29.8324, 103.28], [29.7698, 102.439], [29.7633, 102.394], [29.697, 102.615], [29.6772, 102.454], [29.6462, 102.471], [29.6179, 102.288], [29.5781, 102.223], [29.5826, 102.163], [29.5747, 102.106], [29.5477, 102.161], [29.5069, 101.863], [29.5028, 101.659], [29.4742, 101.593], [29.4871, 101.413], [29.4748, 101.692], [29.4516, 101.267], [29.4568, 101.132], [29.425, 100.94], [29.4131, 100.682], [29.4054, 101.107], [29.3628, 100.585], [29.3838, 101.023], [29.3444, 100.554], [29.3434, 100.707], [29.3162, 99.9709], [29.2997, 100.258], [29.2708, 99.9719], [29.2465, 99.8586], [29.2332, 99.4504], [29.2075, 99.2721], [29.1929, 98.6575], [29.178, 98.5841], [29.1883, 98.6562], [29.1787, 98.6855], [29.1688, 98.7678], [29.1942, 98.7027], [29.2168, 98.6198], [29.226, 98.7592], [29.2228, 98.6617], [29.2236, 98.4624], [29.2398, 98.3749], [29.2176, 98.3135], [29.2263, 98.3914], [29.2494, 98.47], [29.2586, 98.5515], [29.2373, 98.2979], [29.2619, 98.3874], [29.2569, 98.4318], [29.2505, 98.2673], [29.2493, 98.1312], [29.2522, 98.2539], [29.2614, 98.4661], [29.2442, 98.4335], [29.2339, 98.3688], [29.2265, 98.2758], [29.2361, 98.2376], [29.2281, 98.2882], [29.2277, 98.1641], [29.2396, 98.1518], [29.2358, 98.1854], [29.2339, 98.1179], [29.2378, 98.0482], [29.2364, 97.9772], [29.2268, 97.9821], [29.2156, 98.0094], [29.2053, 98.015], [29.1939, 98.1054], [29.1819, 98.0986], [29.1881, 98.0711], [29.1808, 98.2065], [29.1828, 98.2268], [29.1737, 98.1958], [29.1726, 98.1482], [29.1602, 98.2558], [29.1705, 98.2823], [29.1614, 98.3509], [29.1627, 98.4132], [29.1588, 98.4186], [29.1655, 98.373], [29.1672, 98.3826], [29.1492, 98.5229], [29.1526, 98.4448], [29.1435, 98.5821], [29.1415, 98.5067], [29.1295, 98.5411], [29.124, 98.5476], [29.1148, 98.6133], [29.1074, 98.5917], [29.0968, 98.5784], [29.0842, 98.5973], [29.0841, 98.655], [29.0822, 98.6673], [29.0732, 98.6055], [29.0753, 98.704], [29.0777, 98.7736], [29.0868, 98.9513], [29.0951, 98.9187], [29.1042, 98.95], [29.11, 99.0005], [29.1285, 98.9312], [29.1478, 98.9667], [29.1481, 98.9822], [29.1617, 98.8905], [29.1625, 99.0705], [29.1765, 99.1932], [29.1725, 99.3462], [29.1614, 99.365], [29.1704, 99.612], [29.1678, 99.7353], [29.1457, 99.831], [29.1665, 100.298], [29.153, 100.229], [29.1671, 100.384], [29.1694, 100.803], [29.1762, 100.907], [29.2049, 101.492], [29.2506, 101.898], [29.2444, 102.164], [29.2478, 102.131], [29.2473, 101.8], [29.2856, 102.006], [29.3168, 102.576], [29.3307, 102.975], [29.3505, 103.165], [29.3967, 103.405], [29.4606, 103.841], [29.5197, 104.071], [29.5349, 104.098], [29.585, 104.167], [29.6226, 104.413], [29.624, 104.346], [29.5917, 104.178]], "git_repository_heads": {"MMMTools": ["d77f5a301e3e2f4cd16623ff82a11fbc98dc1113", 1459847935], "MMMCore": ["1d27ecc05fae8cf73cac6754bb4fa9f37155663b", 1459846333], "Simox": ["8d9023238ae3fddb74502537a3681c4318147084", 1459514263], "MMT": ["c7423751d257e7ed1c29d25547f02fa43d3d5549", 1466092673]}, "convert_db_version": 5, "object_conversion_settings": {}, "object_conversion_errors": {}, "subject_conversion_settings": {"model_files": [["mmm.xml", "83095bf1f7710e0da2eabc0dc38933fff21a487e"], ["models/RightFingerJoint43y_joint_visu.wrl", "4a8b66745234892104dc18c3f12b51653e0d22e2"], ["models/HeadSegment_joint_visu.wrl", "98bc33547d6728b266ca30ad9f3f1cd1fc964890"], ["models/RightFingerJoint23y_joint_visu.wrl", "a0d5f39a5c7aa80b2d6a4eaf255bc2ee431c4c8b"], ["models/RightFingerJoint13y_joint_visu.wrl", "f6fe45b4978386e46181511649732c2b788efffc"], ["models/RightEyeSegmentY_joint_visu.wrl", "a5e19b848b6eeb97452f27da05841286c9c8750d"], ["models/RightFingerJoint33y_joint_visu.wrl", "408d1d793635a63e5469ef6749032ed29df446cb"], ["models/RightFingerJoint42y_joint_visu.wrl", "56054907e89fe8b5298ac919d87afca5ea3112a6"], ["models/RightFingerJoint40y_joint_visu.wrl", "a6a36d6acd88295f92f5ad6137dad641a10df4b6"], ["models/RAy_joint_visu.wrl", "ce5872147a6e4132bebc90a3e1e3c1a28a103eb6"], ["models/LeftFingerJoint33y_joint_visu.wrl", "365adda3e38105f28e7045c2b0267a52336edf01"], ["models/BUNsegment_joint_visu.wrl", "0ac874bfcd0d8c4b0c3b4ec4e56c59ce39aad99d"], ["models/LeftEyeSegmentY_joint_visu.wrl", "066736ba165738d120f8d1d103b9c28b19c429bf"], ["models/RSCsegment_joint_visu.wrl", "9044f5cc6779532281b74eface97e002798a8e6d"], ["models/LHsegment_joint_visu.wrl", "3838c5fdad69c33fed501ae676c8a8a9282d9a05"], ["models/LeftFingerJoint53y_joint_visu.wrl", "cdd15d99efa93d038d04ced046fe79ae693a10d7"], ["models/RightFingerJoint21y_joint_visu.wrl", "d19626a13a08387890317675df2c2e7fe9db5eef"], ["models/RightFingerJoint12y_joint_visu.wrl", "7097cf96d3597a795575a5abe9256e0143c2ed0f"], ["models/LeftFingerJoint43y_joint_visu.wrl", "395c609ed268feb940855099f538c46a54c3a4d8"], ["models/RightFingerJoint53y_joint_visu.wrl", "9d95789602901425bad9b4435dea2b4be5431202"], ["models/LeftFingerJoint42y_joint_visu.wrl", "e487f595b7019c407f92b0f00de5260e64e56c97"], ["models/LAsegment_joint_visu.wrl", "bb0d5feb0455fbd2c425d138b7f487260f4bf1bc"], ["models/BTSegment_joint_visu.wrl", "22abe8deeec243c99e31ec02fa59372e98ac8471"], ["models/RKsegment_joint_visu.wrl", "18b381d65e3337bcb0d1ff5928773884a1e17d57"], ["models/LeftFingerJoint41y_joint_visu.wrl", "61402f6746307792f4303e574af749b94086a4ec"], ["models/LSCsegment_joint_visu.wrl", "c32a20b7e31becf394d78b5655efc5565b038b80"], ["models/LeftFingerJoint11y_joint_visu.wrl", "0cbfceda8d89deb375f7933c8078af5147ec84b2"], ["models/RightFingerJoint41y_joint_visu.wrl", "020541ab865e4e3e9fa2695e0f4eff71b52ad52d"], ["models/RWy_joint_visu.wrl", "2b11028aee46fb62e614338be3dd5644c1a824ee"], ["models/LeftFingerJoint23y_joint_visu.wrl", "478e70ae519508040adb535da7a7998bba1b8c42"], ["models/RSsegment_joint_visu.wrl", "612de2c24f203d5846930907a5df9cef5d9578dd"], ["models/LeftFingerJoint12y_joint_visu.wrl", "024079388e0352cf2dd7d6c0c4d45ee34851930c"], ["models/LWsegment_joint_visu.wrl", "3c8bc8f30c2fdfc5956ddac1f868ed768806d7fd"], ["models/RightFingerJoint22y_joint_visu.wrl", "0b36fec3092c4692c7809ee795740f148ffb0be8"], ["models/RMrot_joint_visu.wrl", "a56cefc9affb5ca3f87c8ad0a9ef880f3355f2f0"], ["models/LeftFingerJoint40y_joint_visu.wrl", "ebee55b3729d26fb04a73d5b427025dbf464f288"], ["models/LeftFingerJoint21y_joint_visu.wrl", "a890d2d55d8afbe701827374715b7e671862cc4f"], ["models/REsegment_joint_visu.wrl", "d709750461631f850f8441b85f4861ca47df51ae"], ["models/RHsegment_joint_visu.wrl", "54fb3a26ddb8f2d419752eb76c4e488efef6b43c"], ["models/RightFingerJoint52y_joint_visu.wrl", "44f18db78bed86bf1ddb981a1e678027e51db918"], ["models/RightFingerJoint50y_joint_visu.wrl", "13ede518eb635943fcd4564499f4fdb69d27780e"], ["models/LFx_joint_visu.wrl", "5d47b342ff68d5d2b2d9c7e22c5cf098909060c6"], ["models/LKsegment_joint_visu.wrl", "5780b7d3a585852e8707cb2363bfa8d4d3b461f7"], ["models/LeftFingerJoint13y_joint_visu.wrl", "8a00c78adf18bdebd78a513323b5f28f02d117be"], ["models/RightFingerJoint51y_joint_visu.wrl", "d78052a78ea694e1d35e6b91354db0a64493fbf4"], ["models/RightFingerJoint11y_joint_visu.wrl", "a05a4116eafe1434c190e03faa62753bcd333105"], ["models/LeftFingerJoint22y_joint_visu.wrl", "7fee0851bbbc487512ffb12e46d738fc0837aa0c"], ["models/LAy_joint_visu.wrl", "de3953d8ffbf479f0eb229748cfdd897a408012e"], ["models/LEsegment_joint_visu.wrl", "1bf5a0382df53cb4aef1ebf578e4d535a0cd3d7b"], ["models/RightFingerJoint31y_joint_visu.wrl", "4f0efb942b57fffc5b3177798a71bcdbb9b92042"], ["models/LeftFingerJoint32y_joint_visu.wrl", "685ae87120ee0d9ba5d764c8ff99385aa9d79a04"], ["models/RightFingerJoint32y_joint_visu.wrl", "47d29dfecd9514a3973b021c83bc361364341093"], ["models/LeftFingerJoint31y_joint_visu.wrl", "d24789234312bf68c77c7830508763d07f9feec0"], ["models/LMrot_joint_visu.wrl", "94047f5a29e3373271bba5d61ccbbacf9bfb01af"], ["models/LWy_joint_visu.wrl", "33ba8f54774fa65838a8ae38c3d558f06fe00bc0"], ["models/LeftFingerJoint52y_joint_visu.wrl", "3f7d688708cf5f55104348d5bc102dcc7b7a0a66"], ["models/LSsegment_joint_visu.wrl", "f34e7eae1658b3ae618b5bc40ebc1da529c7e0a3"], ["models/RAsegment_joint_visu.wrl", "bf9735bb8cbd74e01e9087f0ccad4783edc49231"], ["models/LeftFingerJoint50y_joint_visu.wrl", "c2f6364fe16768bd1382d1b02c327d9dcf43fd03"], ["models/LeftFingerJoint51y_joint_visu.wrl", "0c2664365d375a3d9dd190818483e292027433d3"], ["models/LeftHandSegment_joint_visu.wrl", "581235ef3290f47c527e74693e4a232056642bcf"], ["models/BTy_joint_visu.wrl", "818c33f75e2b278db824d223d8796b1d1ca48213"], ["models/RWsegment_joint_visu.wrl", "de46619cf74eb2ffe74ab7fdaaf4cd485034b959"], ["models/RFx_joint_visu.wrl", "7e0fad07af2c1f6a4bad2e40caa9cdcfafa5d748"]], "converter_config": "<ConverterConfig type=\"NloptConverter\"><Model><MarkerMapping><Mapping c3d=\"LIFD\" mmm=\"MARKER_LIFD\" /><Mapping c3d=\"LKNE\" mmm=\"MARKER_LKNE\" /><Mapping c3d=\"LWPS\" mmm=\"MARKER_LWPS\" /><Mapping c3d=\"RANK\" mmm=\"MARKER_RANK\" /><Mapping c3d=\"T10\" mmm=\"MARKER_T10\" /><Mapping c3d=\"LBHD\" mmm=\"MARKER_LBHD\" /><Mapping c3d=\"LBAK\" mmm=\"MARKER_LBAK\" /><Mapping c3d=\"RBAK\" mmm=\"MARKER_RBAK\" /><Mapping c3d=\"RTIP\" mmm=\"MARKER_RTIP\" /><Mapping c3d=\"RMT1\" mmm=\"MARKER_RMT1\" /><Mapping c3d=\"LTOE\" mmm=\"MARKER_LTOE\" /><Mapping c3d=\"RHTS\" mmm=\"MARKER_RHTS\" /><Mapping c3d=\"RMT5\" mmm=\"MARKER_RMT5\" /><Mapping c3d=\"LTIP\" mmm=\"MARKER_LTIP\" /><Mapping c3d=\"LHTS\" mmm=\"MARKER_LHTS\" /><Mapping c3d=\"RAEL\" mmm=\"MARKER_RAEL\" /><Mapping c3d=\"RKNE\" mmm=\"MARKER_RKNE\" /><Mapping c3d=\"LHPS\" mmm=\"MARKER_LHPS\" /><Mapping c3d=\"LANK\" mmm=\"MARKER_LANK\" /><Mapping c3d=\"LWTS\" mmm=\"MARKER_LWTS\" /><Mapping c3d=\"RIFD\" mmm=\"MARKER_RIFD\" /><Mapping c3d=\"RAOL\" mmm=\"MARKER_RAOL\" /><Mapping c3d=\"CLAV\" mmm=\"MARKER_CLAV\" /><Mapping c3d=\"LASI\" mmm=\"MARKER_LASI\" /><Mapping c3d=\"C7\" mmm=\"MARKER_C7\" /><Mapping c3d=\"LHEE\" mmm=\"MARKER_LHEE\" /><Mapping c3d=\"LTHI\" mmm=\"MARKER_LTHI\" /><Mapping c3d=\"RTHI\" mmm=\"MARKER_RTHI\" /><Mapping c3d=\"RFHD\" mmm=\"MARKER_RFHD\" /><Mapping c3d=\"LUPA\" mmm=\"MARKER_LUPA\" /><Mapping c3d=\"LFHD\" mmm=\"MARKER_LFHD\" /><Mapping c3d=\"RHIP\" mmm=\"MARKER_RHIP\" /><Mapping c3d=\"RWPS\" mmm=\"MARKER_RWPS\" /><Mapping c3d=\"LMT1\" mmm=\"MARKER_LMT1\" /><Mapping c3d=\"L3\" mmm=\"MARKER_L3\" /><Mapping c3d=\"LFRA\" mmm=\"MARKER_LFRA\" /><Mapping c3d=\"LPSI\" mmm=\"MARKER_LPSI\" /><Mapping c3d=\"RPSI\" mmm=\"MARKER_RPSI\" /><Mapping c3d=\"LAOL\" mmm=\"MARKER_LAOL\" /><Mapping c3d=\"RBHD\" mmm=\"MARKER_RBHD\" /><Mapping c3d=\"RUPA\" mmm=\"MARKER_RUPA\" /><Mapping c3d=\"RASI\" mmm=\"MARKER_RASI\" /><Mapping c3d=\"RWTS\" mmm=\"MARKER_RWTS\" /><Mapping c3d=\"LHIP\" mmm=\"MARKER_LHIP\" /><Mapping c3d=\"STRN\" mmm=\"MARKER_STRN\" /><Mapping c3d=\"LAEL\" mmm=\"MARKER_LAEL\" /><Mapping c3d=\"RHPS\" mmm=\"MARKER_RHPS\" /><Mapping c3d=\"RTOE\" mmm=\"MARKER_RTOE\" /><Mapping c3d=\"RHEE\" mmm=\"MARKER_RHEE\" /><Mapping c3d=\"LMT5\" mmm=\"MARKER_LMT5\" /></MarkerMapping><JointSet><Joint name=\"BLNx_joint\" /><Joint name=\"BLNy_joint\" /><Joint name=\"BLNz_joint\" /><Joint name=\"BPx_joint\" /><Joint name=\"BPy_joint\" /><Joint name=\"BPz_joint\" /><Joint name=\"BTx_joint\" /><Joint name=\"BTy_joint\" /><Joint name=\"BTz_joint\" /><Joint name=\"BUNx_joint\" /><Joint name=\"BUNy_joint\" /><Joint name=\"BUNz_joint\" /><Joint name=\"LAx_joint\" /><Joint name=\"LAy_joint\" /><Joint name=\"LAz_joint\" /><Joint name=\"LEx_joint\" /><Joint name=\"LEz_joint\" /><Joint name=\"LHx_joint\" /><Joint name=\"LHy_joint\" /><Joint name=\"LHz_joint\" /><Joint name=\"LKx_joint\" /><Joint name=\"LSx_joint\" /><Joint name=\"LSy_joint\" /><Joint name=\"LSz_joint\" /><Joint name=\"LWx_joint\" /><Joint name=\"LWy_joint\" /><Joint name=\"LFx_joint\" /><Joint name=\"LMrot_joint\" /><Joint name=\"RAx_joint\" /><Joint name=\"RAy_joint\" /><Joint name=\"RAz_joint\" /><Joint name=\"REx_joint\" /><Joint name=\"REz_joint\" /><Joint name=\"RHx_joint\" /><Joint name=\"RHy_joint\" /><Joint name=\"RHz_joint\" /><Joint name=\"RKx_joint\" /><Joint name=\"RSx_joint\" /><Joint name=\"RSy_joint\" /><Joint name=\"RSz_joint\" /><Joint name=\"RWx_joint\" /><Joint name=\"RWy_joint\" /><Joint name=\"RFx_joint\" /><Joint name=\"RMrot_joint\" /></JointSet></Model></ConverterConfig>", "model_processor_config": "<ModelProcessorConfig type=\"Winter\"><height>1.83</height><mass>100</mass></ModelProcessorConfig>"}, "subject_missing_markers": []}