Motion Database Converter

User/Host: mmm @ i61motiondb
Date: 2016-08-12 19:26:39
Input File: hand_through_hair_right_arm_05.c3d (ID #60883, created 2016-08-12 09:10:33)

The HEADs of the git repositories used for conversion are:
  MMMCore: 1d27ecc05fae8cf73cac6754bb4fa9f37155663b (2016-04-05 08:52:13)
  MMMTools: d77f5a301e3e2f4cd16623ff82a11fbc98dc1113 (2016-04-05 09:18:55)
  MMT: c7423751d257e7ed1c29d25547f02fa43d3d5549 (2016-06-16 15:57:53)
  Simox: 8d9023238ae3fddb74502537a3681c4318147084 (2016-04-01 12:37:43)

Configuration for subject:
  Converter config:
    <ConverterConfig type="NloptConverter"><Model><MarkerMapping><Mapping c3d="LIFD" mmm="MARKER_LIFD" /><Mapping c3d="LKNE" mmm="MARKER_LKNE" /><Mapping c3d="LWPS" mmm="MARKER_LWPS" /><Mapping c3d="RANK" mmm="MARKER_RANK" /><Mapping c3d="T10" mmm="MARKER_T10" /><Mapping c3d="LBHD" mmm="MARKER_LBHD" /><Mapping c3d="LBAK" mmm="MARKER_LBAK" /><Mapping c3d="RBAK" mmm="MARKER_RBAK" /><Mapping c3d="RTIP" mmm="MARKER_RTIP" /><Mapping c3d="RMT1" mmm="MARKER_RMT1" /><Mapping c3d="LTOE" mmm="MARKER_LTOE" /><Mapping c3d="RHTS" mmm="MARKER_RHTS" /><Mapping c3d="RMT5" mmm="MARKER_RMT5" /><Mapping c3d="LTIP" mmm="MARKER_LTIP" /><Mapping c3d="LHTS" mmm="MARKER_LHTS" /><Mapping c3d="RAEL" mmm="MARKER_RAEL" /><Mapping c3d="RKNE" mmm="MARKER_RKNE" /><Mapping c3d="LHPS" mmm="MARKER_LHPS" /><Mapping c3d="LANK" mmm="MARKER_LANK" /><Mapping c3d="LWTS" mmm="MARKER_LWTS" /><Mapping c3d="RIFD" mmm="MARKER_RIFD" /><Mapping c3d="RAOL" mmm="MARKER_RAOL" /><Mapping c3d="CLAV" mmm="MARKER_CLAV" /><Mapping c3d="LASI" mmm="MARKER_LASI" /><Mapping c3d="C7" mmm="MARKER_C7" /><Mapping c3d="LHEE" mmm="MARKER_LHEE" /><Mapping c3d="LTHI" mmm="MARKER_LTHI" /><Mapping c3d="RTHI" mmm="MARKER_RTHI" /><Mapping c3d="RFHD" mmm="MARKER_RFHD" /><Mapping c3d="LUPA" mmm="MARKER_LUPA" /><Mapping c3d="LFHD" mmm="MARKER_LFHD" /><Mapping c3d="RHIP" mmm="MARKER_RHIP" /><Mapping c3d="RWPS" mmm="MARKER_RWPS" /><Mapping c3d="LMT1" mmm="MARKER_LMT1" /><Mapping c3d="L3" mmm="MARKER_L3" /><Mapping c3d="LFRA" mmm="MARKER_LFRA" /><Mapping c3d="LPSI" mmm="MARKER_LPSI" /><Mapping c3d="RPSI" mmm="MARKER_RPSI" /><Mapping c3d="LAOL" mmm="MARKER_LAOL" /><Mapping c3d="RBHD" mmm="MARKER_RBHD" /><Mapping c3d="RUPA" mmm="MARKER_RUPA" /><Mapping c3d="RASI" mmm="MARKER_RASI" /><Mapping c3d="RWTS" mmm="MARKER_RWTS" /><Mapping c3d="LHIP" mmm="MARKER_LHIP" /><Mapping c3d="STRN" mmm="MARKER_STRN" /><Mapping c3d="LAEL" mmm="MARKER_LAEL" /><Mapping c3d="RHPS" mmm="MARKER_RHPS" /><Mapping c3d="RTOE" mmm="MARKER_RTOE" /><Mapping c3d="RHEE" mmm="MARKER_RHEE" /><Mapping c3d="LMT5" mmm="MARKER_LMT5" /></MarkerMapping><JointSet><Joint name="BLNx_joint" /><Joint name="BLNy_joint" /><Joint name="BLNz_joint" /><Joint name="BPx_joint" /><Joint name="BPy_joint" /><Joint name="BPz_joint" /><Joint name="BTx_joint" /><Joint name="BTy_joint" /><Joint name="BTz_joint" /><Joint name="BUNx_joint" /><Joint name="BUNy_joint" /><Joint name="BUNz_joint" /><Joint name="LAx_joint" /><Joint name="LAy_joint" /><Joint name="LAz_joint" /><Joint name="LEx_joint" /><Joint name="LEz_joint" /><Joint name="LHx_joint" /><Joint name="LHy_joint" /><Joint name="LHz_joint" /><Joint name="LKx_joint" /><Joint name="LSx_joint" /><Joint name="LSy_joint" /><Joint name="LSz_joint" /><Joint name="LWx_joint" /><Joint name="LWy_joint" /><Joint name="LFx_joint" /><Joint name="LMrot_joint" /><Joint name="RAx_joint" /><Joint name="RAy_joint" /><Joint name="RAz_joint" /><Joint name="REx_joint" /><Joint name="REz_joint" /><Joint name="RHx_joint" /><Joint name="RHy_joint" /><Joint name="RHz_joint" /><Joint name="RKx_joint" /><Joint name="RSx_joint" /><Joint name="RSy_joint" /><Joint name="RSz_joint" /><Joint name="RWx_joint" /><Joint name="RWy_joint" /><Joint name="RFx_joint" /><Joint name="RMrot_joint" /></JointSet></Model></ConverterConfig>

  Model processor config:
    <ModelProcessorConfig type="Winter"><height>1.83</height><mass>100</mass></ModelProcessorConfig>

  Model files:
    mmm.xml -> 83095bf1f7710e0da2eabc0dc38933fff21a487e
    models/RightFingerJoint43y_joint_visu.wrl -> 4a8b66745234892104dc18c3f12b51653e0d22e2
    models/HeadSegment_joint_visu.wrl -> 98bc33547d6728b266ca30ad9f3f1cd1fc964890
    models/RightFingerJoint23y_joint_visu.wrl -> a0d5f39a5c7aa80b2d6a4eaf255bc2ee431c4c8b
    models/RightFingerJoint13y_joint_visu.wrl -> f6fe45b4978386e46181511649732c2b788efffc
    models/RightEyeSegmentY_joint_visu.wrl -> a5e19b848b6eeb97452f27da05841286c9c8750d
    models/RightFingerJoint33y_joint_visu.wrl -> 408d1d793635a63e5469ef6749032ed29df446cb
    models/RightFingerJoint42y_joint_visu.wrl -> 56054907e89fe8b5298ac919d87afca5ea3112a6
    models/RightFingerJoint40y_joint_visu.wrl -> a6a36d6acd88295f92f5ad6137dad641a10df4b6
    models/RAy_joint_visu.wrl -> ce5872147a6e4132bebc90a3e1e3c1a28a103eb6
    models/LeftFingerJoint33y_joint_visu.wrl -> 365adda3e38105f28e7045c2b0267a52336edf01
    models/BUNsegment_joint_visu.wrl -> 0ac874bfcd0d8c4b0c3b4ec4e56c59ce39aad99d
    models/LeftEyeSegmentY_joint_visu.wrl -> 066736ba165738d120f8d1d103b9c28b19c429bf
    models/RSCsegment_joint_visu.wrl -> 9044f5cc6779532281b74eface97e002798a8e6d
    models/LHsegment_joint_visu.wrl -> 3838c5fdad69c33fed501ae676c8a8a9282d9a05
    models/LeftFingerJoint53y_joint_visu.wrl -> cdd15d99efa93d038d04ced046fe79ae693a10d7
    models/RightFingerJoint21y_joint_visu.wrl -> d19626a13a08387890317675df2c2e7fe9db5eef
    models/RightFingerJoint12y_joint_visu.wrl -> 7097cf96d3597a795575a5abe9256e0143c2ed0f
    models/LeftFingerJoint43y_joint_visu.wrl -> 395c609ed268feb940855099f538c46a54c3a4d8
    models/RightFingerJoint53y_joint_visu.wrl -> 9d95789602901425bad9b4435dea2b4be5431202
    models/LeftFingerJoint42y_joint_visu.wrl -> e487f595b7019c407f92b0f00de5260e64e56c97
    models/LAsegment_joint_visu.wrl -> bb0d5feb0455fbd2c425d138b7f487260f4bf1bc
    models/BTSegment_joint_visu.wrl -> 22abe8deeec243c99e31ec02fa59372e98ac8471
    models/RKsegment_joint_visu.wrl -> 18b381d65e3337bcb0d1ff5928773884a1e17d57
    models/LeftFingerJoint41y_joint_visu.wrl -> 61402f6746307792f4303e574af749b94086a4ec
    models/LSCsegment_joint_visu.wrl -> c32a20b7e31becf394d78b5655efc5565b038b80
    models/LeftFingerJoint11y_joint_visu.wrl -> 0cbfceda8d89deb375f7933c8078af5147ec84b2
    models/RightFingerJoint41y_joint_visu.wrl -> 020541ab865e4e3e9fa2695e0f4eff71b52ad52d
    models/RWy_joint_visu.wrl -> 2b11028aee46fb62e614338be3dd5644c1a824ee
    models/LeftFingerJoint23y_joint_visu.wrl -> 478e70ae519508040adb535da7a7998bba1b8c42
    models/RSsegment_joint_visu.wrl -> 612de2c24f203d5846930907a5df9cef5d9578dd
    models/LeftFingerJoint12y_joint_visu.wrl -> 024079388e0352cf2dd7d6c0c4d45ee34851930c
    models/LWsegment_joint_visu.wrl -> 3c8bc8f30c2fdfc5956ddac1f868ed768806d7fd
    models/RightFingerJoint22y_joint_visu.wrl -> 0b36fec3092c4692c7809ee795740f148ffb0be8
    models/RMrot_joint_visu.wrl -> a56cefc9affb5ca3f87c8ad0a9ef880f3355f2f0
    models/LeftFingerJoint40y_joint_visu.wrl -> ebee55b3729d26fb04a73d5b427025dbf464f288
    models/LeftFingerJoint21y_joint_visu.wrl -> a890d2d55d8afbe701827374715b7e671862cc4f
    models/REsegment_joint_visu.wrl -> d709750461631f850f8441b85f4861ca47df51ae
    models/RHsegment_joint_visu.wrl -> 54fb3a26ddb8f2d419752eb76c4e488efef6b43c
    models/RightFingerJoint52y_joint_visu.wrl -> 44f18db78bed86bf1ddb981a1e678027e51db918
    models/RightFingerJoint50y_joint_visu.wrl -> 13ede518eb635943fcd4564499f4fdb69d27780e
    models/LFx_joint_visu.wrl -> 5d47b342ff68d5d2b2d9c7e22c5cf098909060c6
    models/LKsegment_joint_visu.wrl -> 5780b7d3a585852e8707cb2363bfa8d4d3b461f7
    models/LeftFingerJoint13y_joint_visu.wrl -> 8a00c78adf18bdebd78a513323b5f28f02d117be
    models/RightFingerJoint51y_joint_visu.wrl -> d78052a78ea694e1d35e6b91354db0a64493fbf4
    models/RightFingerJoint11y_joint_visu.wrl -> a05a4116eafe1434c190e03faa62753bcd333105
    models/LeftFingerJoint22y_joint_visu.wrl -> 7fee0851bbbc487512ffb12e46d738fc0837aa0c
    models/LAy_joint_visu.wrl -> de3953d8ffbf479f0eb229748cfdd897a408012e
    models/LEsegment_joint_visu.wrl -> 1bf5a0382df53cb4aef1ebf578e4d535a0cd3d7b
    models/RightFingerJoint31y_joint_visu.wrl -> 4f0efb942b57fffc5b3177798a71bcdbb9b92042
    models/LeftFingerJoint32y_joint_visu.wrl -> 685ae87120ee0d9ba5d764c8ff99385aa9d79a04
    models/RightFingerJoint32y_joint_visu.wrl -> 47d29dfecd9514a3973b021c83bc361364341093
    models/LeftFingerJoint31y_joint_visu.wrl -> d24789234312bf68c77c7830508763d07f9feec0
    models/LMrot_joint_visu.wrl -> 94047f5a29e3373271bba5d61ccbbacf9bfb01af
    models/LWy_joint_visu.wrl -> 33ba8f54774fa65838a8ae38c3d558f06fe00bc0
    models/LeftFingerJoint52y_joint_visu.wrl -> 3f7d688708cf5f55104348d5bc102dcc7b7a0a66
    models/LSsegment_joint_visu.wrl -> f34e7eae1658b3ae618b5bc40ebc1da529c7e0a3
    models/RAsegment_joint_visu.wrl -> bf9735bb8cbd74e01e9087f0ccad4783edc49231
    models/LeftFingerJoint50y_joint_visu.wrl -> c2f6364fe16768bd1382d1b02c327d9dcf43fd03
    models/LeftFingerJoint51y_joint_visu.wrl -> 0c2664365d375a3d9dd190818483e292027433d3
    models/LeftHandSegment_joint_visu.wrl -> 581235ef3290f47c527e74693e4a232056642bcf
    models/BTy_joint_visu.wrl -> 818c33f75e2b278db824d223d8796b1d1ca48213
    models/RWsegment_joint_visu.wrl -> de46619cf74eb2ffe74ab7fdaaf4cd485034b959
    models/RFx_joint_visu.wrl -> 7e0fad07af2c1f6a4bad2e40caa9cdcfafa5d748

Missing subject markers: []

Subject conversion error:
Conversion Error: avg/avg = 29.77, worst avg = 31.07, worst max = 104.76

The per-frame conversion errors are: (avg/max for subject and every object)
  Frame 0: 29.95/102.33
  Frame 1: 29.88/102.37
  Frame 2: 29.84/102.06
  Frame 3: 29.81/101.93
  Frame 4: 29.77/101.81
  Frame 5: 29.70/101.17
  Frame 6: 29.65/101.01
  Frame 7: 29.65/100.78
  Frame 8: 29.62/100.92
  Frame 9: 29.62/100.53
  Frame 10: 29.59/100.66
  Frame 11: 29.57/100.61
  Frame 12: 29.55/100.56
  Frame 13: 29.56/100.63
  Frame 14: 29.54/100.68
  Frame 15: 29.53/100.60
  Frame 16: 29.50/100.53
  Frame 17: 29.48/100.50
  Frame 18: 29.47/100.46
  Frame 19: 29.44/100.54
  Frame 20: 29.43/100.67
  Frame 21: 29.41/100.67
  Frame 22: 29.40/100.42
  Frame 23: 29.39/100.39
  Frame 24: 29.36/100.20
  Frame 25: 29.35/100.28
  Frame 26: 29.34/100.38
  Frame 27: 29.32/100.38
  Frame 28: 29.32/100.18
  Frame 29: 29.30/100.13
  Frame 30: 29.30/100.01
  Frame 31: 29.31/99.87
  Frame 32: 29.31/99.90
  Frame 33: 29.31/99.63
  Frame 34: 29.32/99.79
  Frame 35: 29.32/99.60
  Frame 36: 29.35/99.55
  Frame 37: 29.33/99.46
  Frame 38: 29.32/99.28
  Frame 39: 29.31/99.15
  Frame 40: 29.28/99.12
  Frame 41: 29.27/99.27
  Frame 42: 29.25/99.34
  Frame 43: 29.24/99.23
  Frame 44: 29.24/99.19
  Frame 45: 29.22/99.43
  Frame 46: 29.23/99.48
  Frame 47: 29.23/99.48
  Frame 48: 29.21/99.40
  Frame 49: 29.18/99.25
  Frame 50: 29.14/99.35
  Frame 51: 29.14/99.36
  Frame 52: 29.11/99.40
  Frame 53: 29.12/99.32
  Frame 54: 29.11/99.05
  Frame 55: 29.14/99.15
  Frame 56: 29.17/99.48
  Frame 57: 29.15/99.02
  Frame 58: 29.18/98.97
  Frame 59: 29.19/98.73
  Frame 60: 29.22/98.78
  Frame 61: 29.21/98.46
  Frame 62: 29.23/98.69
  Frame 63: 29.26/98.59
  Frame 64: 29.29/98.75
  Frame 65: 29.31/98.39
  Frame 66: 29.34/98.87
  Frame 67: 29.37/98.92
  Frame 68: 29.37/98.43
  Frame 69: 29.38/98.64
  Frame 70: 29.43/98.78
  Frame 71: 29.42/99.02
  Frame 72: 29.44/98.97
  Frame 73: 29.45/98.85
  Frame 74: 29.47/98.97
  Frame 75: 29.53/99.46
  Frame 76: 29.41/99.48
  Frame 77: 29.41/99.51
  Frame 78: 29.41/99.85
  Frame 79: 29.42/100.03
  Frame 80: 29.39/100.40
  Frame 81: 29.38/100.90
  Frame 82: 29.41/101.20
  Frame 83: 29.45/101.40
  Frame 84: 29.54/101.69
  Frame 85: 29.63/101.90
  Frame 86: 29.72/102.31
  Frame 87: 29.83/102.69
  Frame 88: 29.88/103.02
  Frame 89: 29.96/103.37
  Frame 90: 30.08/103.84
  Frame 91: 30.08/103.83
  Frame 92: 30.09/104.28
  Frame 93: 30.12/104.50
  Frame 94: 30.13/104.62
  Frame 95: 30.17/104.64
  Frame 96: 30.22/104.76
  Frame 97: 30.24/104.76
  Frame 98: 30.25/104.72
  Frame 99: 30.25/104.74
  Frame 100: 30.26/104.54
  Frame 101: 30.27/104.68
  Frame 102: 30.26/104.53
  Frame 103: 30.26/104.32
  Frame 104: 30.27/104.11
  Frame 105: 30.31/104.21
  Frame 106: 30.33/104.49
  Frame 107: 30.31/104.28
  Frame 108: 30.27/104.03
  Frame 109: 30.31/104.03
  Frame 110: 30.28/103.66
  Frame 111: 30.28/103.34
  Frame 112: 30.26/103.09
  Frame 113: 30.27/102.86
  Frame 114: 30.26/102.84
  Frame 115: 30.28/102.75
  Frame 116: 30.29/102.50
  Frame 117: 30.32/102.19
  Frame 118: 30.31/101.91
  Frame 119: 30.32/101.65
  Frame 120: 30.32/101.41
  Frame 121: 30.34/101.27
  Frame 122: 30.34/100.88
  Frame 123: 30.34/100.75
  Frame 124: 30.38/100.73
  Frame 125: 30.38/100.63
  Frame 126: 30.39/100.58
  Frame 127: 30.38/100.47
  Frame 128: 30.36/100.33
  Frame 129: 30.39/100.26
  Frame 130: 30.38/100.18
  Frame 131: 30.37/100.02
  Frame 132: 30.33/99.32
  Frame 133: 30.31/99.21
  Frame 134: 30.32/99.35
  Frame 135: 30.31/99.22
  Frame 136: 30.33/99.35
  Frame 137: 30.32/99.25
  Frame 138: 30.30/99.10
  Frame 139: 30.30/99.00
  Frame 140: 30.31/99.00
  Frame 141: 30.32/98.72
  Frame 142: 30.33/98.72
  Frame 143: 30.34/98.79
  Frame 144: 30.37/98.76
  Frame 145: 30.37/98.62
  Frame 146: 30.40/98.60
  Frame 147: 30.41/98.54
  Frame 148: 30.47/98.46
  Frame 149: 30.50/98.36
  Frame 150: 30.52/98.34
  Frame 151: 30.57/98.25
  Frame 152: 30.60/98.21
  Frame 153: 30.64/98.21
  Frame 154: 30.69/98.34
  Frame 155: 30.73/98.43
  Frame 156: 30.78/98.48
  Frame 157: 30.81/98.49
  Frame 158: 30.87/98.54
  Frame 159: 30.91/98.63
  Frame 160: 30.94/98.70
  Frame 161: 30.97/98.78
  Frame 162: 30.99/98.89
  Frame 163: 31.03/99.03
  Frame 164: 31.04/99.07
  Frame 165: 31.06/99.21
  Frame 166: 31.07/99.19
  Frame 167: 31.07/99.20
  Frame 168: 31.06/99.26
  Frame 169: 31.06/99.32
  Frame 170: 31.05/99.34
  Frame 171: 31.04/99.36
  Frame 172: 31.04/99.35
  Frame 173: 31.02/99.40
  Frame 174: 31.01/99.40
  Frame 175: 31.00/99.42
  Frame 176: 30.99/99.39
  Frame 177: 30.97/99.35
  Frame 178: 30.97/99.37
  Frame 179: 30.95/99.34
  Frame 180: 30.95/99.33
  Frame 181: 30.93/99.35
  Frame 182: 30.91/99.28
  Frame 183: 30.89/99.29
  Frame 184: 30.88/99.29
  Frame 185: 30.87/99.30
  Frame 186: 30.85/99.26
  Frame 187: 30.85/99.20
  Frame 188: 30.83/99.20
  Frame 189: 30.83/99.28
  Frame 190: 30.82/99.26
  Frame 191: 30.82/99.09
  Frame 192: 30.79/99.10
  Frame 193: 30.78/99.32
  Frame 194: 30.77/99.45
  Frame 195: 30.76/99.57
  Frame 196: 30.74/99.81
  Frame 197: 30.72/99.63
  Frame 198: 30.69/99.67
  Frame 199: 30.68/100.05
  Frame 200: 30.66/100.06
  Frame 201: 30.64/100.38
  Frame 202: 30.66/100.80
  Frame 203: 30.66/101.17
  Frame 204: 30.63/101.25
  Frame 205: 30.66/101.53
  Frame 206: 30.62/101.64
  Frame 207: 30.65/102.22
  Frame 208: 30.62/102.12
  Frame 209: 30.62/102.60
  Frame 210: 30.61/102.61
  Frame 211: 30.55/102.88
  Frame 212: 30.54/103.06
  Frame 213: 30.50/103.28
  Frame 214: 30.46/103.35
  Frame 215: 30.43/103.46
  Frame 216: 30.46/103.71
  Frame 217: 30.39/103.34
  Frame 218: 30.36/103.48
  Frame 219: 30.32/103.53
  Frame 220: 30.27/103.61
  Frame 221: 30.25/103.45
  Frame 222: 30.21/103.12
  Frame 223: 30.13/102.94
  Frame 224: 30.05/102.83
  Frame 225: 30.00/102.34
  Frame 226: 29.93/102.17
  Frame 227: 29.87/101.65
  Frame 228: 29.83/101.37
  Frame 229: 29.76/100.90
  Frame 230: 29.69/100.82
  Frame 231: 29.66/100.39
  Frame 232: 29.60/99.58
  Frame 233: 29.50/98.31
  Frame 234: 29.49/98.73
  Frame 235: 29.42/98.01
  Frame 236: 29.42/97.27
  Frame 237: 29.37/96.90
  Frame 238: 29.34/96.27
  Frame 239: 29.32/96.41
  Frame 240: 29.30/96.58
  Frame 241: 29.33/96.02
  Frame 242: 29.32/95.78
  Frame 243: 29.33/95.18
  Frame 244: 29.34/95.29
  Frame 245: 29.35/94.83
  Frame 246: 29.36/94.76
  Frame 247: 29.37/95.01
  Frame 248: 29.38/95.27
  Frame 249: 29.38/95.36
  Frame 250: 29.37/95.27
  Frame 251: 29.36/95.10
  Frame 252: 29.35/95.17
  Frame 253: 29.35/95.16
  Frame 254: 29.33/95.01
  Frame 255: 29.31/95.10
  Frame 256: 29.28/95.06
  Frame 257: 29.25/94.92
  Frame 258: 29.22/95.18
  Frame 259: 29.20/95.22
  Frame 260: 29.18/95.29
  Frame 261: 29.14/95.17
  Frame 262: 29.15/95.14
  Frame 263: 29.12/94.57
  Frame 264: 29.13/94.34
  Frame 265: 29.11/94.25
  Frame 266: 29.14/94.31
  Frame 267: 29.12/94.36
  Frame 268: 29.11/94.38
  Frame 269: 29.12/94.00
  Frame 270: 29.11/94.23
  Frame 271: 29.10/94.11
  Frame 272: 29.08/94.12
  Frame 273: 29.07/94.40
  Frame 274: 29.05/94.16
  Frame 275: 29.06/93.90
  Frame 276: 29.05/93.67
  Frame 277: 29.06/93.68
  Frame 278: 29.08/93.57
  Frame 279: 29.11/93.61
  Frame 280: 29.12/93.81
  Frame 281: 29.13/93.81
  Frame 282: 29.13/94.02
  Frame 283: 29.17/94.25
  Frame 284: 29.18/94.38
  Frame 285: 29.20/94.40
  Frame 286: 29.21/94.34
  Frame 287: 29.21/94.31
  Frame 288: 29.19/94.23
  Frame 289: 29.21/94.13
  Frame 290: 29.19/94.05
  Frame 291: 29.18/94.17
  Frame 292: 29.16/94.14
  Frame 293: 29.15/94.10
  Frame 294: 29.14/94.08
  Frame 295: 29.14/94.14
  Frame 296: 29.13/94.18
  Frame 297: 29.12/94.24
  Frame 298: 29.10/94.11
  Frame 299: 29.09/94.10
  Frame 300: 29.09/94.10
  Frame 301: 29.08/94.10
  Frame 302: 29.07/94.17
  Frame 303: 29.06/94.16
  Frame 304: 29.05/94.15
  Frame 305: 29.04/94.14
  Frame 306: 29.04/94.13
  Frame 307: 29.03/94.21
  Frame 308: 29.03/94.19
  Frame 309: 29.03/94.29
  Frame 310: 29.02/94.33
  Frame 311: 29.02/94.41
  Frame 312: 29.02/94.52
  Frame 313: 29.01/94.58
  Frame 314: 29.00/94.53
  Frame 315: 28.98/94.54
  Frame 316: 28.98/94.59
  Frame 317: 28.98/94.62
  Frame 318: 28.97/94.74
  Frame 319: 28.98/94.78
  Frame 320: 28.98/94.85
  Frame 321: 28.97/95.00
  Frame 322: 28.99/95.16
  Frame 323: 28.99/95.36
  Frame 324: 29.00/95.42
  Frame 325: 29.01/95.54
  Frame 326: 29.01/95.57
  Frame 327: 29.03/95.81
  Frame 328: 29.03/95.81
  Frame 329: 29.04/95.87
  Frame 330: 29.04/96.10
  Frame 331: 29.05/96.17
  Frame 332: 29.05/96.23
  Frame 333: 29.06/96.64
  Frame 334: 29.07/96.60
  Frame 335: 29.07/96.76
  Frame 336: 29.10/97.01
  Frame 337: 29.11/97.12
  Frame 338: 29.13/97.49
  Frame 339: 29.13/97.63
  Frame 340: 29.16/97.73
  Frame 341: 29.20/98.00
  Frame 342: 29.24/98.44
  Frame 343: 29.33/98.83
  Frame 344: 29.36/99.16
  Frame 345: 29.39/99.39
  Frame 346: 29.45/99.66
  Frame 347: 29.47/100.03
  Frame 348: 29.48/100.27
  Frame 349: 29.49/100.28
  Frame 350: 29.47/100.25
  Frame 351: 29.48/100.16

The following line contains the information from above in a machine-readable format and can safely be ignored.
MMT/convert_db:{"subject_conversion_error": [[29.9465, 102.326], [29.8765, 102.366], [29.8404, 102.065], [29.811, 101.926], [29.7725, 101.815], [29.6987, 101.172], [29.6514, 101.012], [29.6459, 100.784], [29.6208, 100.922], [29.6183, 100.529], [29.5859, 100.659], [29.5711, 100.605], [29.5534, 100.562], [29.5601, 100.631], [29.5377, 100.681], [29.5278, 100.603], [29.5037, 100.534], [29.4813, 100.504], [29.4666, 100.461], [29.4411, 100.543], [29.4306, 100.673], [29.4113, 100.67], [29.3968, 100.422], [29.3877, 100.39], [29.3559, 100.205], [29.3507, 100.281], [29.3377, 100.38], [29.3204, 100.383], [29.3159, 100.179], [29.3017, 100.126], [29.2975, 100.009], [29.3103, 99.8681], [29.3139, 99.9009], [29.306, 99.6349], [29.3155, 99.7867], [29.3249, 99.5968], [29.3465, 99.5465], [29.3306, 99.4593], [29.3217, 99.2787], [29.313, 99.1527], [29.2844, 99.1204], [29.2728, 99.2723], [29.2529, 99.3415], [29.2448, 99.2257], [29.2378, 99.1894], [29.2204, 99.4299], [29.2331, 99.4801], [29.2269, 99.4789], [29.2114, 99.4038], [29.1797, 99.2515], [29.1386, 99.3465], [29.1419, 99.3649], [29.112, 99.3952], [29.1164, 99.3171], [29.1112, 99.0455], [29.1404, 99.1456], [29.1678, 99.4827], [29.1518, 99.0201], [29.1752, 98.9704], [29.1852, 98.7257], [29.216, 98.7755], [29.212, 98.4611], [29.229, 98.6862], [29.2592, 98.5934], [29.293, 98.7492], [29.3067, 98.3933], [29.3386, 98.8709], [29.3681, 98.9206], [29.3735, 98.4279], [29.3848, 98.6351], [29.427, 98.7753], [29.4156, 99.0237], [29.4395, 98.972], [29.452, 98.8458], [29.4672, 98.9748], [29.5294, 99.4591], [29.4085, 99.484], [29.4142, 99.5091], [29.415, 99.849], [29.4219, 100.035], [29.3856, 100.397], [29.3769, 100.898], [29.4104, 101.2], [29.4547, 101.402], [29.5362, 101.692], [29.6265, 101.899], [29.7165, 102.312], [29.8252, 102.686], [29.8811, 103.019], [29.9618, 103.37], [30.0841, 103.845], [30.0765, 103.831], [30.0867, 104.28], [30.1189, 104.501], [30.13, 104.618], [30.1705, 104.642], [30.22, 104.763], [30.2375, 104.762], [30.2494, 104.715], [30.2498, 104.741], [30.2611, 104.542], [30.268, 104.676], [30.2621, 104.528], [30.2579, 104.322], [30.268, 104.111], [30.3063, 104.206], [30.332, 104.494], [30.3066, 104.276], [30.2696, 104.032], [30.3064, 104.035], [30.2848, 103.661], [30.2755, 103.337], [30.2624, 103.093], [30.2741, 102.857], [30.2639, 102.845], [30.2751, 102.746], [30.2884, 102.498], [30.3245, 102.195], [30.3092, 101.906], [30.3176, 101.65], [30.3219, 101.41], [30.3392, 101.272], [30.3382, 100.877], [30.337, 100.751], [30.3761, 100.727], [30.381, 100.631], [30.39, 100.58], [30.3825, 100.474], [30.3647, 100.333], [30.3899, 100.258], [30.3781, 100.183], [30.369, 100.02], [30.3251, 99.321], [30.306, 99.2131], [30.3153, 99.3528], [30.3075, 99.2247], [30.3287, 99.3526], [30.321, 99.2461], [30.3037, 99.0965], [30.2981, 98.9996], [30.3113, 99.0004], [30.3157, 98.7191], [30.3258, 98.7172], [30.3378, 98.7929], [30.3652, 98.7619], [30.3729, 98.6247], [30.4031, 98.5965], [30.415, 98.5414], [30.4664, 98.4627], [30.5035, 98.361], [30.5227, 98.3412], [30.5692, 98.2504], [30.6038, 98.2065], [30.6441, 98.2127], [30.6894, 98.336], [30.7297, 98.4331], [30.7767, 98.4794], [30.8148, 98.4921], [30.8674, 98.5354], [30.9089, 98.6296], [30.9405, 98.6958], [30.9692, 98.7839], [30.9934, 98.8864], [31.0261, 99.0302], [31.0425, 99.0667], [31.0641, 99.2097], [31.0661, 99.185], [31.0686, 99.1962], [31.0646, 99.2596], [31.0629, 99.3198], [31.0492, 99.3405], [31.043, 99.3582], [31.0399, 99.3528], [31.0168, 99.3998], [31.0079, 99.4006], [30.9989, 99.4196], [30.9898, 99.3887], [30.9728, 99.3481], [30.9651, 99.3657], [30.9539, 99.339], [30.9462, 99.3298], [30.9255, 99.3542], [30.9135, 99.2763], [30.8933, 99.2887], [30.8838, 99.2878], [30.8661, 99.2987], [30.8519, 99.2639], [30.8473, 99.1999], [30.8276, 99.2004], [30.8251, 99.2815], [30.8181, 99.2624], [30.8154, 99.0862], [30.7878, 99.0965], [30.7775, 99.319], [30.771, 99.4542], [30.7649, 99.5717], [30.7363, 99.8063], [30.72, 99.6258], [30.6861, 99.6672], [30.6842, 100.053], [30.6602, 100.059], [30.6412, 100.383], [30.6579, 100.796], [30.6569, 101.17], [30.6293, 101.249], [30.6621, 101.532], [30.6175, 101.641], [30.6548, 102.216], [30.6178, 102.118], [30.6165, 102.599], [30.6066, 102.612], [30.5536, 102.877], [30.5359, 103.057], [30.4983, 103.284], [30.4554, 103.354], [30.4309, 103.461], [30.4562, 103.709], [30.3934, 103.337], [30.3588, 103.485], [30.3243, 103.535], [30.2724, 103.611], [30.2461, 103.446], [30.2096, 103.123], [30.1257, 102.935], [30.0457, 102.827], [29.9963, 102.339], [29.9256, 102.167], [29.8681, 101.653], [29.8262, 101.371], [29.7573, 100.901], [29.6882, 100.819], [29.6622, 100.392], [29.5969, 99.5804], [29.5006, 98.312], [29.4852, 98.7285], [29.419, 98.0126], [29.4239, 97.271], [29.3661, 96.9018], [29.3431, 96.2653], [29.3201, 96.414], [29.301, 96.5776], [29.3251, 96.0204], [29.325, 95.7838], [29.3336, 95.1839], [29.3427, 95.2941], [29.3458, 94.8254], [29.3596, 94.7591], [29.3735, 95.0067], [29.376, 95.2691], [29.3804, 95.3633], [29.3666, 95.273], [29.3644, 95.0989], [29.3506, 95.1715], [29.3465, 95.1629], [29.3291, 95.0081], [29.3092, 95.1025], [29.2843, 95.0551], [29.2542, 94.9218], [29.2221, 95.1763], [29.205, 95.2197], [29.184, 95.2879], [29.145, 95.1651], [29.153, 95.1413], [29.1209, 94.5692], [29.1335, 94.3411], [29.1141, 94.2453], [29.1413, 94.3111], [29.1203, 94.3613], [29.1097, 94.3834], [29.1238, 94.0013], [29.1109, 94.2333], [29.0957, 94.1063], [29.0806, 94.1202], [29.0671, 94.3992], [29.0489, 94.1593], [29.0607, 93.8953], [29.0528, 93.6653], [29.0583, 93.6762], [29.0835, 93.5734], [29.1147, 93.6088], [29.1244, 93.808], [29.1316, 93.8089], [29.1349, 94.0234], [29.1659, 94.2467], [29.184, 94.381], [29.1974, 94.4031], [29.2102, 94.3442], [29.2119, 94.3081], [29.1945, 94.2347], [29.206, 94.1328], [29.1874, 94.0494], [29.175, 94.165], [29.1642, 94.1402], [29.148, 94.1025], [29.1408, 94.079], [29.1378, 94.1393], [29.1319, 94.1836], [29.1223, 94.2372], [29.0991, 94.1108], [29.0923, 94.1023], [29.0857, 94.1006], [29.0789, 94.1024], [29.0666, 94.1662], [29.0592, 94.1643], [29.0543, 94.1516], [29.0427, 94.142], [29.0368, 94.1259], [29.0323, 94.2103], [29.028, 94.1939], [29.0258, 94.2892], [29.0175, 94.3259], [29.0175, 94.4107], [29.0186, 94.5179], [29.0058, 94.5783], [28.9956, 94.5282], [28.9828, 94.5438], [28.9754, 94.5867], [28.9756, 94.6196], [28.9692, 94.7433], [28.9772, 94.7803], [28.9752, 94.8538], [28.9747, 95.0043], [28.986, 95.155], [28.9909, 95.3628], [28.9956, 95.4201], [29.0141, 95.5448], [29.0148, 95.5715], [29.029, 95.8076], [29.0271, 95.8105], [29.0387, 95.8696], [29.0371, 96.0979], [29.046, 96.1688], [29.0511, 96.231], [29.057, 96.6393], [29.0701, 96.5966], [29.0682, 96.7621], [29.0981, 97.0079], [29.1091, 97.1245], [29.1275, 97.4854], [29.1344, 97.6299], [29.1617, 97.7349], [29.2049, 97.996], [29.242, 98.4381], [29.3267, 98.8314], [29.3597, 99.1638], [29.386, 99.3939], [29.4471, 99.6615], [29.4707, 100.026], [29.481, 100.269], [29.4896, 100.284], [29.4746, 100.245], [29.4776, 100.163]], "git_repository_heads": {"MMMTools": ["d77f5a301e3e2f4cd16623ff82a11fbc98dc1113", 1459847935], "MMMCore": ["1d27ecc05fae8cf73cac6754bb4fa9f37155663b", 1459846333], "Simox": ["8d9023238ae3fddb74502537a3681c4318147084", 1459514263], "MMT": ["c7423751d257e7ed1c29d25547f02fa43d3d5549", 1466092673]}, "convert_db_version": 5, "object_conversion_settings": {}, "object_conversion_errors": {}, "subject_conversion_settings": {"model_files": [["mmm.xml", "83095bf1f7710e0da2eabc0dc38933fff21a487e"], ["models/RightFingerJoint43y_joint_visu.wrl", "4a8b66745234892104dc18c3f12b51653e0d22e2"], ["models/HeadSegment_joint_visu.wrl", "98bc33547d6728b266ca30ad9f3f1cd1fc964890"], ["models/RightFingerJoint23y_joint_visu.wrl", "a0d5f39a5c7aa80b2d6a4eaf255bc2ee431c4c8b"], ["models/RightFingerJoint13y_joint_visu.wrl", "f6fe45b4978386e46181511649732c2b788efffc"], ["models/RightEyeSegmentY_joint_visu.wrl", "a5e19b848b6eeb97452f27da05841286c9c8750d"], ["models/RightFingerJoint33y_joint_visu.wrl", "408d1d793635a63e5469ef6749032ed29df446cb"], ["models/RightFingerJoint42y_joint_visu.wrl", "56054907e89fe8b5298ac919d87afca5ea3112a6"], ["models/RightFingerJoint40y_joint_visu.wrl", "a6a36d6acd88295f92f5ad6137dad641a10df4b6"], ["models/RAy_joint_visu.wrl", "ce5872147a6e4132bebc90a3e1e3c1a28a103eb6"], ["models/LeftFingerJoint33y_joint_visu.wrl", "365adda3e38105f28e7045c2b0267a52336edf01"], ["models/BUNsegment_joint_visu.wrl", "0ac874bfcd0d8c4b0c3b4ec4e56c59ce39aad99d"], ["models/LeftEyeSegmentY_joint_visu.wrl", "066736ba165738d120f8d1d103b9c28b19c429bf"], ["models/RSCsegment_joint_visu.wrl", "9044f5cc6779532281b74eface97e002798a8e6d"], ["models/LHsegment_joint_visu.wrl", "3838c5fdad69c33fed501ae676c8a8a9282d9a05"], ["models/LeftFingerJoint53y_joint_visu.wrl", "cdd15d99efa93d038d04ced046fe79ae693a10d7"], ["models/RightFingerJoint21y_joint_visu.wrl", "d19626a13a08387890317675df2c2e7fe9db5eef"], ["models/RightFingerJoint12y_joint_visu.wrl", "7097cf96d3597a795575a5abe9256e0143c2ed0f"], ["models/LeftFingerJoint43y_joint_visu.wrl", "395c609ed268feb940855099f538c46a54c3a4d8"], ["models/RightFingerJoint53y_joint_visu.wrl", "9d95789602901425bad9b4435dea2b4be5431202"], ["models/LeftFingerJoint42y_joint_visu.wrl", "e487f595b7019c407f92b0f00de5260e64e56c97"], ["models/LAsegment_joint_visu.wrl", "bb0d5feb0455fbd2c425d138b7f487260f4bf1bc"], ["models/BTSegment_joint_visu.wrl", "22abe8deeec243c99e31ec02fa59372e98ac8471"], ["models/RKsegment_joint_visu.wrl", "18b381d65e3337bcb0d1ff5928773884a1e17d57"], ["models/LeftFingerJoint41y_joint_visu.wrl", "61402f6746307792f4303e574af749b94086a4ec"], ["models/LSCsegment_joint_visu.wrl", "c32a20b7e31becf394d78b5655efc5565b038b80"], ["models/LeftFingerJoint11y_joint_visu.wrl", "0cbfceda8d89deb375f7933c8078af5147ec84b2"], ["models/RightFingerJoint41y_joint_visu.wrl", "020541ab865e4e3e9fa2695e0f4eff71b52ad52d"], ["models/RWy_joint_visu.wrl", "2b11028aee46fb62e614338be3dd5644c1a824ee"], ["models/LeftFingerJoint23y_joint_visu.wrl", "478e70ae519508040adb535da7a7998bba1b8c42"], ["models/RSsegment_joint_visu.wrl", "612de2c24f203d5846930907a5df9cef5d9578dd"], ["models/LeftFingerJoint12y_joint_visu.wrl", "024079388e0352cf2dd7d6c0c4d45ee34851930c"], ["models/LWsegment_joint_visu.wrl", "3c8bc8f30c2fdfc5956ddac1f868ed768806d7fd"], ["models/RightFingerJoint22y_joint_visu.wrl", "0b36fec3092c4692c7809ee795740f148ffb0be8"], ["models/RMrot_joint_visu.wrl", "a56cefc9affb5ca3f87c8ad0a9ef880f3355f2f0"], ["models/LeftFingerJoint40y_joint_visu.wrl", "ebee55b3729d26fb04a73d5b427025dbf464f288"], ["models/LeftFingerJoint21y_joint_visu.wrl", "a890d2d55d8afbe701827374715b7e671862cc4f"], ["models/REsegment_joint_visu.wrl", "d709750461631f850f8441b85f4861ca47df51ae"], ["models/RHsegment_joint_visu.wrl", "54fb3a26ddb8f2d419752eb76c4e488efef6b43c"], ["models/RightFingerJoint52y_joint_visu.wrl", "44f18db78bed86bf1ddb981a1e678027e51db918"], ["models/RightFingerJoint50y_joint_visu.wrl", "13ede518eb635943fcd4564499f4fdb69d27780e"], ["models/LFx_joint_visu.wrl", "5d47b342ff68d5d2b2d9c7e22c5cf098909060c6"], ["models/LKsegment_joint_visu.wrl", "5780b7d3a585852e8707cb2363bfa8d4d3b461f7"], ["models/LeftFingerJoint13y_joint_visu.wrl", "8a00c78adf18bdebd78a513323b5f28f02d117be"], ["models/RightFingerJoint51y_joint_visu.wrl", "d78052a78ea694e1d35e6b91354db0a64493fbf4"], ["models/RightFingerJoint11y_joint_visu.wrl", "a05a4116eafe1434c190e03faa62753bcd333105"], ["models/LeftFingerJoint22y_joint_visu.wrl", "7fee0851bbbc487512ffb12e46d738fc0837aa0c"], ["models/LAy_joint_visu.wrl", "de3953d8ffbf479f0eb229748cfdd897a408012e"], ["models/LEsegment_joint_visu.wrl", "1bf5a0382df53cb4aef1ebf578e4d535a0cd3d7b"], ["models/RightFingerJoint31y_joint_visu.wrl", "4f0efb942b57fffc5b3177798a71bcdbb9b92042"], ["models/LeftFingerJoint32y_joint_visu.wrl", "685ae87120ee0d9ba5d764c8ff99385aa9d79a04"], ["models/RightFingerJoint32y_joint_visu.wrl", "47d29dfecd9514a3973b021c83bc361364341093"], ["models/LeftFingerJoint31y_joint_visu.wrl", "d24789234312bf68c77c7830508763d07f9feec0"], ["models/LMrot_joint_visu.wrl", "94047f5a29e3373271bba5d61ccbbacf9bfb01af"], ["models/LWy_joint_visu.wrl", "33ba8f54774fa65838a8ae38c3d558f06fe00bc0"], ["models/LeftFingerJoint52y_joint_visu.wrl", "3f7d688708cf5f55104348d5bc102dcc7b7a0a66"], ["models/LSsegment_joint_visu.wrl", "f34e7eae1658b3ae618b5bc40ebc1da529c7e0a3"], ["models/RAsegment_joint_visu.wrl", "bf9735bb8cbd74e01e9087f0ccad4783edc49231"], ["models/LeftFingerJoint50y_joint_visu.wrl", "c2f6364fe16768bd1382d1b02c327d9dcf43fd03"], ["models/LeftFingerJoint51y_joint_visu.wrl", "0c2664365d375a3d9dd190818483e292027433d3"], ["models/LeftHandSegment_joint_visu.wrl", "581235ef3290f47c527e74693e4a232056642bcf"], ["models/BTy_joint_visu.wrl", "818c33f75e2b278db824d223d8796b1d1ca48213"], ["models/RWsegment_joint_visu.wrl", "de46619cf74eb2ffe74ab7fdaaf4cd485034b959"], ["models/RFx_joint_visu.wrl", "7e0fad07af2c1f6a4bad2e40caa9cdcfafa5d748"]], "converter_config": "<ConverterConfig type=\"NloptConverter\"><Model><MarkerMapping><Mapping c3d=\"LIFD\" mmm=\"MARKER_LIFD\" /><Mapping c3d=\"LKNE\" mmm=\"MARKER_LKNE\" /><Mapping c3d=\"LWPS\" mmm=\"MARKER_LWPS\" /><Mapping c3d=\"RANK\" mmm=\"MARKER_RANK\" /><Mapping c3d=\"T10\" mmm=\"MARKER_T10\" /><Mapping c3d=\"LBHD\" mmm=\"MARKER_LBHD\" /><Mapping c3d=\"LBAK\" mmm=\"MARKER_LBAK\" /><Mapping c3d=\"RBAK\" mmm=\"MARKER_RBAK\" /><Mapping c3d=\"RTIP\" mmm=\"MARKER_RTIP\" /><Mapping c3d=\"RMT1\" mmm=\"MARKER_RMT1\" /><Mapping c3d=\"LTOE\" mmm=\"MARKER_LTOE\" /><Mapping c3d=\"RHTS\" mmm=\"MARKER_RHTS\" /><Mapping c3d=\"RMT5\" mmm=\"MARKER_RMT5\" /><Mapping c3d=\"LTIP\" mmm=\"MARKER_LTIP\" /><Mapping c3d=\"LHTS\" mmm=\"MARKER_LHTS\" /><Mapping c3d=\"RAEL\" mmm=\"MARKER_RAEL\" /><Mapping c3d=\"RKNE\" mmm=\"MARKER_RKNE\" /><Mapping c3d=\"LHPS\" mmm=\"MARKER_LHPS\" /><Mapping c3d=\"LANK\" mmm=\"MARKER_LANK\" /><Mapping c3d=\"LWTS\" mmm=\"MARKER_LWTS\" /><Mapping c3d=\"RIFD\" mmm=\"MARKER_RIFD\" /><Mapping c3d=\"RAOL\" mmm=\"MARKER_RAOL\" /><Mapping c3d=\"CLAV\" mmm=\"MARKER_CLAV\" /><Mapping c3d=\"LASI\" mmm=\"MARKER_LASI\" /><Mapping c3d=\"C7\" mmm=\"MARKER_C7\" /><Mapping c3d=\"LHEE\" mmm=\"MARKER_LHEE\" /><Mapping c3d=\"LTHI\" mmm=\"MARKER_LTHI\" /><Mapping c3d=\"RTHI\" mmm=\"MARKER_RTHI\" /><Mapping c3d=\"RFHD\" mmm=\"MARKER_RFHD\" /><Mapping c3d=\"LUPA\" mmm=\"MARKER_LUPA\" /><Mapping c3d=\"LFHD\" mmm=\"MARKER_LFHD\" /><Mapping c3d=\"RHIP\" mmm=\"MARKER_RHIP\" /><Mapping c3d=\"RWPS\" mmm=\"MARKER_RWPS\" /><Mapping c3d=\"LMT1\" mmm=\"MARKER_LMT1\" /><Mapping c3d=\"L3\" mmm=\"MARKER_L3\" /><Mapping c3d=\"LFRA\" mmm=\"MARKER_LFRA\" /><Mapping c3d=\"LPSI\" mmm=\"MARKER_LPSI\" /><Mapping c3d=\"RPSI\" mmm=\"MARKER_RPSI\" /><Mapping c3d=\"LAOL\" mmm=\"MARKER_LAOL\" /><Mapping c3d=\"RBHD\" mmm=\"MARKER_RBHD\" /><Mapping c3d=\"RUPA\" mmm=\"MARKER_RUPA\" /><Mapping c3d=\"RASI\" mmm=\"MARKER_RASI\" /><Mapping c3d=\"RWTS\" mmm=\"MARKER_RWTS\" /><Mapping c3d=\"LHIP\" mmm=\"MARKER_LHIP\" /><Mapping c3d=\"STRN\" mmm=\"MARKER_STRN\" /><Mapping c3d=\"LAEL\" mmm=\"MARKER_LAEL\" /><Mapping c3d=\"RHPS\" mmm=\"MARKER_RHPS\" /><Mapping c3d=\"RTOE\" mmm=\"MARKER_RTOE\" /><Mapping c3d=\"RHEE\" mmm=\"MARKER_RHEE\" /><Mapping c3d=\"LMT5\" mmm=\"MARKER_LMT5\" /></MarkerMapping><JointSet><Joint name=\"BLNx_joint\" /><Joint name=\"BLNy_joint\" /><Joint name=\"BLNz_joint\" /><Joint name=\"BPx_joint\" /><Joint name=\"BPy_joint\" /><Joint name=\"BPz_joint\" /><Joint name=\"BTx_joint\" /><Joint name=\"BTy_joint\" /><Joint name=\"BTz_joint\" /><Joint name=\"BUNx_joint\" /><Joint name=\"BUNy_joint\" /><Joint name=\"BUNz_joint\" /><Joint name=\"LAx_joint\" /><Joint name=\"LAy_joint\" /><Joint name=\"LAz_joint\" /><Joint name=\"LEx_joint\" /><Joint name=\"LEz_joint\" /><Joint name=\"LHx_joint\" /><Joint name=\"LHy_joint\" /><Joint name=\"LHz_joint\" /><Joint name=\"LKx_joint\" /><Joint name=\"LSx_joint\" /><Joint name=\"LSy_joint\" /><Joint name=\"LSz_joint\" /><Joint name=\"LWx_joint\" /><Joint name=\"LWy_joint\" /><Joint name=\"LFx_joint\" /><Joint name=\"LMrot_joint\" /><Joint name=\"RAx_joint\" /><Joint name=\"RAy_joint\" /><Joint name=\"RAz_joint\" /><Joint name=\"REx_joint\" /><Joint name=\"REz_joint\" /><Joint name=\"RHx_joint\" /><Joint name=\"RHy_joint\" /><Joint name=\"RHz_joint\" /><Joint name=\"RKx_joint\" /><Joint name=\"RSx_joint\" /><Joint name=\"RSy_joint\" /><Joint name=\"RSz_joint\" /><Joint name=\"RWx_joint\" /><Joint name=\"RWy_joint\" /><Joint name=\"RFx_joint\" /><Joint name=\"RMrot_joint\" /></JointSet></Model></ConverterConfig>", "model_processor_config": "<ModelProcessorConfig type=\"Winter\"><height>1.83</height><mass>100</mass></ModelProcessorConfig>"}, "subject_missing_markers": []}