Motion Database Converter

User/Host: mmm @ i61motiondb
Date: 2016-08-12 19:26:39
Input File: hand_through_hair_right_arm_02.c3d (ID #60880, created 2016-08-12 09:10:33)

The HEADs of the git repositories used for conversion are:
  MMMCore: 1d27ecc05fae8cf73cac6754bb4fa9f37155663b (2016-04-05 08:52:13)
  MMMTools: d77f5a301e3e2f4cd16623ff82a11fbc98dc1113 (2016-04-05 09:18:55)
  MMT: c7423751d257e7ed1c29d25547f02fa43d3d5549 (2016-06-16 15:57:53)
  Simox: 8d9023238ae3fddb74502537a3681c4318147084 (2016-04-01 12:37:43)

Configuration for subject:
  Converter config:
    <ConverterConfig type="NloptConverter"><Model><MarkerMapping><Mapping c3d="LIFD" mmm="MARKER_LIFD" /><Mapping c3d="LKNE" mmm="MARKER_LKNE" /><Mapping c3d="LWPS" mmm="MARKER_LWPS" /><Mapping c3d="RANK" mmm="MARKER_RANK" /><Mapping c3d="T10" mmm="MARKER_T10" /><Mapping c3d="LBHD" mmm="MARKER_LBHD" /><Mapping c3d="LBAK" mmm="MARKER_LBAK" /><Mapping c3d="RBAK" mmm="MARKER_RBAK" /><Mapping c3d="RTIP" mmm="MARKER_RTIP" /><Mapping c3d="RMT1" mmm="MARKER_RMT1" /><Mapping c3d="LTOE" mmm="MARKER_LTOE" /><Mapping c3d="RHTS" mmm="MARKER_RHTS" /><Mapping c3d="RMT5" mmm="MARKER_RMT5" /><Mapping c3d="LTIP" mmm="MARKER_LTIP" /><Mapping c3d="LHTS" mmm="MARKER_LHTS" /><Mapping c3d="RAEL" mmm="MARKER_RAEL" /><Mapping c3d="RKNE" mmm="MARKER_RKNE" /><Mapping c3d="LHPS" mmm="MARKER_LHPS" /><Mapping c3d="LANK" mmm="MARKER_LANK" /><Mapping c3d="LWTS" mmm="MARKER_LWTS" /><Mapping c3d="RIFD" mmm="MARKER_RIFD" /><Mapping c3d="RAOL" mmm="MARKER_RAOL" /><Mapping c3d="CLAV" mmm="MARKER_CLAV" /><Mapping c3d="LASI" mmm="MARKER_LASI" /><Mapping c3d="C7" mmm="MARKER_C7" /><Mapping c3d="LHEE" mmm="MARKER_LHEE" /><Mapping c3d="LTHI" mmm="MARKER_LTHI" /><Mapping c3d="RTHI" mmm="MARKER_RTHI" /><Mapping c3d="RFHD" mmm="MARKER_RFHD" /><Mapping c3d="LUPA" mmm="MARKER_LUPA" /><Mapping c3d="LFHD" mmm="MARKER_LFHD" /><Mapping c3d="RHIP" mmm="MARKER_RHIP" /><Mapping c3d="RWPS" mmm="MARKER_RWPS" /><Mapping c3d="LMT1" mmm="MARKER_LMT1" /><Mapping c3d="L3" mmm="MARKER_L3" /><Mapping c3d="LFRA" mmm="MARKER_LFRA" /><Mapping c3d="LPSI" mmm="MARKER_LPSI" /><Mapping c3d="RPSI" mmm="MARKER_RPSI" /><Mapping c3d="LAOL" mmm="MARKER_LAOL" /><Mapping c3d="RBHD" mmm="MARKER_RBHD" /><Mapping c3d="RUPA" mmm="MARKER_RUPA" /><Mapping c3d="RASI" mmm="MARKER_RASI" /><Mapping c3d="RWTS" mmm="MARKER_RWTS" /><Mapping c3d="LHIP" mmm="MARKER_LHIP" /><Mapping c3d="STRN" mmm="MARKER_STRN" /><Mapping c3d="LAEL" mmm="MARKER_LAEL" /><Mapping c3d="RHPS" mmm="MARKER_RHPS" /><Mapping c3d="RTOE" mmm="MARKER_RTOE" /><Mapping c3d="RHEE" mmm="MARKER_RHEE" /><Mapping c3d="LMT5" mmm="MARKER_LMT5" /></MarkerMapping><JointSet><Joint name="BLNx_joint" /><Joint name="BLNy_joint" /><Joint name="BLNz_joint" /><Joint name="BPx_joint" /><Joint name="BPy_joint" /><Joint name="BPz_joint" /><Joint name="BTx_joint" /><Joint name="BTy_joint" /><Joint name="BTz_joint" /><Joint name="BUNx_joint" /><Joint name="BUNy_joint" /><Joint name="BUNz_joint" /><Joint name="LAx_joint" /><Joint name="LAy_joint" /><Joint name="LAz_joint" /><Joint name="LEx_joint" /><Joint name="LEz_joint" /><Joint name="LHx_joint" /><Joint name="LHy_joint" /><Joint name="LHz_joint" /><Joint name="LKx_joint" /><Joint name="LSx_joint" /><Joint name="LSy_joint" /><Joint name="LSz_joint" /><Joint name="LWx_joint" /><Joint name="LWy_joint" /><Joint name="LFx_joint" /><Joint name="LMrot_joint" /><Joint name="RAx_joint" /><Joint name="RAy_joint" /><Joint name="RAz_joint" /><Joint name="REx_joint" /><Joint name="REz_joint" /><Joint name="RHx_joint" /><Joint name="RHy_joint" /><Joint name="RHz_joint" /><Joint name="RKx_joint" /><Joint name="RSx_joint" /><Joint name="RSy_joint" /><Joint name="RSz_joint" /><Joint name="RWx_joint" /><Joint name="RWy_joint" /><Joint name="RFx_joint" /><Joint name="RMrot_joint" /></JointSet></Model></ConverterConfig>

  Model processor config:
    <ModelProcessorConfig type="Winter"><height>1.83</height><mass>100</mass></ModelProcessorConfig>

  Model files:
    mmm.xml -> 83095bf1f7710e0da2eabc0dc38933fff21a487e
    models/RightFingerJoint43y_joint_visu.wrl -> 4a8b66745234892104dc18c3f12b51653e0d22e2
    models/HeadSegment_joint_visu.wrl -> 98bc33547d6728b266ca30ad9f3f1cd1fc964890
    models/RightFingerJoint23y_joint_visu.wrl -> a0d5f39a5c7aa80b2d6a4eaf255bc2ee431c4c8b
    models/RightFingerJoint13y_joint_visu.wrl -> f6fe45b4978386e46181511649732c2b788efffc
    models/RightEyeSegmentY_joint_visu.wrl -> a5e19b848b6eeb97452f27da05841286c9c8750d
    models/RightFingerJoint33y_joint_visu.wrl -> 408d1d793635a63e5469ef6749032ed29df446cb
    models/RightFingerJoint42y_joint_visu.wrl -> 56054907e89fe8b5298ac919d87afca5ea3112a6
    models/RightFingerJoint40y_joint_visu.wrl -> a6a36d6acd88295f92f5ad6137dad641a10df4b6
    models/RAy_joint_visu.wrl -> ce5872147a6e4132bebc90a3e1e3c1a28a103eb6
    models/LeftFingerJoint33y_joint_visu.wrl -> 365adda3e38105f28e7045c2b0267a52336edf01
    models/BUNsegment_joint_visu.wrl -> 0ac874bfcd0d8c4b0c3b4ec4e56c59ce39aad99d
    models/LeftEyeSegmentY_joint_visu.wrl -> 066736ba165738d120f8d1d103b9c28b19c429bf
    models/RSCsegment_joint_visu.wrl -> 9044f5cc6779532281b74eface97e002798a8e6d
    models/LHsegment_joint_visu.wrl -> 3838c5fdad69c33fed501ae676c8a8a9282d9a05
    models/LeftFingerJoint53y_joint_visu.wrl -> cdd15d99efa93d038d04ced046fe79ae693a10d7
    models/RightFingerJoint21y_joint_visu.wrl -> d19626a13a08387890317675df2c2e7fe9db5eef
    models/RightFingerJoint12y_joint_visu.wrl -> 7097cf96d3597a795575a5abe9256e0143c2ed0f
    models/LeftFingerJoint43y_joint_visu.wrl -> 395c609ed268feb940855099f538c46a54c3a4d8
    models/RightFingerJoint53y_joint_visu.wrl -> 9d95789602901425bad9b4435dea2b4be5431202
    models/LeftFingerJoint42y_joint_visu.wrl -> e487f595b7019c407f92b0f00de5260e64e56c97
    models/LAsegment_joint_visu.wrl -> bb0d5feb0455fbd2c425d138b7f487260f4bf1bc
    models/BTSegment_joint_visu.wrl -> 22abe8deeec243c99e31ec02fa59372e98ac8471
    models/RKsegment_joint_visu.wrl -> 18b381d65e3337bcb0d1ff5928773884a1e17d57
    models/LeftFingerJoint41y_joint_visu.wrl -> 61402f6746307792f4303e574af749b94086a4ec
    models/LSCsegment_joint_visu.wrl -> c32a20b7e31becf394d78b5655efc5565b038b80
    models/LeftFingerJoint11y_joint_visu.wrl -> 0cbfceda8d89deb375f7933c8078af5147ec84b2
    models/RightFingerJoint41y_joint_visu.wrl -> 020541ab865e4e3e9fa2695e0f4eff71b52ad52d
    models/RWy_joint_visu.wrl -> 2b11028aee46fb62e614338be3dd5644c1a824ee
    models/LeftFingerJoint23y_joint_visu.wrl -> 478e70ae519508040adb535da7a7998bba1b8c42
    models/RSsegment_joint_visu.wrl -> 612de2c24f203d5846930907a5df9cef5d9578dd
    models/LeftFingerJoint12y_joint_visu.wrl -> 024079388e0352cf2dd7d6c0c4d45ee34851930c
    models/LWsegment_joint_visu.wrl -> 3c8bc8f30c2fdfc5956ddac1f868ed768806d7fd
    models/RightFingerJoint22y_joint_visu.wrl -> 0b36fec3092c4692c7809ee795740f148ffb0be8
    models/RMrot_joint_visu.wrl -> a56cefc9affb5ca3f87c8ad0a9ef880f3355f2f0
    models/LeftFingerJoint40y_joint_visu.wrl -> ebee55b3729d26fb04a73d5b427025dbf464f288
    models/LeftFingerJoint21y_joint_visu.wrl -> a890d2d55d8afbe701827374715b7e671862cc4f
    models/REsegment_joint_visu.wrl -> d709750461631f850f8441b85f4861ca47df51ae
    models/RHsegment_joint_visu.wrl -> 54fb3a26ddb8f2d419752eb76c4e488efef6b43c
    models/RightFingerJoint52y_joint_visu.wrl -> 44f18db78bed86bf1ddb981a1e678027e51db918
    models/RightFingerJoint50y_joint_visu.wrl -> 13ede518eb635943fcd4564499f4fdb69d27780e
    models/LFx_joint_visu.wrl -> 5d47b342ff68d5d2b2d9c7e22c5cf098909060c6
    models/LKsegment_joint_visu.wrl -> 5780b7d3a585852e8707cb2363bfa8d4d3b461f7
    models/LeftFingerJoint13y_joint_visu.wrl -> 8a00c78adf18bdebd78a513323b5f28f02d117be
    models/RightFingerJoint51y_joint_visu.wrl -> d78052a78ea694e1d35e6b91354db0a64493fbf4
    models/RightFingerJoint11y_joint_visu.wrl -> a05a4116eafe1434c190e03faa62753bcd333105
    models/LeftFingerJoint22y_joint_visu.wrl -> 7fee0851bbbc487512ffb12e46d738fc0837aa0c
    models/LAy_joint_visu.wrl -> de3953d8ffbf479f0eb229748cfdd897a408012e
    models/LEsegment_joint_visu.wrl -> 1bf5a0382df53cb4aef1ebf578e4d535a0cd3d7b
    models/RightFingerJoint31y_joint_visu.wrl -> 4f0efb942b57fffc5b3177798a71bcdbb9b92042
    models/LeftFingerJoint32y_joint_visu.wrl -> 685ae87120ee0d9ba5d764c8ff99385aa9d79a04
    models/RightFingerJoint32y_joint_visu.wrl -> 47d29dfecd9514a3973b021c83bc361364341093
    models/LeftFingerJoint31y_joint_visu.wrl -> d24789234312bf68c77c7830508763d07f9feec0
    models/LMrot_joint_visu.wrl -> 94047f5a29e3373271bba5d61ccbbacf9bfb01af
    models/LWy_joint_visu.wrl -> 33ba8f54774fa65838a8ae38c3d558f06fe00bc0
    models/LeftFingerJoint52y_joint_visu.wrl -> 3f7d688708cf5f55104348d5bc102dcc7b7a0a66
    models/LSsegment_joint_visu.wrl -> f34e7eae1658b3ae618b5bc40ebc1da529c7e0a3
    models/RAsegment_joint_visu.wrl -> bf9735bb8cbd74e01e9087f0ccad4783edc49231
    models/LeftFingerJoint50y_joint_visu.wrl -> c2f6364fe16768bd1382d1b02c327d9dcf43fd03
    models/LeftFingerJoint51y_joint_visu.wrl -> 0c2664365d375a3d9dd190818483e292027433d3
    models/LeftHandSegment_joint_visu.wrl -> 581235ef3290f47c527e74693e4a232056642bcf
    models/BTy_joint_visu.wrl -> 818c33f75e2b278db824d223d8796b1d1ca48213
    models/RWsegment_joint_visu.wrl -> de46619cf74eb2ffe74ab7fdaaf4cd485034b959
    models/RFx_joint_visu.wrl -> 7e0fad07af2c1f6a4bad2e40caa9cdcfafa5d748

Missing subject markers: []

Subject conversion error:
Conversion Error: avg/avg = 29.76, worst avg = 31.51, worst max = 106.25

The per-frame conversion errors are: (avg/max for subject and every object)
  Frame 0: 29.80/97.16
  Frame 1: 29.71/97.00
  Frame 2: 29.61/97.05
  Frame 3: 29.52/97.22
  Frame 4: 29.48/97.32
  Frame 5: 29.42/97.05
  Frame 6: 29.38/97.17
  Frame 7: 29.36/97.17
  Frame 8: 29.34/97.31
  Frame 9: 29.33/97.05
  Frame 10: 29.32/97.19
  Frame 11: 29.31/97.20
  Frame 12: 29.32/97.09
  Frame 13: 29.30/97.08
  Frame 14: 29.27/97.08
  Frame 15: 29.27/97.03
  Frame 16: 29.23/97.01
  Frame 17: 29.19/97.00
  Frame 18: 29.16/97.00
  Frame 19: 29.15/96.92
  Frame 20: 29.14/96.90
  Frame 21: 29.15/96.99
  Frame 22: 29.13/96.92
  Frame 23: 29.12/96.88
  Frame 24: 29.09/96.74
  Frame 25: 29.08/96.74
  Frame 26: 29.06/96.83
  Frame 27: 29.06/96.76
  Frame 28: 29.05/96.74
  Frame 29: 29.04/96.77
  Frame 30: 29.03/96.82
  Frame 31: 29.04/96.70
  Frame 32: 29.02/96.80
  Frame 33: 29.02/96.83
  Frame 34: 29.00/96.73
  Frame 35: 29.01/96.67
  Frame 36: 28.99/96.58
  Frame 37: 28.98/96.70
  Frame 38: 28.99/96.64
  Frame 39: 29.00/96.70
  Frame 40: 28.99/96.60
  Frame 41: 28.99/96.73
  Frame 42: 29.01/96.92
  Frame 43: 29.02/97.15
  Frame 44: 29.03/97.08
  Frame 45: 29.04/97.15
  Frame 46: 29.01/97.07
  Frame 47: 29.03/97.34
  Frame 48: 29.04/97.54
  Frame 49: 29.04/97.27
  Frame 50: 29.04/97.16
  Frame 51: 29.06/97.29
  Frame 52: 29.09/97.80
  Frame 53: 29.08/97.83
  Frame 54: 29.09/97.67
  Frame 55: 29.11/97.68
  Frame 56: 29.11/97.38
  Frame 57: 29.15/97.26
  Frame 58: 29.15/97.31
  Frame 59: 29.15/97.53
  Frame 60: 29.21/97.79
  Frame 61: 29.20/97.73
  Frame 62: 29.21/97.73
  Frame 63: 29.21/97.59
  Frame 64: 29.21/97.30
  Frame 65: 29.20/97.31
  Frame 66: 29.18/97.41
  Frame 67: 29.20/97.40
  Frame 68: 29.21/97.68
  Frame 69: 29.21/97.57
  Frame 70: 29.19/97.76
  Frame 71: 29.19/97.48
  Frame 72: 29.21/97.65
  Frame 73: 29.18/97.70
  Frame 74: 29.18/97.64
  Frame 75: 29.18/97.71
  Frame 76: 29.22/97.92
  Frame 77: 29.25/98.00
  Frame 78: 29.23/98.66
  Frame 79: 29.32/98.82
  Frame 80: 29.31/99.29
  Frame 81: 29.34/99.80
  Frame 82: 29.35/99.88
  Frame 83: 29.42/100.50
  Frame 84: 29.53/100.96
  Frame 85: 29.49/101.14
  Frame 86: 29.57/101.48
  Frame 87: 29.63/101.73
  Frame 88: 29.67/102.18
  Frame 89: 29.73/102.55
  Frame 90: 29.76/103.02
  Frame 91: 29.81/103.29
  Frame 92: 29.86/103.92
  Frame 93: 29.92/104.28
  Frame 94: 29.93/104.50
  Frame 95: 29.98/104.77
  Frame 96: 29.99/104.75
  Frame 97: 30.01/104.87
  Frame 98: 30.05/105.09
  Frame 99: 30.11/105.42
  Frame 100: 30.10/105.47
  Frame 101: 30.14/105.91
  Frame 102: 30.16/105.92
  Frame 103: 30.19/106.25
  Frame 104: 30.21/106.08
  Frame 105: 30.19/106.04
  Frame 106: 30.19/106.04
  Frame 107: 30.25/105.99
  Frame 108: 30.24/105.96
  Frame 109: 30.25/105.91
  Frame 110: 30.28/105.91
  Frame 111: 30.27/105.63
  Frame 112: 30.26/105.54
  Frame 113: 30.25/105.48
  Frame 114: 30.29/105.47
  Frame 115: 30.29/105.41
  Frame 116: 30.29/105.19
  Frame 117: 30.32/105.26
  Frame 118: 30.31/105.17
  Frame 119: 30.32/105.18
  Frame 120: 30.31/105.12
  Frame 121: 30.32/105.24
  Frame 122: 30.31/105.14
  Frame 123: 30.31/105.05
  Frame 124: 30.31/105.09
  Frame 125: 30.29/104.76
  Frame 126: 30.30/104.91
  Frame 127: 30.29/104.91
  Frame 128: 30.28/104.59
  Frame 129: 30.27/104.43
  Frame 130: 30.27/104.55
  Frame 131: 30.29/104.60
  Frame 132: 30.29/104.29
  Frame 133: 30.29/104.18
  Frame 134: 30.30/104.22
  Frame 135: 30.32/104.12
  Frame 136: 30.33/104.07
  Frame 137: 30.35/103.94
  Frame 138: 30.35/104.00
  Frame 139: 30.37/103.90
  Frame 140: 30.37/103.68
  Frame 141: 30.39/103.59
  Frame 142: 30.41/103.54
  Frame 143: 30.42/103.53
  Frame 144: 30.42/103.42
  Frame 145: 30.41/103.21
  Frame 146: 30.43/103.15
  Frame 147: 30.43/103.06
  Frame 148: 30.44/102.89
  Frame 149: 30.45/102.88
  Frame 150: 30.48/102.90
  Frame 151: 30.48/102.77
  Frame 152: 30.49/102.64
  Frame 153: 30.51/102.62
  Frame 154: 30.55/102.51
  Frame 155: 30.57/102.59
  Frame 156: 30.59/102.59
  Frame 157: 30.63/102.70
  Frame 158: 30.66/102.78
  Frame 159: 30.68/102.74
  Frame 160: 30.71/102.72
  Frame 161: 30.74/102.67
  Frame 162: 30.77/102.82
  Frame 163: 30.79/102.79
  Frame 164: 30.82/102.77
  Frame 165: 30.85/102.77
  Frame 166: 30.88/102.72
  Frame 167: 30.91/102.58
  Frame 168: 30.92/102.63
  Frame 169: 30.95/102.47
  Frame 170: 30.97/102.48
  Frame 171: 31.02/102.56
  Frame 172: 31.05/102.59
  Frame 173: 31.09/102.59
  Frame 174: 31.14/102.64
  Frame 175: 31.19/102.60
  Frame 176: 31.25/102.64
  Frame 177: 31.29/102.61
  Frame 178: 31.34/102.61
  Frame 179: 31.38/102.73
  Frame 180: 31.42/102.75
  Frame 181: 31.46/102.79
  Frame 182: 31.49/102.77
  Frame 183: 31.50/102.85
  Frame 184: 31.51/102.84
  Frame 185: 31.51/102.78
  Frame 186: 31.51/102.79
  Frame 187: 31.51/102.82
  Frame 188: 31.50/102.85
  Frame 189: 31.47/102.83
  Frame 190: 31.46/102.60
  Frame 191: 31.43/102.61
  Frame 192: 31.40/102.59
  Frame 193: 31.38/102.45
  Frame 194: 31.34/102.33
  Frame 195: 31.32/102.20
  Frame 196: 31.30/102.12
  Frame 197: 31.27/102.00
  Frame 198: 31.24/101.96
  Frame 199: 31.22/101.84
  Frame 200: 31.20/101.75
  Frame 201: 31.16/101.73
  Frame 202: 31.13/101.60
  Frame 203: 31.09/101.57
  Frame 204: 31.05/101.54
  Frame 205: 31.01/101.48
  Frame 206: 30.96/101.33
  Frame 207: 30.93/101.17
  Frame 208: 30.89/101.03
  Frame 209: 30.84/100.97
  Frame 210: 30.80/100.94
  Frame 211: 30.75/100.84
  Frame 212: 30.72/100.78
  Frame 213: 30.69/100.65
  Frame 214: 30.64/100.53
  Frame 215: 30.60/100.62
  Frame 216: 30.56/100.55
  Frame 217: 30.54/100.50
  Frame 218: 30.51/100.50
  Frame 219: 30.48/100.64
  Frame 220: 30.44/100.67
  Frame 221: 30.43/101.18
  Frame 222: 30.42/101.53
  Frame 223: 30.40/101.79
  Frame 224: 30.38/102.08
  Frame 225: 30.38/102.31
  Frame 226: 30.34/102.37
  Frame 227: 30.34/102.15
  Frame 228: 30.36/102.68
  Frame 229: 30.36/102.54
  Frame 230: 30.36/102.68
  Frame 231: 30.38/102.82
  Frame 232: 30.39/103.15
  Frame 233: 30.39/103.34
  Frame 234: 30.42/103.73
  Frame 235: 30.44/104.20
  Frame 236: 30.44/104.25
  Frame 237: 30.40/104.28
  Frame 238: 30.43/104.53
  Frame 239: 30.38/104.59
  Frame 240: 30.37/104.78
  Frame 241: 30.34/104.73
  Frame 242: 30.28/104.54
  Frame 243: 30.26/104.52
  Frame 244: 30.24/104.48
  Frame 245: 30.22/104.52
  Frame 246: 30.21/104.28
  Frame 247: 30.16/104.03
  Frame 248: 30.13/103.36
  Frame 249: 30.09/103.50
  Frame 250: 30.08/103.48
  Frame 251: 30.02/103.08
  Frame 252: 29.97/102.58
  Frame 253: 29.94/102.38
  Frame 254: 29.88/102.01
  Frame 255: 29.82/101.83
  Frame 256: 29.77/101.43
  Frame 257: 29.71/101.00
  Frame 258: 29.62/100.47
  Frame 259: 29.58/100.01
  Frame 260: 29.57/99.49
  Frame 261: 29.51/98.73
  Frame 262: 29.43/98.45
  Frame 263: 29.39/98.44
  Frame 264: 29.32/98.29
  Frame 265: 29.30/98.16
  Frame 266: 29.27/97.66
  Frame 267: 29.24/97.62
  Frame 268: 29.25/96.86
  Frame 269: 29.24/96.63
  Frame 270: 29.21/96.45
  Frame 271: 29.18/96.18
  Frame 272: 29.18/95.98
  Frame 273: 29.19/95.69
  Frame 274: 29.15/95.13
  Frame 275: 29.16/95.62
  Frame 276: 29.17/95.55
  Frame 277: 29.16/95.18
  Frame 278: 29.17/95.09
  Frame 279: 29.11/94.71
  Frame 280: 29.16/94.66
  Frame 281: 29.11/94.82
  Frame 282: 29.10/94.93
  Frame 283: 29.10/95.17
  Frame 284: 29.08/94.97
  Frame 285: 29.11/94.57
  Frame 286: 29.07/94.57
  Frame 287: 29.03/94.41
  Frame 288: 29.00/94.40
  Frame 289: 28.99/94.51
  Frame 290: 28.96/94.54
  Frame 291: 28.93/94.53
  Frame 292: 28.92/93.70
  Frame 293: 28.90/93.40
  Frame 294: 28.88/93.36
  Frame 295: 28.88/92.87
  Frame 296: 28.87/93.07
  Frame 297: 28.86/92.92
  Frame 298: 28.86/93.09
  Frame 299: 28.87/93.15
  Frame 300: 28.85/93.21
  Frame 301: 28.88/92.92
  Frame 302: 28.92/92.67
  Frame 303: 28.92/92.87
  Frame 304: 28.95/93.09
  Frame 305: 28.97/93.44
  Frame 306: 29.01/93.49
  Frame 307: 29.03/93.36
  Frame 308: 29.05/93.34
  Frame 309: 29.07/93.44
  Frame 310: 29.06/93.36
  Frame 311: 29.05/93.39
  Frame 312: 29.04/93.41
  Frame 313: 29.04/93.41
  Frame 314: 29.02/93.38
  Frame 315: 29.00/93.45
  Frame 316: 28.99/93.63
  Frame 317: 28.98/93.69
  Frame 318: 28.96/93.74
  Frame 319: 28.96/93.72
  Frame 320: 28.95/93.76
  Frame 321: 28.93/93.84
  Frame 322: 28.92/94.01
  Frame 323: 28.92/94.02
  Frame 324: 28.91/94.02
  Frame 325: 28.90/94.05
  Frame 326: 28.89/94.04
  Frame 327: 28.87/94.11
  Frame 328: 28.88/94.10
  Frame 329: 28.87/94.15
  Frame 330: 28.86/94.16
  Frame 331: 28.86/94.15
  Frame 332: 28.86/94.17
  Frame 333: 28.86/94.22
  Frame 334: 28.85/94.27
  Frame 335: 28.84/94.24
  Frame 336: 28.84/94.26
  Frame 337: 28.83/94.30
  Frame 338: 28.83/94.35
  Frame 339: 28.83/94.40
  Frame 340: 28.83/94.40
  Frame 341: 28.83/94.35
  Frame 342: 28.83/94.30
  Frame 343: 28.83/94.32
  Frame 344: 28.84/94.18
  Frame 345: 28.84/94.18
  Frame 346: 28.84/94.06
  Frame 347: 28.85/94.05
  Frame 348: 28.86/94.09
  Frame 349: 28.87/94.12
  Frame 350: 28.88/94.11
  Frame 351: 28.89/94.10
  Frame 352: 28.90/94.16
  Frame 353: 28.90/94.22
  Frame 354: 28.91/94.30
  Frame 355: 28.93/94.48
  Frame 356: 28.95/94.63
  Frame 357: 28.96/94.84
  Frame 358: 28.99/95.09
  Frame 359: 29.01/95.25
  Frame 360: 29.05/95.43
  Frame 361: 29.08/95.70
  Frame 362: 29.10/96.08
  Frame 363: 29.10/96.20
  Frame 364: 29.14/96.42
  Frame 365: 29.19/96.78
  Frame 366: 29.19/96.89
  Frame 367: 29.26/97.46
  Frame 368: 29.23/97.66
  Frame 369: 29.31/98.13
  Frame 370: 29.39/98.65
  Frame 371: 29.44/99.32
  Frame 372: 29.34/99.00
  Frame 373: 29.41/99.50
  Frame 374: 29.49/100.00
  Frame 375: 29.48/99.65
  Frame 376: 29.31/99.00
  Frame 377: 29.33/99.16
  Frame 378: 29.35/99.32
  Frame 379: 29.35/99.46
  Frame 380: 29.34/99.35

The following line contains the information from above in a machine-readable format and can safely be ignored.
MMT/convert_db:{"subject_conversion_error": [[29.7977, 97.1583], [29.7121, 97.0044], [29.6083, 97.0523], [29.5198, 97.2155], [29.4798, 97.3165], [29.4177, 97.0474], [29.3792, 97.173], [29.3601, 97.1681], [29.3381, 97.3145], [29.3326, 97.0546], [29.3171, 97.1944], [29.3063, 97.2009], [29.3153, 97.0917], [29.2987, 97.0805], [29.2706, 97.085], [29.2735, 97.0263], [29.2266, 97.0062], [29.186, 96.9968], [29.161, 96.997], [29.1458, 96.9222], [29.1413, 96.9044], [29.151, 96.9865], [29.1275, 96.9163], [29.1212, 96.8844], [29.0919, 96.7376], [29.0757, 96.7378], [29.0638, 96.8303], [29.0573, 96.7614], [29.0476, 96.7437], [29.0428, 96.7732], [29.0311, 96.8238], [29.0351, 96.6961], [29.0168, 96.7991], [29.0248, 96.8261], [28.9983, 96.7321], [29.0117, 96.6742], [28.991, 96.5763], [28.9847, 96.6953], [28.992, 96.6394], [28.9967, 96.7005], [28.9922, 96.5972], [28.9937, 96.7294], [29.0079, 96.9182], [29.0201, 97.1525], [29.03, 97.0791], [29.0352, 97.1529], [29.0143, 97.0713], [29.0304, 97.3432], [29.0416, 97.5419], [29.0387, 97.2699], [29.0434, 97.1619], [29.059, 97.2934], [29.0901, 97.7985], [29.0798, 97.8314], [29.0854, 97.6682], [29.1059, 97.6767], [29.1087, 97.3797], [29.1528, 97.2598], [29.1477, 97.3089], [29.1524, 97.5311], [29.2091, 97.7918], [29.2009, 97.7303], [29.2068, 97.7346], [29.2117, 97.593], [29.2102, 97.2989], [29.198, 97.3132], [29.1828, 97.4096], [29.2021, 97.4034], [29.2096, 97.6768], [29.2117, 97.5709], [29.1949, 97.7638], [29.1877, 97.4834], [29.212, 97.6475], [29.1815, 97.7044], [29.1798, 97.6398], [29.176, 97.7099], [29.2168, 97.9223], [29.2527, 98.0046], [29.2328, 98.6602], [29.3156, 98.8192], [29.314, 99.2857], [29.3442, 99.8042], [29.3537, 99.8778], [29.4156, 100.495], [29.5263, 100.963], [29.4906, 101.141], [29.5715, 101.481], [29.6267, 101.733], [29.6704, 102.182], [29.7321, 102.548], [29.7599, 103.023], [29.8109, 103.293], [29.8632, 103.915], [29.9221, 104.275], [29.9255, 104.498], [29.9774, 104.77], [29.9893, 104.753], [30.0093, 104.868], [30.0527, 105.086], [30.1135, 105.425], [30.0998, 105.474], [30.1375, 105.905], [30.1579, 105.919], [30.1922, 106.25], [30.2054, 106.083], [30.1933, 106.041], [30.1938, 106.036], [30.2482, 105.988], [30.2427, 105.958], [30.2495, 105.911], [30.2824, 105.91], [30.2658, 105.63], [30.2606, 105.537], [30.2548, 105.485], [30.2947, 105.465], [30.2878, 105.407], [30.2909, 105.185], [30.3154, 105.256], [30.3111, 105.165], [30.3169, 105.179], [30.3076, 105.123], [30.3161, 105.236], [30.3134, 105.143], [30.3062, 105.053], [30.309, 105.094], [30.2938, 104.76], [30.2956, 104.912], [30.2948, 104.908], [30.2751, 104.591], [30.2676, 104.434], [30.2679, 104.548], [30.2868, 104.597], [30.2901, 104.286], [30.2898, 104.18], [30.3046, 104.215], [30.323, 104.121], [30.3318, 104.07], [30.3502, 103.937], [30.3547, 104.004], [30.3733, 103.901], [30.3716, 103.683], [30.393, 103.593], [30.4114, 103.539], [30.422, 103.53], [30.4215, 103.418], [30.4148, 103.208], [30.4329, 103.151], [30.4339, 103.056], [30.4371, 102.895], [30.4537, 102.879], [30.4786, 102.897], [30.4835, 102.773], [30.4912, 102.643], [30.5146, 102.624], [30.5459, 102.507], [30.5724, 102.587], [30.5942, 102.589], [30.6309, 102.697], [30.6577, 102.777], [30.6815, 102.743], [30.7101, 102.718], [30.7448, 102.668], [30.7671, 102.816], [30.7874, 102.787], [30.8186, 102.772], [30.8519, 102.772], [30.881, 102.718], [30.9064, 102.579], [30.9221, 102.626], [30.9533, 102.468], [30.9721, 102.481], [31.0156, 102.565], [31.0483, 102.589], [31.0869, 102.592], [31.1386, 102.639], [31.1852, 102.596], [31.2458, 102.638], [31.2879, 102.608], [31.3357, 102.614], [31.3778, 102.728], [31.4226, 102.755], [31.463, 102.794], [31.493, 102.773], [31.496, 102.854], [31.5078, 102.838], [31.506, 102.776], [31.5053, 102.792], [31.5079, 102.819], [31.4956, 102.848], [31.4731, 102.828], [31.4577, 102.6], [31.4291, 102.607], [31.4029, 102.586], [31.3806, 102.455], [31.3415, 102.328], [31.3203, 102.196], [31.2957, 102.119], [31.2672, 102.003], [31.2372, 101.962], [31.2188, 101.842], [31.1985, 101.751], [31.1639, 101.726], [31.1262, 101.603], [31.0907, 101.573], [31.0466, 101.54], [31.0051, 101.483], [30.9613, 101.335], [30.9269, 101.174], [30.8861, 101.035], [30.836, 100.974], [30.7979, 100.937], [30.7527, 100.839], [30.7156, 100.783], [30.6851, 100.649], [30.6394, 100.528], [30.6035, 100.617], [30.5634, 100.546], [30.5402, 100.497], [30.5091, 100.497], [30.4823, 100.638], [30.4448, 100.669], [30.432, 101.176], [30.4176, 101.532], [30.3993, 101.786], [30.3817, 102.081], [30.3805, 102.313], [30.3372, 102.371], [30.3384, 102.154], [30.3551, 102.679], [30.3601, 102.54], [30.3571, 102.68], [30.3763, 102.817], [30.3908, 103.151], [30.3933, 103.343], [30.4163, 103.732], [30.4381, 104.203], [30.441, 104.248], [30.4038, 104.281], [30.425, 104.53], [30.3811, 104.588], [30.3711, 104.785], [30.3408, 104.732], [30.2849, 104.541], [30.2648, 104.517], [30.2445, 104.479], [30.2191, 104.521], [30.2061, 104.283], [30.1564, 104.032], [30.1323, 103.356], [30.091, 103.503], [30.0836, 103.48], [30.0213, 103.082], [29.9739, 102.584], [29.9392, 102.383], [29.8838, 102.006], [29.8157, 101.831], [29.7734, 101.427], [29.7062, 100.996], [29.6214, 100.471], [29.5844, 100.013], [29.5653, 99.4896], [29.5107, 98.7348], [29.4284, 98.4474], [29.3905, 98.4447], [29.3177, 98.2918], [29.2988, 98.1606], [29.2737, 97.6616], [29.2392, 97.6233], [29.246, 96.8647], [29.2365, 96.6331], [29.2082, 96.4521], [29.1812, 96.1834], [29.1758, 95.9751], [29.1866, 95.6919], [29.1469, 95.1327], [29.156, 95.6156], [29.1698, 95.5518], [29.1639, 95.181], [29.1674, 95.0915], [29.1139, 94.7066], [29.1581, 94.6577], [29.1081, 94.8208], [29.1021, 94.9308], [29.102, 95.1684], [29.0774, 94.9711], [29.1095, 94.5656], [29.0697, 94.5701], [29.0332, 94.4101], [29.0018, 94.3962], [28.9899, 94.5114], [28.9649, 94.5413], [28.9336, 94.5266], [28.9158, 93.6984], [28.8981, 93.3998], [28.8842, 93.3581], [28.8752, 92.8729], [28.8709, 93.0749], [28.8622, 92.9156], [28.8638, 93.0869], [28.8734, 93.1511], [28.8497, 93.2117], [28.8767, 92.9211], [28.9191, 92.674], [28.9193, 92.8694], [28.9524, 93.0863], [28.9682, 93.4393], [29.0124, 93.494], [29.0251, 93.3591], [29.0539, 93.3378], [29.0673, 93.4425], [29.0637, 93.3596], [29.0502, 93.3931], [29.0351, 93.4116], [29.0407, 93.4134], [29.0191, 93.3784], [28.9981, 93.4532], [28.989, 93.6341], [28.9771, 93.6914], [28.9635, 93.7449], [28.9552, 93.7209], [28.9468, 93.7633], [28.9343, 93.8435], [28.919, 94.0063], [28.9195, 94.0185], [28.9105, 94.0207], [28.8981, 94.0476], [28.8927, 94.0405], [28.8685, 94.1076], [28.8787, 94.103], [28.8736, 94.1467], [28.8627, 94.1585], [28.8595, 94.1494], [28.8558, 94.1705], [28.855, 94.2246], [28.8452, 94.2674], [28.84, 94.2374], [28.8407, 94.2648], [28.8329, 94.2976], [28.8293, 94.346], [28.8281, 94.4006], [28.8307, 94.4012], [28.832, 94.3526], [28.8322, 94.2962], [28.8337, 94.3151], [28.8401, 94.1756], [28.8378, 94.1819], [28.8448, 94.0629], [28.8536, 94.0463], [28.8582, 94.0912], [28.8694, 94.1182], [28.8752, 94.1051], [28.8868, 94.1039], [28.8971, 94.16], [28.9045, 94.2191], [28.9128, 94.2982], [28.9309, 94.4819], [28.9489, 94.6334], [28.9645, 94.8406], [28.9934, 95.0909], [29.0136, 95.2504], [29.0465, 95.4282], [29.0786, 95.704], [29.1044, 96.0768], [29.1028, 96.1955], [29.1436, 96.4233], [29.1909, 96.7789], [29.1856, 96.8929], [29.2591, 97.4611], [29.2288, 97.6584], [29.3077, 98.1316], [29.3885, 98.6465], [29.4399, 99.3168], [29.3362, 99.0033], [29.4128, 99.5004], [29.4907, 99.9971], [29.477, 99.6456], [29.3057, 99.0043], [29.3303, 99.1619], [29.3518, 99.3165], [29.3538, 99.4616], [29.3414, 99.3483]], "git_repository_heads": {"MMMTools": ["d77f5a301e3e2f4cd16623ff82a11fbc98dc1113", 1459847935], "MMMCore": ["1d27ecc05fae8cf73cac6754bb4fa9f37155663b", 1459846333], "Simox": ["8d9023238ae3fddb74502537a3681c4318147084", 1459514263], "MMT": ["c7423751d257e7ed1c29d25547f02fa43d3d5549", 1466092673]}, "convert_db_version": 5, "object_conversion_settings": {}, "object_conversion_errors": {}, "subject_conversion_settings": {"model_files": [["mmm.xml", "83095bf1f7710e0da2eabc0dc38933fff21a487e"], ["models/RightFingerJoint43y_joint_visu.wrl", "4a8b66745234892104dc18c3f12b51653e0d22e2"], ["models/HeadSegment_joint_visu.wrl", "98bc33547d6728b266ca30ad9f3f1cd1fc964890"], ["models/RightFingerJoint23y_joint_visu.wrl", "a0d5f39a5c7aa80b2d6a4eaf255bc2ee431c4c8b"], ["models/RightFingerJoint13y_joint_visu.wrl", "f6fe45b4978386e46181511649732c2b788efffc"], ["models/RightEyeSegmentY_joint_visu.wrl", "a5e19b848b6eeb97452f27da05841286c9c8750d"], ["models/RightFingerJoint33y_joint_visu.wrl", "408d1d793635a63e5469ef6749032ed29df446cb"], ["models/RightFingerJoint42y_joint_visu.wrl", "56054907e89fe8b5298ac919d87afca5ea3112a6"], ["models/RightFingerJoint40y_joint_visu.wrl", "a6a36d6acd88295f92f5ad6137dad641a10df4b6"], ["models/RAy_joint_visu.wrl", "ce5872147a6e4132bebc90a3e1e3c1a28a103eb6"], ["models/LeftFingerJoint33y_joint_visu.wrl", "365adda3e38105f28e7045c2b0267a52336edf01"], ["models/BUNsegment_joint_visu.wrl", "0ac874bfcd0d8c4b0c3b4ec4e56c59ce39aad99d"], ["models/LeftEyeSegmentY_joint_visu.wrl", "066736ba165738d120f8d1d103b9c28b19c429bf"], ["models/RSCsegment_joint_visu.wrl", "9044f5cc6779532281b74eface97e002798a8e6d"], ["models/LHsegment_joint_visu.wrl", "3838c5fdad69c33fed501ae676c8a8a9282d9a05"], ["models/LeftFingerJoint53y_joint_visu.wrl", "cdd15d99efa93d038d04ced046fe79ae693a10d7"], ["models/RightFingerJoint21y_joint_visu.wrl", "d19626a13a08387890317675df2c2e7fe9db5eef"], ["models/RightFingerJoint12y_joint_visu.wrl", "7097cf96d3597a795575a5abe9256e0143c2ed0f"], ["models/LeftFingerJoint43y_joint_visu.wrl", "395c609ed268feb940855099f538c46a54c3a4d8"], ["models/RightFingerJoint53y_joint_visu.wrl", "9d95789602901425bad9b4435dea2b4be5431202"], ["models/LeftFingerJoint42y_joint_visu.wrl", "e487f595b7019c407f92b0f00de5260e64e56c97"], ["models/LAsegment_joint_visu.wrl", "bb0d5feb0455fbd2c425d138b7f487260f4bf1bc"], ["models/BTSegment_joint_visu.wrl", "22abe8deeec243c99e31ec02fa59372e98ac8471"], ["models/RKsegment_joint_visu.wrl", "18b381d65e3337bcb0d1ff5928773884a1e17d57"], ["models/LeftFingerJoint41y_joint_visu.wrl", "61402f6746307792f4303e574af749b94086a4ec"], ["models/LSCsegment_joint_visu.wrl", "c32a20b7e31becf394d78b5655efc5565b038b80"], ["models/LeftFingerJoint11y_joint_visu.wrl", "0cbfceda8d89deb375f7933c8078af5147ec84b2"], ["models/RightFingerJoint41y_joint_visu.wrl", "020541ab865e4e3e9fa2695e0f4eff71b52ad52d"], ["models/RWy_joint_visu.wrl", "2b11028aee46fb62e614338be3dd5644c1a824ee"], ["models/LeftFingerJoint23y_joint_visu.wrl", "478e70ae519508040adb535da7a7998bba1b8c42"], ["models/RSsegment_joint_visu.wrl", "612de2c24f203d5846930907a5df9cef5d9578dd"], ["models/LeftFingerJoint12y_joint_visu.wrl", "024079388e0352cf2dd7d6c0c4d45ee34851930c"], ["models/LWsegment_joint_visu.wrl", "3c8bc8f30c2fdfc5956ddac1f868ed768806d7fd"], ["models/RightFingerJoint22y_joint_visu.wrl", "0b36fec3092c4692c7809ee795740f148ffb0be8"], ["models/RMrot_joint_visu.wrl", "a56cefc9affb5ca3f87c8ad0a9ef880f3355f2f0"], ["models/LeftFingerJoint40y_joint_visu.wrl", "ebee55b3729d26fb04a73d5b427025dbf464f288"], ["models/LeftFingerJoint21y_joint_visu.wrl", "a890d2d55d8afbe701827374715b7e671862cc4f"], ["models/REsegment_joint_visu.wrl", "d709750461631f850f8441b85f4861ca47df51ae"], ["models/RHsegment_joint_visu.wrl", "54fb3a26ddb8f2d419752eb76c4e488efef6b43c"], ["models/RightFingerJoint52y_joint_visu.wrl", "44f18db78bed86bf1ddb981a1e678027e51db918"], ["models/RightFingerJoint50y_joint_visu.wrl", "13ede518eb635943fcd4564499f4fdb69d27780e"], ["models/LFx_joint_visu.wrl", "5d47b342ff68d5d2b2d9c7e22c5cf098909060c6"], ["models/LKsegment_joint_visu.wrl", "5780b7d3a585852e8707cb2363bfa8d4d3b461f7"], ["models/LeftFingerJoint13y_joint_visu.wrl", "8a00c78adf18bdebd78a513323b5f28f02d117be"], ["models/RightFingerJoint51y_joint_visu.wrl", "d78052a78ea694e1d35e6b91354db0a64493fbf4"], ["models/RightFingerJoint11y_joint_visu.wrl", "a05a4116eafe1434c190e03faa62753bcd333105"], ["models/LeftFingerJoint22y_joint_visu.wrl", "7fee0851bbbc487512ffb12e46d738fc0837aa0c"], ["models/LAy_joint_visu.wrl", "de3953d8ffbf479f0eb229748cfdd897a408012e"], ["models/LEsegment_joint_visu.wrl", "1bf5a0382df53cb4aef1ebf578e4d535a0cd3d7b"], ["models/RightFingerJoint31y_joint_visu.wrl", "4f0efb942b57fffc5b3177798a71bcdbb9b92042"], ["models/LeftFingerJoint32y_joint_visu.wrl", "685ae87120ee0d9ba5d764c8ff99385aa9d79a04"], ["models/RightFingerJoint32y_joint_visu.wrl", "47d29dfecd9514a3973b021c83bc361364341093"], ["models/LeftFingerJoint31y_joint_visu.wrl", "d24789234312bf68c77c7830508763d07f9feec0"], ["models/LMrot_joint_visu.wrl", "94047f5a29e3373271bba5d61ccbbacf9bfb01af"], ["models/LWy_joint_visu.wrl", "33ba8f54774fa65838a8ae38c3d558f06fe00bc0"], ["models/LeftFingerJoint52y_joint_visu.wrl", "3f7d688708cf5f55104348d5bc102dcc7b7a0a66"], ["models/LSsegment_joint_visu.wrl", "f34e7eae1658b3ae618b5bc40ebc1da529c7e0a3"], ["models/RAsegment_joint_visu.wrl", "bf9735bb8cbd74e01e9087f0ccad4783edc49231"], ["models/LeftFingerJoint50y_joint_visu.wrl", "c2f6364fe16768bd1382d1b02c327d9dcf43fd03"], ["models/LeftFingerJoint51y_joint_visu.wrl", "0c2664365d375a3d9dd190818483e292027433d3"], ["models/LeftHandSegment_joint_visu.wrl", "581235ef3290f47c527e74693e4a232056642bcf"], ["models/BTy_joint_visu.wrl", "818c33f75e2b278db824d223d8796b1d1ca48213"], ["models/RWsegment_joint_visu.wrl", "de46619cf74eb2ffe74ab7fdaaf4cd485034b959"], ["models/RFx_joint_visu.wrl", "7e0fad07af2c1f6a4bad2e40caa9cdcfafa5d748"]], "converter_config": "<ConverterConfig type=\"NloptConverter\"><Model><MarkerMapping><Mapping c3d=\"LIFD\" mmm=\"MARKER_LIFD\" /><Mapping c3d=\"LKNE\" mmm=\"MARKER_LKNE\" /><Mapping c3d=\"LWPS\" mmm=\"MARKER_LWPS\" /><Mapping c3d=\"RANK\" mmm=\"MARKER_RANK\" /><Mapping c3d=\"T10\" mmm=\"MARKER_T10\" /><Mapping c3d=\"LBHD\" mmm=\"MARKER_LBHD\" /><Mapping c3d=\"LBAK\" mmm=\"MARKER_LBAK\" /><Mapping c3d=\"RBAK\" mmm=\"MARKER_RBAK\" /><Mapping c3d=\"RTIP\" mmm=\"MARKER_RTIP\" /><Mapping c3d=\"RMT1\" mmm=\"MARKER_RMT1\" /><Mapping c3d=\"LTOE\" mmm=\"MARKER_LTOE\" /><Mapping c3d=\"RHTS\" mmm=\"MARKER_RHTS\" /><Mapping c3d=\"RMT5\" mmm=\"MARKER_RMT5\" /><Mapping c3d=\"LTIP\" mmm=\"MARKER_LTIP\" /><Mapping c3d=\"LHTS\" mmm=\"MARKER_LHTS\" /><Mapping c3d=\"RAEL\" mmm=\"MARKER_RAEL\" /><Mapping c3d=\"RKNE\" mmm=\"MARKER_RKNE\" /><Mapping c3d=\"LHPS\" mmm=\"MARKER_LHPS\" /><Mapping c3d=\"LANK\" mmm=\"MARKER_LANK\" /><Mapping c3d=\"LWTS\" mmm=\"MARKER_LWTS\" /><Mapping c3d=\"RIFD\" mmm=\"MARKER_RIFD\" /><Mapping c3d=\"RAOL\" mmm=\"MARKER_RAOL\" /><Mapping c3d=\"CLAV\" mmm=\"MARKER_CLAV\" /><Mapping c3d=\"LASI\" mmm=\"MARKER_LASI\" /><Mapping c3d=\"C7\" mmm=\"MARKER_C7\" /><Mapping c3d=\"LHEE\" mmm=\"MARKER_LHEE\" /><Mapping c3d=\"LTHI\" mmm=\"MARKER_LTHI\" /><Mapping c3d=\"RTHI\" mmm=\"MARKER_RTHI\" /><Mapping c3d=\"RFHD\" mmm=\"MARKER_RFHD\" /><Mapping c3d=\"LUPA\" mmm=\"MARKER_LUPA\" /><Mapping c3d=\"LFHD\" mmm=\"MARKER_LFHD\" /><Mapping c3d=\"RHIP\" mmm=\"MARKER_RHIP\" /><Mapping c3d=\"RWPS\" mmm=\"MARKER_RWPS\" /><Mapping c3d=\"LMT1\" mmm=\"MARKER_LMT1\" /><Mapping c3d=\"L3\" mmm=\"MARKER_L3\" /><Mapping c3d=\"LFRA\" mmm=\"MARKER_LFRA\" /><Mapping c3d=\"LPSI\" mmm=\"MARKER_LPSI\" /><Mapping c3d=\"RPSI\" mmm=\"MARKER_RPSI\" /><Mapping c3d=\"LAOL\" mmm=\"MARKER_LAOL\" /><Mapping c3d=\"RBHD\" mmm=\"MARKER_RBHD\" /><Mapping c3d=\"RUPA\" mmm=\"MARKER_RUPA\" /><Mapping c3d=\"RASI\" mmm=\"MARKER_RASI\" /><Mapping c3d=\"RWTS\" mmm=\"MARKER_RWTS\" /><Mapping c3d=\"LHIP\" mmm=\"MARKER_LHIP\" /><Mapping c3d=\"STRN\" mmm=\"MARKER_STRN\" /><Mapping c3d=\"LAEL\" mmm=\"MARKER_LAEL\" /><Mapping c3d=\"RHPS\" mmm=\"MARKER_RHPS\" /><Mapping c3d=\"RTOE\" mmm=\"MARKER_RTOE\" /><Mapping c3d=\"RHEE\" mmm=\"MARKER_RHEE\" /><Mapping c3d=\"LMT5\" mmm=\"MARKER_LMT5\" /></MarkerMapping><JointSet><Joint name=\"BLNx_joint\" /><Joint name=\"BLNy_joint\" /><Joint name=\"BLNz_joint\" /><Joint name=\"BPx_joint\" /><Joint name=\"BPy_joint\" /><Joint name=\"BPz_joint\" /><Joint name=\"BTx_joint\" /><Joint name=\"BTy_joint\" /><Joint name=\"BTz_joint\" /><Joint name=\"BUNx_joint\" /><Joint name=\"BUNy_joint\" /><Joint name=\"BUNz_joint\" /><Joint name=\"LAx_joint\" /><Joint name=\"LAy_joint\" /><Joint name=\"LAz_joint\" /><Joint name=\"LEx_joint\" /><Joint name=\"LEz_joint\" /><Joint name=\"LHx_joint\" /><Joint name=\"LHy_joint\" /><Joint name=\"LHz_joint\" /><Joint name=\"LKx_joint\" /><Joint name=\"LSx_joint\" /><Joint name=\"LSy_joint\" /><Joint name=\"LSz_joint\" /><Joint name=\"LWx_joint\" /><Joint name=\"LWy_joint\" /><Joint name=\"LFx_joint\" /><Joint name=\"LMrot_joint\" /><Joint name=\"RAx_joint\" /><Joint name=\"RAy_joint\" /><Joint name=\"RAz_joint\" /><Joint name=\"REx_joint\" /><Joint name=\"REz_joint\" /><Joint name=\"RHx_joint\" /><Joint name=\"RHy_joint\" /><Joint name=\"RHz_joint\" /><Joint name=\"RKx_joint\" /><Joint name=\"RSx_joint\" /><Joint name=\"RSy_joint\" /><Joint name=\"RSz_joint\" /><Joint name=\"RWx_joint\" /><Joint name=\"RWy_joint\" /><Joint name=\"RFx_joint\" /><Joint name=\"RMrot_joint\" /></JointSet></Model></ConverterConfig>", "model_processor_config": "<ModelProcessorConfig type=\"Winter\"><height>1.83</height><mass>100</mass></ModelProcessorConfig>"}, "subject_missing_markers": []}