Motion Database Converter

User/Host: mmm @ i61motiondb
Date: 2016-08-12 19:26:31
Input File: take_book_from_shelf_right_arm_01.c3d (ID #60822, created 2016-08-12 09:07:52)

The HEADs of the git repositories used for conversion are:
  MMMCore: 1d27ecc05fae8cf73cac6754bb4fa9f37155663b (2016-04-05 08:52:13)
  MMMTools: d77f5a301e3e2f4cd16623ff82a11fbc98dc1113 (2016-04-05 09:18:55)
  MMT: c7423751d257e7ed1c29d25547f02fa43d3d5549 (2016-06-16 15:57:53)
  Simox: 8d9023238ae3fddb74502537a3681c4318147084 (2016-04-01 12:37:43)

Configuration for subject:
  Converter config:
    <ConverterConfig type="NloptConverter"><Model><MarkerMapping><Mapping c3d="LIFD" mmm="MARKER_LIFD" /><Mapping c3d="LKNE" mmm="MARKER_LKNE" /><Mapping c3d="LWPS" mmm="MARKER_LWPS" /><Mapping c3d="RANK" mmm="MARKER_RANK" /><Mapping c3d="T10" mmm="MARKER_T10" /><Mapping c3d="LBHD" mmm="MARKER_LBHD" /><Mapping c3d="LBAK" mmm="MARKER_LBAK" /><Mapping c3d="RBAK" mmm="MARKER_RBAK" /><Mapping c3d="RTIP" mmm="MARKER_RTIP" /><Mapping c3d="RMT1" mmm="MARKER_RMT1" /><Mapping c3d="LTOE" mmm="MARKER_LTOE" /><Mapping c3d="RHTS" mmm="MARKER_RHTS" /><Mapping c3d="RMT5" mmm="MARKER_RMT5" /><Mapping c3d="LTIP" mmm="MARKER_LTIP" /><Mapping c3d="LHTS" mmm="MARKER_LHTS" /><Mapping c3d="RAEL" mmm="MARKER_RAEL" /><Mapping c3d="RKNE" mmm="MARKER_RKNE" /><Mapping c3d="LHPS" mmm="MARKER_LHPS" /><Mapping c3d="LANK" mmm="MARKER_LANK" /><Mapping c3d="LWTS" mmm="MARKER_LWTS" /><Mapping c3d="RIFD" mmm="MARKER_RIFD" /><Mapping c3d="RAOL" mmm="MARKER_RAOL" /><Mapping c3d="CLAV" mmm="MARKER_CLAV" /><Mapping c3d="LASI" mmm="MARKER_LASI" /><Mapping c3d="C7" mmm="MARKER_C7" /><Mapping c3d="LHEE" mmm="MARKER_LHEE" /><Mapping c3d="LTHI" mmm="MARKER_LTHI" /><Mapping c3d="RTHI" mmm="MARKER_RTHI" /><Mapping c3d="RFHD" mmm="MARKER_RFHD" /><Mapping c3d="LUPA" mmm="MARKER_LUPA" /><Mapping c3d="LFHD" mmm="MARKER_LFHD" /><Mapping c3d="RHIP" mmm="MARKER_RHIP" /><Mapping c3d="RWPS" mmm="MARKER_RWPS" /><Mapping c3d="LMT1" mmm="MARKER_LMT1" /><Mapping c3d="L3" mmm="MARKER_L3" /><Mapping c3d="LFRA" mmm="MARKER_LFRA" /><Mapping c3d="LPSI" mmm="MARKER_LPSI" /><Mapping c3d="RPSI" mmm="MARKER_RPSI" /><Mapping c3d="LAOL" mmm="MARKER_LAOL" /><Mapping c3d="RBHD" mmm="MARKER_RBHD" /><Mapping c3d="RUPA" mmm="MARKER_RUPA" /><Mapping c3d="RASI" mmm="MARKER_RASI" /><Mapping c3d="RWTS" mmm="MARKER_RWTS" /><Mapping c3d="LHIP" mmm="MARKER_LHIP" /><Mapping c3d="STRN" mmm="MARKER_STRN" /><Mapping c3d="LAEL" mmm="MARKER_LAEL" /><Mapping c3d="RHPS" mmm="MARKER_RHPS" /><Mapping c3d="RTOE" mmm="MARKER_RTOE" /><Mapping c3d="RHEE" mmm="MARKER_RHEE" /><Mapping c3d="LMT5" mmm="MARKER_LMT5" /></MarkerMapping><JointSet><Joint name="BLNx_joint" /><Joint name="BLNy_joint" /><Joint name="BLNz_joint" /><Joint name="BPx_joint" /><Joint name="BPy_joint" /><Joint name="BPz_joint" /><Joint name="BTx_joint" /><Joint name="BTy_joint" /><Joint name="BTz_joint" /><Joint name="BUNx_joint" /><Joint name="BUNy_joint" /><Joint name="BUNz_joint" /><Joint name="LAx_joint" /><Joint name="LAy_joint" /><Joint name="LAz_joint" /><Joint name="LEx_joint" /><Joint name="LEz_joint" /><Joint name="LHx_joint" /><Joint name="LHy_joint" /><Joint name="LHz_joint" /><Joint name="LKx_joint" /><Joint name="LSx_joint" /><Joint name="LSy_joint" /><Joint name="LSz_joint" /><Joint name="LWx_joint" /><Joint name="LWy_joint" /><Joint name="LFx_joint" /><Joint name="LMrot_joint" /><Joint name="RAx_joint" /><Joint name="RAy_joint" /><Joint name="RAz_joint" /><Joint name="REx_joint" /><Joint name="REz_joint" /><Joint name="RHx_joint" /><Joint name="RHy_joint" /><Joint name="RHz_joint" /><Joint name="RKx_joint" /><Joint name="RSx_joint" /><Joint name="RSy_joint" /><Joint name="RSz_joint" /><Joint name="RWx_joint" /><Joint name="RWy_joint" /><Joint name="RFx_joint" /><Joint name="RMrot_joint" /></JointSet></Model></ConverterConfig>

  Model processor config:
    <ModelProcessorConfig type="Winter"><height>1.83</height><mass>100</mass></ModelProcessorConfig>

  Model files:
    mmm.xml -> 83095bf1f7710e0da2eabc0dc38933fff21a487e
    models/RightFingerJoint43y_joint_visu.wrl -> 4a8b66745234892104dc18c3f12b51653e0d22e2
    models/HeadSegment_joint_visu.wrl -> 98bc33547d6728b266ca30ad9f3f1cd1fc964890
    models/RightFingerJoint23y_joint_visu.wrl -> a0d5f39a5c7aa80b2d6a4eaf255bc2ee431c4c8b
    models/RightFingerJoint13y_joint_visu.wrl -> f6fe45b4978386e46181511649732c2b788efffc
    models/RightEyeSegmentY_joint_visu.wrl -> a5e19b848b6eeb97452f27da05841286c9c8750d
    models/RightFingerJoint33y_joint_visu.wrl -> 408d1d793635a63e5469ef6749032ed29df446cb
    models/RightFingerJoint42y_joint_visu.wrl -> 56054907e89fe8b5298ac919d87afca5ea3112a6
    models/RightFingerJoint40y_joint_visu.wrl -> a6a36d6acd88295f92f5ad6137dad641a10df4b6
    models/RAy_joint_visu.wrl -> ce5872147a6e4132bebc90a3e1e3c1a28a103eb6
    models/LeftFingerJoint33y_joint_visu.wrl -> 365adda3e38105f28e7045c2b0267a52336edf01
    models/BUNsegment_joint_visu.wrl -> 0ac874bfcd0d8c4b0c3b4ec4e56c59ce39aad99d
    models/LeftEyeSegmentY_joint_visu.wrl -> 066736ba165738d120f8d1d103b9c28b19c429bf
    models/RSCsegment_joint_visu.wrl -> 9044f5cc6779532281b74eface97e002798a8e6d
    models/LHsegment_joint_visu.wrl -> 3838c5fdad69c33fed501ae676c8a8a9282d9a05
    models/LeftFingerJoint53y_joint_visu.wrl -> cdd15d99efa93d038d04ced046fe79ae693a10d7
    models/RightFingerJoint21y_joint_visu.wrl -> d19626a13a08387890317675df2c2e7fe9db5eef
    models/RightFingerJoint12y_joint_visu.wrl -> 7097cf96d3597a795575a5abe9256e0143c2ed0f
    models/LeftFingerJoint43y_joint_visu.wrl -> 395c609ed268feb940855099f538c46a54c3a4d8
    models/RightFingerJoint53y_joint_visu.wrl -> 9d95789602901425bad9b4435dea2b4be5431202
    models/LeftFingerJoint42y_joint_visu.wrl -> e487f595b7019c407f92b0f00de5260e64e56c97
    models/LAsegment_joint_visu.wrl -> bb0d5feb0455fbd2c425d138b7f487260f4bf1bc
    models/BTSegment_joint_visu.wrl -> 22abe8deeec243c99e31ec02fa59372e98ac8471
    models/RKsegment_joint_visu.wrl -> 18b381d65e3337bcb0d1ff5928773884a1e17d57
    models/LeftFingerJoint41y_joint_visu.wrl -> 61402f6746307792f4303e574af749b94086a4ec
    models/LSCsegment_joint_visu.wrl -> c32a20b7e31becf394d78b5655efc5565b038b80
    models/LeftFingerJoint11y_joint_visu.wrl -> 0cbfceda8d89deb375f7933c8078af5147ec84b2
    models/RightFingerJoint41y_joint_visu.wrl -> 020541ab865e4e3e9fa2695e0f4eff71b52ad52d
    models/RWy_joint_visu.wrl -> 2b11028aee46fb62e614338be3dd5644c1a824ee
    models/LeftFingerJoint23y_joint_visu.wrl -> 478e70ae519508040adb535da7a7998bba1b8c42
    models/RSsegment_joint_visu.wrl -> 612de2c24f203d5846930907a5df9cef5d9578dd
    models/LeftFingerJoint12y_joint_visu.wrl -> 024079388e0352cf2dd7d6c0c4d45ee34851930c
    models/LWsegment_joint_visu.wrl -> 3c8bc8f30c2fdfc5956ddac1f868ed768806d7fd
    models/RightFingerJoint22y_joint_visu.wrl -> 0b36fec3092c4692c7809ee795740f148ffb0be8
    models/RMrot_joint_visu.wrl -> a56cefc9affb5ca3f87c8ad0a9ef880f3355f2f0
    models/LeftFingerJoint40y_joint_visu.wrl -> ebee55b3729d26fb04a73d5b427025dbf464f288
    models/LeftFingerJoint21y_joint_visu.wrl -> a890d2d55d8afbe701827374715b7e671862cc4f
    models/REsegment_joint_visu.wrl -> d709750461631f850f8441b85f4861ca47df51ae
    models/RHsegment_joint_visu.wrl -> 54fb3a26ddb8f2d419752eb76c4e488efef6b43c
    models/RightFingerJoint52y_joint_visu.wrl -> 44f18db78bed86bf1ddb981a1e678027e51db918
    models/RightFingerJoint50y_joint_visu.wrl -> 13ede518eb635943fcd4564499f4fdb69d27780e
    models/LFx_joint_visu.wrl -> 5d47b342ff68d5d2b2d9c7e22c5cf098909060c6
    models/LKsegment_joint_visu.wrl -> 5780b7d3a585852e8707cb2363bfa8d4d3b461f7
    models/LeftFingerJoint13y_joint_visu.wrl -> 8a00c78adf18bdebd78a513323b5f28f02d117be
    models/RightFingerJoint51y_joint_visu.wrl -> d78052a78ea694e1d35e6b91354db0a64493fbf4
    models/RightFingerJoint11y_joint_visu.wrl -> a05a4116eafe1434c190e03faa62753bcd333105
    models/LeftFingerJoint22y_joint_visu.wrl -> 7fee0851bbbc487512ffb12e46d738fc0837aa0c
    models/LAy_joint_visu.wrl -> de3953d8ffbf479f0eb229748cfdd897a408012e
    models/LEsegment_joint_visu.wrl -> 1bf5a0382df53cb4aef1ebf578e4d535a0cd3d7b
    models/RightFingerJoint31y_joint_visu.wrl -> 4f0efb942b57fffc5b3177798a71bcdbb9b92042
    models/LeftFingerJoint32y_joint_visu.wrl -> 685ae87120ee0d9ba5d764c8ff99385aa9d79a04
    models/RightFingerJoint32y_joint_visu.wrl -> 47d29dfecd9514a3973b021c83bc361364341093
    models/LeftFingerJoint31y_joint_visu.wrl -> d24789234312bf68c77c7830508763d07f9feec0
    models/LMrot_joint_visu.wrl -> 94047f5a29e3373271bba5d61ccbbacf9bfb01af
    models/LWy_joint_visu.wrl -> 33ba8f54774fa65838a8ae38c3d558f06fe00bc0
    models/LeftFingerJoint52y_joint_visu.wrl -> 3f7d688708cf5f55104348d5bc102dcc7b7a0a66
    models/LSsegment_joint_visu.wrl -> f34e7eae1658b3ae618b5bc40ebc1da529c7e0a3
    models/RAsegment_joint_visu.wrl -> bf9735bb8cbd74e01e9087f0ccad4783edc49231
    models/LeftFingerJoint50y_joint_visu.wrl -> c2f6364fe16768bd1382d1b02c327d9dcf43fd03
    models/LeftFingerJoint51y_joint_visu.wrl -> 0c2664365d375a3d9dd190818483e292027433d3
    models/LeftHandSegment_joint_visu.wrl -> 581235ef3290f47c527e74693e4a232056642bcf
    models/BTy_joint_visu.wrl -> 818c33f75e2b278db824d223d8796b1d1ca48213
    models/RWsegment_joint_visu.wrl -> de46619cf74eb2ffe74ab7fdaaf4cd485034b959
    models/RFx_joint_visu.wrl -> 7e0fad07af2c1f6a4bad2e40caa9cdcfafa5d748

Missing subject markers: []

Subject conversion error:
Conversion Error: avg/avg = 29.91, worst avg = 31.62, worst max = 107.67

The per-frame conversion errors are: (avg/max for subject and every object)
  Frame 0: 30.07/104.07
  Frame 1: 30.02/103.65
  Frame 2: 29.98/103.27
  Frame 3: 29.95/103.14
  Frame 4: 29.92/103.08
  Frame 5: 29.88/102.78
  Frame 6: 29.86/102.67
  Frame 7: 29.87/102.59
  Frame 8: 29.84/102.45
  Frame 9: 29.78/102.52
  Frame 10: 29.77/102.26
  Frame 11: 29.75/102.10
  Frame 12: 29.76/102.13
  Frame 13: 29.75/101.95
  Frame 14: 29.73/102.03
  Frame 15: 29.71/101.88
  Frame 16: 29.70/101.93
  Frame 17: 29.70/102.18
  Frame 18: 29.68/102.08
  Frame 19: 29.69/102.09
  Frame 20: 29.67/102.19
  Frame 21: 29.66/102.16
  Frame 22: 29.63/102.13
  Frame 23: 29.62/101.97
  Frame 24: 29.59/101.83
  Frame 25: 29.58/102.20
  Frame 26: 29.59/102.53
  Frame 27: 29.57/102.09
  Frame 28: 29.59/102.17
  Frame 29: 29.56/102.30
  Frame 30: 29.54/101.89
  Frame 31: 29.53/101.55
  Frame 32: 29.53/101.82
  Frame 33: 29.53/102.12
  Frame 34: 29.50/101.14
  Frame 35: 29.48/101.21
  Frame 36: 29.52/101.17
  Frame 37: 29.48/100.87
  Frame 38: 29.49/100.70
  Frame 39: 29.46/100.90
  Frame 40: 29.49/100.92
  Frame 41: 29.52/100.60
  Frame 42: 29.44/100.64
  Frame 43: 29.43/100.61
  Frame 44: 29.40/100.60
  Frame 45: 29.41/100.68
  Frame 46: 29.41/100.52
  Frame 47: 29.33/100.40
  Frame 48: 29.36/100.50
  Frame 49: 29.39/100.61
  Frame 50: 29.34/100.58
  Frame 51: 29.34/100.75
  Frame 52: 29.33/100.91
  Frame 53: 29.35/101.17
  Frame 54: 29.33/101.28
  Frame 55: 29.31/101.53
  Frame 56: 29.33/101.71
  Frame 57: 29.28/101.98
  Frame 58: 29.29/102.19
  Frame 59: 29.32/102.33
  Frame 60: 29.34/102.70
  Frame 61: 29.36/102.90
  Frame 62: 29.39/103.22
  Frame 63: 29.41/103.35
  Frame 64: 29.45/103.64
  Frame 65: 29.50/103.77
  Frame 66: 29.54/104.10
  Frame 67: 29.59/104.24
  Frame 68: 29.60/104.32
  Frame 69: 29.64/104.43
  Frame 70: 29.70/104.61
  Frame 71: 29.74/104.67
  Frame 72: 29.75/104.50
  Frame 73: 29.77/104.53
  Frame 74: 29.79/104.45
  Frame 75: 29.82/104.27
  Frame 76: 29.84/104.49
  Frame 77: 29.89/104.73
  Frame 78: 29.91/104.85
  Frame 79: 29.92/104.53
  Frame 80: 29.94/104.84
  Frame 81: 29.97/104.95
  Frame 82: 30.01/105.07
  Frame 83: 30.04/105.11
  Frame 84: 30.06/105.12
  Frame 85: 30.10/105.04
  Frame 86: 30.17/105.13
  Frame 87: 30.19/105.21
  Frame 88: 30.21/105.23
  Frame 89: 30.27/105.65
  Frame 90: 30.30/105.96
  Frame 91: 30.30/106.01
  Frame 92: 30.32/105.88
  Frame 93: 30.37/105.86
  Frame 94: 30.39/106.19
  Frame 95: 30.44/106.45
  Frame 96: 30.46/106.20
  Frame 97: 30.49/106.53
  Frame 98: 30.52/106.21
  Frame 99: 30.53/106.60
  Frame 100: 30.58/106.90
  Frame 101: 30.60/106.96
  Frame 102: 30.64/107.08
  Frame 103: 30.63/107.31
  Frame 104: 30.69/107.24
  Frame 105: 30.69/107.18
  Frame 106: 30.73/107.25
  Frame 107: 30.76/107.31
  Frame 108: 30.78/107.29
  Frame 109: 30.80/107.35
  Frame 110: 30.79/107.49
  Frame 111: 30.85/107.51
  Frame 112: 30.87/107.60
  Frame 113: 30.88/107.46
  Frame 114: 30.89/107.54
  Frame 115: 30.88/107.67
  Frame 116: 30.97/107.42
  Frame 117: 31.01/107.08
  Frame 118: 31.01/107.03
  Frame 119: 31.08/107.02
  Frame 120: 31.10/107.16
  Frame 121: 31.16/107.21
  Frame 122: 31.23/107.16
  Frame 123: 31.31/107.29
  Frame 124: 31.35/107.23
  Frame 125: 31.40/107.14
  Frame 126: 31.43/107.14
  Frame 127: 31.48/107.14
  Frame 128: 31.51/107.05
  Frame 129: 31.54/107.06
  Frame 130: 31.58/106.89
  Frame 131: 31.60/106.80
  Frame 132: 31.61/106.59
  Frame 133: 31.62/106.45
  Frame 134: 31.62/106.43
  Frame 135: 31.62/106.30
  Frame 136: 31.62/106.49
  Frame 137: 31.59/106.43
  Frame 138: 31.56/106.48
  Frame 139: 31.56/106.54
  Frame 140: 31.55/106.51
  Frame 141: 31.53/106.44
  Frame 142: 31.52/106.47
  Frame 143: 31.52/106.47
  Frame 144: 31.50/106.48
  Frame 145: 31.49/106.45
  Frame 146: 31.47/106.57
  Frame 147: 31.46/106.51
  Frame 148: 31.46/106.51
  Frame 149: 31.44/106.51
  Frame 150: 31.43/106.48
  Frame 151: 31.42/106.48
  Frame 152: 31.41/106.30
  Frame 153: 31.37/106.23
  Frame 154: 31.36/106.24
  Frame 155: 31.36/106.19
  Frame 156: 31.33/106.14
  Frame 157: 31.33/106.10
  Frame 158: 31.29/106.11
  Frame 159: 31.30/106.06
  Frame 160: 31.28/106.03
  Frame 161: 31.27/105.90
  Frame 162: 31.23/105.86
  Frame 163: 31.24/105.75
  Frame 164: 31.21/105.69
  Frame 165: 31.21/105.67
  Frame 166: 31.20/105.68
  Frame 167: 31.14/105.76
  Frame 168: 31.15/105.79
  Frame 169: 31.16/105.71
  Frame 170: 31.13/105.53
  Frame 171: 31.11/105.48
  Frame 172: 31.12/105.56
  Frame 173: 31.09/105.63
  Frame 174: 31.06/105.41
  Frame 175: 31.04/105.60
  Frame 176: 31.00/105.35
  Frame 177: 30.99/105.27
  Frame 178: 30.95/105.27
  Frame 179: 30.89/105.27
  Frame 180: 30.86/105.06
  Frame 181: 30.82/104.85
  Frame 182: 30.77/104.92
  Frame 183: 30.74/104.73
  Frame 184: 30.72/104.74
  Frame 185: 30.65/104.56
  Frame 186: 30.63/104.53
  Frame 187: 30.59/104.29
  Frame 188: 30.56/104.29
  Frame 189: 30.55/103.91
  Frame 190: 30.52/104.01
  Frame 191: 30.50/103.95
  Frame 192: 30.50/103.95
  Frame 193: 30.46/103.95
  Frame 194: 30.46/103.83
  Frame 195: 30.44/103.91
  Frame 196: 30.41/104.00
  Frame 197: 30.39/104.28
  Frame 198: 30.39/103.93
  Frame 199: 30.36/103.97
  Frame 200: 30.32/103.91
  Frame 201: 30.27/103.48
  Frame 202: 30.24/103.73
  Frame 203: 30.22/103.62
  Frame 204: 30.21/103.46
  Frame 205: 30.17/103.42
  Frame 206: 30.16/103.51
  Frame 207: 30.15/103.26
  Frame 208: 30.13/103.11
  Frame 209: 30.10/103.18
  Frame 210: 30.08/103.09
  Frame 211: 30.04/103.05
  Frame 212: 30.04/103.14
  Frame 213: 30.02/102.99
  Frame 214: 30.01/103.04
  Frame 215: 30.02/102.91
  Frame 216: 30.00/102.95
  Frame 217: 29.99/102.87
  Frame 218: 29.94/102.90
  Frame 219: 29.95/102.68
  Frame 220: 29.94/102.74
  Frame 221: 29.92/102.67
  Frame 222: 29.91/102.57
  Frame 223: 29.90/102.39
  Frame 224: 29.90/102.24
  Frame 225: 29.88/102.31
  Frame 226: 29.87/102.13
  Frame 227: 29.86/101.91
  Frame 228: 29.86/101.78
  Frame 229: 29.85/101.57
  Frame 230: 29.84/101.48
  Frame 231: 29.82/101.27
  Frame 232: 29.82/101.11
  Frame 233: 29.81/101.04
  Frame 234: 29.83/100.91
  Frame 235: 29.80/100.90
  Frame 236: 29.79/100.95
  Frame 237: 29.83/100.85
  Frame 238: 29.80/100.74
  Frame 239: 29.79/100.72
  Frame 240: 29.79/100.64
  Frame 241: 29.78/100.53
  Frame 242: 29.79/100.52
  Frame 243: 29.78/100.54
  Frame 244: 29.78/100.51
  Frame 245: 29.78/100.31
  Frame 246: 29.78/100.17
  Frame 247: 29.77/100.33
  Frame 248: 29.77/100.28
  Frame 249: 29.78/100.29
  Frame 250: 29.77/100.06
  Frame 251: 29.75/99.98
  Frame 252: 29.76/99.87
  Frame 253: 29.72/99.87
  Frame 254: 29.72/99.92
  Frame 255: 29.71/99.90
  Frame 256: 29.71/99.97
  Frame 257: 29.71/100.02
  Frame 258: 29.71/99.61
  Frame 259: 29.70/99.98
  Frame 260: 29.70/100.05
  Frame 261: 29.69/100.12
  Frame 262: 29.70/99.84
  Frame 263: 29.69/99.61
  Frame 264: 29.69/99.75
  Frame 265: 29.70/99.71
  Frame 266: 29.71/99.59
  Frame 267: 29.72/99.56
  Frame 268: 29.70/99.51
  Frame 269: 29.69/99.38
  Frame 270: 29.69/99.30
  Frame 271: 29.69/99.17
  Frame 272: 29.66/99.36
  Frame 273: 29.66/99.44
  Frame 274: 29.65/99.46
  Frame 275: 29.65/99.46
  Frame 276: 29.63/99.43
  Frame 277: 29.62/99.41
  Frame 278: 29.61/99.34
  Frame 279: 29.60/99.07
  Frame 280: 29.57/99.08
  Frame 281: 29.56/99.04
  Frame 282: 29.57/99.26
  Frame 283: 29.55/99.07
  Frame 284: 29.53/99.10
  Frame 285: 29.52/98.87
  Frame 286: 29.50/98.71
  Frame 287: 29.50/98.51
  Frame 288: 29.51/98.44
  Frame 289: 29.49/98.38
  Frame 290: 29.47/98.22
  Frame 291: 29.48/98.15
  Frame 292: 29.48/98.31
  Frame 293: 29.47/98.13
  Frame 294: 29.49/98.12
  Frame 295: 29.46/98.01
  Frame 296: 29.47/97.82
  Frame 297: 29.48/97.46
  Frame 298: 29.48/97.52
  Frame 299: 29.49/97.60
  Frame 300: 29.48/97.52
  Frame 301: 29.48/97.45
  Frame 302: 29.48/97.35
  Frame 303: 29.49/97.41
  Frame 304: 29.50/97.48
  Frame 305: 29.51/97.38
  Frame 306: 29.51/97.46
  Frame 307: 29.51/97.48
  Frame 308: 29.52/97.49
  Frame 309: 29.53/97.58
  Frame 310: 29.52/97.56
  Frame 311: 29.53/97.69
  Frame 312: 29.53/97.65
  Frame 313: 29.51/97.59
  Frame 314: 29.49/97.57
  Frame 315: 29.48/97.65
  Frame 316: 29.45/97.53
  Frame 317: 29.43/97.54
  Frame 318: 29.41/97.44
  Frame 319: 29.39/97.39
  Frame 320: 29.36/97.35
  Frame 321: 29.35/97.20
  Frame 322: 29.34/97.11
  Frame 323: 29.33/97.08
  Frame 324: 29.32/97.11
  Frame 325: 29.31/97.12
  Frame 326: 29.31/97.10
  Frame 327: 29.29/97.07
  Frame 328: 29.28/96.97
  Frame 329: 29.28/96.98
  Frame 330: 29.27/96.92
  Frame 331: 29.27/96.99
  Frame 332: 29.27/96.95
  Frame 333: 29.26/96.92
  Frame 334: 29.26/96.92
  Frame 335: 29.26/96.89
  Frame 336: 29.25/96.77
  Frame 337: 29.25/96.83
  Frame 338: 29.25/96.76
  Frame 339: 29.25/96.76
  Frame 340: 29.24/96.80
  Frame 341: 29.25/96.79
  Frame 342: 29.25/96.79
  Frame 343: 29.25/96.73
  Frame 344: 29.25/96.76
  Frame 345: 29.24/96.74
  Frame 346: 29.24/96.72
  Frame 347: 29.23/96.73
  Frame 348: 29.23/96.75
  Frame 349: 29.23/96.73
  Frame 350: 29.22/96.76
  Frame 351: 29.22/96.84
  Frame 352: 29.22/96.87
  Frame 353: 29.22/96.88
  Frame 354: 29.21/96.92
  Frame 355: 29.21/96.88
  Frame 356: 29.21/96.77
  Frame 357: 29.20/96.83
  Frame 358: 29.20/96.85
  Frame 359: 29.19/96.90
  Frame 360: 29.19/97.02
  Frame 361: 29.19/97.03
  Frame 362: 29.19/97.04
  Frame 363: 29.19/97.02
  Frame 364: 29.19/97.00
  Frame 365: 29.18/96.96
  Frame 366: 29.18/96.99
  Frame 367: 29.19/96.98
  Frame 368: 29.18/96.96
  Frame 369: 29.18/96.84
  Frame 370: 29.18/96.81
  Frame 371: 29.18/96.80
  Frame 372: 29.18/96.90
  Frame 373: 29.18/96.89
  Frame 374: 29.17/96.87
  Frame 375: 29.17/96.87
  Frame 376: 29.16/96.85
  Frame 377: 29.16/96.83
  Frame 378: 29.16/96.81
  Frame 379: 29.15/96.82
  Frame 380: 29.15/96.81
  Frame 381: 29.15/96.77
  Frame 382: 29.15/96.69
  Frame 383: 29.14/96.69
  Frame 384: 29.14/96.57
  Frame 385: 29.13/96.57
  Frame 386: 29.13/96.53
  Frame 387: 29.13/96.54
  Frame 388: 29.13/96.49
  Frame 389: 29.13/96.54
  Frame 390: 29.12/96.51
  Frame 391: 29.12/96.46
  Frame 392: 29.12/96.51
  Frame 393: 29.11/96.56
  Frame 394: 29.12/96.50
  Frame 395: 29.12/96.39
  Frame 396: 29.11/96.27
  Frame 397: 29.11/96.24
  Frame 398: 29.11/96.21
  Frame 399: 29.11/96.17
  Frame 400: 29.11/96.12
  Frame 401: 29.11/96.04
  Frame 402: 29.11/95.98
  Frame 403: 29.11/95.88
  Frame 404: 29.11/95.89
  Frame 405: 29.11/95.83
  Frame 406: 29.10/95.77
  Frame 407: 29.10/95.74
  Frame 408: 29.10/95.65
  Frame 409: 29.09/95.57
  Frame 410: 29.08/95.51
  Frame 411: 29.07/95.50
  Frame 412: 29.07/95.47
  Frame 413: 29.06/95.44
  Frame 414: 29.06/95.38
  Frame 415: 29.06/95.40
  Frame 416: 29.06/95.49
  Frame 417: 29.06/95.51
  Frame 418: 29.06/95.53
  Frame 419: 29.06/95.51
  Frame 420: 29.06/95.57
  Frame 421: 29.06/95.59
  Frame 422: 29.06/95.63
  Frame 423: 29.07/95.61

The following line contains the information from above in a machine-readable format and can safely be ignored.
MMT/convert_db:{"subject_conversion_error": [[30.0666, 104.072], [30.0234, 103.65], [29.9785, 103.271], [29.9487, 103.141], [29.9202, 103.08], [29.8773, 102.78], [29.8619, 102.667], [29.8699, 102.593], [29.841, 102.448], [29.782, 102.515], [29.7723, 102.261], [29.7525, 102.097], [29.7596, 102.132], [29.7507, 101.951], [29.7281, 102.034], [29.7143, 101.878], [29.7038, 101.932], [29.7035, 102.182], [29.6767, 102.076], [29.6861, 102.086], [29.6683, 102.189], [29.6582, 102.163], [29.632, 102.134], [29.6241, 101.972], [29.5861, 101.833], [29.5753, 102.201], [29.5903, 102.53], [29.5668, 102.086], [29.5933, 102.172], [29.5609, 102.298], [29.5363, 101.885], [29.5282, 101.554], [29.5322, 101.819], [29.5288, 102.118], [29.4993, 101.143], [29.4783, 101.213], [29.5242, 101.166], [29.4778, 100.87], [29.4935, 100.7], [29.458, 100.9], [29.4876, 100.923], [29.5219, 100.604], [29.436, 100.635], [29.43, 100.613], [29.4007, 100.602], [29.4099, 100.676], [29.4076, 100.524], [29.3324, 100.404], [29.355, 100.495], [29.3906, 100.606], [29.3431, 100.575], [29.3393, 100.754], [29.3266, 100.909], [29.3453, 101.172], [29.3336, 101.276], [29.3147, 101.533], [29.3306, 101.706], [29.2776, 101.983], [29.2949, 102.185], [29.3152, 102.325], [29.3371, 102.7], [29.3631, 102.901], [29.3897, 103.225], [29.4143, 103.352], [29.4522, 103.641], [29.5039, 103.773], [29.5443, 104.097], [29.5872, 104.243], [29.6046, 104.317], [29.6425, 104.433], [29.6967, 104.607], [29.7382, 104.674], [29.7515, 104.495], [29.7696, 104.535], [29.792, 104.454], [29.8248, 104.268], [29.8422, 104.492], [29.8925, 104.729], [29.906, 104.851], [29.9174, 104.533], [29.9362, 104.842], [29.9696, 104.947], [30.0109, 105.072], [30.036, 105.105], [30.0628, 105.12], [30.0972, 105.041], [30.167, 105.133], [30.1866, 105.214], [30.2092, 105.233], [30.2675, 105.647], [30.2981, 105.958], [30.299, 106.006], [30.3244, 105.88], [30.3651, 105.865], [30.393, 106.194], [30.44, 106.45], [30.462, 106.204], [30.4861, 106.534], [30.5175, 106.206], [30.5324, 106.604], [30.5834, 106.903], [30.5954, 106.964], [30.6389, 107.081], [30.631, 107.311], [30.6851, 107.244], [30.6929, 107.177], [30.7309, 107.246], [30.7637, 107.305], [30.7848, 107.294], [30.799, 107.35], [30.7919, 107.486], [30.851, 107.514], [30.8714, 107.603], [30.8819, 107.464], [30.8893, 107.538], [30.8762, 107.668], [30.9742, 107.422], [31.0086, 107.08], [31.0067, 107.035], [31.0757, 107.015], [31.1033, 107.158], [31.1628, 107.208], [31.2312, 107.16], [31.3076, 107.288], [31.3506, 107.232], [31.4029, 107.139], [31.4345, 107.142], [31.4841, 107.136], [31.5108, 107.05], [31.5368, 107.06], [31.5797, 106.892], [31.6027, 106.801], [31.6126, 106.594], [31.6176, 106.448], [31.6154, 106.434], [31.6208, 106.298], [31.621, 106.494], [31.5851, 106.432], [31.5578, 106.478], [31.5627, 106.536], [31.5493, 106.508], [31.5313, 106.444], [31.5236, 106.474], [31.5164, 106.47], [31.497, 106.484], [31.4915, 106.449], [31.4729, 106.567], [31.4564, 106.506], [31.4581, 106.51], [31.4359, 106.513], [31.4309, 106.477], [31.42, 106.483], [31.4099, 106.303], [31.3664, 106.229], [31.3556, 106.237], [31.3565, 106.191], [31.333, 106.136], [31.3265, 106.103], [31.2902, 106.11], [31.2991, 106.062], [31.28, 106.03], [31.2705, 105.901], [31.2297, 105.858], [31.2385, 105.749], [31.2122, 105.687], [31.2051, 105.67], [31.196, 105.684], [31.1443, 105.76], [31.1497, 105.794], [31.1612, 105.709], [31.1318, 105.532], [31.1127, 105.48], [31.1188, 105.56], [31.0916, 105.631], [31.0585, 105.412], [31.0426, 105.604], [30.9992, 105.354], [30.9878, 105.267], [30.9524, 105.265], [30.8932, 105.27], [30.8629, 105.063], [30.8228, 104.852], [30.7708, 104.921], [30.737, 104.735], [30.7188, 104.736], [30.6499, 104.562], [30.6296, 104.528], [30.5917, 104.289], [30.563, 104.292], [30.5488, 103.913], [30.5171, 104.013], [30.499, 103.949], [30.4953, 103.953], [30.4633, 103.954], [30.4618, 103.829], [30.4378, 103.907], [30.4134, 103.997], [30.3922, 104.276], [30.3873, 103.929], [30.3622, 103.974], [30.3158, 103.912], [30.2699, 103.478], [30.2376, 103.73], [30.2231, 103.617], [30.2077, 103.464], [30.1658, 103.417], [30.1564, 103.512], [30.1535, 103.259], [30.1274, 103.108], [30.0997, 103.184], [30.0751, 103.093], [30.0402, 103.052], [30.0442, 103.139], [30.0199, 102.988], [30.0087, 103.037], [30.0162, 102.907], [29.9995, 102.947], [29.9871, 102.867], [29.9414, 102.898], [29.9536, 102.684], [29.9393, 102.74], [29.9178, 102.674], [29.9097, 102.567], [29.8961, 102.394], [29.9047, 102.237], [29.8763, 102.311], [29.8747, 102.132], [29.8568, 101.911], [29.8575, 101.781], [29.8492, 101.566], [29.8416, 101.479], [29.8237, 101.266], [29.8194, 101.113], [29.8087, 101.04], [29.8316, 100.907], [29.7967, 100.902], [29.7921, 100.949], [29.8274, 100.851], [29.8013, 100.741], [29.7948, 100.725], [29.7863, 100.64], [29.783, 100.531], [29.7858, 100.52], [29.7835, 100.543], [29.7792, 100.513], [29.7788, 100.31], [29.7755, 100.175], [29.7712, 100.331], [29.7731, 100.284], [29.778, 100.293], [29.7674, 100.056], [29.7534, 99.9786], [29.7552, 99.8652], [29.7223, 99.8659], [29.7215, 99.9205], [29.7144, 99.9005], [29.7139, 99.9693], [29.7092, 100.021], [29.7109, 99.6123], [29.6959, 99.976], [29.6993, 100.05], [29.6929, 100.123], [29.7036, 99.8437], [29.6946, 99.6105], [29.6916, 99.7493], [29.7003, 99.711], [29.7139, 99.5933], [29.7205, 99.5601], [29.7028, 99.5114], [29.6944, 99.3832], [29.6877, 99.2993], [29.6894, 99.1735], [29.6642, 99.3638], [29.6626, 99.44], [29.6507, 99.4626], [29.6544, 99.4598], [29.6292, 99.4298], [29.6229, 99.4114], [29.6144, 99.3423], [29.604, 99.0712], [29.5691, 99.0774], [29.5638, 99.0437], [29.5651, 99.2648], [29.5537, 99.0681], [29.5285, 99.1044], [29.5152, 98.8748], [29.5038, 98.7098], [29.5044, 98.5145], [29.5085, 98.4428], [29.4894, 98.3777], [29.467, 98.2222], [29.4757, 98.152], [29.4752, 98.3118], [29.4682, 98.1289], [29.486, 98.1151], [29.459, 98.0062], [29.4684, 97.8173], [29.479, 97.4594], [29.4829, 97.5204], [29.4852, 97.6029], [29.4794, 97.5164], [29.4771, 97.448], [29.4829, 97.348], [29.4933, 97.4081], [29.5012, 97.4828], [29.5134, 97.3842], [29.508, 97.4568], [29.5106, 97.4791], [29.5226, 97.486], [29.5284, 97.5831], [29.5238, 97.5643], [29.5255, 97.6851], [29.5272, 97.6471], [29.5113, 97.5946], [29.4929, 97.5713], [29.4819, 97.6529], [29.455, 97.5286], [29.4294, 97.536], [29.4138, 97.441], [29.3859, 97.3859], [29.361, 97.3463], [29.3538, 97.1974], [29.3395, 97.1109], [29.3283, 97.0753], [29.3216, 97.105], [29.309, 97.119], [29.3079, 97.0959], [29.2924, 97.0674], [29.2817, 96.9717], [29.2802, 96.9759], [29.2711, 96.9186], [29.2675, 96.987], [29.2697, 96.9499], [29.2629, 96.9197], [29.2604, 96.9248], [29.2556, 96.8935], [29.2493, 96.7694], [29.2481, 96.8334], [29.2534, 96.7615], [29.2482, 96.7579], [29.2437, 96.7966], [29.2498, 96.7894], [29.2512, 96.7908], [29.2455, 96.7272], [29.2457, 96.7563], [29.244, 96.7432], [29.2385, 96.7233], [29.2346, 96.731], [29.2321, 96.75], [29.2252, 96.7323], [29.2237, 96.7595], [29.2184, 96.8379], [29.2224, 96.8656], [29.2156, 96.8832], [29.2136, 96.9179], [29.2117, 96.8841], [29.2081, 96.773], [29.2008, 96.8258], [29.1976, 96.8474], [29.1915, 96.8964], [29.191, 97.0188], [29.1898, 97.034], [29.1873, 97.0446], [29.1853, 97.0208], [29.1863, 97.0008], [29.1848, 96.9555], [29.1818, 96.9868], [29.1859, 96.9753], [29.1818, 96.9553], [29.1819, 96.8395], [29.183, 96.8091], [29.1784, 96.802], [29.1787, 96.8955], [29.1754, 96.8858], [29.1697, 96.8687], [29.1686, 96.8727], [29.165, 96.8522], [29.1606, 96.8337], [29.1563, 96.8142], [29.154, 96.8165], [29.1519, 96.8069], [29.1528, 96.7729], [29.1498, 96.6943], [29.1433, 96.694], [29.1359, 96.5653], [29.1299, 96.5679], [29.1345, 96.5277], [29.1296, 96.5446], [29.1301, 96.4914], [29.1275, 96.5354], [29.1224, 96.5088], [29.1177, 96.4641], [29.1183, 96.5115], [29.1092, 96.5566], [29.1177, 96.4966], [29.1185, 96.395], [29.1106, 96.2667], [29.1142, 96.2357], [29.1065, 96.2061], [29.1093, 96.1732], [29.1111, 96.1188], [29.1117, 96.0383], [29.1091, 95.9845], [29.1076, 95.8753], [29.1094, 95.8904], [29.1076, 95.8336], [29.1036, 95.7685], [29.0981, 95.7352], [29.0952, 95.6496], [29.085, 95.5705], [29.0791, 95.5063], [29.0747, 95.5038], [29.0699, 95.4707], [29.0627, 95.4425], [29.0645, 95.3784], [29.0594, 95.3978], [29.0598, 95.4913], [29.0586, 95.5081], [29.061, 95.5335], [29.0601, 95.5145], [29.0628, 95.5728], [29.0638, 95.5946], [29.062, 95.6319], [29.0659, 95.6128]], "git_repository_heads": {"MMMTools": ["d77f5a301e3e2f4cd16623ff82a11fbc98dc1113", 1459847935], "MMMCore": ["1d27ecc05fae8cf73cac6754bb4fa9f37155663b", 1459846333], "Simox": ["8d9023238ae3fddb74502537a3681c4318147084", 1459514263], "MMT": ["c7423751d257e7ed1c29d25547f02fa43d3d5549", 1466092673]}, "convert_db_version": 5, "object_conversion_settings": {}, "object_conversion_errors": {}, "subject_conversion_settings": {"model_files": [["mmm.xml", "83095bf1f7710e0da2eabc0dc38933fff21a487e"], ["models/RightFingerJoint43y_joint_visu.wrl", "4a8b66745234892104dc18c3f12b51653e0d22e2"], ["models/HeadSegment_joint_visu.wrl", "98bc33547d6728b266ca30ad9f3f1cd1fc964890"], ["models/RightFingerJoint23y_joint_visu.wrl", "a0d5f39a5c7aa80b2d6a4eaf255bc2ee431c4c8b"], ["models/RightFingerJoint13y_joint_visu.wrl", "f6fe45b4978386e46181511649732c2b788efffc"], ["models/RightEyeSegmentY_joint_visu.wrl", "a5e19b848b6eeb97452f27da05841286c9c8750d"], ["models/RightFingerJoint33y_joint_visu.wrl", "408d1d793635a63e5469ef6749032ed29df446cb"], ["models/RightFingerJoint42y_joint_visu.wrl", "56054907e89fe8b5298ac919d87afca5ea3112a6"], ["models/RightFingerJoint40y_joint_visu.wrl", "a6a36d6acd88295f92f5ad6137dad641a10df4b6"], ["models/RAy_joint_visu.wrl", "ce5872147a6e4132bebc90a3e1e3c1a28a103eb6"], ["models/LeftFingerJoint33y_joint_visu.wrl", "365adda3e38105f28e7045c2b0267a52336edf01"], ["models/BUNsegment_joint_visu.wrl", "0ac874bfcd0d8c4b0c3b4ec4e56c59ce39aad99d"], ["models/LeftEyeSegmentY_joint_visu.wrl", "066736ba165738d120f8d1d103b9c28b19c429bf"], ["models/RSCsegment_joint_visu.wrl", "9044f5cc6779532281b74eface97e002798a8e6d"], ["models/LHsegment_joint_visu.wrl", "3838c5fdad69c33fed501ae676c8a8a9282d9a05"], ["models/LeftFingerJoint53y_joint_visu.wrl", "cdd15d99efa93d038d04ced046fe79ae693a10d7"], ["models/RightFingerJoint21y_joint_visu.wrl", "d19626a13a08387890317675df2c2e7fe9db5eef"], ["models/RightFingerJoint12y_joint_visu.wrl", "7097cf96d3597a795575a5abe9256e0143c2ed0f"], ["models/LeftFingerJoint43y_joint_visu.wrl", "395c609ed268feb940855099f538c46a54c3a4d8"], ["models/RightFingerJoint53y_joint_visu.wrl", "9d95789602901425bad9b4435dea2b4be5431202"], ["models/LeftFingerJoint42y_joint_visu.wrl", "e487f595b7019c407f92b0f00de5260e64e56c97"], ["models/LAsegment_joint_visu.wrl", "bb0d5feb0455fbd2c425d138b7f487260f4bf1bc"], ["models/BTSegment_joint_visu.wrl", "22abe8deeec243c99e31ec02fa59372e98ac8471"], ["models/RKsegment_joint_visu.wrl", "18b381d65e3337bcb0d1ff5928773884a1e17d57"], ["models/LeftFingerJoint41y_joint_visu.wrl", "61402f6746307792f4303e574af749b94086a4ec"], ["models/LSCsegment_joint_visu.wrl", "c32a20b7e31becf394d78b5655efc5565b038b80"], ["models/LeftFingerJoint11y_joint_visu.wrl", "0cbfceda8d89deb375f7933c8078af5147ec84b2"], ["models/RightFingerJoint41y_joint_visu.wrl", "020541ab865e4e3e9fa2695e0f4eff71b52ad52d"], ["models/RWy_joint_visu.wrl", "2b11028aee46fb62e614338be3dd5644c1a824ee"], ["models/LeftFingerJoint23y_joint_visu.wrl", "478e70ae519508040adb535da7a7998bba1b8c42"], ["models/RSsegment_joint_visu.wrl", "612de2c24f203d5846930907a5df9cef5d9578dd"], ["models/LeftFingerJoint12y_joint_visu.wrl", "024079388e0352cf2dd7d6c0c4d45ee34851930c"], ["models/LWsegment_joint_visu.wrl", "3c8bc8f30c2fdfc5956ddac1f868ed768806d7fd"], ["models/RightFingerJoint22y_joint_visu.wrl", "0b36fec3092c4692c7809ee795740f148ffb0be8"], ["models/RMrot_joint_visu.wrl", "a56cefc9affb5ca3f87c8ad0a9ef880f3355f2f0"], ["models/LeftFingerJoint40y_joint_visu.wrl", "ebee55b3729d26fb04a73d5b427025dbf464f288"], ["models/LeftFingerJoint21y_joint_visu.wrl", "a890d2d55d8afbe701827374715b7e671862cc4f"], ["models/REsegment_joint_visu.wrl", "d709750461631f850f8441b85f4861ca47df51ae"], ["models/RHsegment_joint_visu.wrl", "54fb3a26ddb8f2d419752eb76c4e488efef6b43c"], ["models/RightFingerJoint52y_joint_visu.wrl", "44f18db78bed86bf1ddb981a1e678027e51db918"], ["models/RightFingerJoint50y_joint_visu.wrl", "13ede518eb635943fcd4564499f4fdb69d27780e"], ["models/LFx_joint_visu.wrl", "5d47b342ff68d5d2b2d9c7e22c5cf098909060c6"], ["models/LKsegment_joint_visu.wrl", "5780b7d3a585852e8707cb2363bfa8d4d3b461f7"], ["models/LeftFingerJoint13y_joint_visu.wrl", "8a00c78adf18bdebd78a513323b5f28f02d117be"], ["models/RightFingerJoint51y_joint_visu.wrl", "d78052a78ea694e1d35e6b91354db0a64493fbf4"], ["models/RightFingerJoint11y_joint_visu.wrl", "a05a4116eafe1434c190e03faa62753bcd333105"], ["models/LeftFingerJoint22y_joint_visu.wrl", "7fee0851bbbc487512ffb12e46d738fc0837aa0c"], ["models/LAy_joint_visu.wrl", "de3953d8ffbf479f0eb229748cfdd897a408012e"], ["models/LEsegment_joint_visu.wrl", "1bf5a0382df53cb4aef1ebf578e4d535a0cd3d7b"], ["models/RightFingerJoint31y_joint_visu.wrl", "4f0efb942b57fffc5b3177798a71bcdbb9b92042"], ["models/LeftFingerJoint32y_joint_visu.wrl", "685ae87120ee0d9ba5d764c8ff99385aa9d79a04"], ["models/RightFingerJoint32y_joint_visu.wrl", "47d29dfecd9514a3973b021c83bc361364341093"], ["models/LeftFingerJoint31y_joint_visu.wrl", "d24789234312bf68c77c7830508763d07f9feec0"], ["models/LMrot_joint_visu.wrl", "94047f5a29e3373271bba5d61ccbbacf9bfb01af"], ["models/LWy_joint_visu.wrl", "33ba8f54774fa65838a8ae38c3d558f06fe00bc0"], ["models/LeftFingerJoint52y_joint_visu.wrl", "3f7d688708cf5f55104348d5bc102dcc7b7a0a66"], ["models/LSsegment_joint_visu.wrl", "f34e7eae1658b3ae618b5bc40ebc1da529c7e0a3"], ["models/RAsegment_joint_visu.wrl", "bf9735bb8cbd74e01e9087f0ccad4783edc49231"], ["models/LeftFingerJoint50y_joint_visu.wrl", "c2f6364fe16768bd1382d1b02c327d9dcf43fd03"], ["models/LeftFingerJoint51y_joint_visu.wrl", "0c2664365d375a3d9dd190818483e292027433d3"], ["models/LeftHandSegment_joint_visu.wrl", "581235ef3290f47c527e74693e4a232056642bcf"], ["models/BTy_joint_visu.wrl", "818c33f75e2b278db824d223d8796b1d1ca48213"], ["models/RWsegment_joint_visu.wrl", "de46619cf74eb2ffe74ab7fdaaf4cd485034b959"], ["models/RFx_joint_visu.wrl", "7e0fad07af2c1f6a4bad2e40caa9cdcfafa5d748"]], "converter_config": "<ConverterConfig type=\"NloptConverter\"><Model><MarkerMapping><Mapping c3d=\"LIFD\" mmm=\"MARKER_LIFD\" /><Mapping c3d=\"LKNE\" mmm=\"MARKER_LKNE\" /><Mapping c3d=\"LWPS\" mmm=\"MARKER_LWPS\" /><Mapping c3d=\"RANK\" mmm=\"MARKER_RANK\" /><Mapping c3d=\"T10\" mmm=\"MARKER_T10\" /><Mapping c3d=\"LBHD\" mmm=\"MARKER_LBHD\" /><Mapping c3d=\"LBAK\" mmm=\"MARKER_LBAK\" /><Mapping c3d=\"RBAK\" mmm=\"MARKER_RBAK\" /><Mapping c3d=\"RTIP\" mmm=\"MARKER_RTIP\" /><Mapping c3d=\"RMT1\" mmm=\"MARKER_RMT1\" /><Mapping c3d=\"LTOE\" mmm=\"MARKER_LTOE\" /><Mapping c3d=\"RHTS\" mmm=\"MARKER_RHTS\" /><Mapping c3d=\"RMT5\" mmm=\"MARKER_RMT5\" /><Mapping c3d=\"LTIP\" mmm=\"MARKER_LTIP\" /><Mapping c3d=\"LHTS\" mmm=\"MARKER_LHTS\" /><Mapping c3d=\"RAEL\" mmm=\"MARKER_RAEL\" /><Mapping c3d=\"RKNE\" mmm=\"MARKER_RKNE\" /><Mapping c3d=\"LHPS\" mmm=\"MARKER_LHPS\" /><Mapping c3d=\"LANK\" mmm=\"MARKER_LANK\" /><Mapping c3d=\"LWTS\" mmm=\"MARKER_LWTS\" /><Mapping c3d=\"RIFD\" mmm=\"MARKER_RIFD\" /><Mapping c3d=\"RAOL\" mmm=\"MARKER_RAOL\" /><Mapping c3d=\"CLAV\" mmm=\"MARKER_CLAV\" /><Mapping c3d=\"LASI\" mmm=\"MARKER_LASI\" /><Mapping c3d=\"C7\" mmm=\"MARKER_C7\" /><Mapping c3d=\"LHEE\" mmm=\"MARKER_LHEE\" /><Mapping c3d=\"LTHI\" mmm=\"MARKER_LTHI\" /><Mapping c3d=\"RTHI\" mmm=\"MARKER_RTHI\" /><Mapping c3d=\"RFHD\" mmm=\"MARKER_RFHD\" /><Mapping c3d=\"LUPA\" mmm=\"MARKER_LUPA\" /><Mapping c3d=\"LFHD\" mmm=\"MARKER_LFHD\" /><Mapping c3d=\"RHIP\" mmm=\"MARKER_RHIP\" /><Mapping c3d=\"RWPS\" mmm=\"MARKER_RWPS\" /><Mapping c3d=\"LMT1\" mmm=\"MARKER_LMT1\" /><Mapping c3d=\"L3\" mmm=\"MARKER_L3\" /><Mapping c3d=\"LFRA\" mmm=\"MARKER_LFRA\" /><Mapping c3d=\"LPSI\" mmm=\"MARKER_LPSI\" /><Mapping c3d=\"RPSI\" mmm=\"MARKER_RPSI\" /><Mapping c3d=\"LAOL\" mmm=\"MARKER_LAOL\" /><Mapping c3d=\"RBHD\" mmm=\"MARKER_RBHD\" /><Mapping c3d=\"RUPA\" mmm=\"MARKER_RUPA\" /><Mapping c3d=\"RASI\" mmm=\"MARKER_RASI\" /><Mapping c3d=\"RWTS\" mmm=\"MARKER_RWTS\" /><Mapping c3d=\"LHIP\" mmm=\"MARKER_LHIP\" /><Mapping c3d=\"STRN\" mmm=\"MARKER_STRN\" /><Mapping c3d=\"LAEL\" mmm=\"MARKER_LAEL\" /><Mapping c3d=\"RHPS\" mmm=\"MARKER_RHPS\" /><Mapping c3d=\"RTOE\" mmm=\"MARKER_RTOE\" /><Mapping c3d=\"RHEE\" mmm=\"MARKER_RHEE\" /><Mapping c3d=\"LMT5\" mmm=\"MARKER_LMT5\" /></MarkerMapping><JointSet><Joint name=\"BLNx_joint\" /><Joint name=\"BLNy_joint\" /><Joint name=\"BLNz_joint\" /><Joint name=\"BPx_joint\" /><Joint name=\"BPy_joint\" /><Joint name=\"BPz_joint\" /><Joint name=\"BTx_joint\" /><Joint name=\"BTy_joint\" /><Joint name=\"BTz_joint\" /><Joint name=\"BUNx_joint\" /><Joint name=\"BUNy_joint\" /><Joint name=\"BUNz_joint\" /><Joint name=\"LAx_joint\" /><Joint name=\"LAy_joint\" /><Joint name=\"LAz_joint\" /><Joint name=\"LEx_joint\" /><Joint name=\"LEz_joint\" /><Joint name=\"LHx_joint\" /><Joint name=\"LHy_joint\" /><Joint name=\"LHz_joint\" /><Joint name=\"LKx_joint\" /><Joint name=\"LSx_joint\" /><Joint name=\"LSy_joint\" /><Joint name=\"LSz_joint\" /><Joint name=\"LWx_joint\" /><Joint name=\"LWy_joint\" /><Joint name=\"LFx_joint\" /><Joint name=\"LMrot_joint\" /><Joint name=\"RAx_joint\" /><Joint name=\"RAy_joint\" /><Joint name=\"RAz_joint\" /><Joint name=\"REx_joint\" /><Joint name=\"REz_joint\" /><Joint name=\"RHx_joint\" /><Joint name=\"RHy_joint\" /><Joint name=\"RHz_joint\" /><Joint name=\"RKx_joint\" /><Joint name=\"RSx_joint\" /><Joint name=\"RSy_joint\" /><Joint name=\"RSz_joint\" /><Joint name=\"RWx_joint\" /><Joint name=\"RWy_joint\" /><Joint name=\"RFx_joint\" /><Joint name=\"RMrot_joint\" /></JointSet></Model></ConverterConfig>", "model_processor_config": "<ModelProcessorConfig type=\"Winter\"><height>1.83</height><mass>100</mass></ModelProcessorConfig>"}, "subject_missing_markers": []}