Motion Database Converter

User/Host: mmm @ i61motiondb
Date: 2016-08-12 19:26:31
Input File: take_book_from_shelf_right_arm_05.c3d (ID #60826, created 2016-08-12 09:07:52)

The HEADs of the git repositories used for conversion are:
  MMMCore: 1d27ecc05fae8cf73cac6754bb4fa9f37155663b (2016-04-05 08:52:13)
  MMMTools: d77f5a301e3e2f4cd16623ff82a11fbc98dc1113 (2016-04-05 09:18:55)
  MMT: c7423751d257e7ed1c29d25547f02fa43d3d5549 (2016-06-16 15:57:53)
  Simox: 8d9023238ae3fddb74502537a3681c4318147084 (2016-04-01 12:37:43)

Configuration for subject:
  Converter config:
    <ConverterConfig type="NloptConverter"><Model><MarkerMapping><Mapping c3d="LIFD" mmm="MARKER_LIFD" /><Mapping c3d="LKNE" mmm="MARKER_LKNE" /><Mapping c3d="LWPS" mmm="MARKER_LWPS" /><Mapping c3d="RANK" mmm="MARKER_RANK" /><Mapping c3d="T10" mmm="MARKER_T10" /><Mapping c3d="LBHD" mmm="MARKER_LBHD" /><Mapping c3d="LBAK" mmm="MARKER_LBAK" /><Mapping c3d="RBAK" mmm="MARKER_RBAK" /><Mapping c3d="RTIP" mmm="MARKER_RTIP" /><Mapping c3d="RMT1" mmm="MARKER_RMT1" /><Mapping c3d="LTOE" mmm="MARKER_LTOE" /><Mapping c3d="RHTS" mmm="MARKER_RHTS" /><Mapping c3d="RMT5" mmm="MARKER_RMT5" /><Mapping c3d="LTIP" mmm="MARKER_LTIP" /><Mapping c3d="LHTS" mmm="MARKER_LHTS" /><Mapping c3d="RAEL" mmm="MARKER_RAEL" /><Mapping c3d="RKNE" mmm="MARKER_RKNE" /><Mapping c3d="LHPS" mmm="MARKER_LHPS" /><Mapping c3d="LANK" mmm="MARKER_LANK" /><Mapping c3d="LWTS" mmm="MARKER_LWTS" /><Mapping c3d="RIFD" mmm="MARKER_RIFD" /><Mapping c3d="RAOL" mmm="MARKER_RAOL" /><Mapping c3d="CLAV" mmm="MARKER_CLAV" /><Mapping c3d="LASI" mmm="MARKER_LASI" /><Mapping c3d="C7" mmm="MARKER_C7" /><Mapping c3d="LHEE" mmm="MARKER_LHEE" /><Mapping c3d="LTHI" mmm="MARKER_LTHI" /><Mapping c3d="RTHI" mmm="MARKER_RTHI" /><Mapping c3d="RFHD" mmm="MARKER_RFHD" /><Mapping c3d="LUPA" mmm="MARKER_LUPA" /><Mapping c3d="LFHD" mmm="MARKER_LFHD" /><Mapping c3d="RHIP" mmm="MARKER_RHIP" /><Mapping c3d="RWPS" mmm="MARKER_RWPS" /><Mapping c3d="LMT1" mmm="MARKER_LMT1" /><Mapping c3d="L3" mmm="MARKER_L3" /><Mapping c3d="LFRA" mmm="MARKER_LFRA" /><Mapping c3d="LPSI" mmm="MARKER_LPSI" /><Mapping c3d="RPSI" mmm="MARKER_RPSI" /><Mapping c3d="LAOL" mmm="MARKER_LAOL" /><Mapping c3d="RBHD" mmm="MARKER_RBHD" /><Mapping c3d="RUPA" mmm="MARKER_RUPA" /><Mapping c3d="RASI" mmm="MARKER_RASI" /><Mapping c3d="RWTS" mmm="MARKER_RWTS" /><Mapping c3d="LHIP" mmm="MARKER_LHIP" /><Mapping c3d="STRN" mmm="MARKER_STRN" /><Mapping c3d="LAEL" mmm="MARKER_LAEL" /><Mapping c3d="RHPS" mmm="MARKER_RHPS" /><Mapping c3d="RTOE" mmm="MARKER_RTOE" /><Mapping c3d="RHEE" mmm="MARKER_RHEE" /><Mapping c3d="LMT5" mmm="MARKER_LMT5" /></MarkerMapping><JointSet><Joint name="BLNx_joint" /><Joint name="BLNy_joint" /><Joint name="BLNz_joint" /><Joint name="BPx_joint" /><Joint name="BPy_joint" /><Joint name="BPz_joint" /><Joint name="BTx_joint" /><Joint name="BTy_joint" /><Joint name="BTz_joint" /><Joint name="BUNx_joint" /><Joint name="BUNy_joint" /><Joint name="BUNz_joint" /><Joint name="LAx_joint" /><Joint name="LAy_joint" /><Joint name="LAz_joint" /><Joint name="LEx_joint" /><Joint name="LEz_joint" /><Joint name="LHx_joint" /><Joint name="LHy_joint" /><Joint name="LHz_joint" /><Joint name="LKx_joint" /><Joint name="LSx_joint" /><Joint name="LSy_joint" /><Joint name="LSz_joint" /><Joint name="LWx_joint" /><Joint name="LWy_joint" /><Joint name="LFx_joint" /><Joint name="LMrot_joint" /><Joint name="RAx_joint" /><Joint name="RAy_joint" /><Joint name="RAz_joint" /><Joint name="REx_joint" /><Joint name="REz_joint" /><Joint name="RHx_joint" /><Joint name="RHy_joint" /><Joint name="RHz_joint" /><Joint name="RKx_joint" /><Joint name="RSx_joint" /><Joint name="RSy_joint" /><Joint name="RSz_joint" /><Joint name="RWx_joint" /><Joint name="RWy_joint" /><Joint name="RFx_joint" /><Joint name="RMrot_joint" /></JointSet></Model></ConverterConfig>

  Model processor config:
    <ModelProcessorConfig type="Winter"><height>1.83</height><mass>100</mass></ModelProcessorConfig>

  Model files:
    mmm.xml -> 83095bf1f7710e0da2eabc0dc38933fff21a487e
    models/RightFingerJoint43y_joint_visu.wrl -> 4a8b66745234892104dc18c3f12b51653e0d22e2
    models/HeadSegment_joint_visu.wrl -> 98bc33547d6728b266ca30ad9f3f1cd1fc964890
    models/RightFingerJoint23y_joint_visu.wrl -> a0d5f39a5c7aa80b2d6a4eaf255bc2ee431c4c8b
    models/RightFingerJoint13y_joint_visu.wrl -> f6fe45b4978386e46181511649732c2b788efffc
    models/RightEyeSegmentY_joint_visu.wrl -> a5e19b848b6eeb97452f27da05841286c9c8750d
    models/RightFingerJoint33y_joint_visu.wrl -> 408d1d793635a63e5469ef6749032ed29df446cb
    models/RightFingerJoint42y_joint_visu.wrl -> 56054907e89fe8b5298ac919d87afca5ea3112a6
    models/RightFingerJoint40y_joint_visu.wrl -> a6a36d6acd88295f92f5ad6137dad641a10df4b6
    models/RAy_joint_visu.wrl -> ce5872147a6e4132bebc90a3e1e3c1a28a103eb6
    models/LeftFingerJoint33y_joint_visu.wrl -> 365adda3e38105f28e7045c2b0267a52336edf01
    models/BUNsegment_joint_visu.wrl -> 0ac874bfcd0d8c4b0c3b4ec4e56c59ce39aad99d
    models/LeftEyeSegmentY_joint_visu.wrl -> 066736ba165738d120f8d1d103b9c28b19c429bf
    models/RSCsegment_joint_visu.wrl -> 9044f5cc6779532281b74eface97e002798a8e6d
    models/LHsegment_joint_visu.wrl -> 3838c5fdad69c33fed501ae676c8a8a9282d9a05
    models/LeftFingerJoint53y_joint_visu.wrl -> cdd15d99efa93d038d04ced046fe79ae693a10d7
    models/RightFingerJoint21y_joint_visu.wrl -> d19626a13a08387890317675df2c2e7fe9db5eef
    models/RightFingerJoint12y_joint_visu.wrl -> 7097cf96d3597a795575a5abe9256e0143c2ed0f
    models/LeftFingerJoint43y_joint_visu.wrl -> 395c609ed268feb940855099f538c46a54c3a4d8
    models/RightFingerJoint53y_joint_visu.wrl -> 9d95789602901425bad9b4435dea2b4be5431202
    models/LeftFingerJoint42y_joint_visu.wrl -> e487f595b7019c407f92b0f00de5260e64e56c97
    models/LAsegment_joint_visu.wrl -> bb0d5feb0455fbd2c425d138b7f487260f4bf1bc
    models/BTSegment_joint_visu.wrl -> 22abe8deeec243c99e31ec02fa59372e98ac8471
    models/RKsegment_joint_visu.wrl -> 18b381d65e3337bcb0d1ff5928773884a1e17d57
    models/LeftFingerJoint41y_joint_visu.wrl -> 61402f6746307792f4303e574af749b94086a4ec
    models/LSCsegment_joint_visu.wrl -> c32a20b7e31becf394d78b5655efc5565b038b80
    models/LeftFingerJoint11y_joint_visu.wrl -> 0cbfceda8d89deb375f7933c8078af5147ec84b2
    models/RightFingerJoint41y_joint_visu.wrl -> 020541ab865e4e3e9fa2695e0f4eff71b52ad52d
    models/RWy_joint_visu.wrl -> 2b11028aee46fb62e614338be3dd5644c1a824ee
    models/LeftFingerJoint23y_joint_visu.wrl -> 478e70ae519508040adb535da7a7998bba1b8c42
    models/RSsegment_joint_visu.wrl -> 612de2c24f203d5846930907a5df9cef5d9578dd
    models/LeftFingerJoint12y_joint_visu.wrl -> 024079388e0352cf2dd7d6c0c4d45ee34851930c
    models/LWsegment_joint_visu.wrl -> 3c8bc8f30c2fdfc5956ddac1f868ed768806d7fd
    models/RightFingerJoint22y_joint_visu.wrl -> 0b36fec3092c4692c7809ee795740f148ffb0be8
    models/RMrot_joint_visu.wrl -> a56cefc9affb5ca3f87c8ad0a9ef880f3355f2f0
    models/LeftFingerJoint40y_joint_visu.wrl -> ebee55b3729d26fb04a73d5b427025dbf464f288
    models/LeftFingerJoint21y_joint_visu.wrl -> a890d2d55d8afbe701827374715b7e671862cc4f
    models/REsegment_joint_visu.wrl -> d709750461631f850f8441b85f4861ca47df51ae
    models/RHsegment_joint_visu.wrl -> 54fb3a26ddb8f2d419752eb76c4e488efef6b43c
    models/RightFingerJoint52y_joint_visu.wrl -> 44f18db78bed86bf1ddb981a1e678027e51db918
    models/RightFingerJoint50y_joint_visu.wrl -> 13ede518eb635943fcd4564499f4fdb69d27780e
    models/LFx_joint_visu.wrl -> 5d47b342ff68d5d2b2d9c7e22c5cf098909060c6
    models/LKsegment_joint_visu.wrl -> 5780b7d3a585852e8707cb2363bfa8d4d3b461f7
    models/LeftFingerJoint13y_joint_visu.wrl -> 8a00c78adf18bdebd78a513323b5f28f02d117be
    models/RightFingerJoint51y_joint_visu.wrl -> d78052a78ea694e1d35e6b91354db0a64493fbf4
    models/RightFingerJoint11y_joint_visu.wrl -> a05a4116eafe1434c190e03faa62753bcd333105
    models/LeftFingerJoint22y_joint_visu.wrl -> 7fee0851bbbc487512ffb12e46d738fc0837aa0c
    models/LAy_joint_visu.wrl -> de3953d8ffbf479f0eb229748cfdd897a408012e
    models/LEsegment_joint_visu.wrl -> 1bf5a0382df53cb4aef1ebf578e4d535a0cd3d7b
    models/RightFingerJoint31y_joint_visu.wrl -> 4f0efb942b57fffc5b3177798a71bcdbb9b92042
    models/LeftFingerJoint32y_joint_visu.wrl -> 685ae87120ee0d9ba5d764c8ff99385aa9d79a04
    models/RightFingerJoint32y_joint_visu.wrl -> 47d29dfecd9514a3973b021c83bc361364341093
    models/LeftFingerJoint31y_joint_visu.wrl -> d24789234312bf68c77c7830508763d07f9feec0
    models/LMrot_joint_visu.wrl -> 94047f5a29e3373271bba5d61ccbbacf9bfb01af
    models/LWy_joint_visu.wrl -> 33ba8f54774fa65838a8ae38c3d558f06fe00bc0
    models/LeftFingerJoint52y_joint_visu.wrl -> 3f7d688708cf5f55104348d5bc102dcc7b7a0a66
    models/LSsegment_joint_visu.wrl -> f34e7eae1658b3ae618b5bc40ebc1da529c7e0a3
    models/RAsegment_joint_visu.wrl -> bf9735bb8cbd74e01e9087f0ccad4783edc49231
    models/LeftFingerJoint50y_joint_visu.wrl -> c2f6364fe16768bd1382d1b02c327d9dcf43fd03
    models/LeftFingerJoint51y_joint_visu.wrl -> 0c2664365d375a3d9dd190818483e292027433d3
    models/LeftHandSegment_joint_visu.wrl -> 581235ef3290f47c527e74693e4a232056642bcf
    models/BTy_joint_visu.wrl -> 818c33f75e2b278db824d223d8796b1d1ca48213
    models/RWsegment_joint_visu.wrl -> de46619cf74eb2ffe74ab7fdaaf4cd485034b959
    models/RFx_joint_visu.wrl -> 7e0fad07af2c1f6a4bad2e40caa9cdcfafa5d748

Missing subject markers: []

Subject conversion error:
Conversion Error: avg/avg = 30.00, worst avg = 31.60, worst max = 108.35

The per-frame conversion errors are: (avg/max for subject and every object)
  Frame 0: 29.74/102.62
  Frame 1: 29.67/102.07
  Frame 2: 29.65/101.85
  Frame 3: 29.63/101.77
  Frame 4: 29.57/101.50
  Frame 5: 29.56/101.55
  Frame 6: 29.55/101.63
  Frame 7: 29.50/101.41
  Frame 8: 29.49/101.53
  Frame 9: 29.46/101.56
  Frame 10: 29.44/101.30
  Frame 11: 29.43/101.35
  Frame 12: 29.41/101.14
  Frame 13: 29.38/101.22
  Frame 14: 29.37/101.24
  Frame 15: 29.36/101.15
  Frame 16: 29.35/101.07
  Frame 17: 29.34/101.06
  Frame 18: 29.33/101.09
  Frame 19: 29.32/101.06
  Frame 20: 29.33/101.03
  Frame 21: 29.33/101.11
  Frame 22: 29.29/101.05
  Frame 23: 29.31/100.95
  Frame 24: 29.31/100.92
  Frame 25: 29.31/100.74
  Frame 26: 29.31/100.87
  Frame 27: 29.32/100.80
  Frame 28: 29.34/100.98
  Frame 29: 29.32/100.67
  Frame 30: 29.33/100.57
  Frame 31: 29.34/100.70
  Frame 32: 29.35/100.80
  Frame 33: 29.36/100.96
  Frame 34: 29.34/100.94
  Frame 35: 29.34/100.89
  Frame 36: 29.32/100.85
  Frame 37: 29.29/100.61
  Frame 38: 29.31/100.82
  Frame 39: 29.31/101.08
  Frame 40: 29.33/101.21
  Frame 41: 29.29/100.78
  Frame 42: 29.30/100.67
  Frame 43: 29.29/100.56
  Frame 44: 29.29/100.96
  Frame 45: 29.25/100.44
  Frame 46: 29.27/100.25
  Frame 47: 29.25/100.37
  Frame 48: 29.27/100.61
  Frame 49: 29.26/100.41
  Frame 50: 29.26/100.54
  Frame 51: 29.28/100.51
  Frame 52: 29.29/100.46
  Frame 53: 29.25/100.55
  Frame 54: 29.26/100.42
  Frame 55: 29.22/100.43
  Frame 56: 29.22/100.55
  Frame 57: 29.25/100.52
  Frame 58: 29.21/100.62
  Frame 59: 29.26/100.65
  Frame 60: 29.25/100.54
  Frame 61: 29.22/100.63
  Frame 62: 29.19/100.88
  Frame 63: 29.20/100.92
  Frame 64: 29.18/100.99
  Frame 65: 29.16/100.81
  Frame 66: 29.13/101.02
  Frame 67: 29.14/101.06
  Frame 68: 29.16/101.23
  Frame 69: 29.17/101.34
  Frame 70: 29.19/101.50
  Frame 71: 29.21/101.59
  Frame 72: 29.23/101.76
  Frame 73: 29.24/101.96
  Frame 74: 29.31/102.17
  Frame 75: 29.31/102.43
  Frame 76: 29.35/102.58
  Frame 77: 29.37/102.92
  Frame 78: 29.41/102.96
  Frame 79: 29.44/103.23
  Frame 80: 29.48/103.33
  Frame 81: 29.52/103.53
  Frame 82: 29.55/103.68
  Frame 83: 29.60/104.00
  Frame 84: 29.62/103.83
  Frame 85: 29.65/104.01
  Frame 86: 29.69/103.98
  Frame 87: 29.71/104.08
  Frame 88: 29.74/104.05
  Frame 89: 29.76/104.16
  Frame 90: 29.78/104.25
  Frame 91: 29.80/104.26
  Frame 92: 29.84/104.35
  Frame 93: 29.85/104.44
  Frame 94: 29.87/104.82
  Frame 95: 29.91/104.94
  Frame 96: 29.95/105.37
  Frame 97: 29.97/105.50
  Frame 98: 29.97/105.49
  Frame 99: 29.96/105.91
  Frame 100: 29.99/106.18
  Frame 101: 30.00/106.36
  Frame 102: 29.99/106.42
  Frame 103: 30.02/106.53
  Frame 104: 30.02/106.65
  Frame 105: 30.04/106.82
  Frame 106: 30.04/107.14
  Frame 107: 30.06/107.37
  Frame 108: 30.06/107.37
  Frame 109: 30.08/107.26
  Frame 110: 30.07/107.23
  Frame 111: 30.09/107.23
  Frame 112: 30.10/107.35
  Frame 113: 30.12/107.58
  Frame 114: 30.14/107.33
  Frame 115: 30.15/107.41
  Frame 116: 30.18/107.73
  Frame 117: 30.20/107.94
  Frame 118: 30.21/107.90
  Frame 119: 30.21/107.81
  Frame 120: 30.27/107.65
  Frame 121: 30.30/107.75
  Frame 122: 30.30/107.79
  Frame 123: 30.33/107.83
  Frame 124: 30.36/107.81
  Frame 125: 30.37/107.68
  Frame 126: 30.42/107.64
  Frame 127: 30.46/107.48
  Frame 128: 30.50/107.45
  Frame 129: 30.57/107.58
  Frame 130: 30.64/107.71
  Frame 131: 30.71/107.97
  Frame 132: 30.80/107.78
  Frame 133: 30.91/107.80
  Frame 134: 30.95/107.94
  Frame 135: 31.04/107.93
  Frame 136: 31.12/108.02
  Frame 137: 31.18/108.07
  Frame 138: 31.26/108.12
  Frame 139: 31.32/108.13
  Frame 140: 31.39/107.97
  Frame 141: 31.42/108.14
  Frame 142: 31.48/108.21
  Frame 143: 31.53/108.18
  Frame 144: 31.55/108.30
  Frame 145: 31.58/108.32
  Frame 146: 31.58/108.35
  Frame 147: 31.60/108.27
  Frame 148: 31.58/108.23
  Frame 149: 31.58/108.09
  Frame 150: 31.57/108.14
  Frame 151: 31.57/108.04
  Frame 152: 31.54/107.94
  Frame 153: 31.52/107.77
  Frame 154: 31.50/107.67
  Frame 155: 31.48/107.56
  Frame 156: 31.47/107.53
  Frame 157: 31.46/107.43
  Frame 158: 31.44/107.43
  Frame 159: 31.43/107.38
  Frame 160: 31.42/107.31
  Frame 161: 31.40/107.31
  Frame 162: 31.40/107.28
  Frame 163: 31.39/107.23
  Frame 164: 31.38/107.24
  Frame 165: 31.38/107.24
  Frame 166: 31.37/107.26
  Frame 167: 31.36/107.30
  Frame 168: 31.35/107.24
  Frame 169: 31.36/107.19
  Frame 170: 31.35/107.23
  Frame 171: 31.34/107.21
  Frame 172: 31.34/107.20
  Frame 173: 31.34/107.24
  Frame 174: 31.32/107.15
  Frame 175: 31.30/107.14
  Frame 176: 31.30/107.17
  Frame 177: 31.29/107.11
  Frame 178: 31.28/107.11
  Frame 179: 31.27/107.10
  Frame 180: 31.25/106.93
  Frame 181: 31.22/106.72
  Frame 182: 31.21/106.80
  Frame 183: 31.18/106.53
  Frame 184: 31.18/106.69
  Frame 185: 31.16/106.56
  Frame 186: 31.16/106.58
  Frame 187: 31.11/106.50
  Frame 188: 31.10/106.39
  Frame 189: 31.09/106.48
  Frame 190: 31.03/106.34
  Frame 191: 31.02/106.11
  Frame 192: 30.99/105.92
  Frame 193: 30.97/105.87
  Frame 194: 30.94/105.97
  Frame 195: 30.92/105.71
  Frame 196: 30.87/105.68
  Frame 197: 30.84/105.68
  Frame 198: 30.78/105.67
  Frame 199: 30.74/105.28
  Frame 200: 30.70/105.39
  Frame 201: 30.67/105.42
  Frame 202: 30.65/104.98
  Frame 203: 30.60/105.07
  Frame 204: 30.57/105.05
  Frame 205: 30.55/105.06
  Frame 206: 30.51/104.76
  Frame 207: 30.48/104.81
  Frame 208: 30.45/104.73
  Frame 209: 30.43/104.41
  Frame 210: 30.41/104.58
  Frame 211: 30.37/104.68
  Frame 212: 30.34/104.48
  Frame 213: 30.32/104.60
  Frame 214: 30.29/104.01
  Frame 215: 30.24/103.92
  Frame 216: 30.24/104.15
  Frame 217: 30.23/104.13
  Frame 218: 30.20/104.06
  Frame 219: 30.19/104.21
  Frame 220: 30.18/104.19
  Frame 221: 30.16/103.83
  Frame 222: 30.13/103.92
  Frame 223: 30.13/103.94
  Frame 224: 30.11/103.81
  Frame 225: 30.10/103.66
  Frame 226: 30.06/103.53
  Frame 227: 30.05/103.46
  Frame 228: 30.05/103.57
  Frame 229: 30.03/103.48
  Frame 230: 29.99/103.30
  Frame 231: 30.01/103.24
  Frame 232: 29.97/103.33
  Frame 233: 29.97/102.94
  Frame 234: 29.95/102.91
  Frame 235: 29.94/102.71
  Frame 236: 29.91/102.52
  Frame 237: 29.93/102.44
  Frame 238: 29.91/102.09
  Frame 239: 29.89/102.01
  Frame 240: 29.88/101.91
  Frame 241: 29.88/101.70
  Frame 242: 29.90/101.62
  Frame 243: 29.88/101.22
  Frame 244: 29.90/100.97
  Frame 245: 29.89/100.73
  Frame 246: 29.91/100.38
  Frame 247: 29.93/100.25
  Frame 248: 29.94/100.36
  Frame 249: 29.97/100.02
  Frame 250: 29.96/99.88
  Frame 251: 29.95/99.48
  Frame 252: 29.99/99.83
  Frame 253: 29.98/99.87
  Frame 254: 29.98/99.84
  Frame 255: 29.99/99.74
  Frame 256: 29.97/99.93
  Frame 257: 29.99/99.94
  Frame 258: 29.98/99.82
  Frame 259: 30.00/99.89
  Frame 260: 29.98/99.74
  Frame 261: 29.99/99.86
  Frame 262: 29.98/99.34
  Frame 263: 29.97/99.51
  Frame 264: 29.96/99.67
  Frame 265: 29.97/98.94
  Frame 266: 29.99/99.04
  Frame 267: 29.97/98.74
  Frame 268: 29.97/98.54
  Frame 269: 29.98/98.87
  Frame 270: 29.98/98.87
  Frame 271: 30.00/98.93
  Frame 272: 30.01/98.98
  Frame 273: 30.02/98.93
  Frame 274: 30.02/98.83
  Frame 275: 30.00/99.07
  Frame 276: 30.01/98.88
  Frame 277: 30.02/98.79
  Frame 278: 30.02/98.68
  Frame 279: 30.03/98.57
  Frame 280: 30.04/98.65
  Frame 281: 30.03/98.65
  Frame 282: 30.03/98.30
  Frame 283: 30.02/97.50
  Frame 284: 30.02/97.28
  Frame 285: 30.03/97.11
  Frame 286: 30.04/97.01
  Frame 287: 30.04/97.53
  Frame 288: 30.08/97.02
  Frame 289: 30.07/96.94
  Frame 290: 30.06/96.75
  Frame 291: 30.03/96.63
  Frame 292: 29.99/96.71
  Frame 293: 29.84/96.78
  Frame 294: 29.59/96.83
  Frame 295: 29.46/96.80
  Frame 296: 29.42/96.99
  Frame 297: 29.38/97.11
  Frame 298: 29.34/96.93
  Frame 299: 29.30/96.81
  Frame 300: 29.27/97.34
  Frame 301: 29.27/97.47
  Frame 302: 29.26/97.64
  Frame 303: 29.26/97.51
  Frame 304: 29.26/97.75
  Frame 305: 29.26/97.90
  Frame 306: 29.26/97.94
  Frame 307: 29.26/98.05
  Frame 308: 29.26/98.09
  Frame 309: 29.25/98.18
  Frame 310: 29.26/98.20
  Frame 311: 29.25/98.23
  Frame 312: 29.23/98.31
  Frame 313: 29.23/98.36
  Frame 314: 29.23/98.39
  Frame 315: 29.22/98.42
  Frame 316: 29.22/98.39
  Frame 317: 29.22/98.33
  Frame 318: 29.21/98.26
  Frame 319: 29.21/98.26
  Frame 320: 29.21/98.23
  Frame 321: 29.22/98.32
  Frame 322: 29.21/98.27
  Frame 323: 29.21/98.27
  Frame 324: 29.21/98.28
  Frame 325: 29.21/98.27
  Frame 326: 29.21/98.27
  Frame 327: 29.20/98.27
  Frame 328: 29.20/98.40
  Frame 329: 29.19/98.37
  Frame 330: 29.19/98.29
  Frame 331: 29.19/98.24
  Frame 332: 29.19/98.31
  Frame 333: 29.18/98.18
  Frame 334: 29.17/98.16
  Frame 335: 29.17/98.13
  Frame 336: 29.16/98.06
  Frame 337: 29.16/97.97
  Frame 338: 29.16/97.93
  Frame 339: 29.15/98.00
  Frame 340: 29.14/97.93
  Frame 341: 29.13/97.91
  Frame 342: 29.14/97.89
  Frame 343: 29.13/97.85
  Frame 344: 29.13/97.98
  Frame 345: 29.13/97.93
  Frame 346: 29.13/97.98
  Frame 347: 29.13/97.99
  Frame 348: 29.13/97.98

The following line contains the information from above in a machine-readable format and can safely be ignored.
MMT/convert_db:{"subject_conversion_error": [[29.7425, 102.622], [29.6719, 102.067], [29.6514, 101.846], [29.6251, 101.771], [29.5698, 101.499], [29.5613, 101.551], [29.5478, 101.63], [29.4964, 101.412], [29.4892, 101.529], [29.4613, 101.556], [29.4437, 101.295], [29.4309, 101.353], [29.4061, 101.139], [29.3838, 101.217], [29.3713, 101.241], [29.3585, 101.151], [29.3496, 101.071], [29.3357, 101.058], [29.3303, 101.09], [29.3242, 101.06], [29.3253, 101.032], [29.3269, 101.107], [29.294, 101.051], [29.3143, 100.946], [29.3069, 100.922], [29.3079, 100.741], [29.3144, 100.874], [29.3202, 100.799], [29.3441, 100.982], [29.3192, 100.668], [29.3343, 100.573], [29.3361, 100.7], [29.348, 100.795], [29.3575, 100.956], [29.345, 100.94], [29.3388, 100.89], [29.3249, 100.847], [29.2922, 100.611], [29.3081, 100.817], [29.3136, 101.084], [29.3265, 101.21], [29.2896, 100.784], [29.2969, 100.668], [29.2883, 100.555], [29.2918, 100.963], [29.2497, 100.436], [29.2658, 100.254], [29.2467, 100.372], [29.2675, 100.612], [29.2626, 100.414], [29.2594, 100.541], [29.2792, 100.512], [29.2917, 100.458], [29.2508, 100.545], [29.26, 100.417], [29.2217, 100.431], [29.2187, 100.552], [29.2486, 100.522], [29.2091, 100.618], [29.261, 100.652], [29.2492, 100.544], [29.2205, 100.626], [29.1902, 100.877], [29.2034, 100.922], [29.1811, 100.992], [29.1597, 100.808], [29.1303, 101.024], [29.1386, 101.058], [29.1575, 101.234], [29.1687, 101.345], [29.1911, 101.499], [29.2085, 101.595], [29.2281, 101.762], [29.2446, 101.961], [29.3087, 102.174], [29.313, 102.434], [29.3517, 102.582], [29.3673, 102.915], [29.4061, 102.96], [29.4368, 103.229], [29.4769, 103.328], [29.5248, 103.534], [29.5466, 103.679], [29.6016, 104.003], [29.6211, 103.829], [29.6542, 104.007], [29.6896, 103.984], [29.7146, 104.077], [29.7432, 104.048], [29.7649, 104.159], [29.7782, 104.254], [29.8015, 104.262], [29.8352, 104.353], [29.8516, 104.441], [29.8654, 104.819], [29.915, 104.935], [29.9467, 105.37], [29.9735, 105.495], [29.9691, 105.49], [29.9646, 105.91], [29.9916, 106.176], [30.0009, 106.358], [29.9902, 106.417], [30.0217, 106.531], [30.0161, 106.653], [30.0436, 106.82], [30.0438, 107.144], [30.0563, 107.373], [30.0566, 107.366], [30.0791, 107.264], [30.0673, 107.23], [30.092, 107.23], [30.1026, 107.352], [30.1219, 107.584], [30.1438, 107.327], [30.1491, 107.405], [30.1763, 107.733], [30.1982, 107.936], [30.2106, 107.898], [30.2122, 107.806], [30.2737, 107.646], [30.3039, 107.754], [30.3033, 107.788], [30.3303, 107.829], [30.3625, 107.807], [30.3732, 107.676], [30.4237, 107.64], [30.4605, 107.478], [30.5019, 107.447], [30.5665, 107.578], [30.6439, 107.712], [30.7055, 107.966], [30.7971, 107.775], [30.9054, 107.796], [30.9508, 107.936], [31.0368, 107.926], [31.1176, 108.019], [31.1768, 108.072], [31.2634, 108.117], [31.3219, 108.13], [31.388, 107.972], [31.4189, 108.142], [31.4764, 108.21], [31.5299, 108.183], [31.5547, 108.302], [31.5837, 108.317], [31.5832, 108.346], [31.5987, 108.27], [31.5771, 108.226], [31.5772, 108.087], [31.5675, 108.142], [31.5656, 108.039], [31.5435, 107.938], [31.52, 107.769], [31.5044, 107.674], [31.4834, 107.561], [31.4702, 107.529], [31.4559, 107.426], [31.4386, 107.428], [31.435, 107.377], [31.4213, 107.308], [31.3975, 107.305], [31.398, 107.279], [31.3873, 107.229], [31.3752, 107.236], [31.3793, 107.237], [31.3692, 107.262], [31.3631, 107.297], [31.3541, 107.239], [31.3566, 107.191], [31.3452, 107.227], [31.3422, 107.211], [31.3443, 107.197], [31.3356, 107.242], [31.3198, 107.149], [31.3036, 107.145], [31.2985, 107.171], [31.2863, 107.106], [31.2795, 107.107], [31.2741, 107.101], [31.2489, 106.93], [31.2246, 106.719], [31.2093, 106.798], [31.1812, 106.532], [31.1768, 106.692], [31.1573, 106.555], [31.1628, 106.582], [31.1144, 106.495], [31.096, 106.395], [31.0851, 106.479], [31.0285, 106.337], [31.0163, 106.115], [30.9866, 105.918], [30.9695, 105.866], [30.9411, 105.97], [30.9182, 105.714], [30.8715, 105.677], [30.8356, 105.676], [30.7755, 105.668], [30.7375, 105.283], [30.6963, 105.386], [30.6703, 105.419], [30.6477, 104.985], [30.5952, 105.071], [30.5683, 105.054], [30.5468, 105.065], [30.5075, 104.757], [30.4795, 104.809], [30.4537, 104.727], [30.4273, 104.41], [30.4123, 104.58], [30.3675, 104.677], [30.3378, 104.477], [30.3154, 104.601], [30.2863, 104.011], [30.2408, 103.924], [30.2433, 104.154], [30.2321, 104.128], [30.205, 104.063], [30.1871, 104.213], [30.1795, 104.185], [30.1587, 103.828], [30.1277, 103.919], [30.1317, 103.942], [30.1106, 103.815], [30.0987, 103.66], [30.0613, 103.525], [30.0541, 103.457], [30.0493, 103.568], [30.0289, 103.479], [29.9937, 103.297], [30.0059, 103.24], [29.9746, 103.33], [29.973, 102.945], [29.9452, 102.911], [29.9383, 102.71], [29.9065, 102.524], [29.9266, 102.445], [29.9074, 102.089], [29.8858, 102.009], [29.8798, 101.913], [29.8774, 101.696], [29.8953, 101.617], [29.8804, 101.215], [29.8984, 100.975], [29.8943, 100.728], [29.914, 100.376], [29.9281, 100.253], [29.9358, 100.358], [29.9674, 100.022], [29.9598, 99.8844], [29.9538, 99.4751], [29.9948, 99.8319], [29.9833, 99.8731], [29.9785, 99.8357], [29.9881, 99.7424], [29.9697, 99.9253], [29.9885, 99.9432], [29.9784, 99.8181], [29.9994, 99.888], [29.9815, 99.7414], [29.9887, 99.8606], [29.982, 99.3363], [29.9722, 99.5056], [29.963, 99.6745], [29.9718, 98.9447], [29.9923, 99.043], [29.973, 98.7383], [29.9749, 98.5444], [29.9779, 98.8666], [29.9815, 98.8699], [29.9961, 98.9295], [30.0114, 98.9784], [30.0158, 98.9309], [30.0242, 98.8318], [30.0042, 99.0724], [30.0133, 98.8801], [30.0213, 98.7885], [30.0161, 98.6796], [30.0295, 98.5738], [30.0447, 98.6535], [30.0297, 98.65], [30.0272, 98.3001], [30.0188, 97.5016], [30.022, 97.2829], [30.0301, 97.1101], [30.0428, 97.0128], [30.0443, 97.5269], [30.0752, 97.0227], [30.075, 96.9427], [30.0589, 96.7485], [30.0275, 96.6275], [29.9893, 96.7085], [29.8368, 96.7831], [29.5865, 96.8253], [29.4572, 96.7968], [29.4169, 96.9909], [29.3813, 97.105], [29.337, 96.9285], [29.3024, 96.8137], [29.2738, 97.3384], [29.2653, 97.4695], [29.2608, 97.643], [29.2554, 97.5124], [29.2554, 97.7482], [29.2626, 97.9014], [29.258, 97.9438], [29.2643, 98.0522], [29.2556, 98.0877], [29.2519, 98.1754], [29.2553, 98.2043], [29.2456, 98.2324], [29.2342, 98.3113], [29.2282, 98.3616], [29.2337, 98.3855], [29.2224, 98.4244], [29.2204, 98.3944], [29.2201, 98.3345], [29.2111, 98.2575], [29.2113, 98.2642], [29.2148, 98.2325], [29.2164, 98.3162], [29.2079, 98.2728], [29.2061, 98.2732], [29.2054, 98.2758], [29.2055, 98.2704], [29.2058, 98.271], [29.2035, 98.2713], [29.2012, 98.3965], [29.1926, 98.3655], [29.1923, 98.2918], [29.1872, 98.243], [29.1851, 98.3102], [29.1803, 98.1818], [29.1651, 98.1596], [29.1663, 98.129], [29.1578, 98.0645], [29.1636, 97.9719], [29.1584, 97.9306], [29.1503, 97.9951], [29.1437, 97.9315], [29.1349, 97.9107], [29.135, 97.894], [29.1309, 97.8527], [29.1276, 97.9815], [29.1325, 97.9278], [29.1309, 97.985], [29.1299, 97.9907], [29.1276, 97.9811]], "git_repository_heads": {"MMMTools": ["d77f5a301e3e2f4cd16623ff82a11fbc98dc1113", 1459847935], "MMMCore": ["1d27ecc05fae8cf73cac6754bb4fa9f37155663b", 1459846333], "Simox": ["8d9023238ae3fddb74502537a3681c4318147084", 1459514263], "MMT": ["c7423751d257e7ed1c29d25547f02fa43d3d5549", 1466092673]}, "convert_db_version": 5, "object_conversion_settings": {}, "object_conversion_errors": {}, "subject_conversion_settings": {"model_files": [["mmm.xml", "83095bf1f7710e0da2eabc0dc38933fff21a487e"], ["models/RightFingerJoint43y_joint_visu.wrl", "4a8b66745234892104dc18c3f12b51653e0d22e2"], ["models/HeadSegment_joint_visu.wrl", "98bc33547d6728b266ca30ad9f3f1cd1fc964890"], ["models/RightFingerJoint23y_joint_visu.wrl", "a0d5f39a5c7aa80b2d6a4eaf255bc2ee431c4c8b"], ["models/RightFingerJoint13y_joint_visu.wrl", "f6fe45b4978386e46181511649732c2b788efffc"], ["models/RightEyeSegmentY_joint_visu.wrl", "a5e19b848b6eeb97452f27da05841286c9c8750d"], ["models/RightFingerJoint33y_joint_visu.wrl", "408d1d793635a63e5469ef6749032ed29df446cb"], ["models/RightFingerJoint42y_joint_visu.wrl", "56054907e89fe8b5298ac919d87afca5ea3112a6"], ["models/RightFingerJoint40y_joint_visu.wrl", "a6a36d6acd88295f92f5ad6137dad641a10df4b6"], ["models/RAy_joint_visu.wrl", "ce5872147a6e4132bebc90a3e1e3c1a28a103eb6"], ["models/LeftFingerJoint33y_joint_visu.wrl", "365adda3e38105f28e7045c2b0267a52336edf01"], ["models/BUNsegment_joint_visu.wrl", "0ac874bfcd0d8c4b0c3b4ec4e56c59ce39aad99d"], ["models/LeftEyeSegmentY_joint_visu.wrl", "066736ba165738d120f8d1d103b9c28b19c429bf"], ["models/RSCsegment_joint_visu.wrl", "9044f5cc6779532281b74eface97e002798a8e6d"], ["models/LHsegment_joint_visu.wrl", "3838c5fdad69c33fed501ae676c8a8a9282d9a05"], ["models/LeftFingerJoint53y_joint_visu.wrl", "cdd15d99efa93d038d04ced046fe79ae693a10d7"], ["models/RightFingerJoint21y_joint_visu.wrl", "d19626a13a08387890317675df2c2e7fe9db5eef"], ["models/RightFingerJoint12y_joint_visu.wrl", "7097cf96d3597a795575a5abe9256e0143c2ed0f"], ["models/LeftFingerJoint43y_joint_visu.wrl", "395c609ed268feb940855099f538c46a54c3a4d8"], ["models/RightFingerJoint53y_joint_visu.wrl", "9d95789602901425bad9b4435dea2b4be5431202"], ["models/LeftFingerJoint42y_joint_visu.wrl", "e487f595b7019c407f92b0f00de5260e64e56c97"], ["models/LAsegment_joint_visu.wrl", "bb0d5feb0455fbd2c425d138b7f487260f4bf1bc"], ["models/BTSegment_joint_visu.wrl", "22abe8deeec243c99e31ec02fa59372e98ac8471"], ["models/RKsegment_joint_visu.wrl", "18b381d65e3337bcb0d1ff5928773884a1e17d57"], ["models/LeftFingerJoint41y_joint_visu.wrl", "61402f6746307792f4303e574af749b94086a4ec"], ["models/LSCsegment_joint_visu.wrl", "c32a20b7e31becf394d78b5655efc5565b038b80"], ["models/LeftFingerJoint11y_joint_visu.wrl", "0cbfceda8d89deb375f7933c8078af5147ec84b2"], ["models/RightFingerJoint41y_joint_visu.wrl", "020541ab865e4e3e9fa2695e0f4eff71b52ad52d"], ["models/RWy_joint_visu.wrl", "2b11028aee46fb62e614338be3dd5644c1a824ee"], ["models/LeftFingerJoint23y_joint_visu.wrl", "478e70ae519508040adb535da7a7998bba1b8c42"], ["models/RSsegment_joint_visu.wrl", "612de2c24f203d5846930907a5df9cef5d9578dd"], ["models/LeftFingerJoint12y_joint_visu.wrl", "024079388e0352cf2dd7d6c0c4d45ee34851930c"], ["models/LWsegment_joint_visu.wrl", "3c8bc8f30c2fdfc5956ddac1f868ed768806d7fd"], ["models/RightFingerJoint22y_joint_visu.wrl", "0b36fec3092c4692c7809ee795740f148ffb0be8"], ["models/RMrot_joint_visu.wrl", "a56cefc9affb5ca3f87c8ad0a9ef880f3355f2f0"], ["models/LeftFingerJoint40y_joint_visu.wrl", "ebee55b3729d26fb04a73d5b427025dbf464f288"], ["models/LeftFingerJoint21y_joint_visu.wrl", "a890d2d55d8afbe701827374715b7e671862cc4f"], ["models/REsegment_joint_visu.wrl", "d709750461631f850f8441b85f4861ca47df51ae"], ["models/RHsegment_joint_visu.wrl", "54fb3a26ddb8f2d419752eb76c4e488efef6b43c"], ["models/RightFingerJoint52y_joint_visu.wrl", "44f18db78bed86bf1ddb981a1e678027e51db918"], ["models/RightFingerJoint50y_joint_visu.wrl", "13ede518eb635943fcd4564499f4fdb69d27780e"], ["models/LFx_joint_visu.wrl", "5d47b342ff68d5d2b2d9c7e22c5cf098909060c6"], ["models/LKsegment_joint_visu.wrl", "5780b7d3a585852e8707cb2363bfa8d4d3b461f7"], ["models/LeftFingerJoint13y_joint_visu.wrl", "8a00c78adf18bdebd78a513323b5f28f02d117be"], ["models/RightFingerJoint51y_joint_visu.wrl", "d78052a78ea694e1d35e6b91354db0a64493fbf4"], ["models/RightFingerJoint11y_joint_visu.wrl", "a05a4116eafe1434c190e03faa62753bcd333105"], ["models/LeftFingerJoint22y_joint_visu.wrl", "7fee0851bbbc487512ffb12e46d738fc0837aa0c"], ["models/LAy_joint_visu.wrl", "de3953d8ffbf479f0eb229748cfdd897a408012e"], ["models/LEsegment_joint_visu.wrl", "1bf5a0382df53cb4aef1ebf578e4d535a0cd3d7b"], ["models/RightFingerJoint31y_joint_visu.wrl", "4f0efb942b57fffc5b3177798a71bcdbb9b92042"], ["models/LeftFingerJoint32y_joint_visu.wrl", "685ae87120ee0d9ba5d764c8ff99385aa9d79a04"], ["models/RightFingerJoint32y_joint_visu.wrl", "47d29dfecd9514a3973b021c83bc361364341093"], ["models/LeftFingerJoint31y_joint_visu.wrl", "d24789234312bf68c77c7830508763d07f9feec0"], ["models/LMrot_joint_visu.wrl", "94047f5a29e3373271bba5d61ccbbacf9bfb01af"], ["models/LWy_joint_visu.wrl", "33ba8f54774fa65838a8ae38c3d558f06fe00bc0"], ["models/LeftFingerJoint52y_joint_visu.wrl", "3f7d688708cf5f55104348d5bc102dcc7b7a0a66"], ["models/LSsegment_joint_visu.wrl", "f34e7eae1658b3ae618b5bc40ebc1da529c7e0a3"], ["models/RAsegment_joint_visu.wrl", "bf9735bb8cbd74e01e9087f0ccad4783edc49231"], ["models/LeftFingerJoint50y_joint_visu.wrl", "c2f6364fe16768bd1382d1b02c327d9dcf43fd03"], ["models/LeftFingerJoint51y_joint_visu.wrl", "0c2664365d375a3d9dd190818483e292027433d3"], ["models/LeftHandSegment_joint_visu.wrl", "581235ef3290f47c527e74693e4a232056642bcf"], ["models/BTy_joint_visu.wrl", "818c33f75e2b278db824d223d8796b1d1ca48213"], ["models/RWsegment_joint_visu.wrl", "de46619cf74eb2ffe74ab7fdaaf4cd485034b959"], ["models/RFx_joint_visu.wrl", "7e0fad07af2c1f6a4bad2e40caa9cdcfafa5d748"]], "converter_config": "<ConverterConfig type=\"NloptConverter\"><Model><MarkerMapping><Mapping c3d=\"LIFD\" mmm=\"MARKER_LIFD\" /><Mapping c3d=\"LKNE\" mmm=\"MARKER_LKNE\" /><Mapping c3d=\"LWPS\" mmm=\"MARKER_LWPS\" /><Mapping c3d=\"RANK\" mmm=\"MARKER_RANK\" /><Mapping c3d=\"T10\" mmm=\"MARKER_T10\" /><Mapping c3d=\"LBHD\" mmm=\"MARKER_LBHD\" /><Mapping c3d=\"LBAK\" mmm=\"MARKER_LBAK\" /><Mapping c3d=\"RBAK\" mmm=\"MARKER_RBAK\" /><Mapping c3d=\"RTIP\" mmm=\"MARKER_RTIP\" /><Mapping c3d=\"RMT1\" mmm=\"MARKER_RMT1\" /><Mapping c3d=\"LTOE\" mmm=\"MARKER_LTOE\" /><Mapping c3d=\"RHTS\" mmm=\"MARKER_RHTS\" /><Mapping c3d=\"RMT5\" mmm=\"MARKER_RMT5\" /><Mapping c3d=\"LTIP\" mmm=\"MARKER_LTIP\" /><Mapping c3d=\"LHTS\" mmm=\"MARKER_LHTS\" /><Mapping c3d=\"RAEL\" mmm=\"MARKER_RAEL\" /><Mapping c3d=\"RKNE\" mmm=\"MARKER_RKNE\" /><Mapping c3d=\"LHPS\" mmm=\"MARKER_LHPS\" /><Mapping c3d=\"LANK\" mmm=\"MARKER_LANK\" /><Mapping c3d=\"LWTS\" mmm=\"MARKER_LWTS\" /><Mapping c3d=\"RIFD\" mmm=\"MARKER_RIFD\" /><Mapping c3d=\"RAOL\" mmm=\"MARKER_RAOL\" /><Mapping c3d=\"CLAV\" mmm=\"MARKER_CLAV\" /><Mapping c3d=\"LASI\" mmm=\"MARKER_LASI\" /><Mapping c3d=\"C7\" mmm=\"MARKER_C7\" /><Mapping c3d=\"LHEE\" mmm=\"MARKER_LHEE\" /><Mapping c3d=\"LTHI\" mmm=\"MARKER_LTHI\" /><Mapping c3d=\"RTHI\" mmm=\"MARKER_RTHI\" /><Mapping c3d=\"RFHD\" mmm=\"MARKER_RFHD\" /><Mapping c3d=\"LUPA\" mmm=\"MARKER_LUPA\" /><Mapping c3d=\"LFHD\" mmm=\"MARKER_LFHD\" /><Mapping c3d=\"RHIP\" mmm=\"MARKER_RHIP\" /><Mapping c3d=\"RWPS\" mmm=\"MARKER_RWPS\" /><Mapping c3d=\"LMT1\" mmm=\"MARKER_LMT1\" /><Mapping c3d=\"L3\" mmm=\"MARKER_L3\" /><Mapping c3d=\"LFRA\" mmm=\"MARKER_LFRA\" /><Mapping c3d=\"LPSI\" mmm=\"MARKER_LPSI\" /><Mapping c3d=\"RPSI\" mmm=\"MARKER_RPSI\" /><Mapping c3d=\"LAOL\" mmm=\"MARKER_LAOL\" /><Mapping c3d=\"RBHD\" mmm=\"MARKER_RBHD\" /><Mapping c3d=\"RUPA\" mmm=\"MARKER_RUPA\" /><Mapping c3d=\"RASI\" mmm=\"MARKER_RASI\" /><Mapping c3d=\"RWTS\" mmm=\"MARKER_RWTS\" /><Mapping c3d=\"LHIP\" mmm=\"MARKER_LHIP\" /><Mapping c3d=\"STRN\" mmm=\"MARKER_STRN\" /><Mapping c3d=\"LAEL\" mmm=\"MARKER_LAEL\" /><Mapping c3d=\"RHPS\" mmm=\"MARKER_RHPS\" /><Mapping c3d=\"RTOE\" mmm=\"MARKER_RTOE\" /><Mapping c3d=\"RHEE\" mmm=\"MARKER_RHEE\" /><Mapping c3d=\"LMT5\" mmm=\"MARKER_LMT5\" /></MarkerMapping><JointSet><Joint name=\"BLNx_joint\" /><Joint name=\"BLNy_joint\" /><Joint name=\"BLNz_joint\" /><Joint name=\"BPx_joint\" /><Joint name=\"BPy_joint\" /><Joint name=\"BPz_joint\" /><Joint name=\"BTx_joint\" /><Joint name=\"BTy_joint\" /><Joint name=\"BTz_joint\" /><Joint name=\"BUNx_joint\" /><Joint name=\"BUNy_joint\" /><Joint name=\"BUNz_joint\" /><Joint name=\"LAx_joint\" /><Joint name=\"LAy_joint\" /><Joint name=\"LAz_joint\" /><Joint name=\"LEx_joint\" /><Joint name=\"LEz_joint\" /><Joint name=\"LHx_joint\" /><Joint name=\"LHy_joint\" /><Joint name=\"LHz_joint\" /><Joint name=\"LKx_joint\" /><Joint name=\"LSx_joint\" /><Joint name=\"LSy_joint\" /><Joint name=\"LSz_joint\" /><Joint name=\"LWx_joint\" /><Joint name=\"LWy_joint\" /><Joint name=\"LFx_joint\" /><Joint name=\"LMrot_joint\" /><Joint name=\"RAx_joint\" /><Joint name=\"RAy_joint\" /><Joint name=\"RAz_joint\" /><Joint name=\"REx_joint\" /><Joint name=\"REz_joint\" /><Joint name=\"RHx_joint\" /><Joint name=\"RHy_joint\" /><Joint name=\"RHz_joint\" /><Joint name=\"RKx_joint\" /><Joint name=\"RSx_joint\" /><Joint name=\"RSy_joint\" /><Joint name=\"RSz_joint\" /><Joint name=\"RWx_joint\" /><Joint name=\"RWy_joint\" /><Joint name=\"RFx_joint\" /><Joint name=\"RMrot_joint\" /></JointSet></Model></ConverterConfig>", "model_processor_config": "<ModelProcessorConfig type=\"Winter\"><height>1.83</height><mass>100</mass></ModelProcessorConfig>"}, "subject_missing_markers": []}