Motion Database Converter

User/Host: mmm @ i61motiondb
Date: 2016-08-12 19:26:31
Input File: take_book_from_shelf_right_arm_04.c3d (ID #60825, created 2016-08-12 09:07:52)

The HEADs of the git repositories used for conversion are:
  MMMCore: 1d27ecc05fae8cf73cac6754bb4fa9f37155663b (2016-04-05 08:52:13)
  MMMTools: d77f5a301e3e2f4cd16623ff82a11fbc98dc1113 (2016-04-05 09:18:55)
  MMT: c7423751d257e7ed1c29d25547f02fa43d3d5549 (2016-06-16 15:57:53)
  Simox: 8d9023238ae3fddb74502537a3681c4318147084 (2016-04-01 12:37:43)

Configuration for subject:
  Converter config:
    <ConverterConfig type="NloptConverter"><Model><MarkerMapping><Mapping c3d="LIFD" mmm="MARKER_LIFD" /><Mapping c3d="LKNE" mmm="MARKER_LKNE" /><Mapping c3d="LWPS" mmm="MARKER_LWPS" /><Mapping c3d="RANK" mmm="MARKER_RANK" /><Mapping c3d="T10" mmm="MARKER_T10" /><Mapping c3d="LBHD" mmm="MARKER_LBHD" /><Mapping c3d="LBAK" mmm="MARKER_LBAK" /><Mapping c3d="RBAK" mmm="MARKER_RBAK" /><Mapping c3d="RTIP" mmm="MARKER_RTIP" /><Mapping c3d="RMT1" mmm="MARKER_RMT1" /><Mapping c3d="LTOE" mmm="MARKER_LTOE" /><Mapping c3d="RHTS" mmm="MARKER_RHTS" /><Mapping c3d="RMT5" mmm="MARKER_RMT5" /><Mapping c3d="LTIP" mmm="MARKER_LTIP" /><Mapping c3d="LHTS" mmm="MARKER_LHTS" /><Mapping c3d="RAEL" mmm="MARKER_RAEL" /><Mapping c3d="RKNE" mmm="MARKER_RKNE" /><Mapping c3d="LHPS" mmm="MARKER_LHPS" /><Mapping c3d="LANK" mmm="MARKER_LANK" /><Mapping c3d="LWTS" mmm="MARKER_LWTS" /><Mapping c3d="RIFD" mmm="MARKER_RIFD" /><Mapping c3d="RAOL" mmm="MARKER_RAOL" /><Mapping c3d="CLAV" mmm="MARKER_CLAV" /><Mapping c3d="LASI" mmm="MARKER_LASI" /><Mapping c3d="C7" mmm="MARKER_C7" /><Mapping c3d="LHEE" mmm="MARKER_LHEE" /><Mapping c3d="LTHI" mmm="MARKER_LTHI" /><Mapping c3d="RTHI" mmm="MARKER_RTHI" /><Mapping c3d="RFHD" mmm="MARKER_RFHD" /><Mapping c3d="LUPA" mmm="MARKER_LUPA" /><Mapping c3d="LFHD" mmm="MARKER_LFHD" /><Mapping c3d="RHIP" mmm="MARKER_RHIP" /><Mapping c3d="RWPS" mmm="MARKER_RWPS" /><Mapping c3d="LMT1" mmm="MARKER_LMT1" /><Mapping c3d="L3" mmm="MARKER_L3" /><Mapping c3d="LFRA" mmm="MARKER_LFRA" /><Mapping c3d="LPSI" mmm="MARKER_LPSI" /><Mapping c3d="RPSI" mmm="MARKER_RPSI" /><Mapping c3d="LAOL" mmm="MARKER_LAOL" /><Mapping c3d="RBHD" mmm="MARKER_RBHD" /><Mapping c3d="RUPA" mmm="MARKER_RUPA" /><Mapping c3d="RASI" mmm="MARKER_RASI" /><Mapping c3d="RWTS" mmm="MARKER_RWTS" /><Mapping c3d="LHIP" mmm="MARKER_LHIP" /><Mapping c3d="STRN" mmm="MARKER_STRN" /><Mapping c3d="LAEL" mmm="MARKER_LAEL" /><Mapping c3d="RHPS" mmm="MARKER_RHPS" /><Mapping c3d="RTOE" mmm="MARKER_RTOE" /><Mapping c3d="RHEE" mmm="MARKER_RHEE" /><Mapping c3d="LMT5" mmm="MARKER_LMT5" /></MarkerMapping><JointSet><Joint name="BLNx_joint" /><Joint name="BLNy_joint" /><Joint name="BLNz_joint" /><Joint name="BPx_joint" /><Joint name="BPy_joint" /><Joint name="BPz_joint" /><Joint name="BTx_joint" /><Joint name="BTy_joint" /><Joint name="BTz_joint" /><Joint name="BUNx_joint" /><Joint name="BUNy_joint" /><Joint name="BUNz_joint" /><Joint name="LAx_joint" /><Joint name="LAy_joint" /><Joint name="LAz_joint" /><Joint name="LEx_joint" /><Joint name="LEz_joint" /><Joint name="LHx_joint" /><Joint name="LHy_joint" /><Joint name="LHz_joint" /><Joint name="LKx_joint" /><Joint name="LSx_joint" /><Joint name="LSy_joint" /><Joint name="LSz_joint" /><Joint name="LWx_joint" /><Joint name="LWy_joint" /><Joint name="LFx_joint" /><Joint name="LMrot_joint" /><Joint name="RAx_joint" /><Joint name="RAy_joint" /><Joint name="RAz_joint" /><Joint name="REx_joint" /><Joint name="REz_joint" /><Joint name="RHx_joint" /><Joint name="RHy_joint" /><Joint name="RHz_joint" /><Joint name="RKx_joint" /><Joint name="RSx_joint" /><Joint name="RSy_joint" /><Joint name="RSz_joint" /><Joint name="RWx_joint" /><Joint name="RWy_joint" /><Joint name="RFx_joint" /><Joint name="RMrot_joint" /></JointSet></Model></ConverterConfig>

  Model processor config:
    <ModelProcessorConfig type="Winter"><height>1.83</height><mass>100</mass></ModelProcessorConfig>

  Model files:
    mmm.xml -> 83095bf1f7710e0da2eabc0dc38933fff21a487e
    models/RightFingerJoint43y_joint_visu.wrl -> 4a8b66745234892104dc18c3f12b51653e0d22e2
    models/HeadSegment_joint_visu.wrl -> 98bc33547d6728b266ca30ad9f3f1cd1fc964890
    models/RightFingerJoint23y_joint_visu.wrl -> a0d5f39a5c7aa80b2d6a4eaf255bc2ee431c4c8b
    models/RightFingerJoint13y_joint_visu.wrl -> f6fe45b4978386e46181511649732c2b788efffc
    models/RightEyeSegmentY_joint_visu.wrl -> a5e19b848b6eeb97452f27da05841286c9c8750d
    models/RightFingerJoint33y_joint_visu.wrl -> 408d1d793635a63e5469ef6749032ed29df446cb
    models/RightFingerJoint42y_joint_visu.wrl -> 56054907e89fe8b5298ac919d87afca5ea3112a6
    models/RightFingerJoint40y_joint_visu.wrl -> a6a36d6acd88295f92f5ad6137dad641a10df4b6
    models/RAy_joint_visu.wrl -> ce5872147a6e4132bebc90a3e1e3c1a28a103eb6
    models/LeftFingerJoint33y_joint_visu.wrl -> 365adda3e38105f28e7045c2b0267a52336edf01
    models/BUNsegment_joint_visu.wrl -> 0ac874bfcd0d8c4b0c3b4ec4e56c59ce39aad99d
    models/LeftEyeSegmentY_joint_visu.wrl -> 066736ba165738d120f8d1d103b9c28b19c429bf
    models/RSCsegment_joint_visu.wrl -> 9044f5cc6779532281b74eface97e002798a8e6d
    models/LHsegment_joint_visu.wrl -> 3838c5fdad69c33fed501ae676c8a8a9282d9a05
    models/LeftFingerJoint53y_joint_visu.wrl -> cdd15d99efa93d038d04ced046fe79ae693a10d7
    models/RightFingerJoint21y_joint_visu.wrl -> d19626a13a08387890317675df2c2e7fe9db5eef
    models/RightFingerJoint12y_joint_visu.wrl -> 7097cf96d3597a795575a5abe9256e0143c2ed0f
    models/LeftFingerJoint43y_joint_visu.wrl -> 395c609ed268feb940855099f538c46a54c3a4d8
    models/RightFingerJoint53y_joint_visu.wrl -> 9d95789602901425bad9b4435dea2b4be5431202
    models/LeftFingerJoint42y_joint_visu.wrl -> e487f595b7019c407f92b0f00de5260e64e56c97
    models/LAsegment_joint_visu.wrl -> bb0d5feb0455fbd2c425d138b7f487260f4bf1bc
    models/BTSegment_joint_visu.wrl -> 22abe8deeec243c99e31ec02fa59372e98ac8471
    models/RKsegment_joint_visu.wrl -> 18b381d65e3337bcb0d1ff5928773884a1e17d57
    models/LeftFingerJoint41y_joint_visu.wrl -> 61402f6746307792f4303e574af749b94086a4ec
    models/LSCsegment_joint_visu.wrl -> c32a20b7e31becf394d78b5655efc5565b038b80
    models/LeftFingerJoint11y_joint_visu.wrl -> 0cbfceda8d89deb375f7933c8078af5147ec84b2
    models/RightFingerJoint41y_joint_visu.wrl -> 020541ab865e4e3e9fa2695e0f4eff71b52ad52d
    models/RWy_joint_visu.wrl -> 2b11028aee46fb62e614338be3dd5644c1a824ee
    models/LeftFingerJoint23y_joint_visu.wrl -> 478e70ae519508040adb535da7a7998bba1b8c42
    models/RSsegment_joint_visu.wrl -> 612de2c24f203d5846930907a5df9cef5d9578dd
    models/LeftFingerJoint12y_joint_visu.wrl -> 024079388e0352cf2dd7d6c0c4d45ee34851930c
    models/LWsegment_joint_visu.wrl -> 3c8bc8f30c2fdfc5956ddac1f868ed768806d7fd
    models/RightFingerJoint22y_joint_visu.wrl -> 0b36fec3092c4692c7809ee795740f148ffb0be8
    models/RMrot_joint_visu.wrl -> a56cefc9affb5ca3f87c8ad0a9ef880f3355f2f0
    models/LeftFingerJoint40y_joint_visu.wrl -> ebee55b3729d26fb04a73d5b427025dbf464f288
    models/LeftFingerJoint21y_joint_visu.wrl -> a890d2d55d8afbe701827374715b7e671862cc4f
    models/REsegment_joint_visu.wrl -> d709750461631f850f8441b85f4861ca47df51ae
    models/RHsegment_joint_visu.wrl -> 54fb3a26ddb8f2d419752eb76c4e488efef6b43c
    models/RightFingerJoint52y_joint_visu.wrl -> 44f18db78bed86bf1ddb981a1e678027e51db918
    models/RightFingerJoint50y_joint_visu.wrl -> 13ede518eb635943fcd4564499f4fdb69d27780e
    models/LFx_joint_visu.wrl -> 5d47b342ff68d5d2b2d9c7e22c5cf098909060c6
    models/LKsegment_joint_visu.wrl -> 5780b7d3a585852e8707cb2363bfa8d4d3b461f7
    models/LeftFingerJoint13y_joint_visu.wrl -> 8a00c78adf18bdebd78a513323b5f28f02d117be
    models/RightFingerJoint51y_joint_visu.wrl -> d78052a78ea694e1d35e6b91354db0a64493fbf4
    models/RightFingerJoint11y_joint_visu.wrl -> a05a4116eafe1434c190e03faa62753bcd333105
    models/LeftFingerJoint22y_joint_visu.wrl -> 7fee0851bbbc487512ffb12e46d738fc0837aa0c
    models/LAy_joint_visu.wrl -> de3953d8ffbf479f0eb229748cfdd897a408012e
    models/LEsegment_joint_visu.wrl -> 1bf5a0382df53cb4aef1ebf578e4d535a0cd3d7b
    models/RightFingerJoint31y_joint_visu.wrl -> 4f0efb942b57fffc5b3177798a71bcdbb9b92042
    models/LeftFingerJoint32y_joint_visu.wrl -> 685ae87120ee0d9ba5d764c8ff99385aa9d79a04
    models/RightFingerJoint32y_joint_visu.wrl -> 47d29dfecd9514a3973b021c83bc361364341093
    models/LeftFingerJoint31y_joint_visu.wrl -> d24789234312bf68c77c7830508763d07f9feec0
    models/LMrot_joint_visu.wrl -> 94047f5a29e3373271bba5d61ccbbacf9bfb01af
    models/LWy_joint_visu.wrl -> 33ba8f54774fa65838a8ae38c3d558f06fe00bc0
    models/LeftFingerJoint52y_joint_visu.wrl -> 3f7d688708cf5f55104348d5bc102dcc7b7a0a66
    models/LSsegment_joint_visu.wrl -> f34e7eae1658b3ae618b5bc40ebc1da529c7e0a3
    models/RAsegment_joint_visu.wrl -> bf9735bb8cbd74e01e9087f0ccad4783edc49231
    models/LeftFingerJoint50y_joint_visu.wrl -> c2f6364fe16768bd1382d1b02c327d9dcf43fd03
    models/LeftFingerJoint51y_joint_visu.wrl -> 0c2664365d375a3d9dd190818483e292027433d3
    models/LeftHandSegment_joint_visu.wrl -> 581235ef3290f47c527e74693e4a232056642bcf
    models/BTy_joint_visu.wrl -> 818c33f75e2b278db824d223d8796b1d1ca48213
    models/RWsegment_joint_visu.wrl -> de46619cf74eb2ffe74ab7fdaaf4cd485034b959
    models/RFx_joint_visu.wrl -> 7e0fad07af2c1f6a4bad2e40caa9cdcfafa5d748

Missing subject markers: []

Subject conversion error:
Conversion Error: avg/avg = 29.99, worst avg = 31.27, worst max = 107.77

The per-frame conversion errors are: (avg/max for subject and every object)
  Frame 0: 29.77/101.85
  Frame 1: 29.72/101.78
  Frame 2: 29.71/101.81
  Frame 3: 29.67/101.70
  Frame 4: 29.64/101.79
  Frame 5: 29.61/101.65
  Frame 6: 29.59/101.77
  Frame 7: 29.58/101.79
  Frame 8: 29.58/101.80
  Frame 9: 29.53/101.77
  Frame 10: 29.51/101.80
  Frame 11: 29.50/101.91
  Frame 12: 29.48/101.87
  Frame 13: 29.46/102.19
  Frame 14: 29.44/102.21
  Frame 15: 29.44/102.18
  Frame 16: 29.41/102.04
  Frame 17: 29.39/102.12
  Frame 18: 29.36/101.91
  Frame 19: 29.36/101.97
  Frame 20: 29.33/101.96
  Frame 21: 29.33/101.71
  Frame 22: 29.31/101.83
  Frame 23: 29.31/101.59
  Frame 24: 29.33/101.60
  Frame 25: 29.30/101.79
  Frame 26: 29.29/101.35
  Frame 27: 29.28/101.30
  Frame 28: 29.26/101.11
  Frame 29: 29.34/101.44
  Frame 30: 29.25/101.45
  Frame 31: 29.22/100.88
  Frame 32: 29.25/101.03
  Frame 33: 29.23/100.84
  Frame 34: 29.22/100.62
  Frame 35: 29.22/100.60
  Frame 36: 29.24/100.92
  Frame 37: 29.24/100.66
  Frame 38: 29.24/100.48
  Frame 39: 29.22/100.48
  Frame 40: 29.23/100.48
  Frame 41: 29.21/100.52
  Frame 42: 29.20/100.34
  Frame 43: 29.25/100.37
  Frame 44: 29.18/100.48
  Frame 45: 29.18/100.56
  Frame 46: 29.18/100.43
  Frame 47: 29.19/100.45
  Frame 48: 29.17/100.56
  Frame 49: 29.17/100.66
  Frame 50: 29.20/101.03
  Frame 51: 29.25/101.25
  Frame 52: 29.25/101.25
  Frame 53: 29.27/101.40
  Frame 54: 29.28/101.71
  Frame 55: 29.32/102.03
  Frame 56: 29.34/102.04
  Frame 57: 29.35/102.28
  Frame 58: 29.38/102.69
  Frame 59: 29.41/102.93
  Frame 60: 29.44/102.99
  Frame 61: 29.50/103.22
  Frame 62: 29.55/103.46
  Frame 63: 29.59/103.56
  Frame 64: 29.62/103.78
  Frame 65: 29.68/103.84
  Frame 66: 29.68/104.11
  Frame 67: 29.72/104.17
  Frame 68: 29.73/104.05
  Frame 69: 29.75/104.33
  Frame 70: 29.79/104.41
  Frame 71: 29.82/104.47
  Frame 72: 29.84/104.54
  Frame 73: 29.87/104.69
  Frame 74: 29.90/104.83
  Frame 75: 29.95/105.27
  Frame 76: 29.97/105.53
  Frame 77: 29.97/105.71
  Frame 78: 29.99/105.95
  Frame 79: 30.00/106.06
  Frame 80: 30.02/106.25
  Frame 81: 30.01/106.27
  Frame 82: 30.02/106.28
  Frame 83: 30.00/106.23
  Frame 84: 30.02/106.11
  Frame 85: 30.03/106.19
  Frame 86: 30.03/106.42
  Frame 87: 30.04/106.52
  Frame 88: 30.05/106.58
  Frame 89: 30.06/106.87
  Frame 90: 30.07/106.80
  Frame 91: 30.09/106.90
  Frame 92: 30.11/107.23
  Frame 93: 30.18/106.90
  Frame 94: 30.19/106.84
  Frame 95: 30.19/107.13
  Frame 96: 30.23/107.31
  Frame 97: 30.26/107.09
  Frame 98: 30.29/107.34
  Frame 99: 30.33/107.30
  Frame 100: 30.32/107.21
  Frame 101: 30.36/107.23
  Frame 102: 30.36/106.96
  Frame 103: 30.37/107.13
  Frame 104: 30.37/107.07
  Frame 105: 30.40/107.02
  Frame 106: 30.44/107.33
  Frame 107: 30.44/107.62
  Frame 108: 30.46/107.46
  Frame 109: 30.48/107.38
  Frame 110: 30.52/107.09
  Frame 111: 30.53/107.14
  Frame 112: 30.55/107.41
  Frame 113: 30.56/107.34
  Frame 114: 30.57/107.49
  Frame 115: 30.58/107.31
  Frame 116: 30.62/107.29
  Frame 117: 30.66/107.40
  Frame 118: 30.71/107.20
  Frame 119: 30.79/107.15
  Frame 120: 30.83/107.46
  Frame 121: 30.87/107.59
  Frame 122: 30.91/107.58
  Frame 123: 30.97/107.69
  Frame 124: 31.05/107.75
  Frame 125: 31.09/107.77
  Frame 126: 31.13/107.64
  Frame 127: 31.17/107.56
  Frame 128: 31.20/107.53
  Frame 129: 31.24/107.50
  Frame 130: 31.25/107.55
  Frame 131: 31.27/107.53
  Frame 132: 31.27/107.47
  Frame 133: 31.27/107.42
  Frame 134: 31.26/107.41
  Frame 135: 31.25/107.35
  Frame 136: 31.23/107.32
  Frame 137: 31.21/107.29
  Frame 138: 31.19/107.23
  Frame 139: 31.18/107.19
  Frame 140: 31.17/107.23
  Frame 141: 31.18/107.16
  Frame 142: 31.17/107.14
  Frame 143: 31.17/107.18
  Frame 144: 31.17/107.16
  Frame 145: 31.16/107.15
  Frame 146: 31.15/107.16
  Frame 147: 31.15/107.16
  Frame 148: 31.15/107.16
  Frame 149: 31.14/107.17
  Frame 150: 31.14/107.13
  Frame 151: 31.13/107.16
  Frame 152: 31.12/107.19
  Frame 153: 31.12/107.18
  Frame 154: 31.11/107.20
  Frame 155: 31.11/107.17
  Frame 156: 31.10/107.18
  Frame 157: 31.09/107.17
  Frame 158: 31.10/107.11
  Frame 159: 31.08/107.20
  Frame 160: 31.09/107.14
  Frame 161: 31.08/107.08
  Frame 162: 31.07/107.03
  Frame 163: 31.06/107.06
  Frame 164: 31.05/106.97
  Frame 165: 31.04/106.99
  Frame 166: 31.03/107.05
  Frame 167: 31.02/107.01
  Frame 168: 31.01/107.01
  Frame 169: 30.99/107.01
  Frame 170: 30.99/106.97
  Frame 171: 30.96/106.90
  Frame 172: 30.95/106.80
  Frame 173: 30.92/106.88
  Frame 174: 30.92/106.86
  Frame 175: 30.90/106.81
  Frame 176: 30.88/106.79
  Frame 177: 30.88/106.61
  Frame 178: 30.86/106.57
  Frame 179: 30.83/106.66
  Frame 180: 30.83/106.57
  Frame 181: 30.79/106.58
  Frame 182: 30.77/106.39
  Frame 183: 30.74/106.38
  Frame 184: 30.72/106.47
  Frame 185: 30.69/106.25
  Frame 186: 30.67/106.18
  Frame 187: 30.64/105.93
  Frame 188: 30.62/106.23
  Frame 189: 30.58/105.87
  Frame 190: 30.56/105.95
  Frame 191: 30.52/105.81
  Frame 192: 30.48/105.69
  Frame 193: 30.43/105.57
  Frame 194: 30.39/105.65
  Frame 195: 30.36/105.80
  Frame 196: 30.34/105.29
  Frame 197: 30.30/105.25
  Frame 198: 30.26/105.17
  Frame 199: 30.22/105.27
  Frame 200: 30.19/105.29
  Frame 201: 30.20/105.29
  Frame 202: 30.15/105.00
  Frame 203: 30.15/104.92
  Frame 204: 30.13/104.86
  Frame 205: 30.12/104.94
  Frame 206: 30.10/104.60
  Frame 207: 30.10/104.56
  Frame 208: 30.07/104.73
  Frame 209: 30.06/104.46
  Frame 210: 30.06/104.75
  Frame 211: 30.04/104.72
  Frame 212: 30.04/104.78
  Frame 213: 30.03/104.78
  Frame 214: 30.02/104.56
  Frame 215: 30.02/104.69
  Frame 216: 30.01/104.79
  Frame 217: 30.05/104.72
  Frame 218: 30.04/104.71
  Frame 219: 30.05/104.36
  Frame 220: 30.03/104.24
  Frame 221: 30.03/104.36
  Frame 222: 30.02/104.06
  Frame 223: 30.02/103.95
  Frame 224: 30.00/103.75
  Frame 225: 30.01/103.56
  Frame 226: 30.00/103.44
  Frame 227: 29.99/103.28
  Frame 228: 29.98/102.99
  Frame 229: 29.97/102.97
  Frame 230: 29.96/102.79
  Frame 231: 29.96/102.56
  Frame 232: 29.96/102.41
  Frame 233: 29.91/102.49
  Frame 234: 29.89/102.17
  Frame 235: 29.87/101.99
  Frame 236: 29.86/102.11
  Frame 237: 29.86/101.80
  Frame 238: 29.85/101.72
  Frame 239: 29.87/101.42
  Frame 240: 29.84/101.26
  Frame 241: 29.83/101.40
  Frame 242: 29.80/101.40
  Frame 243: 29.79/101.26
  Frame 244: 29.78/100.96
  Frame 245: 29.76/100.85
  Frame 246: 29.76/101.14
  Frame 247: 29.75/101.23
  Frame 248: 29.73/101.16
  Frame 249: 29.73/100.82
  Frame 250: 29.72/100.75
  Frame 251: 29.71/100.78
  Frame 252: 29.69/100.72
  Frame 253: 29.68/100.51
  Frame 254: 29.67/100.53
  Frame 255: 29.67/100.52
  Frame 256: 29.65/100.61
  Frame 257: 29.63/100.34
  Frame 258: 29.61/99.94
  Frame 259: 29.63/100.17
  Frame 260: 29.62/100.14
  Frame 261: 29.63/100.11
  Frame 262: 29.62/100.00
  Frame 263: 29.64/99.80
  Frame 264: 29.63/99.74
  Frame 265: 29.63/99.83
  Frame 266: 29.62/99.66
  Frame 267: 29.60/99.57
  Frame 268: 29.60/99.62
  Frame 269: 29.61/99.49
  Frame 270: 29.58/99.86
  Frame 271: 29.55/99.49
  Frame 272: 29.54/99.38
  Frame 273: 29.52/99.46
  Frame 274: 29.51/99.47
  Frame 275: 29.48/99.44
  Frame 276: 29.47/98.93
  Frame 277: 29.43/98.85
  Frame 278: 29.44/99.03
  Frame 279: 29.42/98.87
  Frame 280: 29.41/98.96
  Frame 281: 29.39/98.87
  Frame 282: 29.38/98.50
  Frame 283: 29.37/98.37
  Frame 284: 29.38/98.29
  Frame 285: 29.35/98.02
  Frame 286: 29.35/98.00
  Frame 287: 29.35/97.88
  Frame 288: 29.34/97.61
  Frame 289: 29.32/97.66
  Frame 290: 29.32/97.91
  Frame 291: 29.31/97.73
  Frame 292: 29.31/97.57
  Frame 293: 29.30/97.52
  Frame 294: 29.30/97.61
  Frame 295: 29.31/97.79
  Frame 296: 29.31/97.50
  Frame 297: 29.31/97.59
  Frame 298: 29.32/97.75
  Frame 299: 29.31/97.67
  Frame 300: 29.32/97.65
  Frame 301: 29.31/97.64
  Frame 302: 29.31/97.64
  Frame 303: 29.30/97.63
  Frame 304: 29.30/97.70
  Frame 305: 29.29/97.58
  Frame 306: 29.28/97.57
  Frame 307: 29.28/97.57
  Frame 308: 29.28/97.55
  Frame 309: 29.28/97.58
  Frame 310: 29.27/97.58
  Frame 311: 29.27/97.51
  Frame 312: 29.27/97.49
  Frame 313: 29.27/97.45
  Frame 314: 29.27/97.38
  Frame 315: 29.27/97.38
  Frame 316: 29.26/97.36
  Frame 317: 29.26/97.30
  Frame 318: 29.26/97.27
  Frame 319: 29.26/97.28
  Frame 320: 29.26/97.27
  Frame 321: 29.26/97.24
  Frame 322: 29.25/97.19
  Frame 323: 29.25/97.16
  Frame 324: 29.24/97.16
  Frame 325: 29.24/97.17
  Frame 326: 29.24/97.14
  Frame 327: 29.24/97.14
  Frame 328: 29.23/97.18

The following line contains the information from above in a machine-readable format and can safely be ignored.
MMT/convert_db:{"subject_conversion_error": [[29.772, 101.852], [29.7237, 101.784], [29.7113, 101.813], [29.673, 101.697], [29.6373, 101.791], [29.609, 101.648], [29.5891, 101.767], [29.5836, 101.789], [29.5773, 101.796], [29.532, 101.77], [29.5123, 101.799], [29.501, 101.911], [29.4816, 101.873], [29.465, 102.187], [29.4394, 102.206], [29.4425, 102.179], [29.4115, 102.041], [29.3934, 102.124], [29.3606, 101.908], [29.357, 101.967], [29.3344, 101.963], [29.3275, 101.708], [29.3083, 101.826], [29.3129, 101.592], [29.3303, 101.604], [29.3, 101.793], [29.2893, 101.352], [29.2783, 101.304], [29.2604, 101.113], [29.3392, 101.439], [29.2539, 101.453], [29.222, 100.879], [29.2523, 101.027], [29.2331, 100.845], [29.2238, 100.62], [29.2159, 100.6], [29.2414, 100.925], [29.2379, 100.659], [29.238, 100.482], [29.2197, 100.482], [29.229, 100.481], [29.2058, 100.518], [29.204, 100.338], [29.2475, 100.368], [29.177, 100.476], [29.1774, 100.561], [29.183, 100.434], [29.1864, 100.447], [29.173, 100.563], [29.1676, 100.658], [29.2026, 101.027], [29.25, 101.248], [29.2459, 101.247], [29.2688, 101.399], [29.2821, 101.713], [29.3197, 102.027], [29.3351, 102.041], [29.3521, 102.284], [29.3785, 102.692], [29.4139, 102.927], [29.4394, 102.991], [29.5036, 103.216], [29.5463, 103.457], [29.5855, 103.557], [29.6208, 103.776], [29.6752, 103.844], [29.684, 104.115], [29.7177, 104.166], [29.7336, 104.05], [29.7492, 104.335], [29.7879, 104.405], [29.8193, 104.469], [29.8428, 104.544], [29.8712, 104.688], [29.901, 104.835], [29.9455, 105.265], [29.9733, 105.525], [29.9708, 105.709], [29.9932, 105.954], [29.9966, 106.064], [30.0202, 106.245], [30.0113, 106.265], [30.0208, 106.281], [30.004, 106.232], [30.0208, 106.112], [30.0344, 106.191], [30.0271, 106.419], [30.0371, 106.516], [30.051, 106.578], [30.0612, 106.869], [30.0706, 106.801], [30.0894, 106.899], [30.1122, 107.231], [30.1794, 106.898], [30.1881, 106.845], [30.1896, 107.126], [30.2284, 107.313], [30.2565, 107.094], [30.2875, 107.339], [30.3251, 107.301], [30.3153, 107.211], [30.3553, 107.228], [30.364, 106.961], [30.3666, 107.127], [30.3719, 107.068], [30.4019, 107.018], [30.4389, 107.335], [30.4411, 107.625], [30.463, 107.464], [30.475, 107.375], [30.5199, 107.089], [30.5265, 107.136], [30.5516, 107.409], [30.5611, 107.345], [30.5677, 107.486], [30.5831, 107.311], [30.6185, 107.294], [30.6604, 107.397], [30.7107, 107.199], [30.7895, 107.153], [30.8345, 107.459], [30.8702, 107.588], [30.9129, 107.578], [30.9678, 107.686], [31.0466, 107.749], [31.0891, 107.768], [31.1296, 107.636], [31.168, 107.561], [31.201, 107.532], [31.2363, 107.496], [31.2492, 107.548], [31.2692, 107.526], [31.2693, 107.472], [31.2693, 107.425], [31.2597, 107.407], [31.2474, 107.346], [31.2269, 107.32], [31.2125, 107.293], [31.1946, 107.227], [31.1811, 107.191], [31.1735, 107.228], [31.1796, 107.164], [31.1706, 107.145], [31.1706, 107.177], [31.1729, 107.161], [31.1619, 107.147], [31.1535, 107.156], [31.1515, 107.159], [31.1462, 107.163], [31.1441, 107.172], [31.1353, 107.133], [31.1291, 107.163], [31.1192, 107.193], [31.117, 107.176], [31.1065, 107.204], [31.1102, 107.171], [31.0982, 107.183], [31.0891, 107.168], [31.0962, 107.108], [31.082, 107.197], [31.0865, 107.139], [31.0755, 107.083], [31.0676, 107.029], [31.0565, 107.061], [31.048, 106.974], [31.0443, 106.989], [31.0326, 107.046], [31.0238, 107.009], [31.0076, 107.009], [30.9925, 107.014], [30.9873, 106.97], [30.9596, 106.904], [30.9523, 106.796], [30.9218, 106.88], [30.9166, 106.856], [30.8966, 106.809], [30.8829, 106.787], [30.8778, 106.61], [30.8571, 106.567], [30.8348, 106.661], [30.8257, 106.57], [30.7917, 106.577], [30.7658, 106.387], [30.7406, 106.381], [30.7184, 106.473], [30.6949, 106.246], [30.6674, 106.179], [30.6362, 105.932], [30.6156, 106.229], [30.5818, 105.866], [30.5628, 105.95], [30.5242, 105.813], [30.48, 105.688], [30.4312, 105.57], [30.3897, 105.654], [30.3599, 105.797], [30.3428, 105.288], [30.3003, 105.25], [30.2555, 105.175], [30.2209, 105.267], [30.1861, 105.291], [30.1991, 105.287], [30.1494, 104.998], [30.1486, 104.919], [30.1288, 104.86], [30.124, 104.937], [30.0994, 104.602], [30.0964, 104.559], [30.0711, 104.731], [30.0648, 104.464], [30.0593, 104.752], [30.0391, 104.718], [30.0414, 104.783], [30.0321, 104.778], [30.0193, 104.56], [30.0177, 104.694], [30.0145, 104.789], [30.0454, 104.716], [30.0437, 104.706], [30.0496, 104.36], [30.0261, 104.242], [30.0337, 104.36], [30.0157, 104.059], [30.0178, 103.953], [30.0045, 103.754], [30.0111, 103.555], [30.0047, 103.444], [29.9942, 103.281], [29.982, 102.986], [29.9673, 102.975], [29.9632, 102.791], [29.965, 102.555], [29.959, 102.407], [29.9052, 102.486], [29.8895, 102.172], [29.8703, 101.987], [29.8626, 102.113], [29.8624, 101.801], [29.8475, 101.719], [29.8675, 101.417], [29.8406, 101.264], [29.8261, 101.397], [29.8023, 101.4], [29.7943, 101.262], [29.7775, 100.956], [29.762, 100.853], [29.7599, 101.144], [29.7479, 101.23], [29.7338, 101.158], [29.731, 100.817], [29.7155, 100.751], [29.7051, 100.778], [29.6938, 100.717], [29.6751, 100.508], [29.6704, 100.527], [29.6667, 100.52], [29.652, 100.608], [29.6257, 100.338], [29.6119, 99.9431], [29.6264, 100.168], [29.6166, 100.139], [29.6282, 100.106], [29.6234, 100.002], [29.6356, 99.8031], [29.6338, 99.7356], [29.6311, 99.8322], [29.6151, 99.6635], [29.5962, 99.5675], [29.5985, 99.618], [29.613, 99.4855], [29.578, 99.8575], [29.5514, 99.4933], [29.5388, 99.3794], [29.5191, 99.4631], [29.5058, 99.4703], [29.4801, 99.4414], [29.4676, 98.9289], [29.4336, 98.8525], [29.4388, 99.0307], [29.4206, 98.8745], [29.4078, 98.9552], [29.3926, 98.8724], [29.3788, 98.4968], [29.3745, 98.3733], [29.3775, 98.2898], [29.3484, 98.022], [29.3534, 98.0005], [29.3513, 97.8823], [29.3404, 97.6053], [29.3228, 97.6593], [29.315, 97.9064], [29.3075, 97.7335], [29.3125, 97.5663], [29.3037, 97.5202], [29.2988, 97.6106], [29.3107, 97.7876], [29.3137, 97.4963], [29.3088, 97.5934], [29.3159, 97.7481], [29.3143, 97.673], [29.3216, 97.6522], [29.3096, 97.6351], [29.3072, 97.637], [29.3041, 97.632], [29.301, 97.6967], [29.2924, 97.5841], [29.2835, 97.5695], [29.2839, 97.5678], [29.2796, 97.5549], [29.2791, 97.5814], [29.2721, 97.5781], [29.2679, 97.509], [29.2655, 97.4877], [29.2654, 97.4492], [29.2675, 97.3791], [29.2669, 97.3846], [29.2628, 97.3615], [29.2567, 97.3017], [29.2603, 97.2718], [29.2586, 97.2762], [29.2627, 97.2678], [29.2594, 97.2436], [29.2532, 97.1931], [29.252, 97.1645], [29.2436, 97.1641], [29.242, 97.166], [29.2356, 97.142], [29.236, 97.1445], [29.231, 97.179]], "git_repository_heads": {"MMMTools": ["d77f5a301e3e2f4cd16623ff82a11fbc98dc1113", 1459847935], "MMMCore": ["1d27ecc05fae8cf73cac6754bb4fa9f37155663b", 1459846333], "Simox": ["8d9023238ae3fddb74502537a3681c4318147084", 1459514263], "MMT": ["c7423751d257e7ed1c29d25547f02fa43d3d5549", 1466092673]}, "convert_db_version": 5, "object_conversion_settings": {}, "object_conversion_errors": {}, "subject_conversion_settings": {"model_files": [["mmm.xml", "83095bf1f7710e0da2eabc0dc38933fff21a487e"], ["models/RightFingerJoint43y_joint_visu.wrl", "4a8b66745234892104dc18c3f12b51653e0d22e2"], ["models/HeadSegment_joint_visu.wrl", "98bc33547d6728b266ca30ad9f3f1cd1fc964890"], ["models/RightFingerJoint23y_joint_visu.wrl", "a0d5f39a5c7aa80b2d6a4eaf255bc2ee431c4c8b"], ["models/RightFingerJoint13y_joint_visu.wrl", "f6fe45b4978386e46181511649732c2b788efffc"], ["models/RightEyeSegmentY_joint_visu.wrl", "a5e19b848b6eeb97452f27da05841286c9c8750d"], ["models/RightFingerJoint33y_joint_visu.wrl", "408d1d793635a63e5469ef6749032ed29df446cb"], ["models/RightFingerJoint42y_joint_visu.wrl", "56054907e89fe8b5298ac919d87afca5ea3112a6"], ["models/RightFingerJoint40y_joint_visu.wrl", "a6a36d6acd88295f92f5ad6137dad641a10df4b6"], ["models/RAy_joint_visu.wrl", "ce5872147a6e4132bebc90a3e1e3c1a28a103eb6"], ["models/LeftFingerJoint33y_joint_visu.wrl", "365adda3e38105f28e7045c2b0267a52336edf01"], ["models/BUNsegment_joint_visu.wrl", "0ac874bfcd0d8c4b0c3b4ec4e56c59ce39aad99d"], ["models/LeftEyeSegmentY_joint_visu.wrl", "066736ba165738d120f8d1d103b9c28b19c429bf"], ["models/RSCsegment_joint_visu.wrl", "9044f5cc6779532281b74eface97e002798a8e6d"], ["models/LHsegment_joint_visu.wrl", "3838c5fdad69c33fed501ae676c8a8a9282d9a05"], ["models/LeftFingerJoint53y_joint_visu.wrl", "cdd15d99efa93d038d04ced046fe79ae693a10d7"], ["models/RightFingerJoint21y_joint_visu.wrl", "d19626a13a08387890317675df2c2e7fe9db5eef"], ["models/RightFingerJoint12y_joint_visu.wrl", "7097cf96d3597a795575a5abe9256e0143c2ed0f"], ["models/LeftFingerJoint43y_joint_visu.wrl", "395c609ed268feb940855099f538c46a54c3a4d8"], ["models/RightFingerJoint53y_joint_visu.wrl", "9d95789602901425bad9b4435dea2b4be5431202"], ["models/LeftFingerJoint42y_joint_visu.wrl", "e487f595b7019c407f92b0f00de5260e64e56c97"], ["models/LAsegment_joint_visu.wrl", "bb0d5feb0455fbd2c425d138b7f487260f4bf1bc"], ["models/BTSegment_joint_visu.wrl", "22abe8deeec243c99e31ec02fa59372e98ac8471"], ["models/RKsegment_joint_visu.wrl", "18b381d65e3337bcb0d1ff5928773884a1e17d57"], ["models/LeftFingerJoint41y_joint_visu.wrl", "61402f6746307792f4303e574af749b94086a4ec"], ["models/LSCsegment_joint_visu.wrl", "c32a20b7e31becf394d78b5655efc5565b038b80"], ["models/LeftFingerJoint11y_joint_visu.wrl", "0cbfceda8d89deb375f7933c8078af5147ec84b2"], ["models/RightFingerJoint41y_joint_visu.wrl", "020541ab865e4e3e9fa2695e0f4eff71b52ad52d"], ["models/RWy_joint_visu.wrl", "2b11028aee46fb62e614338be3dd5644c1a824ee"], ["models/LeftFingerJoint23y_joint_visu.wrl", "478e70ae519508040adb535da7a7998bba1b8c42"], ["models/RSsegment_joint_visu.wrl", "612de2c24f203d5846930907a5df9cef5d9578dd"], ["models/LeftFingerJoint12y_joint_visu.wrl", "024079388e0352cf2dd7d6c0c4d45ee34851930c"], ["models/LWsegment_joint_visu.wrl", "3c8bc8f30c2fdfc5956ddac1f868ed768806d7fd"], ["models/RightFingerJoint22y_joint_visu.wrl", "0b36fec3092c4692c7809ee795740f148ffb0be8"], ["models/RMrot_joint_visu.wrl", "a56cefc9affb5ca3f87c8ad0a9ef880f3355f2f0"], ["models/LeftFingerJoint40y_joint_visu.wrl", "ebee55b3729d26fb04a73d5b427025dbf464f288"], ["models/LeftFingerJoint21y_joint_visu.wrl", "a890d2d55d8afbe701827374715b7e671862cc4f"], ["models/REsegment_joint_visu.wrl", "d709750461631f850f8441b85f4861ca47df51ae"], ["models/RHsegment_joint_visu.wrl", "54fb3a26ddb8f2d419752eb76c4e488efef6b43c"], ["models/RightFingerJoint52y_joint_visu.wrl", "44f18db78bed86bf1ddb981a1e678027e51db918"], ["models/RightFingerJoint50y_joint_visu.wrl", "13ede518eb635943fcd4564499f4fdb69d27780e"], ["models/LFx_joint_visu.wrl", "5d47b342ff68d5d2b2d9c7e22c5cf098909060c6"], ["models/LKsegment_joint_visu.wrl", "5780b7d3a585852e8707cb2363bfa8d4d3b461f7"], ["models/LeftFingerJoint13y_joint_visu.wrl", "8a00c78adf18bdebd78a513323b5f28f02d117be"], ["models/RightFingerJoint51y_joint_visu.wrl", "d78052a78ea694e1d35e6b91354db0a64493fbf4"], ["models/RightFingerJoint11y_joint_visu.wrl", "a05a4116eafe1434c190e03faa62753bcd333105"], ["models/LeftFingerJoint22y_joint_visu.wrl", "7fee0851bbbc487512ffb12e46d738fc0837aa0c"], ["models/LAy_joint_visu.wrl", "de3953d8ffbf479f0eb229748cfdd897a408012e"], ["models/LEsegment_joint_visu.wrl", "1bf5a0382df53cb4aef1ebf578e4d535a0cd3d7b"], ["models/RightFingerJoint31y_joint_visu.wrl", "4f0efb942b57fffc5b3177798a71bcdbb9b92042"], ["models/LeftFingerJoint32y_joint_visu.wrl", "685ae87120ee0d9ba5d764c8ff99385aa9d79a04"], ["models/RightFingerJoint32y_joint_visu.wrl", "47d29dfecd9514a3973b021c83bc361364341093"], ["models/LeftFingerJoint31y_joint_visu.wrl", "d24789234312bf68c77c7830508763d07f9feec0"], ["models/LMrot_joint_visu.wrl", "94047f5a29e3373271bba5d61ccbbacf9bfb01af"], ["models/LWy_joint_visu.wrl", "33ba8f54774fa65838a8ae38c3d558f06fe00bc0"], ["models/LeftFingerJoint52y_joint_visu.wrl", "3f7d688708cf5f55104348d5bc102dcc7b7a0a66"], ["models/LSsegment_joint_visu.wrl", "f34e7eae1658b3ae618b5bc40ebc1da529c7e0a3"], ["models/RAsegment_joint_visu.wrl", "bf9735bb8cbd74e01e9087f0ccad4783edc49231"], ["models/LeftFingerJoint50y_joint_visu.wrl", "c2f6364fe16768bd1382d1b02c327d9dcf43fd03"], ["models/LeftFingerJoint51y_joint_visu.wrl", "0c2664365d375a3d9dd190818483e292027433d3"], ["models/LeftHandSegment_joint_visu.wrl", "581235ef3290f47c527e74693e4a232056642bcf"], ["models/BTy_joint_visu.wrl", "818c33f75e2b278db824d223d8796b1d1ca48213"], ["models/RWsegment_joint_visu.wrl", "de46619cf74eb2ffe74ab7fdaaf4cd485034b959"], ["models/RFx_joint_visu.wrl", "7e0fad07af2c1f6a4bad2e40caa9cdcfafa5d748"]], "converter_config": "<ConverterConfig type=\"NloptConverter\"><Model><MarkerMapping><Mapping c3d=\"LIFD\" mmm=\"MARKER_LIFD\" /><Mapping c3d=\"LKNE\" mmm=\"MARKER_LKNE\" /><Mapping c3d=\"LWPS\" mmm=\"MARKER_LWPS\" /><Mapping c3d=\"RANK\" mmm=\"MARKER_RANK\" /><Mapping c3d=\"T10\" mmm=\"MARKER_T10\" /><Mapping c3d=\"LBHD\" mmm=\"MARKER_LBHD\" /><Mapping c3d=\"LBAK\" mmm=\"MARKER_LBAK\" /><Mapping c3d=\"RBAK\" mmm=\"MARKER_RBAK\" /><Mapping c3d=\"RTIP\" mmm=\"MARKER_RTIP\" /><Mapping c3d=\"RMT1\" mmm=\"MARKER_RMT1\" /><Mapping c3d=\"LTOE\" mmm=\"MARKER_LTOE\" /><Mapping c3d=\"RHTS\" mmm=\"MARKER_RHTS\" /><Mapping c3d=\"RMT5\" mmm=\"MARKER_RMT5\" /><Mapping c3d=\"LTIP\" mmm=\"MARKER_LTIP\" /><Mapping c3d=\"LHTS\" mmm=\"MARKER_LHTS\" /><Mapping c3d=\"RAEL\" mmm=\"MARKER_RAEL\" /><Mapping c3d=\"RKNE\" mmm=\"MARKER_RKNE\" /><Mapping c3d=\"LHPS\" mmm=\"MARKER_LHPS\" /><Mapping c3d=\"LANK\" mmm=\"MARKER_LANK\" /><Mapping c3d=\"LWTS\" mmm=\"MARKER_LWTS\" /><Mapping c3d=\"RIFD\" mmm=\"MARKER_RIFD\" /><Mapping c3d=\"RAOL\" mmm=\"MARKER_RAOL\" /><Mapping c3d=\"CLAV\" mmm=\"MARKER_CLAV\" /><Mapping c3d=\"LASI\" mmm=\"MARKER_LASI\" /><Mapping c3d=\"C7\" mmm=\"MARKER_C7\" /><Mapping c3d=\"LHEE\" mmm=\"MARKER_LHEE\" /><Mapping c3d=\"LTHI\" mmm=\"MARKER_LTHI\" /><Mapping c3d=\"RTHI\" mmm=\"MARKER_RTHI\" /><Mapping c3d=\"RFHD\" mmm=\"MARKER_RFHD\" /><Mapping c3d=\"LUPA\" mmm=\"MARKER_LUPA\" /><Mapping c3d=\"LFHD\" mmm=\"MARKER_LFHD\" /><Mapping c3d=\"RHIP\" mmm=\"MARKER_RHIP\" /><Mapping c3d=\"RWPS\" mmm=\"MARKER_RWPS\" /><Mapping c3d=\"LMT1\" mmm=\"MARKER_LMT1\" /><Mapping c3d=\"L3\" mmm=\"MARKER_L3\" /><Mapping c3d=\"LFRA\" mmm=\"MARKER_LFRA\" /><Mapping c3d=\"LPSI\" mmm=\"MARKER_LPSI\" /><Mapping c3d=\"RPSI\" mmm=\"MARKER_RPSI\" /><Mapping c3d=\"LAOL\" mmm=\"MARKER_LAOL\" /><Mapping c3d=\"RBHD\" mmm=\"MARKER_RBHD\" /><Mapping c3d=\"RUPA\" mmm=\"MARKER_RUPA\" /><Mapping c3d=\"RASI\" mmm=\"MARKER_RASI\" /><Mapping c3d=\"RWTS\" mmm=\"MARKER_RWTS\" /><Mapping c3d=\"LHIP\" mmm=\"MARKER_LHIP\" /><Mapping c3d=\"STRN\" mmm=\"MARKER_STRN\" /><Mapping c3d=\"LAEL\" mmm=\"MARKER_LAEL\" /><Mapping c3d=\"RHPS\" mmm=\"MARKER_RHPS\" /><Mapping c3d=\"RTOE\" mmm=\"MARKER_RTOE\" /><Mapping c3d=\"RHEE\" mmm=\"MARKER_RHEE\" /><Mapping c3d=\"LMT5\" mmm=\"MARKER_LMT5\" /></MarkerMapping><JointSet><Joint name=\"BLNx_joint\" /><Joint name=\"BLNy_joint\" /><Joint name=\"BLNz_joint\" /><Joint name=\"BPx_joint\" /><Joint name=\"BPy_joint\" /><Joint name=\"BPz_joint\" /><Joint name=\"BTx_joint\" /><Joint name=\"BTy_joint\" /><Joint name=\"BTz_joint\" /><Joint name=\"BUNx_joint\" /><Joint name=\"BUNy_joint\" /><Joint name=\"BUNz_joint\" /><Joint name=\"LAx_joint\" /><Joint name=\"LAy_joint\" /><Joint name=\"LAz_joint\" /><Joint name=\"LEx_joint\" /><Joint name=\"LEz_joint\" /><Joint name=\"LHx_joint\" /><Joint name=\"LHy_joint\" /><Joint name=\"LHz_joint\" /><Joint name=\"LKx_joint\" /><Joint name=\"LSx_joint\" /><Joint name=\"LSy_joint\" /><Joint name=\"LSz_joint\" /><Joint name=\"LWx_joint\" /><Joint name=\"LWy_joint\" /><Joint name=\"LFx_joint\" /><Joint name=\"LMrot_joint\" /><Joint name=\"RAx_joint\" /><Joint name=\"RAy_joint\" /><Joint name=\"RAz_joint\" /><Joint name=\"REx_joint\" /><Joint name=\"REz_joint\" /><Joint name=\"RHx_joint\" /><Joint name=\"RHy_joint\" /><Joint name=\"RHz_joint\" /><Joint name=\"RKx_joint\" /><Joint name=\"RSx_joint\" /><Joint name=\"RSy_joint\" /><Joint name=\"RSz_joint\" /><Joint name=\"RWx_joint\" /><Joint name=\"RWy_joint\" /><Joint name=\"RFx_joint\" /><Joint name=\"RMrot_joint\" /></JointSet></Model></ConverterConfig>", "model_processor_config": "<ModelProcessorConfig type=\"Winter\"><height>1.83</height><mass>100</mass></ModelProcessorConfig>"}, "subject_missing_markers": []}